#-----------------------------------------------------------
# Vivado v2016.4 (64-bit)
# SW Build 1756540 on Mon Jan 23 19:11:23 MST 2017
# IP Build 1755317 on Mon Jan 23 20:30:07 MST 2017
# Start of session at: Thu Jun 01 12:56:48 2017
# Process ID: 84128
# Current directory: C:/Users/Henrique/Desktop/CR/IpIntegrators/Unroll
# Command line: vivado.exe -gui_launcher_event rodinguilauncherevent118276 C:\Users\Henrique\Desktop\CR\IpIntegrators\Unroll\Unroll.xpr
# Log file: C:/Users/Henrique/Desktop/CR/IpIntegrators/Unroll/vivado.log
# Journal file: C:/Users/Henrique/Desktop/CR/IpIntegrators/Unroll\vivado.jou
#-----------------------------------------------------------
start_gui
open_project C:/Users/Henrique/Desktop/CR/IpIntegrators/Unroll/Unroll.xpr
INFO: [Project 1-313] Project file moved from 'I:/SDR_P/8/UserDefinedRepository/Unroll' since last save.
Scanning sources...
Finished scanning sources
INFO: [Project 1-230] Project 'Unroll.xpr' upgraded for this version of Vivado.
INFO: [IP_Flow 19-234] Refreshing IP repositories
INFO: [IP_Flow 19-1700] Loaded user IP repository 'c:/Users/Henrique/Desktop/CR/IpIntegrators/Unroll/Unroll.srcs/sources_1/new'.
INFO: [IP_Flow 19-2313] Loaded Vivado IP repository 'C:/Xilinx/Vivado/2016.4/data/ip'.
exit
INFO: [Common 17-206] Exiting Vivado at Thu Jun 01 12:57:16 2017...
