#-----------------------------------------------------------
# Vivado v2016.4 (64-bit)
# SW Build 1756540 on Mon Jan 23 19:11:23 MST 2017
# IP Build 1755317 on Mon Jan 23 20:30:07 MST 2017
# Start of session at: Mon Jun 05 00:23:17 2017
# Process ID: 152952
# Current directory: C:/Users/Henrique/Desktop/CR/IpIntegrators/Unroll
# Command line: vivado.exe -gui_launcher_event rodinguilauncherevent161732 C:\Users\Henrique\Desktop\CR\IpIntegrators\Unroll\Unroll.xpr
# Log file: C:/Users/Henrique/Desktop/CR/IpIntegrators/Unroll/vivado.log
# Journal file: C:/Users/Henrique/Desktop/CR/IpIntegrators/Unroll\vivado.jou
#-----------------------------------------------------------
start_gui
open_project C:/Users/Henrique/Desktop/CR/IpIntegrators/Unroll/Unroll.xpr
Scanning sources...
Finished scanning sources
INFO: [IP_Flow 19-234] Refreshing IP repositories
INFO: [IP_Flow 19-1700] Loaded user IP repository 'c:/Users/Henrique/Desktop/CR/IpIntegrators/Unroll/Unroll.srcs/sources_1/new'.
INFO: [IP_Flow 19-2313] Loaded Vivado IP repository 'C:/Xilinx/Vivado/2016.4/data/ip'.
open_project: Time (s): cpu = 00:00:07 ; elapsed = 00:00:09 . Memory (MB): peak = 722.363 ; gain = 79.230
ipx::open_ipxact_file C:/Users/Henrique/Desktop/CR/IpIntegrators/Unroll/Unroll.srcs/sources_1/new/component.xml
set_property core_revision 2 [ipx::current_core]
ipx::create_xgui_files [ipx::current_core]
ipx::update_checksums [ipx::current_core]
ipx::save_core [ipx::current_core]
update_ip_catalog -rebuild -repo_path c:/Users/Henrique/Desktop/CR/IpIntegrators/Unroll/Unroll.srcs/sources_1/new
INFO: [IP_Flow 19-725] Reloaded user IP repository 'c:/Users/Henrique/Desktop/CR/IpIntegrators/Unroll/Unroll.srcs/sources_1/new'
exit
INFO: [Common 17-206] Exiting Vivado at Mon Jun 05 09:36:36 2017...
