#
# A fatal error has been detected by the Java Runtime Environment:
#
#  Internal Error (0xc000000d), pid=5936, tid=4256
#
# JRE version: Java(TM) SE Runtime Environment (8.0_66-b18) (build 1.8.0_66-b18)
# Java VM: Java HotSpot(TM) 64-Bit Server VM (25.66-b18 mixed mode windows-amd64 compressed oops)
# Problematic frame:
# C  [ntdll.dll+0xff44c]
#
# Failed to write core dump. Minidumps are not enabled by default on client versions of Windows
#
# If you would like to submit a bug report, please visit:
#   http://bugreport.java.com/bugreport/crash.jsp
#

---------------  T H R E A D  ---------------

Current thread (0x0000000013bb7000):  VMThread [stack: 0x0000000014c40000,0x0000000014d40000] [id=4256]

siginfo: ExceptionCode=0xc000000d

Registers:
RAX=0x0000000000000000, RBX=0xfffffffffffffffe, RCX=0x0000000000000000, RDX=0x0000000000000000
RSP=0x0000000014d3f270, RBP=0x00007ffdee667408, RSI=0x0000000000000000, RDI=0x00000000000012c0
R8 =0x0000000000000000, R9 =0x0000000000020000, R10=0x0000000014d3ed50, R11=0x0000000014d3ed50
R12=0x0000000024fc4b00, R13=0x0000000026678b00, R14=0x0000000024fc4c08, R15=0x0000000014d3f3e8
RIP=0x00007ffe1e28f44c, EFLAGS=0x0000000000000202

Top of Stack: (sp=0x0000000014d3f270)
0x0000000014d3f270:   0000000000000057 fffffffffffffffe
0x0000000014d3f280:   0000000000000000 00000000000012c0
0x0000000014d3f290:   00000000c000000d 0000000000000000
0x0000000014d3f2a0:   00007ffe1e28f44c 0000000000000000
0x0000000014d3f2b0:   0000000000000000 0000000000000000
0x0000000014d3f2c0:   0000000000000000 0000000000000000
0x0000000014d3f2d0:   0000000000000000 0000000000000000
0x0000000014d3f2e0:   0000000000000000 0000000000000000
0x0000000014d3f2f0:   0000000000000000 0000000000000000
0x0000000014d3f300:   0000000000000000 0000000000000000
0x0000000014d3f310:   0000000000000000 0000000000000000
0x0000000014d3f320:   0000000000000000 0000000000000000
0x0000000014d3f330:   0000879100a3c09d 0000000000000000
0x0000000014d3f340:   0000000900000020 00007ffe1e25150d
0x0000000014d3f350:   0000000900000000 0000000000000000
0x0000000014d3f360:   004e00520045004b 00320033004c0045 

Instructions: (pc=0x00007ffe1e28f44c)
0x00007ffe1e28f42c:   d5 fa ff c7 44 24 20 0d 00 00 c0 b9 57 00 00 00
0x00007ffe1e28f43c:   e8 7f 13 f6 ff 90 48 8d 4c 24 20 e8 04 bf f4 ff
0x00007ffe1e28f44c:   eb 00 48 8b 8c 24 c0 00 00 00 48 33 cc e8 82 74
0x00007ffe1e28f45c:   f9 ff 48 81 c4 d8 00 00 00 c3 40 55 48 83 ec 20 


Register to memory mapping:

RAX=0x0000000000000000 is an unknown value
RBX=0xfffffffffffffffe is an unknown value
RCX=0x0000000000000000 is an unknown value
RDX=0x0000000000000000 is an unknown value
RSP=0x0000000014d3f270 is an unknown value
RBP=0x00007ffdee667408 is an unknown value
RSI=0x0000000000000000 is an unknown value
RDI=0x00000000000012c0 is an unknown value
R8 =0x0000000000000000 is an unknown value
R9 =0x0000000000020000 is an unknown value
R10=0x0000000014d3ed50 is an unknown value
R11=0x0000000014d3ed50 is an unknown value
R12=0x0000000024fc4b00 is an unknown value
R13=0x0000000026678b00 is an unknown value
R14=0x0000000024fc4c08 is an unknown value
R15=0x0000000014d3f3e8 is an unknown value


Stack: [0x0000000014c40000,0x0000000014d40000],  sp=0x0000000014d3f270,  free space=1020k
Native frames: (J=compiled Java code, j=interpreted, Vv=VM code, C=native code)
C  [ntdll.dll+0xff44c]
C  [ntdll.dll+0xc150d]
C  [KERNEL32.DLL+0x1fbba]
C  [MSVCR110.dll+0x752d]
C  [MSVCR110.dll+0x73c6]
C  [MSVCR110.dll+0x14cca]
C  [MSVCR110.dll+0x13edc]
C  [MSVCR110.dll+0x239e]
C  [MSVCR110.dll+0xaf9e]
C  [MSVCP110.dll+0x397b9]
C  [librdi_common.dll+0x183a66]
C  [librdi_common.dll+0x1826fb]
C  0x00007ffe111f2400
C  0x00007ffe111f2682
C  [ntdll.dll+0x2a35f]
C  [ntdll.dll+0x806b]
C  [ntdll.dll+0x7d94]
C  [KERNEL32.DLL+0x1ce6a]
C  [MSVCR100.dll+0x20ccd]
V  [jvm.dll+0x210cc5]
V  [jvm.dll+0x249897]
V  [jvm.dll+0x248b36]
V  [jvm.dll+0x248fd1]
V  [jvm.dll+0x2491ee]
V  [jvm.dll+0x29a0fa]
C  [MSVCR100.dll+0x21d9f]
C  [MSVCR100.dll+0x21e3b]
C  [KERNEL32.DLL+0x8364]
C  [ntdll.dll+0x670d1]

VM_Operation (0x000000000014f4c0): Exit, mode: safepoint, requested by thread 0x00000000027ce000


---------------  P R O C E S S  ---------------

Java Threads: ( => current thread )
  0x00000000168f9000 JavaThread "Thread-255" daemon [_thread_blocked, id=6032, stack(0x000000003f8e0000,0x000000003f9e0000)]
  0x000000001b860800 JavaThread "TCF Channel Transmitter" daemon [_thread_blocked, id=3792, stack(0x000000002d3e0000,0x000000002d4e0000)]
  0x000000001b864800 JavaThread "TCF Channel Receiver" daemon [_thread_in_native, id=6044, stack(0x000000002d2e0000,0x000000002d3e0000)]
  0x00000000168f5800 JavaThread "Process monitor" daemon [_thread_in_native, id=4184, stack(0x000000002d0e0000,0x000000002d1e0000)]
  0x00000000168f4800 JavaThread "Input Stream Monitor" daemon [_thread_blocked, id=9852, stack(0x000000002cfe0000,0x000000002d0e0000)]
  0x00000000168fb800 JavaThread "Output Stream Monitor" daemon [_thread_in_native, id=7708, stack(0x000000002cee0000,0x000000002cfe0000)]
  0x00000000168fa000 JavaThread "Output Stream Monitor" daemon [_thread_in_native, id=3296, stack(0x000000002cde0000,0x000000002cee0000)]
  0x000000001b860000 JavaThread "TCF Locator DNS Lookup" daemon [_thread_blocked, id=8992, stack(0x0000000020410000,0x0000000020510000)]
  0x000000001b85e800 JavaThread "TCF Locator Timer" daemon [_thread_blocked, id=7828, stack(0x0000000020310000,0x0000000020410000)]
  0x000000001b85f000 JavaThread "TCF Locator Receiver" daemon [_thread_in_native, id=3464, stack(0x0000000020210000,0x0000000020310000)]
  0x00000000170da800 JavaThread "TCF Timer Dispatcher" daemon [_thread_blocked, id=4320, stack(0x0000000020010000,0x0000000020110000)]
  0x00000000170dc000 JavaThread "EMF Reference Cleaner" daemon [_thread_blocked, id=9480, stack(0x0000000019c20000,0x0000000019d20000)]
  0x0000000015560800 JavaThread "Service Thread" daemon [_thread_blocked, id=4888, stack(0x0000000015930000,0x0000000015a30000)]
  0x0000000013bf8000 JavaThread "C1 CompilerThread2" daemon [_thread_blocked, id=8728, stack(0x0000000015430000,0x0000000015530000)]
  0x0000000013bf1800 JavaThread "C2 CompilerThread1" daemon [_thread_blocked, id=9340, stack(0x0000000015330000,0x0000000015430000)]
  0x0000000013bed000 JavaThread "C2 CompilerThread0" daemon [_thread_blocked, id=7112, stack(0x0000000015230000,0x0000000015330000)]
  0x0000000013beb800 JavaThread "Attach Listener" daemon [_thread_blocked, id=9160, stack(0x0000000015130000,0x0000000015230000)]
  0x0000000013bea000 JavaThread "Signal Dispatcher" daemon [_thread_blocked, id=8708, stack(0x0000000015030000,0x0000000015130000)]
  0x0000000002726800 JavaThread "Finalizer" daemon [_thread_blocked, id=4380, stack(0x0000000014e40000,0x0000000014f40000)]
  0x0000000013bb8800 JavaThread "Reference Handler" daemon [_thread_blocked, id=7556, stack(0x0000000014d40000,0x0000000014e40000)]
  0x00000000027ce000 JavaThread "main" [_thread_blocked, id=9320, stack(0x0000000000050000,0x0000000000150000)]

Other Threads:
=>0x0000000013bb7000 VMThread [stack: 0x0000000014c40000,0x0000000014d40000] [id=4256]

VM state:at safepoint (shutting down)

VM Mutex/Monitor currently owned by a thread:  ([mutex/lock_event])
[0x00000000027cd510] Threads_lock - owner thread: 0x0000000013bb7000

Heap:
 PSYoungGen      total 136192K, used 80243K [0x00000000f5580000, 0x00000000ff300000, 0x0000000100000000)
  eden space 134656K, 58% used [0x00000000f5580000,0x00000000fa25eba8,0x00000000fd900000)
  from space 1536K, 99% used [0x00000000fd900000,0x00000000fda7e258,0x00000000fda80000)
  to   space 7680K, 0% used [0x00000000feb80000,0x00000000feb80000,0x00000000ff300000)
 ParOldGen       total 98304K, used 76726K [0x00000000e0000000, 0x00000000e6000000, 0x00000000f5580000)
  object space 98304K, 78% used [0x00000000e0000000,0x00000000e4aeda30,0x00000000e6000000)
 Metaspace       used 96974K, capacity 104500K, committed 104704K, reserved 1140736K
  class space    used 11362K, capacity 13720K, committed 13824K, reserved 1048576K

Card table byte_map: [0x0000000011b90000,0x0000000011ca0000] byte_map_base: 0x0000000011490000

Marking Bits: (ParMarkBitMap*) 0x000000005a90a5b0
 Begin Bits: [0x0000000012150000, 0x0000000012950000)
 End Bits:   [0x0000000012950000, 0x0000000013150000)

Polling page: 0x0000000000590000

CodeCache: size=245760Kb used=52562Kb max_used=53879Kb free=193197Kb
 bounds [0x00000000027d0000, 0x0000000005cd0000, 0x00000000117d0000]
 total_blobs=14959 nmethods=14060 adapters=805
 compilation: enabled

Compilation events (10 events):
Event: 14201.647 Thread 0x0000000013bf8000 17864   !   3       org.eclipse.osgi.storage.BundleInfo$Generation::close (34 bytes)
Event: 14201.648 Thread 0x0000000013bf8000 nmethod 17864 0x00000000030ab5d0 code [0x00000000030ab740, 0x00000000030abb68]
Event: 14201.651 Thread 0x0000000013bf8000 17865       3       org.eclipse.osgi.container.Module::holdsTransitionEventLock (25 bytes)
Event: 14201.652 Thread 0x0000000013bf8000 nmethod 17865 0x0000000003710590 code [0x0000000003710720, 0x0000000003710e48]
Event: 14201.654 Thread 0x0000000013bf8000 17874   !   3       org.eclipse.osgi.storage.BundleInfo$Generation::clearManifestCache (30 bytes)
Event: 14201.654 Thread 0x0000000013bf8000 nmethod 17874 0x0000000003643f90 code [0x0000000003644120, 0x0000000003644768]
Event: 14201.656 Thread 0x0000000013bf8000 17866       3       org.eclipse.osgi.container.ModuleWiring::unload (6 bytes)
Event: 14201.656 Thread 0x0000000013bf8000 nmethod 17866 0x0000000003bf9990 code [0x0000000003bf9b00, 0x0000000003bf9c88]
Event: 14201.658 Thread 0x0000000013bf8000 17867       3       org.eclipse.osgi.container.ModuleWiring::invalidate0 (52 bytes)
Event: 14201.659 Thread 0x0000000013bf8000 nmethod 17867 0x00000000057391d0 code [0x0000000005739380, 0x0000000005739d28]

GC Heap History (10 events):
Event: 14101.511 GC heap before
{Heap before GC invocations=205 (full 96):
 PSYoungGen      total 136192K, used 2758K [0x00000000f5580000, 0x00000000fdb80000, 0x0000000100000000)
  eden space 135168K, 2% used [0x00000000f5580000,0x00000000f5831870,0x00000000fd980000)
  from space 1024K, 0% used [0x00000000fda80000,0x00000000fda80000,0x00000000fdb80000)
  to   space 1024K, 0% used [0x00000000fd980000,0x00000000fd980000,0x00000000fda80000)
 ParOldGen       total 98304K, used 59544K [0x00000000e0000000, 0x00000000e6000000, 0x00000000f5580000)
  object space 98304K, 60% used [0x00000000e0000000,0x00000000e3a26020,0x00000000e6000000)
 Metaspace       used 95282K, capacity 102886K, committed 103168K, reserved 1138688K
  class space    used 11206K, capacity 13424K, committed 13568K, reserved 1048576K
Event: 14101.518 GC heap after
Heap after GC invocations=205 (full 96):
 PSYoungGen      total 136192K, used 192K [0x00000000f5580000, 0x00000000fdb00000, 0x0000000100000000)
  eden space 135168K, 0% used [0x00000000f5580000,0x00000000f5580000,0x00000000fd980000)
  from space 1024K, 18% used [0x00000000fd980000,0x00000000fd9b0000,0x00000000fda80000)
  to   space 512K, 0% used [0x00000000fda80000,0x00000000fda80000,0x00000000fdb00000)
 ParOldGen       total 98304K, used 59552K [0x00000000e0000000, 0x00000000e6000000, 0x00000000f5580000)
  object space 98304K, 60% used [0x00000000e0000000,0x00000000e3a28020,0x00000000e6000000)
 Metaspace       used 95282K, capacity 102886K, committed 103168K, reserved 1138688K
  class space    used 11206K, capacity 13424K, committed 13568K, reserved 1048576K
}
Event: 14101.518 GC heap before
{Heap before GC invocations=206 (full 97):
 PSYoungGen      total 136192K, used 192K [0x00000000f5580000, 0x00000000fdb00000, 0x0000000100000000)
  eden space 135168K, 0% used [0x00000000f5580000,0x00000000f5580000,0x00000000fd980000)
  from space 1024K, 18% used [0x00000000fd980000,0x00000000fd9b0000,0x00000000fda80000)
  to   space 512K, 0% used [0x00000000fda80000,0x00000000fda80000,0x00000000fdb00000)
 ParOldGen       total 98304K, used 59552K [0x00000000e0000000, 0x00000000e6000000, 0x00000000f5580000)
  object space 98304K, 60% used [0x00000000e0000000,0x00000000e3a28020,0x00000000e6000000)
 Metaspace       used 95282K, capacity 102886K, committed 103168K, reserved 1138688K
  class space    used 11206K, capacity 13424K, committed 13568K, reserved 1048576K
Event: 14101.690 GC heap after
Heap after GC invocations=206 (full 97):
 PSYoungGen      total 136192K, used 0K [0x00000000f5580000, 0x00000000fdb00000, 0x0000000100000000)
  eden space 135168K, 0% used [0x00000000f5580000,0x00000000f5580000,0x00000000fd980000)
  from space 1024K, 0% used [0x00000000fd980000,0x00000000fd980000,0x00000000fda80000)
  to   space 512K, 0% used [0x00000000fda80000,0x00000000fda80000,0x00000000fdb00000)
 ParOldGen       total 98304K, used 59544K [0x00000000e0000000, 0x00000000e6000000, 0x00000000f5580000)
  object space 98304K, 60% used [0x00000000e0000000,0x00000000e3a26080,0x00000000e6000000)
 Metaspace       used 95282K, capacity 102886K, committed 103168K, reserved 1138688K
  class space    used 11206K, capacity 13424K, committed 13568K, reserved 1048576K
}
Event: 14161.527 GC heap before
{Heap before GC invocations=207 (full 97):
 PSYoungGen      total 136192K, used 71563K [0x00000000f5580000, 0x00000000fdb00000, 0x0000000100000000)
  eden space 135168K, 52% used [0x00000000f5580000,0x00000000f9b62e18,0x00000000fd980000)
  from space 1024K, 0% used [0x00000000fd980000,0x00000000fd980000,0x00000000fda80000)
  to   space 512K, 0% used [0x00000000fda80000,0x00000000fda80000,0x00000000fdb00000)
 ParOldGen       total 98304K, used 59544K [0x00000000e0000000, 0x00000000e6000000, 0x00000000f5580000)
  object space 98304K, 60% used [0x00000000e0000000,0x00000000e3a26080,0x00000000e6000000)
 Metaspace       used 96124K, capacity 103846K, committed 104320K, reserved 1140736K
  class space    used 11290K, capacity 13552K, committed 13696K, reserved 1048576K
Event: 14161.549 GC heap after
Heap after GC invocations=207 (full 97):
 PSYoungGen      total 135168K, used 496K [0x00000000f5580000, 0x00000000fdc80000, 0x0000000100000000)
  eden space 134656K, 0% used [0x00000000f5580000,0x00000000f5580000,0x00000000fd900000)
  from space 512K, 96% used [0x00000000fda80000,0x00000000fdafc010,0x00000000fdb00000)
  to   space 1536K, 0% used [0x00000000fd900000,0x00000000fd900000,0x00000000fda80000)
 ParOldGen       total 98304K, used 62046K [0x00000000e0000000, 0x00000000e6000000, 0x00000000f5580000)
  object space 98304K, 63% used [0x00000000e0000000,0x00000000e3c97bf8,0x00000000e6000000)
 Metaspace       used 96124K, capacity 103846K, committed 104320K, reserved 1140736K
  class space    used 11290K, capacity 13552K, committed 13696K, reserved 1048576K
}
Event: 14161.549 GC heap before
{Heap before GC invocations=208 (full 98):
 PSYoungGen      total 135168K, used 496K [0x00000000f5580000, 0x00000000fdc80000, 0x0000000100000000)
  eden space 134656K, 0% used [0x00000000f5580000,0x00000000f5580000,0x00000000fd900000)
  from space 512K, 96% used [0x00000000fda80000,0x00000000fdafc010,0x00000000fdb00000)
  to   space 1536K, 0% used [0x00000000fd900000,0x00000000fd900000,0x00000000fda80000)
 ParOldGen       total 98304K, used 62046K [0x00000000e0000000, 0x00000000e6000000, 0x00000000f5580000)
  object space 98304K, 63% used [0x00000000e0000000,0x00000000e3c97bf8,0x00000000e6000000)
 Metaspace       used 96124K, capacity 103846K, committed 104320K, reserved 1140736K
  class space    used 11290K, capacity 13552K, committed 13696K, reserved 1048576K
Event: 14161.955 GC heap after
Heap after GC invocations=208 (full 98):
 PSYoungGen      total 135168K, used 0K [0x00000000f5580000, 0x00000000fdc80000, 0x0000000100000000)
  eden space 134656K, 0% used [0x00000000f5580000,0x00000000f5580000,0x00000000fd900000)
  from space 512K, 0% used [0x00000000fda80000,0x00000000fda80000,0x00000000fdb00000)
  to   space 1536K, 0% used [0x00000000fd900000,0x00000000fd900000,0x00000000fda80000)
 ParOldGen       total 98304K, used 60875K [0x00000000e0000000, 0x00000000e6000000, 0x00000000f5580000)
  object space 98304K, 61% used [0x00000000e0000000,0x00000000e3b72da8,0x00000000e6000000)
 Metaspace       used 96124K, capacity 103846K, committed 104320K, reserved 1140736K
  class space    used 11290K, capacity 13552K, committed 13696K, reserved 1048576K
}
Event: 14189.948 GC heap before
{Heap before GC invocations=209 (full 98):
 PSYoungGen      total 135168K, used 134656K [0x00000000f5580000, 0x00000000fdc80000, 0x0000000100000000)
  eden space 134656K, 100% used [0x00000000f5580000,0x00000000fd900000,0x00000000fd900000)
  from space 512K, 0% used [0x00000000fda80000,0x00000000fda80000,0x00000000fdb00000)
  to   space 1536K, 0% used [0x00000000fd900000,0x00000000fd900000,0x00000000fda80000)
 ParOldGen       total 98304K, used 60875K [0x00000000e0000000, 0x00000000e6000000, 0x00000000f5580000)
  object space 98304K, 61% used [0x00000000e0000000,0x00000000e3b72da8,0x00000000e6000000)
 Metaspace       used 96278K, capacity 103864K, committed 104320K, reserved 1140736K
  class space    used 11296K, capacity 13555K, committed 13696K, reserved 1048576K
Event: 14189.957 GC heap after
Heap after GC invocations=209 (full 98):
 PSYoungGen      total 136192K, used 1528K [0x00000000f5580000, 0x00000000ff300000, 0x0000000100000000)
  eden space 134656K, 0% used [0x00000000f5580000,0x00000000f5580000,0x00000000fd900000)
  from space 1536K, 99% used [0x00000000fd900000,0x00000000fda7e258,0x00000000fda80000)
  to   space 7680K, 0% used [0x00000000feb80000,0x00000000feb80000,0x00000000ff300000)
 ParOldGen       total 98304K, used 76726K [0x00000000e0000000, 0x00000000e6000000, 0x00000000f5580000)
  object space 98304K, 78% used [0x00000000e0000000,0x00000000e4aeda30,0x00000000e6000000)
 Metaspace       used 96278K, capacity 103864K, committed 104320K, reserved 1140736K
  class space    used 11296K, capacity 13555K, committed 13696K, reserved 1048576K
}

Deoptimization events (10 events):
Event: 14200.437 Thread 0x00000000168f3000 Uncommon trap: reason=unstable_if action=reinterpret pc=0x0000000003cccf88 method=java.nio.charset.CharsetEncoder.encode(Ljava/nio/CharBuffer;Ljava/nio/ByteBuffer;Z)Ljava/nio/charset/CoderResult; @ 105
Event: 14200.446 Thread 0x00000000170da000 Uncommon trap: reason=predicate action=maybe_recompile pc=0x0000000003642f98 method=java.util.concurrent.CopyOnWriteArrayList.indexOf(Ljava/lang/Object;[Ljava/lang/Object;II)I @ 41
Event: 14200.448 Thread 0x00000000170da000 Uncommon trap: reason=unstable_if action=reinterpret pc=0x0000000003475f30 method=org.eclipse.osgi.internal.hooks.EclipseLazyStarter.shouldActivateFor(Ljava/lang/String;Lorg/eclipse/osgi/container/Module;Lorg/eclipse/osgi/container/ModuleRevision;Lorg/ecliçπ≤ö9ºÀ@
Event: 14200.450 Thread 0x00000000170da000 Uncommon trap: reason=unstable_if action=reinterpret pc=0x00000000048c2164 method=org.eclipse.swt.graphics.Resource.dispose()V @ 15
Event: 14201.059 Thread 0x00000000170da000 Uncommon trap: reason=class_check action=maybe_recompile pc=0x00000000050a18ac method=org.eclipse.swt.widgets.Display.asyncExec(Ljava/lang/Runnable;)V @ 23
Event: 14201.059 Thread 0x00000000170da000 Uncommon trap: reason=unstable_if action=reinterpret pc=0x0000000004cd9874 method=org.eclipse.swt.widgets.Synchronizer.addLast(Lorg/eclipse/swt/widgets/RunnableLock;)V @ 13
Event: 14201.059 Thread 0x00000000170da000 Uncommon trap: reason=class_check action=maybe_recompile pc=0x00000000050a18ac method=org.eclipse.swt.widgets.Display.asyncExec(Ljava/lang/Runnable;)V @ 23
Event: 14201.097 Thread 0x0000000013c2c800 Uncommon trap: reason=null_check action=make_not_entrant pc=0x0000000004a04cc4 method=org.eclipse.core.internal.runtime.Log.isLoggable(Lorg/osgi/framework/Bundle;Ljava/lang/String;I)Z @ 3
Event: 14201.404 Thread 0x00000000170da000 Uncommon trap: reason=unstable_if action=reinterpret pc=0x000000000306dda8 method=java.io.DataOutputStream.writeUTF(Ljava/lang/String;Ljava/io/DataOutput;)I @ 37
Event: 14201.643 Thread 0x00000000170da000 Uncommon trap: reason=unstable_if action=reinterpret pc=0x00000000030ceadc method=sun.reflect.UnsafeStaticObjectFieldAccessorImpl.set(Ljava/lang/Object;Ljava/lang/Object;)V @ 13

Internal exceptions (10 events):
Event: 14200.346 Thread 0x00000000027ce000 Exception <a 'java/io/FileNotFoundException'> (0x00000000f94c12c8) thrown at [C:\re\workspace\8-2-build-windows-amd64-cygwin\jdk8u66\5298\hotspot\src\share\vm\prims\jni.cpp, line 709]
Event: 14200.346 Thread 0x00000000027ce000 Exception <a 'java/io/FileNotFoundException'> (0x00000000f94c2fb0) thrown at [C:\re\workspace\8-2-build-windows-amd64-cygwin\jdk8u66\5298\hotspot\src\share\vm\prims\jni.cpp, line 709]
Event: 14200.435 Thread 0x00000000168f7800 Exception <a 'java/lang/InterruptedException'> (0x00000000f99b30d0) thrown at [C:\re\workspace\8-2-build-windows-amd64-cygwin\jdk8u66\5298\hotspot\src\share\vm\runtime\objectMonitor.cpp, line 1683]
Event: 14201.059 Thread 0x00000000170da000 Implicit null exception at 0x0000000004cd93f9 to 0x0000000004cd9845
Event: 14201.097 Thread 0x0000000013c2c800 Implicit null exception at 0x0000000004a04b62 to 0x0000000004a04cb5
Event: 14201.602 Thread 0x00000000170de800 Exception <a 'java/lang/InterruptedException'> (0x00000000f956dd08) thrown at [C:\re\workspace\8-2-build-windows-amd64-cygwin\jdk8u66\5298\hotspot\src\share\vm\runtime\objectMonitor.cpp, line 1683]
Event: 14201.643 Thread 0x00000000170da000 Implicit null exception at 0x00000000030ce6d7 to 0x00000000030ceac9
Event: 14201.644 Thread 0x0000000013c2c800 Exception <a 'java/lang/InterruptedException'> (0x00000000f9fae588) thrown at [C:\re\workspace\8-2-build-windows-amd64-cygwin\jdk8u66\5298\hotspot\src\share\vm\runtime\objectMonitor.cpp, line 1683]
Event: 14201.649 Thread 0x000000001715f800 Exception <a 'java/lang/InterruptedException'> (0x00000000f8fd4130) thrown at [C:\re\workspace\8-2-build-windows-amd64-cygwin\jdk8u66\5298\hotspot\src\share\vm\runtime\objectMonitor.cpp, line 1683]
Event: 14201.650 Thread 0x0000000016c4b800 Exception <a 'java/lang/InterruptedException'> (0x00000000fa19f090) thrown at [C:\re\workspace\8-2-build-windows-amd64-cygwin\jdk8u66\5298\hotspot\src\share\vm\runtime\objectMonitor.cpp, line 1683]

Events (10 events):
Event: 14201.658 Executing VM operation: RevokeBias
Event: 14201.658 Executing VM operation: RevokeBias done
Event: 14201.658 Executing VM operation: RevokeBias
Event: 14201.658 Executing VM operation: RevokeBias done
Event: 14201.658 Thread 0x00000000168f1000 Thread exited: 0x00000000168f1000
Event: 14201.658 Thread 0x0000000013bf8000 flushing nmethod 0x0000000004d0df50
Event: 14201.658 Thread 0x0000000013bf8000 flushing nmethod 0x0000000004d2b190
Event: 14201.660 Thread 0x0000000013bf8000 flushing nmethod 0x0000000004eb6290
Event: 14201.661 Thread 0x0000000013bf8000 flushing nmethod 0x0000000005000ed0
Event: 14201.661 Executing VM operation: Exit


Dynamic libraries:
0x0000000000400000 - 0x000000000044f000 	C:\Xilinx\SDK\2016.4\eclipse\win64.o\eclipse.exe
0x00007ffe1e190000 - 0x00007ffe1e361000 	C:\Windows\SYSTEM32\ntdll.dll
0x00007ffe1dc10000 - 0x00007ffe1dcbb000 	C:\Windows\System32\KERNEL32.DLL
0x00007ffe1a720000 - 0x00007ffe1a93d000 	C:\Windows\System32\KERNELBASE.dll
0x00007ffe1dce0000 - 0x00007ffe1de45000 	C:\Windows\System32\USER32.dll
0x00007ffe1aa50000 - 0x00007ffe1aa6e000 	C:\Windows\System32\win32u.dll
0x00007ffe1d680000 - 0x00007ffe1d6b4000 	C:\Windows\System32\GDI32.dll
0x00007ffe1ad60000 - 0x00007ffe1aee2000 	C:\Windows\System32\gdi32full.dll
0x00007ffe1bc50000 - 0x00007ffe1bcee000 	C:\Windows\System32\msvcrt.dll
0x00007ffe0df50000 - 0x00007ffe0e1c9000 	C:\Windows\WinSxS\amd64_microsoft.windows.common-controls_6595b64144ccf1df_6.0.14393.447_none_42191651c6827bb3\COMCTL32.dll
0x00007ffe1dec0000 - 0x00007ffe1e188000 	C:\Windows\System32\combase.dll
0x00007ffe1aef0000 - 0x00007ffe1afe5000 	C:\Windows\System32\ucrtbase.dll
0x00007ffe1d8c0000 - 0x00007ffe1d9e1000 	C:\Windows\System32\RPCRT4.dll
0x00007ffe1ab20000 - 0x00007ffe1ab8a000 	C:\Windows\System32\bcryptPrimitives.dll
0x00007ffe1daf0000 - 0x00007ffe1db1e000 	C:\Windows\System32\IMM32.DLL
0x0000000072000000 - 0x0000000072012000 	C:\Xilinx\SDK\2016.4\eclipse\win64.o\plugins\org.eclipse.equinox.launcher.win32.win32.x86_64_1.1.300.v20150602-1417\eclipse_1611.dll
0x00007ffe1bd50000 - 0x00007ffe1bdf2000 	C:\Windows\System32\ADVAPI32.dll
0x00007ffe1db30000 - 0x00007ffe1db89000 	C:\Windows\System32\sechost.dll
0x00007ffe0d640000 - 0x00007ffe0d64a000 	C:\Windows\SYSTEM32\VERSION.dll
0x00007ffe18d80000 - 0x00007ffe18e15000 	C:\Windows\system32\uxtheme.dll
0x00007ffe1c010000 - 0x00007ffe1c16b000 	C:\Windows\System32\MSCTF.dll
0x00007ffe1be00000 - 0x00007ffe1bebf000 	C:\Windows\System32\OLEAUT32.dll
0x00007ffe1a680000 - 0x00007ffe1a71c000 	C:\Windows\System32\msvcp_win.dll
0x00007ffdf90f0000 - 0x00007ffdf9188000 	C:\Program Files\Common Files\microsoft shared\ink\tiptsf.dll
0x000000005a100000 - 0x000000005a989000 	C:\Xilinx\SDK\2016.4\tps\win64\jre\bin\server\jvm.dll
0x00007ffe1bec0000 - 0x00007ffe1bec8000 	C:\Windows\System32\PSAPI.DLL
0x00007ffe189c0000 - 0x00007ffe189e3000 	C:\Windows\SYSTEM32\WINMM.dll
0x00007ffdfea30000 - 0x00007ffdfea39000 	C:\Windows\SYSTEM32\WSOCK32.dll
0x000000005acb0000 - 0x000000005ad82000 	C:\Windows\SYSTEM32\MSVCR100.dll
0x00007ffe1de50000 - 0x00007ffe1deba000 	C:\Windows\System32\WS2_32.dll
0x0000000000540000 - 0x000000000056b000 	C:\Windows\SYSTEM32\WINMMBASE.dll
0x00007ffe1aff0000 - 0x00007ffe1b032000 	C:\Windows\System32\cfgmgr32.dll
0x0000000059fc0000 - 0x0000000059fcf000 	C:\Xilinx\SDK\2016.4\tps\win64\jre\bin\verify.dll
0x0000000059f90000 - 0x0000000059fb9000 	C:\Xilinx\SDK\2016.4\tps\win64\jre\bin\java.dll
0x0000000059f70000 - 0x0000000059f86000 	C:\Xilinx\SDK\2016.4\tps\win64\jre\bin\zip.dll
0x00007ffe1c170000 - 0x00007ffe1d679000 	C:\Windows\System32\SHELL32.dll
0x00007ffe1b040000 - 0x00007ffe1b71a000 	C:\Windows\System32\windows.storage.dll
0x00007ffe1a600000 - 0x00007ffe1a64c000 	C:\Windows\System32\powrprof.dll
0x00007ffe1d860000 - 0x00007ffe1d8b2000 	C:\Windows\System32\shlwapi.dll
0x00007ffe1a650000 - 0x00007ffe1a65f000 	C:\Windows\System32\kernel.appcore.dll
0x00007ffe1a9a0000 - 0x00007ffe1aa49000 	C:\Windows\System32\shcore.dll
0x00007ffe1a660000 - 0x00007ffe1a674000 	C:\Windows\System32\profapi.dll
0x00007ffe1a060000 - 0x00007ffe1a077000 	C:\Windows\SYSTEM32\CRYPTSP.dll
0x00007ffe19ad0000 - 0x00007ffe19b03000 	C:\Windows\system32\rsaenh.dll
0x00007ffe1a530000 - 0x00007ffe1a55b000 	C:\Windows\SYSTEM32\bcrypt.dll
0x00007ffe19d40000 - 0x00007ffe19d5f000 	C:\Windows\SYSTEM32\USERENV.dll
0x00007ffe1a520000 - 0x00007ffe1a52b000 	C:\Windows\SYSTEM32\CRYPTBASE.dll
0x0000000059f50000 - 0x0000000059f6a000 	C:\Xilinx\SDK\2016.4\tps\win64\jre\bin\net.dll
0x00007ffe19ec0000 - 0x00007ffe19f1c000 	C:\Windows\system32\mswsock.dll
0x00007ffe19c50000 - 0x00007ffe19c88000 	C:\Windows\SYSTEM32\IPHLPAPI.DLL
0x00007ffe1db20000 - 0x00007ffe1db28000 	C:\Windows\System32\NSI.dll
0x00007ffe128b0000 - 0x00007ffe128c6000 	C:\Windows\SYSTEM32\dhcpcsvc6.DLL
0x00007ffe12f50000 - 0x00007ffe12f6a000 	C:\Windows\SYSTEM32\dhcpcsvc.DLL
0x0000000059f30000 - 0x0000000059f41000 	C:\Xilinx\SDK\2016.4\tps\win64\jre\bin\nio.dll
0x00007ffe1bbb0000 - 0x00007ffe1bc4f000 	C:\Windows\System32\clbcatq.dll
0x00007ffded490000 - 0x00007ffded63a000 	C:\Windows\System32\uiautomationcore.dll
0x00007ffe1a420000 - 0x00007ffe1a4b8000 	C:\Windows\SYSTEM32\sxs.dll
0x00007ffe01c80000 - 0x00007ffe01ce5000 	C:\Windows\System32\OLEACC.dll
0x00007ffe13c80000 - 0x00007ffe13c96000 	C:\Windows\system32\napinsp.dll
0x00007ffe13b30000 - 0x00007ffe13b4a000 	C:\Windows\system32\pnrpnsp.dll
0x00007ffe17e10000 - 0x00007ffe17e28000 	C:\Windows\system32\NLAapi.dll
0x00007ffe19c90000 - 0x00007ffe19d30000 	C:\Windows\SYSTEM32\DNSAPI.dll
0x00007ffe148d0000 - 0x00007ffe148de000 	C:\Windows\System32\winrnr.dll
0x00007ffe13ca0000 - 0x00007ffe13cb5000 	C:\Windows\System32\wshbth.dll
0x000000005c6c0000 - 0x000000005c6e6000 	C:\Program Files\Bonjour\mdnsNSP.dll
0x00007ffe0f0b0000 - 0x00007ffe0f0ba000 	C:\Windows\System32\rasadhlp.dll
0x00007ffe12610000 - 0x00007ffe1267a000 	C:\Windows\System32\fwpuclnt.dll
0x00007ffe1bed0000 - 0x00007ffe1c007000 	C:\Windows\System32\ole32.dll
0x0000000017a30000 - 0x0000000017ad8000 	C:\Users\LuÌs Morais\.Xilinx\SDK\2016.4\org.eclipse.osgi\319\0\.cp\swt-win32-4527.dll
0x00007ffe1d9f0000 - 0x00007ffe1daea000 	C:\Windows\System32\comdlg32.dll
0x00007ffe1ab90000 - 0x00007ffe1ad59000 	C:\Windows\System32\CRYPT32.dll
0x00007ffdf0210000 - 0x00007ffdf0295000 	C:\Windows\SYSTEM32\WINSPOOL.DRV
0x00007ffe1a5f0000 - 0x00007ffe1a600000 	C:\Windows\System32\MSASN1.dll
0x00007ffe12bf0000 - 0x00007ffe12c09000 	C:\Windows\SYSTEM32\USP10.dll
0x00007ffe091e0000 - 0x00007ffe09473000 	C:\Windows\SYSTEM32\WININET.dll
0x00007ffe18240000 - 0x00007ffe18266000 	C:\Windows\system32\dwmapi.dll
0x00007ffe18000000 - 0x00007ffe18185000 	C:\Windows\SYSTEM32\propsys.dll
0x0000000017b20000 - 0x0000000017b3e000 	C:\Users\LuÌs Morais\.Xilinx\SDK\2016.4\org.eclipse.osgi\319\0\.cp\swt-gdip-win32-4527.dll
0x00007ffe0c8f0000 - 0x00007ffe0ca8a000 	C:\Windows\WinSxS\amd64_microsoft.windows.gdiplus_6595b64144ccf1df_1.1.14393.321_none_72fe05dd211a5fae\gdiplus.dll
0x00007ffe17ae0000 - 0x00007ffe17c88000 	C:\Windows\SYSTEM32\WindowsCodecs.dll
0x0000000180000000 - 0x0000000180012000 	C:\Users\LuÌs Morais\.Xilinx\SDK\2016.4\org.eclipse.osgi\133\0\.cp\os\win32\x86_64\localfile_1_0_0.dll
0x00007ffdfc140000 - 0x00007ffdfc17f000 	C:\Windows\system32\mlang.dll
0x00007ffe01930000 - 0x00007ffe01979000 	C:\Windows\system32\dataexchange.dll
0x00007ffe17370000 - 0x00007ffe17626000 	C:\Windows\system32\d3d11.dll
0x00007ffe18420000 - 0x00007ffe18571000 	C:\Windows\system32\dcomp.dll
0x00007ffe19570000 - 0x00007ffe1960f000 	C:\Windows\system32\dxgi.dll
0x00007ffe19050000 - 0x00007ffe1916c000 	C:\Windows\system32\twinapi.appcore.dll
0x00007ffe12a90000 - 0x00007ffe12a97000 	C:\Windows\SYSTEM32\msimg32.dll
0x00007ffe12a70000 - 0x00007ffe12a81000 	C:\Users\LuÌs Morais\.Xilinx\SDK\2016.4\org.eclipse.osgi\136\0\.cp\jWinHttp-1.0.0.dll
0x00007ffe11b90000 - 0x00007ffe11c5d000 	C:\Windows\SYSTEM32\WINHTTP.dll
0x00007ffe12a60000 - 0x00007ffe12a6f000 	C:\Xilinx\SDK\2016.4\lib\win64.o\librdi_repo_manager.dll
0x00007ffe12a30000 - 0x00007ffe12a5a000 	C:\Xilinx\SDK\2016.4\lib\win64.o\libisl_sysinfo.dll
0x00007ffdc2e50000 - 0x00007ffdc38fa000 	C:\Xilinx\SDK\2016.4\lib\win64.o\librdi_common.dll
0x00007ffdee550000 - 0x00007ffdee5f7000 	C:\Windows\SYSTEM32\MSVCP110.dll
0x00007ffdee660000 - 0x00007ffdee734000 	C:\Windows\SYSTEM32\MSVCR110.dll
0x00007ffdc3bf0000 - 0x00007ffdc3f5e000 	C:\Xilinx\SDK\2016.4\lib\win64.o\libCOIN-all.dll
0x00007ffe079b0000 - 0x00007ffe07a03000 	C:\Xilinx\SDK\2016.4\lib\win64.o\librdi_commonxillic.dll
0x00007ffe12a20000 - 0x00007ffe12a30000 	C:\Xilinx\SDK\2016.4\lib\win64.o\libboost_date_time.dll
0x00007ffdf2c90000 - 0x00007ffdf2d07000 	C:\Xilinx\SDK\2016.4\lib\win64.o\libboost_program_options.dll
0x00007ffe11230000 - 0x00007ffe11254000 	C:\Xilinx\SDK\2016.4\lib\win64.o\libboost_filesystem.dll
0x00007ffdc5560000 - 0x00007ffdc5758000 	C:\Xilinx\SDK\2016.4\lib\win64.o\librdi_hsm.dll
0x00007ffdc75e0000 - 0x00007ffdc76e6000 	C:\Xilinx\SDK\2016.4\lib\win64.o\libboost_regex.dll
0x00007ffe12a00000 - 0x00007ffe12a13000 	C:\Xilinx\SDK\2016.4\lib\win64.o\libboost_signals.dll
0x00007ffdc2c30000 - 0x00007ffdc2e4f000 	C:\Xilinx\SDK\2016.4\lib\win64.o\libXil_lmgr11.dll
0x00007ffe1a940000 - 0x00007ffe1a995000 	C:\Windows\System32\WINTRUST.dll
0x00007ffe11f90000 - 0x00007ffe11f99000 	C:\Xilinx\SDK\2016.4\lib\win64.o\libboost_system.dll
0x00007ffe11210000 - 0x00007ffe1122d000 	C:\Xilinx\SDK\2016.4\lib\win64.o\libboost_thread.dll
0x00007ffe11f80000 - 0x00007ffe11f8b000 	C:\Xilinx\SDK\2016.4\lib\win64.o\libboost_xilinx.dll
0x00007ffdf2ab0000 - 0x00007ffdf2b30000 	C:\Xilinx\SDK\2016.4\lib\win64.o\libhdlpsolve.dll
0x00007ffdeaed0000 - 0x00007ffdeaf6a000 	C:\Xilinx\SDK\2016.4\lib\win64.o\libhdxml.dll
0x00007ffdc2860000 - 0x00007ffdc2c29000 	C:\Xilinx\SDK\2016.4\lib\win64.o\libisl_iostreams.dll
0x00007ffdc5fa0000 - 0x00007ffdc60d0000 	C:\Xilinx\SDK\2016.4\lib\win64.o\librdi_curl.dll
0x00007ffe10fc0000 - 0x00007ffe10fd8000 	C:\Xilinx\SDK\2016.4\lib\win64.o\librdiconfig.dll
0x00007ffe0ac50000 - 0x00007ffe0ac6f000 	C:\Xilinx\SDK\2016.4\lib\win64.o\librdizlib.dll
0x0000000059fd0000 - 0x000000005a0f7000 	C:\Xilinx\SDK\2016.4\lib\win64.o\tcl85t.dll
0x0000000021070000 - 0x00000000212d3000 	C:\Xilinx\SDK\2016.4\lib\win64.o\xerces-c_3_1.dll
0x00007ffe09a80000 - 0x00007ffe09c42000 	C:\Windows\SYSTEM32\urlmon.dll
0x00007ffe07990000 - 0x00007ffe079a5000 	C:\Xilinx\SDK\2016.4\lib\win64.o\pthreadVC2.dll
0x00007ffdf62d0000 - 0x00007ffdf62f3000 	C:\Windows\SYSTEM32\VCOMP110.DLL
0x00007ffe0f130000 - 0x00007ffe0f148000 	C:\Windows\SYSTEM32\NETAPI32.dll
0x00007ffe11d60000 - 0x00007ffe11d6b000 	C:\Xilinx\SDK\2016.4\lib\win64.o\libboost_chrono.dll
0x00007ffe078f0000 - 0x00007ffe07906000 	C:\Xilinx\SDK\2016.4\lib\win64.o\libboost_iostreams.dll
0x00007ffe0f260000 - 0x00007ffe0f503000 	C:\Windows\SYSTEM32\iertutil.dll
0x00007ffe07120000 - 0x00007ffe07143000 	C:\Xilinx\SDK\2016.4\lib\win64.o\libisl_iosutils.dll
0x00007ffdfc7f0000 - 0x00007ffdfc833000 	C:\Xilinx\SDK\2016.4\lib\win64.o\librdi_hdf.dll
0x00007ffdc2590000 - 0x00007ffdc2858000 	C:\Xilinx\SDK\2016.4\lib\win64.o\librdi_ippcw.dll
0x00007ffe0c100000 - 0x00007ffe0c142000 	C:\Windows\SYSTEM32\edputil.dll
0x0000000071080000 - 0x00000000710a6000 	C:\Xilinx\SDK\2016.4\eclipse\win64.o\plugins\gnu.io.rxtx.win32.x86_64_2.1.7.3_v20071015\os\win32\x86_64\rxtxSerial.dll

VM Arguments:
jvm_args: -Dcom.xilinx.sdk.args.hwspec=C:/CR/Projeto/Task_53/Task_53.sdk/task_design_1_wrapper.hdf -Xms64m -Xmx512m & 
java_command: <unknown>
java_class_path (initial): C:\Xilinx\SDK\2016.4\eclipse\win64.o\\plugins/org.eclipse.equinox.launcher_1.3.100.v20150511-1540.jar
Launcher Type: generic

Environment Variables:
JAVA_HOME=C:\Program Files\Java\jre1.8.0_111
PATH=C:/Xilinx/SDK/2016.4/tps/win64/jre/bin/server;C:/Xilinx/SDK/2016.4/tps/win64/jre/bin;C:/Xilinx/SDK/2016.4/tps/win64/jre/lib/amd64;C:\Xilinx\SDK\2016.4\gnuwin\bin;C:\Xilinx\SDK\2016.4\gnu\microblaze\nt\bin;C:\Xilinx\SDK\2016.4\gnu\microblaze\linux_toolchain\nt64_le\bin;C:\Xilinx\SDK\2016.4\gnu\microblaze\linux_toolchain\nt64_be\bin;C:\Xilinx\SDK\2016.4\gnu\arm\nt\bin;C:\Xilinx\SDK\2016.4\gnu\aarch64\nt\aarch64-none\bin;C:\Xilinx\SDK\2016.4\gnu\aarch64\nt\aarch64-linux\bin;C:\Xilinx\SDK\2016.4\gnu\armr5\nt\gcc-arm-none-eabi\bin;C:\Xilinx\SDK\2016.4\gnu\aarch32\nt\gcc-arm-none-eabi\bin;C:\Xilinx\SDK\2016.4\gnu\aarch32\nt\gcc-arm-linux-gnueabi\bin;C:\Xilinx\SDK\2016.4\tps\win64\cmake-3.3.2\bin;;C:\Xilinx\SDK\2016.4\bin;C:\Xilinx\SDK\2016.4\lib\win64.o;C:\Xilinx\SDK\2016.4\tps\win64\jre\bin\server;C:\Xilinx\SDK\2016.4\tps\win64\jre\bin;C:\Xilinx\Vivado\2016.4\ids_lite\ISE\bin\nt64;C:\Xilinx\Vivado\2016.4\ids_lite\ISE\lib\nt64;C:\Xilinx\Vivado\2016.4\bin;C:\Xilinx\Vivado\2016.4\lib\win64.o;C:\Xilinx\Vivado\2016.4\tps\win64\jre\bin\server;C:\Xilinx\Vivado\2016.4\tps\win64\jre\bin;C:\Xilinx\Vivado_HLS\2016.4\bin;C:\Program Files (x86)\Parallels\Parallels Tools\Applications;C:\ProgramData\Oracle\Java\javapath;C:\Program Files (x86)\Intel\iCLS Client\;C:\Program Files\Intel\iCLS Client\;C:\Windows\system32;C:\Windows;C:\Windows\System32\Wbem;C:\Windows\System32\WindowsPowerShell\v1.0\;%JAVA_HOME%\bin;C:\Program Files\Java\jdk1.8.0_102\bin;C:\Users\LuÌs Morais\AppData\Local\Microsoft\WindowsApps;;C:\CR\Projeto\Task_53;
USERNAME=LuÌs Morais
OS=Windows_NT
PROCESSOR_IDENTIFIER=Intel64 Family 6 Model 61 Stepping 4, GenuineIntel



---------------  S Y S T E M  ---------------

OS: Windows 10.0 , 64 bit Build 14393 (10.0.14393.0)

CPU:total 4 (2 cores per cpu, 2 threads per core) family 6 model 61 stepping 4, cmov, cx8, fxsr, mmx, sse, sse2, sse3, ssse3, sse4.1, sse4.2, popcnt, avx, avx2, aes, clmul, erms, rtm, 3dnowpref, lzcnt, ht, tsc, tscinvbit, bmi1, bmi2, adx

Memory: 4k page, physical 8288680k(4188388k free), swap 8763456k(4027476k free)

vm_info: Java HotSpot(TM) 64-Bit Server VM (25.66-b18) for windows-amd64 JRE (1.8.0_66-b18), built on Nov  9 2015 10:51:13 by "java_re" with MS VC++ 10.0 (VS2010)

time: Tue Jun 06 15:45:16 2017
elapsed time: 14202 seconds (0d 3h 56m 42s)

