#
# A fatal error has been detected by the Java Runtime Environment:
#
#  EXCEPTION_UNCAUGHT_CXX_EXCEPTION (0xe06d7363) at pc=0x00007ffca6b37788, pid=2072, tid=4500
#
# JRE version: Java(TM) SE Runtime Environment (8.0_66-b18) (build 1.8.0_66-b18)
# Java VM: Java HotSpot(TM) 64-Bit Server VM (25.66-b18 mixed mode windows-amd64 compressed oops)
# Problematic frame:
# C  [KERNELBASE.dll+0x17788]
#
# Failed to write core dump. Minidumps are not enabled by default on client versions of Windows
#
# If you would like to submit a bug report, please visit:
#   http://bugreport.java.com/bugreport/crash.jsp
#

---------------  T H R E A D  ---------------

Current thread (0x0000000013b77000):  VMThread [stack: 0x0000000014c10000,0x0000000014d10000] [id=4500]

siginfo: ExceptionCode=0xe06d7363, ExceptionInformation=0x0000000019930520 0x0000000014d0f448 0x00007ffc7d2d2cb8 0x00007ffc7d220000 

Registers:
RAX=0x004c0044002e006c, RBX=0x00007ffc7d2d2cb8, RCX=0x000000000000004c, RDX=0x0000000000000000
RSP=0x0000000014d0f290, RBP=0x0000000014d0f3d0, RSI=0x00000000ffffffff, RDI=0x000000000050bdd0
R8 =0x0000000000000000, R9 =0x0000000000000000, R10=0x0000000000000000, R11=0x0000000000000000
R12=0x0000000000000001, R13=0x0000000000000008, R14=0x0000000000000000, R15=0xffffffffffffffff
RIP=0x00007ffca6b37788, EFLAGS=0x0000000000000206

Top of Stack: (sp=0x0000000014d0f290)
0x0000000014d0f290:   0000000000000000 00007ffc7d2d2cb8
0x0000000014d0f2a0:   00000000ffffffff 000000000050bdd0
0x0000000014d0f2b0:   00000001e06d7363 0000000000000000
0x0000000014d0f2c0:   00007ffca6b37788 0000000000000004
0x0000000014d0f2d0:   0000000019930520 0000000014d0f448
0x0000000014d0f2e0:   00007ffc7d2d2cb8 00007ffc7d220000
0x0000000014d0f2f0:   0000000000000008 0000000000000001
0x0000000014d0f300:   000000000050bdd0 00000000ffffffff
0x0000000014d0f310:   0000000014d0f3d0 00007ffcaa3fc26f
0x0000000014d0f320:   0000000014d0f3e0 0000000000000000
0x0000000014d0f330:   0000ff127e737b63 0000000000000001
0x0000000014d0f340:   00007ffc7d2e9000 00007ffc7d220000
0x0000000014d0f350:   00006f351eede2d5 000000000000003f
0x0000000014d0f360:   00007ffc7d2d2cb8 00007ffc7d27e92c
0x0000000014d0f370:   000000000000001f 0000000000000008
0x0000000014d0f380:   0000000000000001 000000000050bdd0 

Instructions: (pc=0x00007ffca6b37788)
0x00007ffca6b37768:   49 8b d1 44 0f 47 c0 44 89 44 24 38 49 c1 e0 03
0x00007ffca6b37778:   e8 07 55 06 00 48 8d 4c 24 20 ff 15 d0 08 13 00
0x00007ffca6b37788:   48 8b 8c 24 c0 00 00 00 48 33 cc e8 98 1a 06 00
0x00007ffca6b37798:   48 81 c4 d8 00 00 00 c3 83 64 24 38 00 eb d6 cc 


Register to memory mapping:

RAX=0x004c0044002e006c is an unknown value
RBX=0x00007ffc7d2d2cb8 is an unknown value
RCX=0x000000000000004c is an unknown value
RDX=0x0000000000000000 is an unknown value
RSP=0x0000000014d0f290 is an unknown value
RBP=0x0000000014d0f3d0 is an unknown value
RSI=0x00000000ffffffff is an unallocated location in the heap
RDI=0x000000000050bdd0 is an unknown value
R8 =0x0000000000000000 is an unknown value
R9 =0x0000000000000000 is an unknown value
R10=0x0000000000000000 is an unknown value
R11=0x0000000000000000 is an unknown value
R12=0x0000000000000001 is an unknown value
R13=0x0000000000000008 is an unknown value
R14=0x0000000000000000 is an unknown value
R15=0xffffffffffffffff is an unknown value


Stack: [0x0000000014c10000,0x0000000014d10000],  sp=0x0000000014d0f290,  free space=1020k
Native frames: (J=compiled Java code, j=interpreted, Vv=VM code, C=native code)
C  [KERNELBASE.dll+0x17788]
C  [MSVCR110.dll+0x5e92c]
C  [MSVCR110.dll+0x1315c]
C  [MSVCR110.dll+0x136a9]
C  [MSVCR110.dll+0x13e9c]
C  [MSVCR110.dll+0x239e]
C  [MSVCR110.dll+0xaf9e]
C  [MSVCP110.dll+0x397b9]
C  [librdi_common.dll+0x183a66]
C  [librdi_common.dll+0x1826fb]
C  [librdi_target_manager.dll+0x2400]
C  [librdi_target_manager.dll+0x2682]
C  [ntdll.dll+0x2a35f]
C  [ntdll.dll+0x806b]
C  [ntdll.dll+0x7d94]
C  [KERNEL32.DLL+0x1ce6a]
C  [MSVCR100.dll+0x20ccd]
V  [jvm.dll+0x210cc5]
V  [jvm.dll+0x249897]
V  [jvm.dll+0x248b36]
V  [jvm.dll+0x248fd1]
V  [jvm.dll+0x2491ee]
V  [jvm.dll+0x29a0fa]
C  [MSVCR100.dll+0x21d9f]
C  [MSVCR100.dll+0x21e3b]
C  [KERNEL32.DLL+0x8364]
C  [ntdll.dll+0x670d1]

VM_Operation (0x000000000014f4c0): Exit, mode: safepoint, requested by thread 0x000000000294e000


---------------  P R O C E S S  ---------------

Java Threads: ( => current thread )
  0x000000001ad14000 JavaThread "pool-2-thread-2" [_thread_blocked, id=1740, stack(0x0000000029a50000,0x0000000029b50000)]
  0x000000001ad15800 JavaThread "pool-2-thread-1" [_thread_blocked, id=4884, stack(0x0000000026bb0000,0x0000000026cb0000)]
  0x000000001ad17000 JavaThread "Thread-22" daemon [_thread_blocked, id=2212, stack(0x0000000025bb0000,0x0000000025cb0000)]
  0x000000001e0be000 JavaThread "TCF Channel Transmitter" daemon [_thread_blocked, id=3812, stack(0x00000000244b0000,0x00000000245b0000)]
  0x000000001e0c0000 JavaThread "TCF Channel Receiver" daemon [_thread_in_native, id=4344, stack(0x00000000243b0000,0x00000000244b0000)]
  0x000000001e0ba000 JavaThread "Process monitor" daemon [_thread_in_native, id=2312, stack(0x00000000238b0000,0x00000000239b0000)]
  0x000000001e0bb000 JavaThread "Input Stream Monitor" daemon [_thread_blocked, id=1184, stack(0x00000000237b0000,0x00000000238b0000)]
  0x000000001e0b8800 JavaThread "Output Stream Monitor" daemon [_thread_in_native, id=3980, stack(0x00000000236b0000,0x00000000237b0000)]
  0x000000001e0b9800 JavaThread "Output Stream Monitor" daemon [_thread_in_native, id=6192, stack(0x00000000235b0000,0x00000000236b0000)]
  0x000000001e0b7000 JavaThread "TCF Locator DNS Lookup" daemon [_thread_blocked, id=2308, stack(0x0000000021530000,0x0000000021630000)]
  0x0000000017196800 JavaThread "TCF Locator Timer" daemon [_thread_blocked, id=168, stack(0x0000000021430000,0x0000000021530000)]
  0x0000000017196000 JavaThread "TCF Locator Receiver" daemon [_thread_in_native, id=5864, stack(0x0000000021330000,0x0000000021430000)]
  0x0000000017192000 JavaThread "TCF Timer Dispatcher" daemon [_thread_blocked, id=7312, stack(0x0000000020a60000,0x0000000020b60000)]
  0x00000000163e4000 JavaThread "EMF Reference Cleaner" daemon [_thread_blocked, id=1468, stack(0x0000000018220000,0x0000000018320000)]
  0x0000000015538800 JavaThread "Service Thread" daemon [_thread_blocked, id=3040, stack(0x0000000015900000,0x0000000015a00000)]
  0x0000000013bbb000 JavaThread "C1 CompilerThread2" daemon [_thread_blocked, id=6392, stack(0x0000000015400000,0x0000000015500000)]
  0x0000000013bb2800 JavaThread "C2 CompilerThread1" daemon [_thread_blocked, id=4716, stack(0x0000000015300000,0x0000000015400000)]
  0x0000000013bae000 JavaThread "C2 CompilerThread0" daemon [_thread_blocked, id=3304, stack(0x0000000015200000,0x0000000015300000)]
  0x0000000013bac800 JavaThread "Attach Listener" daemon [_thread_blocked, id=3680, stack(0x0000000015100000,0x0000000015200000)]
  0x00000000026b6800 JavaThread "Finalizer" daemon [_thread_blocked, id=6872, stack(0x0000000014e10000,0x0000000014f10000)]
  0x0000000013b78800 JavaThread "Reference Handler" daemon [_thread_blocked, id=6148, stack(0x0000000014d10000,0x0000000014e10000)]
  0x000000000294e000 JavaThread "main" [_thread_blocked, id=5068, stack(0x0000000000050000,0x0000000000150000)]

Other Threads:
=>0x0000000013b77000 VMThread [stack: 0x0000000014c10000,0x0000000014d10000] [id=4500]

VM state:at safepoint (shutting down)

VM Mutex/Monitor currently owned by a thread:  ([mutex/lock_event])
[0x000000000294cc90] Threads_lock - owner thread: 0x0000000013b77000

Heap:
 PSYoungGen      total 103936K, used 37954K [0x00000000f5580000, 0x00000000fd900000, 0x0000000100000000)
  eden space 74752K, 50% used [0x00000000f5580000,0x00000000f7a90840,0x00000000f9e80000)
  from space 29184K, 0% used [0x00000000fbb80000,0x00000000fbb80000,0x00000000fd800000)
  to   space 29696K, 0% used [0x00000000f9e80000,0x00000000f9e80000,0x00000000fbb80000)
 ParOldGen       total 114176K, used 56606K [0x00000000e0000000, 0x00000000e6f80000, 0x00000000f5580000)
  object space 114176K, 49% used [0x00000000e0000000,0x00000000e37478b8,0x00000000e6f80000)
 Metaspace       used 81422K, capacity 88516K, committed 88664K, reserved 1126400K
  class space    used 9872K, capacity 12118K, committed 12160K, reserved 1048576K

Card table byte_map: [0x0000000002750000,0x0000000002860000] byte_map_base: 0x0000000002050000

Marking Bits: (ParMarkBitMap*) 0x0000000054eaa5b0
 Begin Bits: [0x0000000012110000, 0x0000000012910000)
 End Bits:   [0x0000000012910000, 0x0000000013110000)

Polling page: 0x00000000025a0000

CodeCache: size=245760Kb used=26539Kb max_used=26779Kb free=219220Kb
 bounds [0x0000000002950000, 0x00000000043a0000, 0x0000000011950000]
 total_blobs=8312 nmethods=7431 adapters=789
 compilation: enabled

Compilation events (10 events):
Event: 183.294 Thread 0x0000000013bbb000 8975  s!   3       org.eclipse.osgi.storage.bundlefile.ZipBundleFile::close (64 bytes)
Event: 183.294 Thread 0x0000000013bbb000 nmethod 8975 0x0000000003175cd0 code [0x0000000003175ea0, 0x0000000003176818]
Event: 183.295 Thread 0x0000000013bb2800 8976       4       org.eclipse.osgi.container.ModuleDatabase::readUnlock (11 bytes)
Event: 183.295 Thread 0x0000000013bbb000 8974   !   3       org.eclipse.osgi.storage.BundleInfo$Generation::close (34 bytes)
Event: 183.295 Thread 0x0000000013bbb000 nmethod 8974 0x000000000301e410 code [0x000000000301e580, 0x000000000301e9a8]
Event: 183.296 Thread 0x0000000013bbb000 8977       3       org.eclipse.osgi.container.Module::holdsTransitionEventLock (25 bytes)
Event: 183.297 Thread 0x0000000013bbb000 nmethod 8977 0x0000000002a70dd0 code [0x0000000002a70f60, 0x0000000002a71688]
Event: 183.297 Thread 0x0000000013bbb000 8978       3       org.eclipse.osgi.container.ModuleWiring::unload (6 bytes)
Event: 183.297 Thread 0x0000000013bbb000 nmethod 8978 0x000000000358b290 code [0x000000000358b400, 0x000000000358b588]
Event: 183.298 Thread 0x0000000013bbb000 8979       3       org.eclipse.osgi.container.ModuleWiring::invalidate0 (52 bytes)

GC Heap History (10 events):
Event: 43.721 GC heap before
{Heap before GC invocations=15 (full 3):
 PSYoungGen      total 90112K, used 86435K [0x00000000f5580000, 0x00000000fd180000, 0x0000000100000000)
  eden space 67072K, 100% used [0x00000000f5580000,0x00000000f9700000,0x00000000f9700000)
  from space 23040K, 84% used [0x00000000f9700000,0x00000000fa9e8e00,0x00000000fad80000)
  to   space 25088K, 0% used [0x00000000fb900000,0x00000000fb900000,0x00000000fd180000)
 ParOldGen       total 114176K, used 43043K [0x00000000e0000000, 0x00000000e6f80000, 0x00000000f5580000)
  object space 114176K, 37% used [0x00000000e0000000,0x00000000e2a08d18,0x00000000e6f80000)
 Metaspace       used 77830K, capacity 84496K, committed 84824K, reserved 1122304K
  class space    used 9492K, capacity 11607K, committed 11648K, reserved 1048576K
Event: 43.743 GC heap after
Heap after GC invocations=15 (full 3):
 PSYoungGen      total 98816K, used 23497K [0x00000000f5580000, 0x00000000fd600000, 0x0000000100000000)
  eden space 73728K, 0% used [0x00000000f5580000,0x00000000f5580000,0x00000000f9d80000)
  from space 25088K, 93% used [0x00000000fb900000,0x00000000fcff2708,0x00000000fd180000)
  to   space 28160K, 0% used [0x00000000f9d80000,0x00000000f9d80000,0x00000000fb900000)
 ParOldGen       total 114176K, used 43051K [0x00000000e0000000, 0x00000000e6f80000, 0x00000000f5580000)
  object space 114176K, 37% used [0x00000000e0000000,0x00000000e2a0ad18,0x00000000e6f80000)
 Metaspace       used 77830K, capacity 84496K, committed 84824K, reserved 1122304K
  class space    used 9492K, capacity 11607K, committed 11648K, reserved 1048576K
}
Event: 64.657 GC heap before
{Heap before GC invocations=16 (full 3):
 PSYoungGen      total 98816K, used 43630K [0x00000000f5580000, 0x00000000fd600000, 0x0000000100000000)
  eden space 73728K, 27% used [0x00000000f5580000,0x00000000f6929210,0x00000000f9d80000)
  from space 25088K, 93% used [0x00000000fb900000,0x00000000fcff2708,0x00000000fd180000)
  to   space 28160K, 0% used [0x00000000f9d80000,0x00000000f9d80000,0x00000000fb900000)
 ParOldGen       total 114176K, used 43051K [0x00000000e0000000, 0x00000000e6f80000, 0x00000000f5580000)
  object space 114176K, 37% used [0x00000000e0000000,0x00000000e2a0ad18,0x00000000e6f80000)
 Metaspace       used 78927K, capacity 85784K, committed 86104K, reserved 1124352K
  class space    used 9619K, capacity 11790K, committed 11904K, reserved 1048576K
Event: 64.701 GC heap after
Heap after GC invocations=16 (full 3):
 PSYoungGen      total 101888K, used 19778K [0x00000000f5580000, 0x00000000fd800000, 0x0000000100000000)
  eden space 73728K, 0% used [0x00000000f5580000,0x00000000f5580000,0x00000000f9d80000)
  from space 28160K, 70% used [0x00000000f9d80000,0x00000000fb0d0868,0x00000000fb900000)
  to   space 29184K, 0% used [0x00000000fbb80000,0x00000000fbb80000,0x00000000fd800000)
 ParOldGen       total 114176K, used 43059K [0x00000000e0000000, 0x00000000e6f80000, 0x00000000f5580000)
  object space 114176K, 37% used [0x00000000e0000000,0x00000000e2a0cd18,0x00000000e6f80000)
 Metaspace       used 78927K, capacity 85784K, committed 86104K, reserved 1124352K
  class space    used 9619K, capacity 11790K, committed 11904K, reserved 1048576K
}
Event: 64.701 GC heap before
{Heap before GC invocations=17 (full 4):
 PSYoungGen      total 101888K, used 19778K [0x00000000f5580000, 0x00000000fd800000, 0x0000000100000000)
  eden space 73728K, 0% used [0x00000000f5580000,0x00000000f5580000,0x00000000f9d80000)
  from space 28160K, 70% used [0x00000000f9d80000,0x00000000fb0d0868,0x00000000fb900000)
  to   space 29184K, 0% used [0x00000000fbb80000,0x00000000fbb80000,0x00000000fd800000)
 ParOldGen       total 114176K, used 43059K [0x00000000e0000000, 0x00000000e6f80000, 0x00000000f5580000)
  object space 114176K, 37% used [0x00000000e0000000,0x00000000e2a0cd18,0x00000000e6f80000)
 Metaspace       used 78927K, capacity 85784K, committed 86104K, reserved 1124352K
  class space    used 9619K, capacity 11790K, committed 11904K, reserved 1048576K
Event: 65.016 GC heap after
Heap after GC invocations=17 (full 4):
 PSYoungGen      total 101888K, used 0K [0x00000000f5580000, 0x00000000fd800000, 0x0000000100000000)
  eden space 73728K, 0% used [0x00000000f5580000,0x00000000f5580000,0x00000000f9d80000)
  from space 28160K, 0% used [0x00000000f9d80000,0x00000000f9d80000,0x00000000fb900000)
  to   space 29184K, 0% used [0x00000000fbb80000,0x00000000fbb80000,0x00000000fd800000)
 ParOldGen       total 114176K, used 56099K [0x00000000e0000000, 0x00000000e6f80000, 0x00000000f5580000)
  object space 114176K, 49% used [0x00000000e0000000,0x00000000e36c8e28,0x00000000e6f80000)
 Metaspace       used 78927K, capacity 85784K, committed 86104K, reserved 1124352K
  class space    used 9619K, capacity 11790K, committed 11904K, reserved 1048576K
}
Event: 124.677 GC heap before
{Heap before GC invocations=18 (full 4):
 PSYoungGen      total 101888K, used 39197K [0x00000000f5580000, 0x00000000fd800000, 0x0000000100000000)
  eden space 73728K, 53% used [0x00000000f5580000,0x00000000f7bc7690,0x00000000f9d80000)
  from space 28160K, 0% used [0x00000000f9d80000,0x00000000f9d80000,0x00000000fb900000)
  to   space 29184K, 0% used [0x00000000fbb80000,0x00000000fbb80000,0x00000000fd800000)
 ParOldGen       total 114176K, used 56099K [0x00000000e0000000, 0x00000000e6f80000, 0x00000000f5580000)
  object space 114176K, 49% used [0x00000000e0000000,0x00000000e36c8e28,0x00000000e6f80000)
 Metaspace       used 79968K, capacity 87058K, committed 87128K, reserved 1124352K
  class space    used 9719K, capacity 11890K, committed 11904K, reserved 1048576K
Event: 124.688 GC heap after
Heap after GC invocations=18 (full 4):
 PSYoungGen      total 103936K, used 1906K [0x00000000f5580000, 0x00000000fd900000, 0x0000000100000000)
  eden space 74752K, 0% used [0x00000000f5580000,0x00000000f5580000,0x00000000f9e80000)
  from space 29184K, 6% used [0x00000000fbb80000,0x00000000fbd5cac8,0x00000000fd800000)
  to   space 29696K, 0% used [0x00000000f9e80000,0x00000000f9e80000,0x00000000fbb80000)
 ParOldGen       total 114176K, used 56107K [0x00000000e0000000, 0x00000000e6f80000, 0x00000000f5580000)
  object space 114176K, 49% used [0x00000000e0000000,0x00000000e36cae28,0x00000000e6f80000)
 Metaspace       used 79968K, capacity 87058K, committed 87128K, reserved 1124352K
  class space    used 9719K, capacity 11890K, committed 11904K, reserved 1048576K
}
Event: 124.689 GC heap before
{Heap before GC invocations=19 (full 5):
 PSYoungGen      total 103936K, used 1906K [0x00000000f5580000, 0x00000000fd900000, 0x0000000100000000)
  eden space 74752K, 0% used [0x00000000f5580000,0x00000000f5580000,0x00000000f9e80000)
  from space 29184K, 6% used [0x00000000fbb80000,0x00000000fbd5cac8,0x00000000fd800000)
  to   space 29696K, 0% used [0x00000000f9e80000,0x00000000f9e80000,0x00000000fbb80000)
 ParOldGen       total 114176K, used 56107K [0x00000000e0000000, 0x00000000e6f80000, 0x00000000f5580000)
  object space 114176K, 49% used [0x00000000e0000000,0x00000000e36cae28,0x00000000e6f80000)
 Metaspace       used 79968K, capacity 87058K, committed 87128K, reserved 1124352K
  class space    used 9719K, capacity 11890K, committed 11904K, reserved 1048576K
Event: 125.078 GC heap after
Heap after GC invocations=19 (full 5):
 PSYoungGen      total 103936K, used 0K [0x00000000f5580000, 0x00000000fd900000, 0x0000000100000000)
  eden space 74752K, 0% used [0x00000000f5580000,0x00000000f5580000,0x00000000f9e80000)
  from space 29184K, 0% used [0x00000000fbb80000,0x00000000fbb80000,0x00000000fd800000)
  to   space 29696K, 0% used [0x00000000f9e80000,0x00000000f9e80000,0x00000000fbb80000)
 ParOldGen       total 114176K, used 56606K [0x00000000e0000000, 0x00000000e6f80000, 0x00000000f5580000)
  object space 114176K, 49% used [0x00000000e0000000,0x00000000e37478b8,0x00000000e6f80000)
 Metaspace       used 79968K, capacity 87058K, committed 87128K, reserved 1124352K
  class space    used 9719K, capacity 11890K, committed 11904K, reserved 1048576K
}

Deoptimization events (10 events):
Event: 182.315 Thread 0x000000001ad19000 Uncommon trap: reason=unstable_if action=reinterpret pc=0x0000000003ce77d4 method=com.sun.org.apache.xml.internal.serializer.ToStream.escapingNotNeeded(C)Z @ 9
Event: 182.315 Thread 0x000000001ad19000 Uncommon trap: reason=unstable_if action=reinterpret pc=0x0000000003c42eac method=com.sun.org.apache.xml.internal.serializer.ToStream.escapingNotNeeded(C)Z @ 9
Event: 182.427 Thread 0x000000000294e000 Uncommon trap: reason=unstable_if action=reinterpret pc=0x000000000348b4d4 method=org.eclipse.e4.ui.internal.workbench.swt.PartRenderingEngine.someAreVisible(Ljava/util/List;)Z @ 41
Event: 182.447 Thread 0x000000000294e000 Uncommon trap: reason=unstable_if action=reinterpret pc=0x0000000003c36fc0 method=org.eclipse.e4.ui.model.application.ui.impl.UIElementImpl.eIsSet(I)Z @ 188
Event: 182.581 Thread 0x0000000017195000 Uncommon trap: reason=unstable_if action=reinterpret pc=0x000000000424c788 method=org.eclipse.e4.ui.internal.workbench.swt.E4Application$1.syncExec(Ljava/lang/Runnable;)V @ 14
Event: 182.616 Thread 0x000000001ad17800 Uncommon trap: reason=class_check action=maybe_recompile pc=0x0000000004299148 method=org.eclipse.e4.core.internal.contexts.TrackableComputationExt.update(Lorg/eclipse/e4/core/internal/contexts/ContextChangeEvent;)Z @ 62
Event: 182.616 Thread 0x000000001ad17800 Uncommon trap: reason=class_check action=maybe_recompile pc=0x0000000004299148 method=org.eclipse.e4.core.internal.contexts.TrackableComputationExt.update(Lorg/eclipse/e4/core/internal/contexts/ContextChangeEvent;)Z @ 62
Event: 182.647 Thread 0x000000001ad14800 Uncommon trap: reason=unstable_if action=reinterpret pc=0x0000000002acb0e4 method=sun.nio.cs.SingleByte$Encoder.encode(C)I @ 13
Event: 183.221 Thread 0x000000001ad17800 Uncommon trap: reason=unstable_if action=reinterpret pc=0x0000000003137330 method=org.eclipse.osgi.internal.hooks.EclipseLazyStarter.shouldActivateFor(Ljava/lang/String;Lorg/eclipse/osgi/container/Module;Lorg/eclipse/osgi/container/ModuleRevision;Lorg/ecli
Event: 183.250 Thread 0x000000001ad17800 Uncommon trap: reason=unstable_if action=reinterpret pc=0x0000000004362dc0 method=org.eclipse.osgi.internal.framework.FilterImpl.compare_Long(IJLjava/lang/Object;)Z @ 146

Internal exceptions (10 events):
Event: 182.573 Thread 0x000000000294e000 Exception <a 'java/io/FileNotFoundException'> (0x00000000f70d0ba0) thrown at [C:\re\workspace\8-2-build-windows-amd64-cygwin\jdk8u66\5298\hotspot\src\share\vm\prims\jni.cpp, line 709]
Event: 182.573 Thread 0x000000000294e000 Exception <a 'java/io/FileNotFoundException'> (0x00000000f70d2860) thrown at [C:\re\workspace\8-2-build-windows-amd64-cygwin\jdk8u66\5298\hotspot\src\share\vm\prims\jni.cpp, line 709]
Event: 182.573 Thread 0x000000000294e000 Exception <a 'java/io/FileNotFoundException'> (0x00000000f70d44e0) thrown at [C:\re\workspace\8-2-build-windows-amd64-cygwin\jdk8u66\5298\hotspot\src\share\vm\prims\jni.cpp, line 709]
Event: 182.573 Thread 0x000000000294e000 Exception <a 'java/io/FileNotFoundException'> (0x00000000f70d6160) thrown at [C:\re\workspace\8-2-build-windows-amd64-cygwin\jdk8u66\5298\hotspot\src\share\vm\prims\jni.cpp, line 709]
Event: 182.573 Thread 0x000000000294e000 Exception <a 'java/io/FileNotFoundException'> (0x00000000f70d7f20) thrown at [C:\re\workspace\8-2-build-windows-amd64-cygwin\jdk8u66\5298\hotspot\src\share\vm\prims\jni.cpp, line 709]
Event: 182.645 Thread 0x000000001e0be800 Exception <a 'java/lang/InterruptedException'> (0x00000000f74ceda8) thrown at [C:\re\workspace\8-2-build-windows-amd64-cygwin\jdk8u66\5298\hotspot\src\share\vm\runtime\objectMonitor.cpp, line 1683]
Event: 183.266 Thread 0x0000000017195000 Exception <a 'java/lang/InterruptedException'> (0x00000000f5ade8f0) thrown at [C:\re\workspace\8-2-build-windows-amd64-cygwin\jdk8u66\5298\hotspot\src\share\vm\runtime\objectMonitor.cpp, line 1683]
Event: 183.287 Thread 0x000000001648c000 Exception <a 'java/lang/InterruptedException'> (0x00000000f7834610) thrown at [C:\re\workspace\8-2-build-windows-amd64-cygwin\jdk8u66\5298\hotspot\src\share\vm\runtime\objectMonitor.cpp, line 1683]
Event: 183.294 Thread 0x0000000017198000 Exception <a 'java/lang/InterruptedException'> (0x00000000f6486228) thrown at [C:\re\workspace\8-2-build-windows-amd64-cygwin\jdk8u66\5298\hotspot\src\share\vm\runtime\objectMonitor.cpp, line 1683]
Event: 183.294 Thread 0x000000001648f800 Exception <a 'java/lang/InterruptedException'> (0x00000000f7a21c00) thrown at [C:\re\workspace\8-2-build-windows-amd64-cygwin\jdk8u66\5298\hotspot\src\share\vm\runtime\objectMonitor.cpp, line 1683]

Events (10 events):
Event: 183.297 Thread 0x0000000013bbb000 flushing nmethod 0x000000000368cc10
Event: 183.297 Thread 0x000000001ad17800 Thread added: 0x000000001ad17800
Event: 183.298 Thread 0x0000000013bbb000 flushing nmethod 0x00000000036e7890
Event: 183.298 Thread 0x0000000013bbb000 flushing nmethod 0x00000000036e97d0
Event: 183.298 Thread 0x000000001ad17800 Thread exited: 0x000000001ad17800
Event: 183.298 Thread 0x0000000013bbb000 flushing nmethod 0x0000000003763d10
Event: 183.298 Thread 0x0000000013bbb000 flushing nmethod 0x00000000037c9fd0
Event: 183.298 Thread 0x0000000013bbb000 flushing nmethod 0x0000000003832290
Event: 183.298 Thread 0x0000000013bab000 Thread exited: 0x0000000013bab000
Event: 183.298 Executing VM operation: Exit


Dynamic libraries:
0x0000000000400000 - 0x000000000044f000 	C:\Xilinx\SDK\2016.4\eclipse\win64.o\eclipse.exe
0x00007ffcaa3b0000 - 0x00007ffcaa581000 	C:\Windows\SYSTEM32\ntdll.dll
0x00007ffca8120000 - 0x00007ffca81cb000 	C:\Windows\System32\KERNEL32.DLL
0x00007ffca6b20000 - 0x00007ffca6d3d000 	C:\Windows\System32\KERNELBASE.dll
0x00007ffca87a0000 - 0x00007ffca8905000 	C:\Windows\System32\USER32.dll
0x00007ffca6f60000 - 0x00007ffca6f7e000 	C:\Windows\System32\win32u.dll
0x00007ffca8ba0000 - 0x00007ffca8bd4000 	C:\Windows\System32\GDI32.dll
0x00007ffca7700000 - 0x00007ffca7882000 	C:\Windows\System32\gdi32full.dll
0x00007ffcaa120000 - 0x00007ffcaa1be000 	C:\Windows\System32\msvcrt.dll
0x00007ffc9b060000 - 0x00007ffc9b2d9000 	C:\Windows\WinSxS\amd64_microsoft.windows.common-controls_6595b64144ccf1df_6.0.14393.447_none_42191651c6827bb3\COMCTL32.dll
0x00007ffca7940000 - 0x00007ffca7c08000 	C:\Windows\System32\combase.dll
0x00007ffca6910000 - 0x00007ffca6a05000 	C:\Windows\System32\ucrtbase.dll
0x00007ffcaa1d0000 - 0x00007ffcaa2f1000 	C:\Windows\System32\RPCRT4.dll
0x00007ffca68a0000 - 0x00007ffca690a000 	C:\Windows\System32\bcryptPrimitives.dll
0x00007ffcaa380000 - 0x00007ffcaa3ae000 	C:\Windows\System32\IMM32.DLL
0x0000000072000000 - 0x0000000072012000 	C:\Xilinx\SDK\2016.4\eclipse\win64.o\plugins\org.eclipse.equinox.launcher.win32.win32.x86_64_1.1.300.v20150602-1417\eclipse_1611.dll
0x00007ffca7fd0000 - 0x00007ffca8072000 	C:\Windows\System32\ADVAPI32.dll
0x00007ffca7f70000 - 0x00007ffca7fc9000 	C:\Windows\System32\sechost.dll
0x00007ffc96e90000 - 0x00007ffc96e9a000 	C:\Windows\SYSTEM32\VERSION.dll
0x00007ffca4fa0000 - 0x00007ffca5035000 	C:\Windows\system32\uxtheme.dll
0x00007ffca8910000 - 0x00007ffca8a6b000 	C:\Windows\System32\MSCTF.dll
0x00007ffca8a70000 - 0x00007ffca8b2f000 	C:\Windows\System32\OLEAUT32.dll
0x00007ffca7660000 - 0x00007ffca76fc000 	C:\Windows\System32\msvcp_win.dll
0x00000000546a0000 - 0x0000000054f29000 	C:\Xilinx\SDK\2016.4\tps\win64\jre\bin\server\jvm.dll
0x00007ffcaa0f0000 - 0x00007ffcaa0f8000 	C:\Windows\System32\PSAPI.DLL
0x00007ffca4690000 - 0x00007ffca46b3000 	C:\Windows\SYSTEM32\WINMM.dll
0x0000000055330000 - 0x0000000055402000 	C:\Windows\SYSTEM32\MSVCR100.dll
0x00007ffc88ae0000 - 0x00007ffc88ae9000 	C:\Windows\SYSTEM32\WSOCK32.dll
0x0000000000450000 - 0x000000000047b000 	C:\Windows\SYSTEM32\WINMMBASE.dll
0x00007ffca8b30000 - 0x00007ffca8b9a000 	C:\Windows\System32\WS2_32.dll
0x00007ffca6d40000 - 0x00007ffca6d82000 	C:\Windows\System32\cfgmgr32.dll
0x0000000054560000 - 0x000000005456f000 	C:\Xilinx\SDK\2016.4\tps\win64\jre\bin\verify.dll
0x0000000054530000 - 0x0000000054559000 	C:\Xilinx\SDK\2016.4\tps\win64\jre\bin\java.dll
0x0000000054510000 - 0x0000000054526000 	C:\Xilinx\SDK\2016.4\tps\win64\jre\bin\zip.dll
0x00007ffca8be0000 - 0x00007ffcaa0e9000 	C:\Windows\System32\SHELL32.dll
0x00007ffca6f80000 - 0x00007ffca765a000 	C:\Windows\System32\windows.storage.dll
0x00007ffca6850000 - 0x00007ffca689c000 	C:\Windows\System32\powrprof.dll
0x00007ffca7c10000 - 0x00007ffca7c62000 	C:\Windows\System32\shlwapi.dll
0x00007ffca6840000 - 0x00007ffca684f000 	C:\Windows\System32\kernel.appcore.dll
0x00007ffca6a70000 - 0x00007ffca6b19000 	C:\Windows\System32\shcore.dll
0x00007ffca6820000 - 0x00007ffca6834000 	C:\Windows\System32\profapi.dll
0x00007ffca6280000 - 0x00007ffca6297000 	C:\Windows\SYSTEM32\CRYPTSP.dll
0x00007ffca5cf0000 - 0x00007ffca5d23000 	C:\Windows\system32\rsaenh.dll
0x00007ffca6750000 - 0x00007ffca677b000 	C:\Windows\SYSTEM32\bcrypt.dll
0x00007ffca5f60000 - 0x00007ffca5f7f000 	C:\Windows\SYSTEM32\USERENV.dll
0x00007ffca62a0000 - 0x00007ffca62ab000 	C:\Windows\SYSTEM32\CRYPTBASE.dll
0x00000000544f0000 - 0x000000005450a000 	C:\Xilinx\SDK\2016.4\tps\win64\jre\bin\net.dll
0x00007ffca60e0000 - 0x00007ffca613c000 	C:\Windows\system32\mswsock.dll
0x00007ffca5e70000 - 0x00007ffca5ea8000 	C:\Windows\SYSTEM32\IPHLPAPI.DLL
0x00007ffcaa370000 - 0x00007ffcaa378000 	C:\Windows\System32\NSI.dll
0x00007ffca0f30000 - 0x00007ffca0f46000 	C:\Windows\SYSTEM32\dhcpcsvc6.DLL
0x00007ffca13e0000 - 0x00007ffca13fa000 	C:\Windows\SYSTEM32\dhcpcsvc.DLL
0x00000000544d0000 - 0x00000000544e1000 	C:\Xilinx\SDK\2016.4\tps\win64\jre\bin\nio.dll
0x00007ffc91cb0000 - 0x00007ffc91cc6000 	C:\Windows\system32\napinsp.dll
0x00007ffc91cd0000 - 0x00007ffc91cea000 	C:\Windows\system32\pnrpnsp.dll
0x00007ffca4430000 - 0x00007ffca4448000 	C:\Windows\system32\NLAapi.dll
0x00007ffca5eb0000 - 0x00007ffca5f50000 	C:\Windows\SYSTEM32\DNSAPI.dll
0x00007ffc91cf0000 - 0x00007ffc91cfe000 	C:\Windows\System32\winrnr.dll
0x00007ffc91d00000 - 0x00007ffc91d15000 	C:\Windows\System32\wshbth.dll
0x0000000056d40000 - 0x0000000056d66000 	C:\Program Files\Bonjour\mdnsNSP.dll
0x00007ffc9c000000 - 0x00007ffc9c00a000 	C:\Windows\System32\rasadhlp.dll
0x00007ffc9dac0000 - 0x00007ffc9db2a000 	C:\Windows\System32\fwpuclnt.dll
0x0000000017f20000 - 0x0000000017fc8000 	C:\Users\Luís Morais\.Xilinx\SDK\2016.4\org.eclipse.osgi\319\0\.cp\swt-win32-4527.dll
0x00007ffca7e30000 - 0x00007ffca7f67000 	C:\Windows\System32\ole32.dll
0x00007ffca7d30000 - 0x00007ffca7e2a000 	C:\Windows\System32\comdlg32.dll
0x00007ffca6d90000 - 0x00007ffca6f59000 	C:\Windows\System32\CRYPT32.dll
0x00007ffca6810000 - 0x00007ffca6820000 	C:\Windows\System32\MSASN1.dll
0x00007ffc7b2a0000 - 0x00007ffc7b325000 	C:\Windows\SYSTEM32\WINSPOOL.DRV
0x00007ffc7e710000 - 0x00007ffc7e729000 	C:\Windows\SYSTEM32\USP10.dll
0x00007ffc97fc0000 - 0x00007ffc98253000 	C:\Windows\SYSTEM32\WININET.dll
0x00007ffca42f0000 - 0x00007ffca4316000 	C:\Windows\system32\dwmapi.dll
0x00007ffca40a0000 - 0x00007ffca4225000 	C:\Windows\SYSTEM32\propsys.dll
0x00007ffca8080000 - 0x00007ffca811f000 	C:\Windows\System32\clbcatq.dll
0x0000000018000000 - 0x000000001801e000 	C:\Users\Luís Morais\.Xilinx\SDK\2016.4\org.eclipse.osgi\319\0\.cp\swt-gdip-win32-4527.dll
0x00007ffc97e20000 - 0x00007ffc97fba000 	C:\Windows\WinSxS\amd64_microsoft.windows.gdiplus_6595b64144ccf1df_1.1.14393.321_none_72fe05dd211a5fae\gdiplus.dll
0x00007ffca3a10000 - 0x00007ffca3bb8000 	C:\Windows\SYSTEM32\WindowsCodecs.dll
0x0000000180000000 - 0x0000000180012000 	C:\Users\Luís Morais\.Xilinx\SDK\2016.4\org.eclipse.osgi\133\0\.cp\os\win32\x86_64\localfile_1_0_0.dll
0x00007ffc8c7c0000 - 0x00007ffc8c825000 	C:\Windows\SYSTEM32\oleacc.dll
0x00007ffc945e0000 - 0x00007ffc945e7000 	C:\Windows\SYSTEM32\msimg32.dll
0x00007ffc7e2d0000 - 0x00007ffc7e2e1000 	C:\Users\Luís Morais\.Xilinx\SDK\2016.4\org.eclipse.osgi\136\0\.cp\jWinHttp-1.0.0.dll
0x00007ffc9dca0000 - 0x00007ffc9dd6d000 	C:\Windows\SYSTEM32\WINHTTP.dll
0x00007ffc928d0000 - 0x00007ffc928df000 	C:\Xilinx\SDK\2016.4\lib\win64.o\librdi_repo_manager.dll
0x00007ffc7ad30000 - 0x00007ffc7ad5a000 	C:\Xilinx\SDK\2016.4\lib\win64.o\libisl_sysinfo.dll
0x00007ffc4fda0000 - 0x00007ffc5084a000 	C:\Xilinx\SDK\2016.4\lib\win64.o\librdi_common.dll
0x00007ffc53080000 - 0x00007ffc530d3000 	C:\Xilinx\SDK\2016.4\lib\win64.o\librdi_commonxillic.dll
0x00007ffc4fba0000 - 0x00007ffc4fd98000 	C:\Xilinx\SDK\2016.4\lib\win64.o\librdi_hsm.dll
0x00007ffc7d120000 - 0x00007ffc7d1c7000 	C:\Windows\SYSTEM32\MSVCP110.dll
0x00007ffc7d220000 - 0x00007ffc7d2f4000 	C:\Windows\SYSTEM32\MSVCR110.dll
0x00007ffc4f830000 - 0x00007ffc4fb9e000 	C:\Xilinx\SDK\2016.4\lib\win64.o\libCOIN-all.dll
0x00007ffc4f610000 - 0x00007ffc4f82f000 	C:\Xilinx\SDK\2016.4\lib\win64.o\libXil_lmgr11.dll
0x00007ffca6a10000 - 0x00007ffca6a65000 	C:\Windows\System32\WINTRUST.dll
0x00007ffc92570000 - 0x00007ffc92580000 	C:\Xilinx\SDK\2016.4\lib\win64.o\libboost_date_time.dll
0x00007ffc79d00000 - 0x00007ffc79d24000 	C:\Xilinx\SDK\2016.4\lib\win64.o\libboost_filesystem.dll
0x00007ffc52ae0000 - 0x00007ffc52b57000 	C:\Xilinx\SDK\2016.4\lib\win64.o\libboost_program_options.dll
0x00007ffc52640000 - 0x00007ffc52746000 	C:\Xilinx\SDK\2016.4\lib\win64.o\libboost_regex.dll
0x00007ffc7ce40000 - 0x00007ffc7ce53000 	C:\Xilinx\SDK\2016.4\lib\win64.o\libboost_signals.dll
0x00007ffc92450000 - 0x00007ffc92459000 	C:\Xilinx\SDK\2016.4\lib\win64.o\libboost_system.dll
0x00007ffc7ad10000 - 0x00007ffc7ad2d000 	C:\Xilinx\SDK\2016.4\lib\win64.o\libboost_thread.dll
0x00007ffc918c0000 - 0x00007ffc918cb000 	C:\Xilinx\SDK\2016.4\lib\win64.o\libboost_xilinx.dll
0x00007ffc52a60000 - 0x00007ffc52ae0000 	C:\Xilinx\SDK\2016.4\lib\win64.o\libhdlpsolve.dll
0x00007ffc4f240000 - 0x00007ffc4f609000 	C:\Xilinx\SDK\2016.4\lib\win64.o\libisl_iostreams.dll
0x00007ffc7a8f0000 - 0x00007ffc7a905000 	C:\Xilinx\SDK\2016.4\lib\win64.o\pthreadVC2.dll
0x00007ffc4f110000 - 0x00007ffc4f240000 	C:\Xilinx\SDK\2016.4\lib\win64.o\librdi_curl.dll
0x00007ffc78d90000 - 0x00007ffc78da8000 	C:\Xilinx\SDK\2016.4\lib\win64.o\librdiconfig.dll
0x00007ffc78d70000 - 0x00007ffc78d8f000 	C:\Xilinx\SDK\2016.4\lib\win64.o\librdizlib.dll
0x0000000054570000 - 0x0000000054697000 	C:\Xilinx\SDK\2016.4\lib\win64.o\tcl85t.dll
0x00007ffc98a70000 - 0x00007ffc98c32000 	C:\Windows\SYSTEM32\urlmon.dll
0x0000000023140000 - 0x00000000233a3000 	C:\Xilinx\SDK\2016.4\lib\win64.o\xerces-c_3_1.dll
0x00007ffc967b0000 - 0x00007ffc967d3000 	C:\Windows\SYSTEM32\VCOMP110.DLL
0x00007ffc4f070000 - 0x00007ffc4f10a000 	C:\Xilinx\SDK\2016.4\lib\win64.o\libhdxml.dll
0x00007ffc9c010000 - 0x00007ffc9c028000 	C:\Windows\SYSTEM32\NETAPI32.dll
0x00007ffc4eda0000 - 0x00007ffc4f068000 	C:\Xilinx\SDK\2016.4\lib\win64.o\librdi_ippcw.dll
0x00007ffc91130000 - 0x00007ffc9113b000 	C:\Xilinx\SDK\2016.4\lib\win64.o\libboost_chrono.dll
0x00007ffc99510000 - 0x00007ffc997b3000 	C:\Windows\SYSTEM32\iertutil.dll
0x00007ffc78020000 - 0x00007ffc78036000 	C:\Xilinx\SDK\2016.4\lib\win64.o\libboost_iostreams.dll
0x00007ffc53050000 - 0x00007ffc53073000 	C:\Xilinx\SDK\2016.4\lib\win64.o\libisl_iosutils.dll
0x00007ffc52dd0000 - 0x00007ffc52e13000 	C:\Xilinx\SDK\2016.4\lib\win64.o\librdi_hdf.dll
0x00007ffc8a8f0000 - 0x00007ffc8a932000 	C:\Windows\SYSTEM32\edputil.dll
0x00007ffc92dc0000 - 0x00007ffc92dd6000 	C:\Xilinx\SDK\2016.4\eclipse\win64.o\plugins\org.eclipse.cdt.core.win32.x86_64_5.4.0.201509131935\os\win32\x86_64\spawner.dll
0x00007ffc90b90000 - 0x00007ffc90b9a000 	C:\Xilinx\SDK\2016.4\lib\win64.o\librdi_jtag_settings.dll
0x00007ffc87a20000 - 0x00007ffc87a49000 	C:\Xilinx\SDK\2016.4\lib\win64.o\librdi_debug_dialog.dll
0x00007ffc8de40000 - 0x00007ffc8de48000 	C:\Xilinx\SDK\2016.4\lib\win64.o\librdi_target_manager.dll
0x00007ffc42f60000 - 0x00007ffc43770000 	C:\Xilinx\SDK\2016.4\lib\win64.o\libXil_lmgr11FNP.dll
0x00007ffca81d0000 - 0x00007ffca85f9000 	C:\Windows\System32\SETUPAPI.dll
0x00007ffc9f500000 - 0x00007ffc9f50c000 	C:\Windows\SYSTEM32\snmpapi.dll
0x00007ffca6480000 - 0x00007ffca64ac000 	C:\Windows\SYSTEM32\SspiCli.dll
0x0000000018540000 - 0x0000000018543000 	C:\Windows\SYSTEM32\icmp.Dll
0x00007ffca31c0000 - 0x00007ffca31cb000 	C:\Windows\SYSTEM32\WINNSI.DLL

VM Arguments:
jvm_args: -Dcom.xilinx.sdk.args.hwspec=C:/CR/Projeto/Task_53/Task_53.sdk/task_design_1_wrapper.hdf -Xms64m -Xmx512m & 
java_command: <unknown>
java_class_path (initial): C:\Xilinx\SDK\2016.4\eclipse\win64.o\\plugins/org.eclipse.equinox.launcher_1.3.100.v20150511-1540.jar
Launcher Type: generic

Environment Variables:
JAVA_HOME=C:\Program Files\Java\jre1.8.0_111
PATH=C:/Xilinx/SDK/2016.4/tps/win64/jre/bin/server;C:/Xilinx/SDK/2016.4/tps/win64/jre/bin;C:/Xilinx/SDK/2016.4/tps/win64/jre/lib/amd64;C:\Xilinx\SDK\2016.4\gnuwin\bin;C:\Xilinx\SDK\2016.4\gnu\microblaze\nt\bin;C:\Xilinx\SDK\2016.4\gnu\microblaze\linux_toolchain\nt64_le\bin;C:\Xilinx\SDK\2016.4\gnu\microblaze\linux_toolchain\nt64_be\bin;C:\Xilinx\SDK\2016.4\gnu\arm\nt\bin;C:\Xilinx\SDK\2016.4\gnu\aarch64\nt\aarch64-none\bin;C:\Xilinx\SDK\2016.4\gnu\aarch64\nt\aarch64-linux\bin;C:\Xilinx\SDK\2016.4\gnu\armr5\nt\gcc-arm-none-eabi\bin;C:\Xilinx\SDK\2016.4\gnu\aarch32\nt\gcc-arm-none-eabi\bin;C:\Xilinx\SDK\2016.4\gnu\aarch32\nt\gcc-arm-linux-gnueabi\bin;C:\Xilinx\SDK\2016.4\tps\win64\cmake-3.3.2\bin;;C:\Xilinx\SDK\2016.4\bin;C:\Xilinx\SDK\2016.4\lib\win64.o;C:\Xilinx\SDK\2016.4\tps\win64\jre\bin\server;C:\Xilinx\SDK\2016.4\tps\win64\jre\bin;C:\Xilinx\Vivado\2016.4\ids_lite\ISE\bin\nt64;C:\Xilinx\Vivado\2016.4\ids_lite\ISE\lib\nt64;C:\Xilinx\Vivado\2016.4\bin;C:\Xilinx\Vivado\2016.4\lib\win64.o;C:\Xilinx\Vivado\2016.4\tps\win64\jre\bin\server;C:\Xilinx\Vivado\2016.4\tps\win64\jre\bin;C:\Xilinx\Vivado_HLS\2016.4\bin;C:\Program Files (x86)\Parallels\Parallels Tools\Applications;C:\ProgramData\Oracle\Java\javapath;C:\Program Files (x86)\Intel\iCLS Client\;C:\Program Files\Intel\iCLS Client\;C:\Windows\system32;C:\Windows;C:\Windows\System32\Wbem;C:\Windows\System32\WindowsPowerShell\v1.0\;%JAVA_HOME%\bin;C:\Program Files\Java\jdk1.8.0_102\bin;C:\Users\Luís Morais\AppData\Local\Microsoft\WindowsApps;;C:\CR\Projeto\Task_53;
USERNAME=Luís Morais
OS=Windows_NT
PROCESSOR_IDENTIFIER=Intel64 Family 6 Model 61 Stepping 4, GenuineIntel



---------------  S Y S T E M  ---------------

OS: Windows 10.0 , 64 bit Build 14393 (10.0.14393.0)

CPU:total 4 (2 cores per cpu, 2 threads per core) family 6 model 61 stepping 4, cmov, cx8, fxsr, mmx, sse, sse2, sse3, ssse3, sse4.1, sse4.2, popcnt, avx, avx2, aes, clmul, erms, rtm, 3dnowpref, lzcnt, ht, tsc, tscinvbit, bmi1, bmi2, adx

Memory: 4k page, physical 8288680k(3542380k free), swap 8557092k(2769304k free)

vm_info: Java HotSpot(TM) 64-Bit Server VM (25.66-b18) for windows-amd64 JRE (1.8.0_66-b18), built on Nov  9 2015 10:51:13 by "java_re" with MS VC++ 10.0 (VS2010)

time: Wed Jun 07 00:00:27 2017
elapsed time: 183 seconds (0d 0h 3m 3s)

