#
# A fatal error has been detected by the Java Runtime Environment:
#
#  Internal Error (0xc000000d), pid=10164, tid=3516
#
# JRE version: Java(TM) SE Runtime Environment (8.0_66-b18) (build 1.8.0_66-b18)
# Java VM: Java HotSpot(TM) 64-Bit Server VM (25.66-b18 mixed mode windows-amd64 compressed oops)
# Problematic frame:
# C  [ntdll.dll+0xff44c]
#
# Failed to write core dump. Minidumps are not enabled by default on client versions of Windows
#
# If you would like to submit a bug report, please visit:
#   http://bugreport.java.com/bugreport/crash.jsp
#

---------------  T H R E A D  ---------------

Current thread (0x0000000013b67000):  VMThread [stack: 0x0000000014c00000,0x0000000014d00000] [id=3516]

siginfo: ExceptionCode=0xc000000d

Registers:
RAX=0x0000000000000000, RBX=0xfffffffffffffffe, RCX=0x0000000000000000, RDX=0x0000000000000000
RSP=0x0000000014cff470, RBP=0x00007ffc7d227408, RSI=0x0000000000000000, RDI=0x0000000000000b3c
R8 =0x0000000000000000, R9 =0x0000000000020000, R10=0x0000000014cfef50, R11=0x0000000014cfef50
R12=0x0000000000675b90, R13=0x00000000006c2d10, R14=0x0000000000675c98, R15=0x0000000014cff5e8
RIP=0x00007ffcaa4af44c, EFLAGS=0x0000000000000202

Top of Stack: (sp=0x0000000014cff470)
0x0000000014cff470:   0000000000000057 fffffffffffffffe
0x0000000014cff480:   0000000000000000 0000000000000b3c
0x0000000014cff490:   00000000c000000d 0000000000000000
0x0000000014cff4a0:   00007ffcaa4af44c 0000000000000000
0x0000000014cff4b0:   0000000000000000 0000000000000000
0x0000000014cff4c0:   0000000000000000 0000000000000000
0x0000000014cff4d0:   0000000000000000 0000000000000000
0x0000000014cff4e0:   0000000000000000 0000000000000000
0x0000000014cff4f0:   0000000000000000 0000000000000000
0x0000000014cff500:   0000000000000000 0000000000000000
0x0000000014cff510:   0000000000000000 0000000000000000
0x0000000014cff520:   0000000000000000 0000000000000000
0x0000000014cff530:   0000137aa1e72cef 0000000000000000
0x0000000014cff540:   0000000900000020 00007ffcaa47150d
0x0000000014cff550:   0000000900000000 0000000000000000
0x0000000014cff560:   004e005200450001 00320033004c0000 

Instructions: (pc=0x00007ffcaa4af44c)
0x00007ffcaa4af42c:   d5 fa ff c7 44 24 20 0d 00 00 c0 b9 57 00 00 00
0x00007ffcaa4af43c:   e8 7f 13 f6 ff 90 48 8d 4c 24 20 e8 04 bf f4 ff
0x00007ffcaa4af44c:   eb 00 48 8b 8c 24 c0 00 00 00 48 33 cc e8 82 74
0x00007ffcaa4af45c:   f9 ff 48 81 c4 d8 00 00 00 c3 40 55 48 83 ec 20 


Register to memory mapping:

RAX=0x0000000000000000 is an unknown value
RBX=0xfffffffffffffffe is an unknown value
RCX=0x0000000000000000 is an unknown value
RDX=0x0000000000000000 is an unknown value
RSP=0x0000000014cff470 is an unknown value
RBP=0x00007ffc7d227408 is an unknown value
RSI=0x0000000000000000 is an unknown value
RDI=0x0000000000000b3c is an unknown value
R8 =0x0000000000000000 is an unknown value
R9 =0x0000000000020000 is an unknown value
R10=0x0000000014cfef50 is an unknown value
R11=0x0000000014cfef50 is an unknown value
R12=0x0000000000675b90 is an unknown value
R13=0x00000000006c2d10 is an unknown value
R14=0x0000000000675c98 is an unknown value
R15=0x0000000014cff5e8 is an unknown value


Stack: [0x0000000014c00000,0x0000000014d00000],  sp=0x0000000014cff470,  free space=1021k
Native frames: (J=compiled Java code, j=interpreted, Vv=VM code, C=native code)
C  [ntdll.dll+0xff44c]
C  [ntdll.dll+0xc150d]
C  [KERNEL32.DLL+0x1fbba]
C  [MSVCR110.dll+0x752d]
C  [MSVCR110.dll+0x73c6]
C  [MSVCR110.dll+0x14cca]
C  [MSVCR110.dll+0x13edc]
C  [MSVCR110.dll+0x239e]
C  [MSVCR110.dll+0xaf9e]
C  [MSVCP110.dll+0x397b9]
C  [librdi_common.dll+0x183a66]
C  [librdi_common.dll+0x1826fb]
C  [librdi_target_manager.dll+0x2400]
C  [librdi_target_manager.dll+0x2682]
C  [ntdll.dll+0x2a35f]
C  [ntdll.dll+0x806b]
C  [ntdll.dll+0x7d94]
C  [KERNEL32.DLL+0x1ce6a]
C  [MSVCR100.dll+0x20ccd]
V  [jvm.dll+0x210cc5]
V  [jvm.dll+0x249897]
V  [jvm.dll+0x248b36]
V  [jvm.dll+0x248fd1]
V  [jvm.dll+0x2491ee]
V  [jvm.dll+0x29a0fa]
C  [MSVCR100.dll+0x21d9f]
C  [MSVCR100.dll+0x21e3b]
C  [KERNEL32.DLL+0x8364]
C  [ntdll.dll+0x670d1]

VM_Operation (0x000000000014f4c0): Exit, mode: safepoint, requested by thread 0x000000000059e000


---------------  P R O C E S S  ---------------

Java Threads: ( => current thread )
  0x000000001a9b7800 JavaThread "Thread-1" [_thread_blocked, id=9816, stack(0x0000000032300000,0x0000000032400000)]
  0x000000001a9c3000 JavaThread "pool-2-thread-2" [_thread_blocked, id=3724, stack(0x000000002fb00000,0x000000002fc00000)]
  0x000000001a9ba000 JavaThread "pool-2-thread-1" [_thread_blocked, id=4648, stack(0x000000002c900000,0x000000002ca00000)]
  0x000000001aad4800 JavaThread "Thread-37" daemon [_thread_blocked, id=6304, stack(0x0000000026100000,0x0000000026200000)]
  0x000000001aacb800 JavaThread "TCF Channel Transmitter" daemon [_thread_blocked, id=9460, stack(0x0000000024700000,0x0000000024800000)]
  0x000000001aacd800 JavaThread "TCF Channel Receiver" daemon [_thread_blocked, id=4288, stack(0x0000000024600000,0x0000000024700000)]
  0x000000001a9c1800 JavaThread "Process monitor" daemon [_thread_in_native, id=8780, stack(0x0000000023590000,0x0000000023690000)]
  0x000000001a9bf000 JavaThread "Input Stream Monitor" daemon [_thread_blocked, id=8716, stack(0x0000000023490000,0x0000000023590000)]
  0x000000001a9c0800 JavaThread "Output Stream Monitor" daemon [_thread_in_native, id=8652, stack(0x0000000023390000,0x0000000023490000)]
  0x000000001a9c6000 JavaThread "Output Stream Monitor" daemon [_thread_in_native, id=4984, stack(0x0000000023290000,0x0000000023390000)]
  0x000000001a9b8800 JavaThread "TCF Locator DNS Lookup" daemon [_thread_blocked, id=9288, stack(0x00000000214c0000,0x00000000215c0000)]
  0x000000001a9bb800 JavaThread "TCF Locator Timer" daemon [_thread_blocked, id=8436, stack(0x00000000213c0000,0x00000000214c0000)]
  0x000000001a9ba800 JavaThread "TCF Locator Receiver" daemon [_thread_blocked, id=5376, stack(0x00000000212c0000,0x00000000213c0000)]
  0x0000000016969000 JavaThread "TCF Timer Dispatcher" daemon [_thread_blocked, id=9424, stack(0x0000000020e10000,0x0000000020f10000)]
  0x0000000016969800 JavaThread "EMF Reference Cleaner" daemon [_thread_blocked, id=4512, stack(0x0000000018240000,0x0000000018340000)]
  0x0000000013bfd800 JavaThread "Service Thread" daemon [_thread_blocked, id=6976, stack(0x00000000158f0000,0x00000000159f0000)]
  0x0000000013ba5000 JavaThread "C1 CompilerThread2" daemon [_thread_blocked, id=900, stack(0x00000000153f0000,0x00000000154f0000)]
  0x0000000013ba2000 JavaThread "C2 CompilerThread1" daemon [_thread_blocked, id=8464, stack(0x00000000152f0000,0x00000000153f0000)]
  0x0000000013b9e000 JavaThread "C2 CompilerThread0" daemon [_thread_blocked, id=2208, stack(0x00000000151f0000,0x00000000152f0000)]
  0x0000000013b9c800 JavaThread "Attach Listener" daemon [_thread_blocked, id=1744, stack(0x00000000150f0000,0x00000000151f0000)]
  0x0000000002726800 JavaThread "Finalizer" daemon [_thread_blocked, id=1604, stack(0x0000000014e00000,0x0000000014f00000)]
  0x0000000013b68800 JavaThread "Reference Handler" daemon [_thread_blocked, id=5596, stack(0x0000000014d00000,0x0000000014e00000)]
  0x000000000059e000 JavaThread "main" [_thread_blocked, id=4676, stack(0x0000000000050000,0x0000000000150000)]

Other Threads:
=>0x0000000013b67000 VMThread [stack: 0x0000000014c00000,0x0000000014d00000] [id=3516]

VM state:at safepoint (shutting down)

VM Mutex/Monitor currently owned by a thread:  ([mutex/lock_event])
[0x000000000059cc10] Threads_lock - owner thread: 0x0000000013b67000

Heap:
 PSYoungGen      total 86016K, used 58607K [0x00000000f5580000, 0x00000000fb700000, 0x0000000100000000)
  eden space 85504K, 68% used [0x00000000f5580000,0x00000000f8ebbe88,0x00000000fa900000)
  from space 512K, 0% used [0x00000000fa900000,0x00000000fa900000,0x00000000fa980000)
  to   space 7168K, 0% used [0x00000000fb000000,0x00000000fb000000,0x00000000fb700000)
 ParOldGen       total 118784K, used 46391K [0x00000000e0000000, 0x00000000e7400000, 0x00000000f5580000)
  object space 118784K, 39% used [0x00000000e0000000,0x00000000e2d4ddd0,0x00000000e7400000)
 Metaspace       used 86627K, capacity 93834K, committed 93972K, reserved 1130496K
  class space    used 10217K, capacity 12537K, committed 12604K, reserved 1048576K

Card table byte_map: [0x0000000011bf0000,0x0000000011d00000] byte_map_base: 0x00000000114f0000

Marking Bits: (ParMarkBitMap*) 0x0000000054eaa5b0
 Begin Bits: [0x0000000012100000, 0x0000000012900000)
 End Bits:   [0x0000000012900000, 0x0000000013100000)

Polling page: 0x0000000000540000

CodeCache: size=245760Kb used=39852Kb max_used=40162Kb free=205907Kb
 bounds [0x0000000002830000, 0x0000000004fd0000, 0x0000000011830000]
 total_blobs=11752 nmethods=10862 adapters=796
 compilation: enabled

Compilation events (10 events):
Event: 3378.630 Thread 0x0000000013ba5000 nmethod 13497 0x0000000002cdd3d0 code [0x0000000002cdd540, 0x0000000002cdd968]
Event: 3378.631 Thread 0x0000000013ba2000 13489       4       org.eclipse.osgi.container.Module::getStartLevel (9 bytes)
Event: 3378.632 Thread 0x0000000013ba2000 nmethod 13489 0x0000000003b0f650 code [0x0000000003b0f7a0, 0x0000000003b0f838]
Event: 3378.632 Thread 0x0000000013ba5000 13499       3       java.util.TimSort::mergeHi (732 bytes)
Event: 3378.634 Thread 0x0000000013ba5000 nmethod 13499 0x0000000004661e10 code [0x0000000004662140, 0x0000000004664378]
Event: 3378.634 Thread 0x0000000013ba2000 13508       4       org.eclipse.osgi.container.ModuleDatabase::readLock (11 bytes)
Event: 3378.635 Thread 0x0000000013ba5000 13500       3       org.eclipse.osgi.container.Module::holdsTransitionEventLock (25 bytes)
Event: 3378.635 Thread 0x0000000013ba5000 nmethod 13500 0x0000000003c06710 code [0x0000000003c068a0, 0x0000000003c06fc8]
Event: 3378.637 Thread 0x0000000013ba5000 13509       3       org.eclipse.osgi.internal.framework.EquinoxContainerAdaptor::clearManifestCache (84 bytes)
Event: 3378.638 Thread 0x0000000013ba5000 nmethod 13509 0x0000000004462310 code [0x0000000004462560, 0x0000000004463c78]

GC Heap History (10 events):
Event: 2705.284 GC heap before
{Heap before GC invocations=75 (full 32):
 PSYoungGen      total 86016K, used 192K [0x00000000f5580000, 0x00000000fb900000, 0x0000000100000000)
  eden space 85504K, 0% used [0x00000000f5580000,0x00000000f5580000,0x00000000fa900000)
  from space 512K, 37% used [0x00000000fa900000,0x00000000fa930000,0x00000000fa980000)
  to   space 8192K, 0% used [0x00000000fb100000,0x00000000fb100000,0x00000000fb900000)
 ParOldGen       total 118784K, used 47824K [0x00000000e0000000, 0x00000000e7400000, 0x00000000f5580000)
  object space 118784K, 40% used [0x00000000e0000000,0x00000000e2eb4200,0x00000000e7400000)
 Metaspace       used 85569K, capacity 92926K, committed 93076K, reserved 1130496K
  class space    used 10102K, capacity 12381K, committed 12476K, reserved 1048576K
Event: 2705.463 GC heap after
Heap after GC invocations=75 (full 32):
 PSYoungGen      total 86016K, used 0K [0x00000000f5580000, 0x00000000fb900000, 0x0000000100000000)
  eden space 85504K, 0% used [0x00000000f5580000,0x00000000f5580000,0x00000000fa900000)
  from space 512K, 0% used [0x00000000fa900000,0x00000000fa900000,0x00000000fa980000)
  to   space 8192K, 0% used [0x00000000fb100000,0x00000000fb100000,0x00000000fb900000)
 ParOldGen       total 118784K, used 47731K [0x00000000e0000000, 0x00000000e7400000, 0x00000000f5580000)
  object space 118784K, 40% used [0x00000000e0000000,0x00000000e2e9cd88,0x00000000e7400000)
 Metaspace       used 85569K, capacity 92926K, committed 93076K, reserved 1130496K
  class space    used 10102K, capacity 12381K, committed 12476K, reserved 1048576K
}
Event: 2765.278 GC heap before
{Heap before GC invocations=76 (full 32):
 PSYoungGen      total 86016K, used 2041K [0x00000000f5580000, 0x00000000fb900000, 0x0000000100000000)
  eden space 85504K, 2% used [0x00000000f5580000,0x00000000f577e530,0x00000000fa900000)
  from space 512K, 0% used [0x00000000fa900000,0x00000000fa900000,0x00000000fa980000)
  to   space 8192K, 0% used [0x00000000fb100000,0x00000000fb100000,0x00000000fb900000)
 ParOldGen       total 118784K, used 47731K [0x00000000e0000000, 0x00000000e7400000, 0x00000000f5580000)
  object space 118784K, 40% used [0x00000000e0000000,0x00000000e2e9cd88,0x00000000e7400000)
 Metaspace       used 85569K, capacity 92926K, committed 93076K, reserved 1130496K
  class space    used 10102K, capacity 12381K, committed 12476K, reserved 1048576K
Event: 2765.284 GC heap after
Heap after GC invocations=76 (full 32):
 PSYoungGen      total 92672K, used 160K [0x00000000f5580000, 0x00000000fb800000, 0x0000000100000000)
  eden space 85504K, 0% used [0x00000000f5580000,0x00000000f5580000,0x00000000fa900000)
  from space 7168K, 2% used [0x00000000fb100000,0x00000000fb128000,0x00000000fb800000)
  to   space 7680K, 0% used [0x00000000fa900000,0x00000000fa900000,0x00000000fb080000)
 ParOldGen       total 118784K, used 47731K [0x00000000e0000000, 0x00000000e7400000, 0x00000000f5580000)
  object space 118784K, 40% used [0x00000000e0000000,0x00000000e2e9cd88,0x00000000e7400000)
 Metaspace       used 85569K, capacity 92926K, committed 93076K, reserved 1130496K
  class space    used 10102K, capacity 12381K, committed 12476K, reserved 1048576K
}
Event: 2765.284 GC heap before
{Heap before GC invocations=77 (full 33):
 PSYoungGen      total 92672K, used 160K [0x00000000f5580000, 0x00000000fb800000, 0x0000000100000000)
  eden space 85504K, 0% used [0x00000000f5580000,0x00000000f5580000,0x00000000fa900000)
  from space 7168K, 2% used [0x00000000fb100000,0x00000000fb128000,0x00000000fb800000)
  to   space 7680K, 0% used [0x00000000fa900000,0x00000000fa900000,0x00000000fb080000)
 ParOldGen       total 118784K, used 47731K [0x00000000e0000000, 0x00000000e7400000, 0x00000000f5580000)
  object space 118784K, 40% used [0x00000000e0000000,0x00000000e2e9cd88,0x00000000e7400000)
 Metaspace       used 85569K, capacity 92926K, committed 93076K, reserved 1130496K
  class space    used 10102K, capacity 12381K, committed 12476K, reserved 1048576K
Event: 2765.434 GC heap after
Heap after GC invocations=77 (full 33):
 PSYoungGen      total 92672K, used 0K [0x00000000f5580000, 0x00000000fb800000, 0x0000000100000000)
  eden space 85504K, 0% used [0x00000000f5580000,0x00000000f5580000,0x00000000fa900000)
  from space 7168K, 0% used [0x00000000fb100000,0x00000000fb100000,0x00000000fb800000)
  to   space 7680K, 0% used [0x00000000fa900000,0x00000000fa900000,0x00000000fb080000)
 ParOldGen       total 118784K, used 47729K [0x00000000e0000000, 0x00000000e7400000, 0x00000000f5580000)
  object space 118784K, 40% used [0x00000000e0000000,0x00000000e2e9c418,0x00000000e7400000)
 Metaspace       used 85569K, capacity 92926K, committed 93076K, reserved 1130496K
  class space    used 10102K, capacity 12381K, committed 12476K, reserved 1048576K
}
Event: 3367.106 GC heap before
{Heap before GC invocations=78 (full 33):
 PSYoungGen      total 92672K, used 6926K [0x00000000f5580000, 0x00000000fb800000, 0x0000000100000000)
  eden space 85504K, 8% used [0x00000000f5580000,0x00000000f5c439b0,0x00000000fa900000)
  from space 7168K, 0% used [0x00000000fb100000,0x00000000fb100000,0x00000000fb800000)
  to   space 7680K, 0% used [0x00000000fa900000,0x00000000fa900000,0x00000000fb080000)
 ParOldGen       total 118784K, used 47729K [0x00000000e0000000, 0x00000000e7400000, 0x00000000f5580000)
  object space 118784K, 40% used [0x00000000e0000000,0x00000000e2e9c418,0x00000000e7400000)
 Metaspace       used 85592K, capacity 92990K, committed 93332K, reserved 1130496K
  class space    used 10102K, capacity 12381K, committed 12476K, reserved 1048576K
Event: 3367.110 GC heap after
Heap after GC invocations=78 (full 33):
 PSYoungGen      total 86016K, used 480K [0x00000000f5580000, 0x00000000fb700000, 0x0000000100000000)
  eden space 85504K, 0% used [0x00000000f5580000,0x00000000f5580000,0x00000000fa900000)
  from space 512K, 93% used [0x00000000fa900000,0x00000000fa978000,0x00000000fa980000)
  to   space 7168K, 0% used [0x00000000fb000000,0x00000000fb000000,0x00000000fb700000)
 ParOldGen       total 118784K, used 47737K [0x00000000e0000000, 0x00000000e7400000, 0x00000000f5580000)
  object space 118784K, 40% used [0x00000000e0000000,0x00000000e2e9e418,0x00000000e7400000)
 Metaspace       used 85592K, capacity 92990K, committed 93332K, reserved 1130496K
  class space    used 10102K, capacity 12381K, committed 12476K, reserved 1048576K
}
Event: 3367.110 GC heap before
{Heap before GC invocations=79 (full 34):
 PSYoungGen      total 86016K, used 480K [0x00000000f5580000, 0x00000000fb700000, 0x0000000100000000)
  eden space 85504K, 0% used [0x00000000f5580000,0x00000000f5580000,0x00000000fa900000)
  from space 512K, 93% used [0x00000000fa900000,0x00000000fa978000,0x00000000fa980000)
  to   space 7168K, 0% used [0x00000000fb000000,0x00000000fb000000,0x00000000fb700000)
 ParOldGen       total 118784K, used 47737K [0x00000000e0000000, 0x00000000e7400000, 0x00000000f5580000)
  object space 118784K, 40% used [0x00000000e0000000,0x00000000e2e9e418,0x00000000e7400000)
 Metaspace       used 85592K, capacity 92990K, committed 93332K, reserved 1130496K
  class space    used 10102K, capacity 12381K, committed 12476K, reserved 1048576K
Event: 3367.255 GC heap after
Heap after GC invocations=79 (full 34):
 PSYoungGen      total 86016K, used 0K [0x00000000f5580000, 0x00000000fb700000, 0x0000000100000000)
  eden space 85504K, 0% used [0x00000000f5580000,0x00000000f5580000,0x00000000fa900000)
  from space 512K, 0% used [0x00000000fa900000,0x00000000fa900000,0x00000000fa980000)
  to   space 7168K, 0% used [0x00000000fb000000,0x00000000fb000000,0x00000000fb700000)
 ParOldGen       total 118784K, used 46391K [0x00000000e0000000, 0x00000000e7400000, 0x00000000f5580000)
  object space 118784K, 39% used [0x00000000e0000000,0x00000000e2d4ddd0,0x00000000e7400000)
 Metaspace       used 85577K, capacity 92966K, committed 93332K, reserved 1130496K
  class space    used 10099K, capacity 12377K, committed 12476K, reserved 1048576K
}

Deoptimization events (10 events):
Event: 3377.904 Thread 0x000000000059e000 Uncommon trap: reason=unstable_if action=reinterpret pc=0x0000000002e43998 method=java.lang.ref.SoftReference.get()Ljava/lang/Object; @ 6
Event: 3377.922 Thread 0x000000001a9c0000 Uncommon trap: reason=unstable_if action=reinterpret pc=0x0000000004bf54dc method=org.eclipse.equinox.internal.event.EventHandlerTracker.getHandlers(Ljava/lang/String;)Ljava/util/Set; @ 28
Event: 3377.930 Thread 0x000000001a9c0000 Uncommon trap: reason=class_check action=maybe_recompile pc=0x0000000004f1f4e4 method=org.eclipse.e4.core.internal.contexts.TrackableComputationExt.update(Lorg/eclipse/e4/core/internal/contexts/ContextChangeEvent;)Z @ 62
Event: 3377.930 Thread 0x000000001a9c0000 Uncommon trap: reason=class_check action=maybe_recompile pc=0x0000000004f1f4e4 method=org.eclipse.e4.core.internal.contexts.TrackableComputationExt.update(Lorg/eclipse/e4/core/internal/contexts/ContextChangeEvent;)Z @ 62
Event: 3377.966 Thread 0x000000001aacd000 Uncommon trap: reason=unstable_if action=reinterpret pc=0x00000000029af5e4 method=sun.nio.cs.SingleByte$Encoder.encode(C)I @ 13
Event: 3377.989 Thread 0x000000001a9c0000 Uncommon trap: reason=unstable_if action=reinterpret pc=0x000000000378ada4 method=org.eclipse.swt.graphics.Resource.dispose()V @ 15
Event: 3378.544 Thread 0x000000001a9c0000 Uncommon trap: reason=unstable_if action=reinterpret pc=0x0000000002a383e0 method=org.eclipse.osgi.internal.hooks.EclipseLazyStarter.shouldActivateFor(Ljava/lang/String;Lorg/eclipse/osgi/container/Module;Lorg/eclipse/osgi/container/ModuleRevision;Lorg/ecliOV|—eª@
Event: 3378.546 Thread 0x000000001a9c2000 Uncommon trap: reason=unstable_if action=reinterpret pc=0x0000000004618af4 method=org.eclipse.core.internal.jobs.JobManager.startJob(Lorg/eclipse/core/internal/jobs/Worker;)Lorg/eclipse/core/runtime/jobs/Job; @ 20
Event: 3378.549 Thread 0x0000000015fc3000 Uncommon trap: reason=unstable_if action=reinterpret pc=0x00000000036161c0 method=org.eclipse.osgi.internal.framework.BundleContextImpl.dispatchEvent(Ljava/lang/Object;Ljava/lang/Object;ILjava/lang/Object;)V @ 16
Event: 3378.615 Thread 0x000000001a9c0000 Uncommon trap: reason=unstable_if action=reinterpret pc=0x0000000003f1ef9c method=sun.reflect.UnsafeStaticObjectFieldAccessorImpl.set(Ljava/lang/Object;Ljava/lang/Object;)V @ 13

Internal exceptions (10 events):
Event: 3377.886 Thread 0x000000000059e000 Exception <a 'java/io/FileNotFoundException'> (0x00000000f83c85a8) thrown at [C:\re\workspace\8-2-build-windows-amd64-cygwin\jdk8u66\5298\hotspot\src\share\vm\prims\jni.cpp, line 709]
Event: 3377.886 Thread 0x000000000059e000 Exception <a 'java/io/FileNotFoundException'> (0x00000000f83ca228) thrown at [C:\re\workspace\8-2-build-windows-amd64-cygwin\jdk8u66\5298\hotspot\src\share\vm\prims\jni.cpp, line 709]
Event: 3377.887 Thread 0x000000000059e000 Exception <a 'java/io/FileNotFoundException'> (0x00000000f83cbfe8) thrown at [C:\re\workspace\8-2-build-windows-amd64-cygwin\jdk8u66\5298\hotspot\src\share\vm\prims\jni.cpp, line 709]
Event: 3377.904 Thread 0x000000000059e000 Implicit null exception at 0x0000000002e4103b to 0x0000000002e43941
Event: 3377.964 Thread 0x000000001aad2800 Exception <a 'java/lang/InterruptedException'> (0x00000000f88ada18) thrown at [C:\re\workspace\8-2-build-windows-amd64-cygwin\jdk8u66\5298\hotspot\src\share\vm\runtime\objectMonitor.cpp, line 1683]
Event: 3378.595 Thread 0x0000000016966000 Exception <a 'java/lang/InterruptedException'> (0x00000000f8416618) thrown at [C:\re\workspace\8-2-build-windows-amd64-cygwin\jdk8u66\5298\hotspot\src\share\vm\runtime\objectMonitor.cpp, line 1683]
Event: 3378.615 Thread 0x000000001a9c0000 Implicit null exception at 0x0000000003f1eb97 to 0x0000000003f1ef89
Event: 3378.615 Thread 0x0000000015fc3000 Exception <a 'java/lang/InterruptedException'> (0x00000000f8c695e0) thrown at [C:\re\workspace\8-2-build-windows-amd64-cygwin\jdk8u66\5298\hotspot\src\share\vm\runtime\objectMonitor.cpp, line 1683]
Event: 3378.631 Thread 0x000000001696c000 Exception <a 'java/lang/InterruptedException'> (0x00000000f78256b0) thrown at [C:\re\workspace\8-2-build-windows-amd64-cygwin\jdk8u66\5298\hotspot\src\share\vm\runtime\objectMonitor.cpp, line 1683]
Event: 3378.633 Thread 0x0000000016c2f000 Exception <a 'java/lang/InterruptedException'> (0x00000000f8e45c40) thrown at [C:\re\workspace\8-2-build-windows-amd64-cygwin\jdk8u66\5298\hotspot\src\share\vm\runtime\objectMonitor.cpp, line 1683]

Events (10 events):
Event: 3378.636 Thread 0x0000000013ba5000 flushing nmethod 0x0000000003ae11d0
Event: 3378.636 Thread 0x0000000013ba5000 flushing nmethod 0x0000000003ba1610
Event: 3378.636 loading class java/util/IdentityHashMap$KeyIterator
Event: 3378.636 loading class java/util/IdentityHashMap$IdentityHashMapIterator
Event: 3378.636 Thread 0x0000000013ba5000 flushing nmethod 0x0000000003c4b410
Event: 3378.637 loading class java/util/IdentityHashMap$IdentityHashMapIterator done
Event: 3378.637 loading class java/util/IdentityHashMap$KeyIterator done
Event: 3378.637 Thread 0x000000001a9b7800 Thread added: 0x000000001a9b7800
Event: 3378.638 Thread 0x0000000013b9b000 Thread exited: 0x0000000013b9b000
Event: 3378.638 Executing VM operation: Exit


Dynamic libraries:
0x0000000000400000 - 0x000000000044f000 	C:\Xilinx\SDK\2016.4\eclipse\win64.o\eclipse.exe
0x00007ffcaa3b0000 - 0x00007ffcaa581000 	C:\Windows\SYSTEM32\ntdll.dll
0x00007ffca8120000 - 0x00007ffca81cb000 	C:\Windows\System32\KERNEL32.DLL
0x00007ffca6b20000 - 0x00007ffca6d3d000 	C:\Windows\System32\KERNELBASE.dll
0x00007ffca87a0000 - 0x00007ffca8905000 	C:\Windows\System32\USER32.dll
0x00007ffca6f60000 - 0x00007ffca6f7e000 	C:\Windows\System32\win32u.dll
0x00007ffca8ba0000 - 0x00007ffca8bd4000 	C:\Windows\System32\GDI32.dll
0x00007ffca7700000 - 0x00007ffca7882000 	C:\Windows\System32\gdi32full.dll
0x00007ffcaa120000 - 0x00007ffcaa1be000 	C:\Windows\System32\msvcrt.dll
0x00007ffc9b060000 - 0x00007ffc9b2d9000 	C:\Windows\WinSxS\amd64_microsoft.windows.common-controls_6595b64144ccf1df_6.0.14393.447_none_42191651c6827bb3\COMCTL32.dll
0x00007ffca7940000 - 0x00007ffca7c08000 	C:\Windows\System32\combase.dll
0x00007ffca6910000 - 0x00007ffca6a05000 	C:\Windows\System32\ucrtbase.dll
0x00007ffcaa1d0000 - 0x00007ffcaa2f1000 	C:\Windows\System32\RPCRT4.dll
0x00007ffca68a0000 - 0x00007ffca690a000 	C:\Windows\System32\bcryptPrimitives.dll
0x00007ffcaa380000 - 0x00007ffcaa3ae000 	C:\Windows\System32\IMM32.DLL
0x0000000072000000 - 0x0000000072012000 	C:\Xilinx\SDK\2016.4\eclipse\win64.o\plugins\org.eclipse.equinox.launcher.win32.win32.x86_64_1.1.300.v20150602-1417\eclipse_1611.dll
0x00007ffca7fd0000 - 0x00007ffca8072000 	C:\Windows\System32\ADVAPI32.dll
0x00007ffca7f70000 - 0x00007ffca7fc9000 	C:\Windows\System32\sechost.dll
0x00007ffc96e90000 - 0x00007ffc96e9a000 	C:\Windows\SYSTEM32\VERSION.dll
0x00007ffca4fa0000 - 0x00007ffca5035000 	C:\Windows\system32\uxtheme.dll
0x00007ffca8910000 - 0x00007ffca8a6b000 	C:\Windows\System32\MSCTF.dll
0x00007ffca8a70000 - 0x00007ffca8b2f000 	C:\Windows\System32\OLEAUT32.dll
0x00007ffca7660000 - 0x00007ffca76fc000 	C:\Windows\System32\msvcp_win.dll
0x00000000546a0000 - 0x0000000054f29000 	C:\Xilinx\SDK\2016.4\tps\win64\jre\bin\server\jvm.dll
0x00007ffcaa0f0000 - 0x00007ffcaa0f8000 	C:\Windows\System32\PSAPI.DLL
0x00007ffca4690000 - 0x00007ffca46b3000 	C:\Windows\SYSTEM32\WINMM.dll
0x00007ffc88ae0000 - 0x00007ffc88ae9000 	C:\Windows\SYSTEM32\WSOCK32.dll
0x0000000055330000 - 0x0000000055402000 	C:\Windows\SYSTEM32\MSVCR100.dll
0x00007ffca8b30000 - 0x00007ffca8b9a000 	C:\Windows\System32\WS2_32.dll
0x00007ffca4490000 - 0x00007ffca44bb000 	C:\Windows\SYSTEM32\WINMMBASE.dll
0x00007ffca6d40000 - 0x00007ffca6d82000 	C:\Windows\System32\cfgmgr32.dll
0x0000000054560000 - 0x000000005456f000 	C:\Xilinx\SDK\2016.4\tps\win64\jre\bin\verify.dll
0x0000000054530000 - 0x0000000054559000 	C:\Xilinx\SDK\2016.4\tps\win64\jre\bin\java.dll
0x0000000054510000 - 0x0000000054526000 	C:\Xilinx\SDK\2016.4\tps\win64\jre\bin\zip.dll
0x00007ffca8be0000 - 0x00007ffcaa0e9000 	C:\Windows\System32\SHELL32.dll
0x00007ffca6f80000 - 0x00007ffca765a000 	C:\Windows\System32\windows.storage.dll
0x00007ffca6850000 - 0x00007ffca689c000 	C:\Windows\System32\powrprof.dll
0x00007ffca7c10000 - 0x00007ffca7c62000 	C:\Windows\System32\shlwapi.dll
0x00007ffca6840000 - 0x00007ffca684f000 	C:\Windows\System32\kernel.appcore.dll
0x00007ffca6a70000 - 0x00007ffca6b19000 	C:\Windows\System32\shcore.dll
0x00007ffca6820000 - 0x00007ffca6834000 	C:\Windows\System32\profapi.dll
0x00007ffca6280000 - 0x00007ffca6297000 	C:\Windows\SYSTEM32\CRYPTSP.dll
0x00007ffca5cf0000 - 0x00007ffca5d23000 	C:\Windows\system32\rsaenh.dll
0x00007ffca6750000 - 0x00007ffca677b000 	C:\Windows\SYSTEM32\bcrypt.dll
0x00007ffca5f60000 - 0x00007ffca5f7f000 	C:\Windows\SYSTEM32\USERENV.dll
0x00007ffca62a0000 - 0x00007ffca62ab000 	C:\Windows\SYSTEM32\CRYPTBASE.dll
0x00000000544f0000 - 0x000000005450a000 	C:\Xilinx\SDK\2016.4\tps\win64\jre\bin\net.dll
0x00007ffca60e0000 - 0x00007ffca613c000 	C:\Windows\system32\mswsock.dll
0x00007ffca5e70000 - 0x00007ffca5ea8000 	C:\Windows\SYSTEM32\IPHLPAPI.DLL
0x00007ffcaa370000 - 0x00007ffcaa378000 	C:\Windows\System32\NSI.dll
0x00007ffca0f30000 - 0x00007ffca0f46000 	C:\Windows\SYSTEM32\dhcpcsvc6.DLL
0x00007ffca13e0000 - 0x00007ffca13fa000 	C:\Windows\SYSTEM32\dhcpcsvc.DLL
0x00000000544d0000 - 0x00000000544e1000 	C:\Xilinx\SDK\2016.4\tps\win64\jre\bin\nio.dll
0x00007ffc91cb0000 - 0x00007ffc91cc6000 	C:\Windows\system32\napinsp.dll
0x00007ffc91cd0000 - 0x00007ffc91cea000 	C:\Windows\system32\pnrpnsp.dll
0x00007ffca4430000 - 0x00007ffca4448000 	C:\Windows\system32\NLAapi.dll
0x00007ffca5eb0000 - 0x00007ffca5f50000 	C:\Windows\SYSTEM32\DNSAPI.dll
0x00007ffc91cf0000 - 0x00007ffc91cfe000 	C:\Windows\System32\winrnr.dll
0x00007ffc91d00000 - 0x00007ffc91d15000 	C:\Windows\System32\wshbth.dll
0x0000000056d40000 - 0x0000000056d66000 	C:\Program Files\Bonjour\mdnsNSP.dll
0x00007ffc9c000000 - 0x00007ffc9c00a000 	C:\Windows\System32\rasadhlp.dll
0x00007ffc9dac0000 - 0x00007ffc9db2a000 	C:\Windows\System32\fwpuclnt.dll
0x0000000017f40000 - 0x0000000017fe8000 	C:\Users\Luís Morais\.Xilinx\SDK\2016.4\org.eclipse.osgi\319\0\.cp\swt-win32-4527.dll
0x00007ffca7e30000 - 0x00007ffca7f67000 	C:\Windows\System32\ole32.dll
0x00007ffca7d30000 - 0x00007ffca7e2a000 	C:\Windows\System32\comdlg32.dll
0x00007ffca6d90000 - 0x00007ffca6f59000 	C:\Windows\System32\CRYPT32.dll
0x00007ffc7b2a0000 - 0x00007ffc7b325000 	C:\Windows\SYSTEM32\WINSPOOL.DRV
0x00007ffca6810000 - 0x00007ffca6820000 	C:\Windows\System32\MSASN1.dll
0x00007ffc91a00000 - 0x00007ffc91a19000 	C:\Windows\SYSTEM32\USP10.dll
0x00007ffc97fc0000 - 0x00007ffc98253000 	C:\Windows\SYSTEM32\WININET.dll
0x00007ffca42f0000 - 0x00007ffca4316000 	C:\Windows\system32\dwmapi.dll
0x00007ffca40a0000 - 0x00007ffca4225000 	C:\Windows\SYSTEM32\propsys.dll
0x00007ffca8080000 - 0x00007ffca811f000 	C:\Windows\System32\clbcatq.dll
0x0000000017610000 - 0x000000001762e000 	C:\Users\Luís Morais\.Xilinx\SDK\2016.4\org.eclipse.osgi\319\0\.cp\swt-gdip-win32-4527.dll
0x00007ffc97e20000 - 0x00007ffc97fba000 	C:\Windows\WinSxS\amd64_microsoft.windows.gdiplus_6595b64144ccf1df_1.1.14393.321_none_72fe05dd211a5fae\gdiplus.dll
0x00007ffca3a10000 - 0x00007ffca3bb8000 	C:\Windows\SYSTEM32\WindowsCodecs.dll
0x0000000180000000 - 0x0000000180012000 	C:\Users\Luís Morais\.Xilinx\SDK\2016.4\org.eclipse.osgi\133\0\.cp\os\win32\x86_64\localfile_1_0_0.dll
0x00007ffc8c7c0000 - 0x00007ffc8c825000 	C:\Windows\SYSTEM32\oleacc.dll
0x00007ffc945e0000 - 0x00007ffc945e7000 	C:\Windows\SYSTEM32\msimg32.dll
0x00007ffc915d0000 - 0x00007ffc915e1000 	C:\Users\Luís Morais\.Xilinx\SDK\2016.4\org.eclipse.osgi\136\0\.cp\jWinHttp-1.0.0.dll
0x00007ffc9dca0000 - 0x00007ffc9dd6d000 	C:\Windows\SYSTEM32\WINHTTP.dll
0x00007ffc9c650000 - 0x00007ffc9c65f000 	C:\Xilinx\SDK\2016.4\lib\win64.o\librdi_repo_manager.dll
0x00007ffc88fd0000 - 0x00007ffc88ffa000 	C:\Xilinx\SDK\2016.4\lib\win64.o\libisl_sysinfo.dll
0x00007ffc500c0000 - 0x00007ffc50b6a000 	C:\Xilinx\SDK\2016.4\lib\win64.o\librdi_common.dll
0x00007ffc87a10000 - 0x00007ffc87a63000 	C:\Xilinx\SDK\2016.4\lib\win64.o\librdi_commonxillic.dll
0x00007ffc535b0000 - 0x00007ffc537a8000 	C:\Xilinx\SDK\2016.4\lib\win64.o\librdi_hsm.dll
0x00007ffc7d120000 - 0x00007ffc7d1c7000 	C:\Windows\SYSTEM32\MSVCP110.dll
0x00007ffc7d220000 - 0x00007ffc7d2f4000 	C:\Windows\SYSTEM32\MSVCR110.dll
0x00007ffc53240000 - 0x00007ffc535ae000 	C:\Xilinx\SDK\2016.4\lib\win64.o\libCOIN-all.dll
0x00007ffc53020000 - 0x00007ffc5323f000 	C:\Xilinx\SDK\2016.4\lib\win64.o\libXil_lmgr11.dll
0x00007ffca6a10000 - 0x00007ffca6a65000 	C:\Windows\System32\WINTRUST.dll
0x00007ffc9c340000 - 0x00007ffc9c350000 	C:\Xilinx\SDK\2016.4\lib\win64.o\libboost_date_time.dll
0x00007ffc86900000 - 0x00007ffc86924000 	C:\Xilinx\SDK\2016.4\lib\win64.o\libboost_filesystem.dll
0x00007ffc84d40000 - 0x00007ffc84db7000 	C:\Xilinx\SDK\2016.4\lib\win64.o\libboost_program_options.dll
0x00007ffc83380000 - 0x00007ffc83486000 	C:\Xilinx\SDK\2016.4\lib\win64.o\libboost_regex.dll
0x00007ffc8fbb0000 - 0x00007ffc8fbc3000 	C:\Xilinx\SDK\2016.4\lib\win64.o\libboost_signals.dll
0x00007ffc9bfc0000 - 0x00007ffc9bfc9000 	C:\Xilinx\SDK\2016.4\lib\win64.o\libboost_system.dll
0x00007ffc87bc0000 - 0x00007ffc87bdd000 	C:\Xilinx\SDK\2016.4\lib\win64.o\libboost_thread.dll
0x00007ffc96840000 - 0x00007ffc9684b000 	C:\Xilinx\SDK\2016.4\lib\win64.o\libboost_xilinx.dll
0x00007ffc84340000 - 0x00007ffc843c0000 	C:\Xilinx\SDK\2016.4\lib\win64.o\libhdlpsolve.dll
0x00007ffc7dd70000 - 0x00007ffc7de0a000 	C:\Xilinx\SDK\2016.4\lib\win64.o\libhdxml.dll
0x00007ffc52580000 - 0x00007ffc52949000 	C:\Xilinx\SDK\2016.4\lib\win64.o\libisl_iostreams.dll
0x00007ffc877e0000 - 0x00007ffc877f5000 	C:\Xilinx\SDK\2016.4\lib\win64.o\pthreadVC2.dll
0x00007ffc7b3a0000 - 0x00007ffc7b4d0000 	C:\Xilinx\SDK\2016.4\lib\win64.o\librdi_curl.dll
0x00007ffc84d20000 - 0x00007ffc84d38000 	C:\Xilinx\SDK\2016.4\lib\win64.o\librdiconfig.dll
0x00007ffc84c60000 - 0x00007ffc84c7f000 	C:\Xilinx\SDK\2016.4\lib\win64.o\librdizlib.dll
0x0000000054570000 - 0x0000000054697000 	C:\Xilinx\SDK\2016.4\lib\win64.o\tcl85t.dll
0x00007ffc98a70000 - 0x00007ffc98c32000 	C:\Windows\SYSTEM32\urlmon.dll
0x0000000023020000 - 0x0000000023283000 	C:\Xilinx\SDK\2016.4\lib\win64.o\xerces-c_3_1.dll
0x00007ffc9bac0000 - 0x00007ffc9bae3000 	C:\Windows\SYSTEM32\VCOMP110.DLL
0x00007ffc7e4f0000 - 0x00007ffc7e533000 	C:\Xilinx\SDK\2016.4\lib\win64.o\librdi_hdf.dll
0x00007ffc4fdf0000 - 0x00007ffc500b8000 	C:\Xilinx\SDK\2016.4\lib\win64.o\librdi_ippcw.dll
0x00007ffc9c010000 - 0x00007ffc9c028000 	C:\Windows\SYSTEM32\NETAPI32.dll
0x00007ffc967c0000 - 0x00007ffc967cb000 	C:\Xilinx\SDK\2016.4\lib\win64.o\libboost_chrono.dll
0x00007ffc99510000 - 0x00007ffc997b3000 	C:\Windows\SYSTEM32\iertutil.dll
0x00007ffc843d0000 - 0x00007ffc843f3000 	C:\Xilinx\SDK\2016.4\lib\win64.o\libisl_iosutils.dll
0x00007ffc84c40000 - 0x00007ffc84c56000 	C:\Xilinx\SDK\2016.4\lib\win64.o\libboost_iostreams.dll
0x00007ffc8a8f0000 - 0x00007ffc8a932000 	C:\Windows\SYSTEM32\edputil.dll
0x00007ffc967a0000 - 0x00007ffc967aa000 	C:\Xilinx\SDK\2016.4\lib\win64.o\librdi_jtag_settings.dll
0x00007ffc84170000 - 0x00007ffc84199000 	C:\Xilinx\SDK\2016.4\lib\win64.o\librdi_debug_dialog.dll
0x00007ffc96780000 - 0x00007ffc96788000 	C:\Xilinx\SDK\2016.4\lib\win64.o\librdi_target_manager.dll
0x00007ffc84200000 - 0x00007ffc84216000 	C:\Xilinx\SDK\2016.4\eclipse\win64.o\plugins\org.eclipse.cdt.core.win32.x86_64_5.4.0.201509131935\os\win32\x86_64\spawner.dll
0x00007ffc4e0a0000 - 0x00007ffc4e8b0000 	C:\Xilinx\SDK\2016.4\lib\win64.o\libXil_lmgr11FNP.dll
0x00007ffca81d0000 - 0x00007ffca85f9000 	C:\Windows\System32\SETUPAPI.dll
0x00007ffc9f500000 - 0x00007ffc9f50c000 	C:\Windows\SYSTEM32\snmpapi.dll
0x00007ffca6480000 - 0x00007ffca64ac000 	C:\Windows\SYSTEM32\SspiCli.dll
0x0000000018010000 - 0x0000000018013000 	C:\Windows\SYSTEM32\icmp.Dll
0x00007ffca31c0000 - 0x00007ffca31cb000 	C:\Windows\SYSTEM32\WINNSI.DLL

VM Arguments:
jvm_args: -Dcom.xilinx.sdk.args.hwspec=C:/CR/Projeto/Task_53/Task_53.sdk/task_design_1_wrapper.hdf -Xms64m -Xmx512m & 
java_command: <unknown>
java_class_path (initial): C:\Xilinx\SDK\2016.4\eclipse\win64.o\\plugins/org.eclipse.equinox.launcher_1.3.100.v20150511-1540.jar
Launcher Type: generic

Environment Variables:
JAVA_HOME=C:\Program Files\Java\jre1.8.0_111
PATH=C:/Xilinx/SDK/2016.4/tps/win64/jre/bin/server;C:/Xilinx/SDK/2016.4/tps/win64/jre/bin;C:/Xilinx/SDK/2016.4/tps/win64/jre/lib/amd64;C:\Xilinx\SDK\2016.4\gnuwin\bin;C:\Xilinx\SDK\2016.4\gnu\microblaze\nt\bin;C:\Xilinx\SDK\2016.4\gnu\microblaze\linux_toolchain\nt64_le\bin;C:\Xilinx\SDK\2016.4\gnu\microblaze\linux_toolchain\nt64_be\bin;C:\Xilinx\SDK\2016.4\gnu\arm\nt\bin;C:\Xilinx\SDK\2016.4\gnu\aarch64\nt\aarch64-none\bin;C:\Xilinx\SDK\2016.4\gnu\aarch64\nt\aarch64-linux\bin;C:\Xilinx\SDK\2016.4\gnu\armr5\nt\gcc-arm-none-eabi\bin;C:\Xilinx\SDK\2016.4\gnu\aarch32\nt\gcc-arm-none-eabi\bin;C:\Xilinx\SDK\2016.4\gnu\aarch32\nt\gcc-arm-linux-gnueabi\bin;C:\Xilinx\SDK\2016.4\tps\win64\cmake-3.3.2\bin;;C:\Xilinx\SDK\2016.4\bin;C:\Xilinx\SDK\2016.4\lib\win64.o;C:\Xilinx\SDK\2016.4\tps\win64\jre\bin\server;C:\Xilinx\SDK\2016.4\tps\win64\jre\bin;C:\Xilinx\Vivado\2016.4\ids_lite\ISE\bin\nt64;C:\Xilinx\Vivado\2016.4\ids_lite\ISE\lib\nt64;C:\Xilinx\Vivado\2016.4\bin;C:\Xilinx\Vivado\2016.4\lib\win64.o;C:\Xilinx\Vivado\2016.4\tps\win64\jre\bin\server;C:\Xilinx\Vivado\2016.4\tps\win64\jre\bin;C:\Xilinx\Vivado_HLS\2016.4\bin;C:\Program Files (x86)\Parallels\Parallels Tools\Applications;C:\ProgramData\Oracle\Java\javapath;C:\Program Files (x86)\Intel\iCLS Client\;C:\Program Files\Intel\iCLS Client\;C:\Windows\system32;C:\Windows;C:\Windows\System32\Wbem;C:\Windows\System32\WindowsPowerShell\v1.0\;%JAVA_HOME%\bin;C:\Program Files\Java\jdk1.8.0_102\bin;C:\Users\Luís Morais\AppData\Local\Microsoft\WindowsApps;;C:\CR\Projeto\Task_53;
USERNAME=Luís Morais
OS=Windows_NT
PROCESSOR_IDENTIFIER=Intel64 Family 6 Model 61 Stepping 4, GenuineIntel



---------------  S Y S T E M  ---------------

OS: Windows 10.0 , 64 bit Build 14393 (10.0.14393.0)

CPU:total 4 (2 cores per cpu, 2 threads per core) family 6 model 61 stepping 4, cmov, cx8, fxsr, mmx, sse, sse2, sse3, ssse3, sse4.1, sse4.2, popcnt, avx, avx2, aes, clmul, erms, rtm, 3dnowpref, lzcnt, ht, tsc, tscinvbit, bmi1, bmi2, adx

Memory: 4k page, physical 8288680k(4287436k free), swap 8557092k(3407952k free)

vm_info: Java HotSpot(TM) 64-Bit Server VM (25.66-b18) for windows-amd64 JRE (1.8.0_66-b18), built on Nov  9 2015 10:51:13 by "java_re" with MS VC++ 10.0 (VS2010)

time: Wed Jun 07 15:50:03 2017
elapsed time: 3379 seconds (0d 0h 56m 19s)

