#
# A fatal error has been detected by the Java Runtime Environment:
#
#  Internal Error (0xc000000d), pid=5916, tid=2768
#
# JRE version: Java(TM) SE Runtime Environment (8.0_66-b18) (build 1.8.0_66-b18)
# Java VM: Java HotSpot(TM) 64-Bit Server VM (25.66-b18 mixed mode windows-amd64 compressed oops)
# Problematic frame:
# C  [ntdll.dll+0xff44c]
#
# Failed to write core dump. Minidumps are not enabled by default on client versions of Windows
#
# If you would like to submit a bug report, please visit:
#   http://bugreport.java.com/bugreport/crash.jsp
#

---------------  T H R E A D  ---------------

Current thread (0x0000000013af7000):  VMThread [stack: 0x0000000014bc0000,0x0000000014cc0000] [id=2768]

siginfo: ExceptionCode=0xc000000d

Registers:
RAX=0x0000000000000000, RBX=0xfffffffffffffffe, RCX=0x0000000000000000, RDX=0x0000000000000000
RSP=0x0000000014cbf470, RBP=0x00007ffc7d227408, RSI=0x0000000000000000, RDI=0x0000000000000b48
R8 =0x0000000000000000, R9 =0x0000000000020000, R10=0x0000000014cbef50, R11=0x0000000014cbef50
R12=0x0000000000698a00, R13=0x0000000022cccca0, R14=0x0000000000698b08, R15=0x0000000014cbf5e8
RIP=0x00007ffcaa4af44c, EFLAGS=0x0000000000000202

Top of Stack: (sp=0x0000000014cbf470)
0x0000000014cbf470:   0000000000000057 fffffffffffffffe
0x0000000014cbf480:   0000000000000000 0000000000000b48
0x0000000014cbf490:   00000000c000000d 0000000000000000
0x0000000014cbf4a0:   00007ffcaa4af44c 0000000000000000
0x0000000014cbf4b0:   0000000000000000 0000000000000000
0x0000000014cbf4c0:   0000000000000000 0000000000000000
0x0000000014cbf4d0:   0000000000000000 0000000000000000
0x0000000014cbf4e0:   0000000000000000 0000000000000000
0x0000000014cbf4f0:   0000000000000000 0000000000000000
0x0000000014cbf500:   0000000000000000 0000000000000000
0x0000000014cbf510:   0000000000000000 0000000000000000
0x0000000014cbf520:   0000000000000000 0000000000000000
0x0000000014cbf530:   0000cdaac35a5fbf 0000000000000000
0x0000000014cbf540:   0000000900000020 00007ffcaa47150d
0x0000000014cbf550:   0000000900000000 0000000000000000
0x0000000014cbf560:   004e005200450001 00320033004c0000 

Instructions: (pc=0x00007ffcaa4af44c)
0x00007ffcaa4af42c:   d5 fa ff c7 44 24 20 0d 00 00 c0 b9 57 00 00 00
0x00007ffcaa4af43c:   e8 7f 13 f6 ff 90 48 8d 4c 24 20 e8 04 bf f4 ff
0x00007ffcaa4af44c:   eb 00 48 8b 8c 24 c0 00 00 00 48 33 cc e8 82 74
0x00007ffcaa4af45c:   f9 ff 48 81 c4 d8 00 00 00 c3 40 55 48 83 ec 20 


Register to memory mapping:

RAX=0x0000000000000000 is an unknown value
RBX=0xfffffffffffffffe is an unknown value
RCX=0x0000000000000000 is an unknown value
RDX=0x0000000000000000 is an unknown value
RSP=0x0000000014cbf470 is an unknown value
RBP=0x00007ffc7d227408 is an unknown value
RSI=0x0000000000000000 is an unknown value
RDI=0x0000000000000b48 is an unknown value
R8 =0x0000000000000000 is an unknown value
R9 =0x0000000000020000 is an unknown value
R10=0x0000000014cbef50 is an unknown value
R11=0x0000000014cbef50 is an unknown value
R12=0x0000000000698a00 is an unknown value
R13=0x0000000022cccca0 is an unknown value
R14=0x0000000000698b08 is an unknown value
R15=0x0000000014cbf5e8 is an unknown value


Stack: [0x0000000014bc0000,0x0000000014cc0000],  sp=0x0000000014cbf470,  free space=1021k
Native frames: (J=compiled Java code, j=interpreted, Vv=VM code, C=native code)
C  [ntdll.dll+0xff44c]
C  [ntdll.dll+0xc150d]
C  [KERNEL32.DLL+0x1fbba]
C  [MSVCR110.dll+0x752d]
C  [MSVCR110.dll+0x73c6]
C  [MSVCR110.dll+0x14cca]
C  [MSVCR110.dll+0x13edc]
C  [MSVCR110.dll+0x239e]
C  [MSVCR110.dll+0xaf9e]
C  [MSVCP110.dll+0x397b9]
C  [librdi_common.dll+0x183a66]
C  [librdi_common.dll+0x1826fb]
C  [librdi_target_manager.dll+0x2400]
C  [librdi_target_manager.dll+0x2682]
C  [ntdll.dll+0x2a35f]
C  [ntdll.dll+0x806b]
C  [ntdll.dll+0x7d94]
C  [KERNEL32.DLL+0x1ce6a]
C  [MSVCR100.dll+0x20ccd]
V  [jvm.dll+0x210cc5]
V  [jvm.dll+0x249897]
V  [jvm.dll+0x248b36]
V  [jvm.dll+0x248fd1]
V  [jvm.dll+0x2491ee]
V  [jvm.dll+0x29a0fa]
C  [MSVCR100.dll+0x21d9f]
C  [MSVCR100.dll+0x21e3b]
C  [KERNEL32.DLL+0x8364]
C  [ntdll.dll+0x670d1]

VM_Operation (0x000000000014f4c0): Exit, mode: safepoint, requested by thread 0x000000000056e000


---------------  P R O C E S S  ---------------

Java Threads: ( => current thread )
  0x000000001bbe0800 JavaThread "pool-2-thread-1" [_thread_blocked, id=5932, stack(0x0000000029a60000,0x0000000029b60000)]
  0x000000001bbd7800 JavaThread "Thread-36" daemon [_thread_blocked, id=680, stack(0x0000000026360000,0x0000000026460000)]
  0x0000000016209800 JavaThread "TCF Channel Transmitter" daemon [_thread_blocked, id=7240, stack(0x0000000024730000,0x0000000024830000)]
  0x0000000016202000 JavaThread "TCF Channel Receiver" daemon [_thread_in_native, id=5156, stack(0x0000000024630000,0x0000000024730000)]
  0x0000000016208800 JavaThread "Process monitor" daemon [_thread_in_native, id=6900, stack(0x0000000023900000,0x0000000023a00000)]
  0x0000000016202800 JavaThread "Input Stream Monitor" daemon [_thread_blocked, id=6176, stack(0x0000000023800000,0x0000000023900000)]
  0x0000000016208000 JavaThread "Output Stream Monitor" daemon [_thread_in_native, id=6432, stack(0x0000000023700000,0x0000000023800000)]
  0x0000000016205800 JavaThread "Output Stream Monitor" daemon [_thread_in_native, id=6336, stack(0x0000000023600000,0x0000000023700000)]
  0x0000000016204000 JavaThread "TCF Locator DNS Lookup" daemon [_thread_blocked, id=6272, stack(0x0000000021710000,0x0000000021810000)]
  0x00000000161ff000 JavaThread "TCF Locator Timer" daemon [_thread_blocked, id=7160, stack(0x0000000021610000,0x0000000021710000)]
  0x00000000161fe000 JavaThread "TCF Locator Receiver" daemon [_thread_in_native, id=7180, stack(0x0000000021510000,0x0000000021610000)]
  0x000000001a83e800 JavaThread "TCF Timer Dispatcher" daemon [_thread_blocked, id=228, stack(0x00000000210e0000,0x00000000211e0000)]
  0x0000000016f66000 JavaThread "EMF Reference Cleaner" daemon [_thread_blocked, id=1116, stack(0x0000000018390000,0x0000000018490000)]
  0x0000000013b8d800 JavaThread "Service Thread" daemon [_thread_blocked, id=6736, stack(0x00000000158b0000,0x00000000159b0000)]
  0x0000000013b36800 JavaThread "C1 CompilerThread2" daemon [_thread_blocked, id=1884, stack(0x00000000153b0000,0x00000000154b0000)]
  0x0000000013b33000 JavaThread "C2 CompilerThread1" daemon [_thread_blocked, id=6612, stack(0x00000000152b0000,0x00000000153b0000)]
  0x0000000013b2f000 JavaThread "C2 CompilerThread0" daemon [_thread_blocked, id=6464, stack(0x00000000151b0000,0x00000000152b0000)]
  0x0000000013b2d800 JavaThread "Attach Listener" daemon [_thread_blocked, id=6808, stack(0x00000000150b0000,0x00000000151b0000)]
  0x0000000013b2c000 JavaThread "Signal Dispatcher" daemon [_thread_blocked, id=7600, stack(0x0000000014fb0000,0x00000000150b0000)]
  0x0000000002707800 JavaThread "Finalizer" daemon [_thread_blocked, id=1404, stack(0x0000000014dc0000,0x0000000014ec0000)]
  0x0000000013af8800 JavaThread "Reference Handler" daemon [_thread_blocked, id=4876, stack(0x0000000014cc0000,0x0000000014dc0000)]
  0x000000000056e000 JavaThread "main" [_thread_blocked, id=7904, stack(0x0000000000050000,0x0000000000150000)]

Other Threads:
=>0x0000000013af7000 VMThread [stack: 0x0000000014bc0000,0x0000000014cc0000] [id=2768]

VM state:at safepoint (shutting down)

VM Mutex/Monitor currently owned by a thread:  ([mutex/lock_event])
[0x000000000056cc90] Threads_lock - owner thread: 0x0000000013af7000

Heap:
 PSYoungGen      total 144384K, used 41319K [0x00000000f5580000, 0x00000000ffe00000, 0x0000000100000000)
  eden space 115712K, 35% used [0x00000000f5580000,0x00000000f7dd9dc8,0x00000000fc680000)
  from space 28672K, 0% used [0x00000000fc680000,0x00000000fc680000,0x00000000fe280000)
  to   space 27648K, 0% used [0x00000000fe300000,0x00000000fe300000,0x00000000ffe00000)
 ParOldGen       total 108032K, used 46314K [0x00000000e0000000, 0x00000000e6980000, 0x00000000f5580000)
  object space 108032K, 42% used [0x00000000e0000000,0x00000000e2d3abc8,0x00000000e6980000)
 Metaspace       used 85003K, capacity 92366K, committed 92692K, reserved 1130496K
  class space    used 10234K, capacity 12517K, committed 12564K, reserved 1048576K

Card table byte_map: [0x0000000011ad0000,0x0000000011be0000] byte_map_base: 0x00000000113d0000

Marking Bits: (ParMarkBitMap*) 0x0000000054eaa5b0
 Begin Bits: [0x0000000012090000, 0x0000000012890000)
 End Bits:   [0x0000000012890000, 0x0000000013090000)

Polling page: 0x0000000000590000

CodeCache: size=245760Kb used=32873Kb max_used=32889Kb free=212886Kb
 bounds [0x0000000002710000, 0x0000000004770000, 0x0000000011710000]
 total_blobs=9821 nmethods=8934 adapters=794
 compilation: enabled

Compilation events (10 events):
Event: 771.016 Thread 0x0000000013b36800 10892       3       java.util.TimSort::gallopLeft (335 bytes)
Event: 771.017 Thread 0x0000000013b36800 nmethod 10892 0x00000000028eb290 code [0x00000000028eb480, 0x00000000028ebf58]
Event: 771.018 Thread 0x0000000013b36800 10896       3       org.eclipse.osgi.container.Module::holdsTransitionEventLock (25 bytes)
Event: 771.018 Thread 0x0000000013b36800 nmethod 10896 0x00000000029038d0 code [0x0000000002903a60, 0x0000000002904188]
Event: 771.019 Thread 0x0000000013b36800 10897       3       org.eclipse.osgi.container.ModuleWiring::unload (6 bytes)
Event: 771.019 Thread 0x0000000013b36800 nmethod 10897 0x000000000433edd0 code [0x000000000433ef40, 0x000000000433f0c8]
Event: 771.020 Thread 0x0000000013b33000 nmethod 10890 0x000000000292a6d0 code [0x000000000292a840, 0x000000000292adf8]
Event: 771.020 Thread 0x0000000013b33000 10895       4       java.lang.Long::valueOf (36 bytes)
Event: 771.020 Thread 0x0000000013b36800 10898       3       org.eclipse.osgi.container.ModuleWiring::invalidate0 (52 bytes)
Event: 771.021 Thread 0x0000000013b36800 nmethod 10898 0x0000000002eba950 code [0x0000000002ebab00, 0x0000000002ebb4a8]

GC Heap History (10 events):
Event: 631.449 GC heap before
{Heap before GC invocations=32 (full 13):
 PSYoungGen      total 141824K, used 448K [0x00000000f5580000, 0x0000000100000000, 0x0000000100000000)
  eden space 110080K, 0% used [0x00000000f5580000,0x00000000f5580000,0x00000000fc100000)
  from space 31744K, 1% used [0x00000000fc100000,0x00000000fc170000,0x00000000fe000000)
  to   space 30208K, 0% used [0x00000000fe280000,0x00000000fe280000,0x0000000100000000)
 ParOldGen       total 108032K, used 45750K [0x00000000e0000000, 0x00000000e6980000, 0x00000000f5580000)
  object space 108032K, 42% used [0x00000000e0000000,0x00000000e2cad810,0x00000000e6980000)
 Metaspace       used 83313K, capacity 90644K, committed 90900K, reserved 1128448K
  class space    used 10030K, capacity 12248K, committed 12308K, reserved 1048576K
Event: 631.765 GC heap after
Heap after GC invocations=32 (full 13):
 PSYoungGen      total 141824K, used 0K [0x00000000f5580000, 0x0000000100000000, 0x0000000100000000)
  eden space 110080K, 0% used [0x00000000f5580000,0x00000000f5580000,0x00000000fc100000)
  from space 31744K, 0% used [0x00000000fc100000,0x00000000fc100000,0x00000000fe000000)
  to   space 30208K, 0% used [0x00000000fe280000,0x00000000fe280000,0x0000000100000000)
 ParOldGen       total 108032K, used 45088K [0x00000000e0000000, 0x00000000e6980000, 0x00000000f5580000)
  object space 108032K, 41% used [0x00000000e0000000,0x00000000e2c08008,0x00000000e6980000)
 Metaspace       used 83313K, capacity 90644K, committed 90900K, reserved 1128448K
  class space    used 10030K, capacity 12248K, committed 12308K, reserved 1048576K
}
Event: 691.445 GC heap before
{Heap before GC invocations=33 (full 13):
 PSYoungGen      total 141824K, used 23648K [0x00000000f5580000, 0x0000000100000000, 0x0000000100000000)
  eden space 110080K, 21% used [0x00000000f5580000,0x00000000f6c980a8,0x00000000fc100000)
  from space 31744K, 0% used [0x00000000fc100000,0x00000000fc100000,0x00000000fe000000)
  to   space 30208K, 0% used [0x00000000fe280000,0x00000000fe280000,0x0000000100000000)
 ParOldGen       total 108032K, used 45088K [0x00000000e0000000, 0x00000000e6980000, 0x00000000f5580000)
  object space 108032K, 41% used [0x00000000e0000000,0x00000000e2c08008,0x00000000e6980000)
 Metaspace       used 83979K, capacity 91390K, committed 91796K, reserved 1128448K
  class space    used 10119K, capacity 12323K, committed 12436K, reserved 1048576K
Event: 691.455 GC heap after
Heap after GC invocations=33 (full 13):
 PSYoungGen      total 145920K, used 1998K [0x00000000f5580000, 0x0000000100000000, 0x0000000100000000)
  eden space 115712K, 0% used [0x00000000f5580000,0x00000000f5580000,0x00000000fc680000)
  from space 30208K, 6% used [0x00000000fe280000,0x00000000fe473ae0,0x0000000100000000)
  to   space 28672K, 0% used [0x00000000fc680000,0x00000000fc680000,0x00000000fe280000)
 ParOldGen       total 108032K, used 45088K [0x00000000e0000000, 0x00000000e6980000, 0x00000000f5580000)
  object space 108032K, 41% used [0x00000000e0000000,0x00000000e2c08008,0x00000000e6980000)
 Metaspace       used 83979K, capacity 91390K, committed 91796K, reserved 1128448K
  class space    used 10119K, capacity 12323K, committed 12436K, reserved 1048576K
}
Event: 691.455 GC heap before
{Heap before GC invocations=34 (full 14):
 PSYoungGen      total 145920K, used 1998K [0x00000000f5580000, 0x0000000100000000, 0x0000000100000000)
  eden space 115712K, 0% used [0x00000000f5580000,0x00000000f5580000,0x00000000fc680000)
  from space 30208K, 6% used [0x00000000fe280000,0x00000000fe473ae0,0x0000000100000000)
  to   space 28672K, 0% used [0x00000000fc680000,0x00000000fc680000,0x00000000fe280000)
 ParOldGen       total 108032K, used 45088K [0x00000000e0000000, 0x00000000e6980000, 0x00000000f5580000)
  object space 108032K, 41% used [0x00000000e0000000,0x00000000e2c08008,0x00000000e6980000)
 Metaspace       used 83979K, capacity 91390K, committed 91796K, reserved 1128448K
  class space    used 10119K, capacity 12323K, committed 12436K, reserved 1048576K
Event: 691.821 GC heap after
Heap after GC invocations=34 (full 14):
 PSYoungGen      total 145920K, used 0K [0x00000000f5580000, 0x0000000100000000, 0x0000000100000000)
  eden space 115712K, 0% used [0x00000000f5580000,0x00000000f5580000,0x00000000fc680000)
  from space 30208K, 0% used [0x00000000fe280000,0x00000000fe280000,0x0000000100000000)
  to   space 28672K, 0% used [0x00000000fc680000,0x00000000fc680000,0x00000000fe280000)
 ParOldGen       total 108032K, used 46743K [0x00000000e0000000, 0x00000000e6980000, 0x00000000f5580000)
  object space 108032K, 43% used [0x00000000e0000000,0x00000000e2da5ea0,0x00000000e6980000)
 Metaspace       used 83975K, capacity 91384K, committed 91796K, reserved 1128448K
  class space    used 10119K, capacity 12322K, committed 12436K, reserved 1048576K
}
Event: 751.457 GC heap before
{Heap before GC invocations=35 (full 14):
 PSYoungGen      total 145920K, used 3725K [0x00000000f5580000, 0x0000000100000000, 0x0000000100000000)
  eden space 115712K, 3% used [0x00000000f5580000,0x00000000f5923638,0x00000000fc680000)
  from space 30208K, 0% used [0x00000000fe280000,0x00000000fe280000,0x0000000100000000)
  to   space 28672K, 0% used [0x00000000fc680000,0x00000000fc680000,0x00000000fe280000)
 ParOldGen       total 108032K, used 46743K [0x00000000e0000000, 0x00000000e6980000, 0x00000000f5580000)
  object space 108032K, 43% used [0x00000000e0000000,0x00000000e2da5ea0,0x00000000e6980000)
 Metaspace       used 83987K, capacity 91384K, committed 91796K, reserved 1128448K
  class space    used 10119K, capacity 12322K, committed 12436K, reserved 1048576K
Event: 751.462 GC heap after
Heap after GC invocations=35 (full 14):
 PSYoungGen      total 144384K, used 192K [0x00000000f5580000, 0x00000000ffe00000, 0x0000000100000000)
  eden space 115712K, 0% used [0x00000000f5580000,0x00000000f5580000,0x00000000fc680000)
  from space 28672K, 0% used [0x00000000fc680000,0x00000000fc6b0000,0x00000000fe280000)
  to   space 27648K, 0% used [0x00000000fe300000,0x00000000fe300000,0x00000000ffe00000)
 ParOldGen       total 108032K, used 46751K [0x00000000e0000000, 0x00000000e6980000, 0x00000000f5580000)
  object space 108032K, 43% used [0x00000000e0000000,0x00000000e2da7ea0,0x00000000e6980000)
 Metaspace       used 83987K, capacity 91384K, committed 91796K, reserved 1128448K
  class space    used 10119K, capacity 12322K, committed 12436K, reserved 1048576K
}
Event: 751.463 GC heap before
{Heap before GC invocations=36 (full 15):
 PSYoungGen      total 144384K, used 192K [0x00000000f5580000, 0x00000000ffe00000, 0x0000000100000000)
  eden space 115712K, 0% used [0x00000000f5580000,0x00000000f5580000,0x00000000fc680000)
  from space 28672K, 0% used [0x00000000fc680000,0x00000000fc6b0000,0x00000000fe280000)
  to   space 27648K, 0% used [0x00000000fe300000,0x00000000fe300000,0x00000000ffe00000)
 ParOldGen       total 108032K, used 46751K [0x00000000e0000000, 0x00000000e6980000, 0x00000000f5580000)
  object space 108032K, 43% used [0x00000000e0000000,0x00000000e2da7ea0,0x00000000e6980000)
 Metaspace       used 83987K, capacity 91384K, committed 91796K, reserved 1128448K
  class space    used 10119K, capacity 12322K, committed 12436K, reserved 1048576K
Event: 751.738 GC heap after
Heap after GC invocations=36 (full 15):
 PSYoungGen      total 144384K, used 0K [0x00000000f5580000, 0x00000000ffe00000, 0x0000000100000000)
  eden space 115712K, 0% used [0x00000000f5580000,0x00000000f5580000,0x00000000fc680000)
  from space 28672K, 0% used [0x00000000fc680000,0x00000000fc680000,0x00000000fe280000)
  to   space 27648K, 0% used [0x00000000fe300000,0x00000000fe300000,0x00000000ffe00000)
 ParOldGen       total 108032K, used 46314K [0x00000000e0000000, 0x00000000e6980000, 0x00000000f5580000)
  object space 108032K, 42% used [0x00000000e0000000,0x00000000e2d3abc8,0x00000000e6980000)
 Metaspace       used 83987K, capacity 91384K, committed 91796K, reserved 1128448K
  class space    used 10119K, capacity 12322K, committed 12436K, reserved 1048576K
}

Deoptimization events (10 events):
Event: 770.265 Thread 0x000000001bbe1800 Uncommon trap: reason=class_check action=maybe_recompile pc=0x0000000004688b44 method=org.eclipse.e4.core.internal.contexts.TrackableComputationExt.update(Lorg/eclipse/e4/core/internal/contexts/ContextChangeEvent;)Z @ 62
Event: 770.265 Thread 0x000000001bbe1800 Uncommon trap: reason=class_check action=maybe_recompile pc=0x0000000004688b44 method=org.eclipse.e4.core.internal.contexts.TrackableComputationExt.update(Lorg/eclipse/e4/core/internal/contexts/ContextChangeEvent;)Z @ 62
Event: 770.298 Thread 0x000000001bbd6000 Uncommon trap: reason=unstable_if action=reinterpret pc=0x000000000288d2e4 method=sun.nio.cs.SingleByte$Encoder.encode(C)I @ 13
Event: 770.314 Thread 0x00000000168d4000 Uncommon trap: reason=predicate action=maybe_recompile pc=0x0000000003c3c81c method=java.util.Arrays.fill([Ljava/lang/Object;Ljava/lang/Object;)V @ 10
Event: 770.321 Thread 0x00000000168d4000 Uncommon trap: reason=array_check action=maybe_recompile pc=0x0000000003c3a178 method=java.util.Arrays.fill([Ljava/lang/Object;Ljava/lang/Object;)V @ 13
Event: 770.321 Thread 0x00000000168d4000 Uncommon trap: reason=array_check action=maybe_recompile pc=0x0000000003c3a178 method=java.util.Arrays.fill([Ljava/lang/Object;Ljava/lang/Object;)V @ 13
Event: 770.325 Thread 0x00000000168d4000 Uncommon trap: reason=array_check action=maybe_recompile pc=0x0000000003c3a178 method=java.util.Arrays.fill([Ljava/lang/Object;Ljava/lang/Object;)V @ 13
Event: 770.325 Thread 0x00000000168d4000 Uncommon trap: reason=array_check action=maybe_recompile pc=0x0000000003c3a178 method=java.util.Arrays.fill([Ljava/lang/Object;Ljava/lang/Object;)V @ 13
Event: 770.882 Thread 0x000000001bbe1800 Uncommon trap: reason=unstable_if action=reinterpret pc=0x0000000003586b8c method=org.eclipse.osgi.internal.hooks.EclipseLazyStarter.shouldActivateFor(Ljava/lang/String;Lorg/eclipse/osgi/container/Module;Lorg/eclipse/osgi/container/ModuleRevision;Lorg/ecliõ_µ†ˆ@
Event: 771.011 Thread 0x000000001bbe1800 Uncommon trap: reason=unstable_if action=reinterpret pc=0x0000000003f73c5c method=sun.reflect.UnsafeStaticObjectFieldAccessorImpl.set(Ljava/lang/Object;Ljava/lang/Object;)V @ 13

Internal exceptions (10 events):
Event: 770.226 Thread 0x000000000056e000 Exception <a 'java/io/FileNotFoundException'> (0x00000000f71da4c0) thrown at [C:\re\workspace\8-2-build-windows-amd64-cygwin\jdk8u66\5298\hotspot\src\share\vm\prims\jni.cpp, line 709]
Event: 770.226 Thread 0x000000000056e000 Exception <a 'java/io/FileNotFoundException'> (0x00000000f71dc140) thrown at [C:\re\workspace\8-2-build-windows-amd64-cygwin\jdk8u66\5298\hotspot\src\share\vm\prims\jni.cpp, line 709]
Event: 770.226 Thread 0x000000000056e000 Exception <a 'java/io/FileNotFoundException'> (0x00000000f71dddc0) thrown at [C:\re\workspace\8-2-build-windows-amd64-cygwin\jdk8u66\5298\hotspot\src\share\vm\prims\jni.cpp, line 709]
Event: 770.227 Thread 0x000000000056e000 Exception <a 'java/io/FileNotFoundException'> (0x00000000f71dfb80) thrown at [C:\re\workspace\8-2-build-windows-amd64-cygwin\jdk8u66\5298\hotspot\src\share\vm\prims\jni.cpp, line 709]
Event: 770.294 Thread 0x000000001620b800 Exception <a 'java/lang/InterruptedException'> (0x00000000f771dbb8) thrown at [C:\re\workspace\8-2-build-windows-amd64-cygwin\jdk8u66\5298\hotspot\src\share\vm\runtime\objectMonitor.cpp, line 1683]
Event: 770.991 Thread 0x000000001a83f800 Exception <a 'java/lang/InterruptedException'> (0x00000000f585e028) thrown at [C:\re\workspace\8-2-build-windows-amd64-cygwin\jdk8u66\5298\hotspot\src\share\vm\runtime\objectMonitor.cpp, line 1683]
Event: 771.011 Thread 0x000000001bbe1800 Implicit null exception at 0x0000000003f73857 to 0x0000000003f73c49
Event: 771.012 Thread 0x00000000168d4000 Exception <a 'java/lang/InterruptedException'> (0x00000000f7a54d40) thrown at [C:\re\workspace\8-2-build-windows-amd64-cygwin\jdk8u66\5298\hotspot\src\share\vm\runtime\objectMonitor.cpp, line 1683]
Event: 771.015 Thread 0x000000001a844800 Exception <a 'java/lang/InterruptedException'> (0x00000000f6249da0) thrown at [C:\re\workspace\8-2-build-windows-amd64-cygwin\jdk8u66\5298\hotspot\src\share\vm\runtime\objectMonitor.cpp, line 1683]
Event: 771.016 Thread 0x0000000016433000 Exception <a 'java/lang/InterruptedException'> (0x00000000f7d11308) thrown at [C:\re\workspace\8-2-build-windows-amd64-cygwin\jdk8u66\5298\hotspot\src\share\vm\runtime\objectMonitor.cpp, line 1683]

Events (10 events):
Event: 771.020 Thread 0x0000000013b36800 flushing nmethod 0x0000000002eba5d0
Event: 771.020 Thread 0x0000000013b36800 flushing nmethod 0x0000000002edb8d0
Event: 771.020 Executing VM operation: RevokeBias
Event: 771.020 Executing VM operation: RevokeBias done
Event: 771.020 Executing VM operation: RevokeBias
Event: 771.020 Executing VM operation: RevokeBias done
Event: 771.020 Thread 0x000000001bbdc000 Thread exited: 0x000000001bbdc000
Event: 771.021 Thread 0x0000000013b36800 flushing nmethod 0x0000000002f083d0
Event: 771.021 Thread 0x0000000013b36800 flushing nmethod 0x0000000002f12190
Event: 771.021 Executing VM operation: Exit


Dynamic libraries:
0x0000000000400000 - 0x000000000044f000 	C:\Xilinx\SDK\2016.4\eclipse\win64.o\eclipse.exe
0x00007ffcaa3b0000 - 0x00007ffcaa581000 	C:\Windows\SYSTEM32\ntdll.dll
0x00007ffca8120000 - 0x00007ffca81cb000 	C:\Windows\System32\KERNEL32.DLL
0x00007ffca6b20000 - 0x00007ffca6d3d000 	C:\Windows\System32\KERNELBASE.dll
0x00007ffca87a0000 - 0x00007ffca8905000 	C:\Windows\System32\USER32.dll
0x00007ffca6f60000 - 0x00007ffca6f7e000 	C:\Windows\System32\win32u.dll
0x00007ffca8ba0000 - 0x00007ffca8bd4000 	C:\Windows\System32\GDI32.dll
0x00007ffca7700000 - 0x00007ffca7882000 	C:\Windows\System32\gdi32full.dll
0x00007ffcaa120000 - 0x00007ffcaa1be000 	C:\Windows\System32\msvcrt.dll
0x00007ffc9b060000 - 0x00007ffc9b2d9000 	C:\Windows\WinSxS\amd64_microsoft.windows.common-controls_6595b64144ccf1df_6.0.14393.447_none_42191651c6827bb3\COMCTL32.dll
0x00007ffca7940000 - 0x00007ffca7c08000 	C:\Windows\System32\combase.dll
0x00007ffca6910000 - 0x00007ffca6a05000 	C:\Windows\System32\ucrtbase.dll
0x00007ffcaa1d0000 - 0x00007ffcaa2f1000 	C:\Windows\System32\RPCRT4.dll
0x00007ffca68a0000 - 0x00007ffca690a000 	C:\Windows\System32\bcryptPrimitives.dll
0x00007ffcaa380000 - 0x00007ffcaa3ae000 	C:\Windows\System32\IMM32.DLL
0x0000000072000000 - 0x0000000072012000 	C:\Xilinx\SDK\2016.4\eclipse\win64.o\plugins\org.eclipse.equinox.launcher.win32.win32.x86_64_1.1.300.v20150602-1417\eclipse_1611.dll
0x00007ffca7fd0000 - 0x00007ffca8072000 	C:\Windows\System32\ADVAPI32.dll
0x00007ffca7f70000 - 0x00007ffca7fc9000 	C:\Windows\System32\sechost.dll
0x00007ffc96e90000 - 0x00007ffc96e9a000 	C:\Windows\SYSTEM32\VERSION.dll
0x00007ffca4fa0000 - 0x00007ffca5035000 	C:\Windows\system32\uxtheme.dll
0x00007ffca8910000 - 0x00007ffca8a6b000 	C:\Windows\System32\MSCTF.dll
0x00007ffca8a70000 - 0x00007ffca8b2f000 	C:\Windows\System32\OLEAUT32.dll
0x00007ffca7660000 - 0x00007ffca76fc000 	C:\Windows\System32\msvcp_win.dll
0x00000000546a0000 - 0x0000000054f29000 	C:\Xilinx\SDK\2016.4\tps\win64\jre\bin\server\jvm.dll
0x00007ffcaa0f0000 - 0x00007ffcaa0f8000 	C:\Windows\System32\PSAPI.DLL
0x00007ffca4690000 - 0x00007ffca46b3000 	C:\Windows\SYSTEM32\WINMM.dll
0x00007ffc88ae0000 - 0x00007ffc88ae9000 	C:\Windows\SYSTEM32\WSOCK32.dll
0x0000000055330000 - 0x0000000055402000 	C:\Windows\SYSTEM32\MSVCR100.dll
0x00007ffca8b30000 - 0x00007ffca8b9a000 	C:\Windows\System32\WS2_32.dll
0x0000000000530000 - 0x000000000055b000 	C:\Windows\SYSTEM32\WINMMBASE.dll
0x00007ffca6d40000 - 0x00007ffca6d82000 	C:\Windows\System32\cfgmgr32.dll
0x0000000054560000 - 0x000000005456f000 	C:\Xilinx\SDK\2016.4\tps\win64\jre\bin\verify.dll
0x0000000054530000 - 0x0000000054559000 	C:\Xilinx\SDK\2016.4\tps\win64\jre\bin\java.dll
0x0000000054510000 - 0x0000000054526000 	C:\Xilinx\SDK\2016.4\tps\win64\jre\bin\zip.dll
0x00007ffca8be0000 - 0x00007ffcaa0e9000 	C:\Windows\System32\SHELL32.dll
0x00007ffca6f80000 - 0x00007ffca765a000 	C:\Windows\System32\windows.storage.dll
0x00007ffca6850000 - 0x00007ffca689c000 	C:\Windows\System32\powrprof.dll
0x00007ffca7c10000 - 0x00007ffca7c62000 	C:\Windows\System32\shlwapi.dll
0x00007ffca6840000 - 0x00007ffca684f000 	C:\Windows\System32\kernel.appcore.dll
0x00007ffca6a70000 - 0x00007ffca6b19000 	C:\Windows\System32\shcore.dll
0x00007ffca6820000 - 0x00007ffca6834000 	C:\Windows\System32\profapi.dll
0x00007ffca6280000 - 0x00007ffca6297000 	C:\Windows\SYSTEM32\CRYPTSP.dll
0x00007ffca5cf0000 - 0x00007ffca5d23000 	C:\Windows\system32\rsaenh.dll
0x00007ffca6750000 - 0x00007ffca677b000 	C:\Windows\SYSTEM32\bcrypt.dll
0x00007ffca5f60000 - 0x00007ffca5f7f000 	C:\Windows\SYSTEM32\USERENV.dll
0x00007ffca62a0000 - 0x00007ffca62ab000 	C:\Windows\SYSTEM32\CRYPTBASE.dll
0x00000000544f0000 - 0x000000005450a000 	C:\Xilinx\SDK\2016.4\tps\win64\jre\bin\net.dll
0x00007ffca60e0000 - 0x00007ffca613c000 	C:\Windows\system32\mswsock.dll
0x00007ffca5e70000 - 0x00007ffca5ea8000 	C:\Windows\SYSTEM32\IPHLPAPI.DLL
0x00007ffcaa370000 - 0x00007ffcaa378000 	C:\Windows\System32\NSI.dll
0x00007ffca0f30000 - 0x00007ffca0f46000 	C:\Windows\SYSTEM32\dhcpcsvc6.DLL
0x00007ffca13e0000 - 0x00007ffca13fa000 	C:\Windows\SYSTEM32\dhcpcsvc.DLL
0x00000000544d0000 - 0x00000000544e1000 	C:\Xilinx\SDK\2016.4\tps\win64\jre\bin\nio.dll
0x00007ffc91cb0000 - 0x00007ffc91cc6000 	C:\Windows\system32\napinsp.dll
0x00007ffc91cd0000 - 0x00007ffc91cea000 	C:\Windows\system32\pnrpnsp.dll
0x00007ffca4430000 - 0x00007ffca4448000 	C:\Windows\system32\NLAapi.dll
0x00007ffca5eb0000 - 0x00007ffca5f50000 	C:\Windows\SYSTEM32\DNSAPI.dll
0x00007ffc91cf0000 - 0x00007ffc91cfe000 	C:\Windows\System32\winrnr.dll
0x00007ffc91d00000 - 0x00007ffc91d15000 	C:\Windows\System32\wshbth.dll
0x0000000056d40000 - 0x0000000056d66000 	C:\Program Files\Bonjour\mdnsNSP.dll
0x00007ffc9c000000 - 0x00007ffc9c00a000 	C:\Windows\System32\rasadhlp.dll
0x00007ffc9dac0000 - 0x00007ffc9db2a000 	C:\Windows\System32\fwpuclnt.dll
0x00000000174b0000 - 0x0000000017558000 	C:\Users\Luís Morais\.Xilinx\SDK\2016.4\org.eclipse.osgi\319\0\.cp\swt-win32-4527.dll
0x00007ffca7e30000 - 0x00007ffca7f67000 	C:\Windows\System32\ole32.dll
0x00007ffca7d30000 - 0x00007ffca7e2a000 	C:\Windows\System32\comdlg32.dll
0x00007ffca6d90000 - 0x00007ffca6f59000 	C:\Windows\System32\CRYPT32.dll
0x00007ffca6810000 - 0x00007ffca6820000 	C:\Windows\System32\MSASN1.dll
0x00007ffc7b2a0000 - 0x00007ffc7b325000 	C:\Windows\SYSTEM32\WINSPOOL.DRV
0x00007ffc92d80000 - 0x00007ffc92d99000 	C:\Windows\SYSTEM32\USP10.dll
0x00007ffc97fc0000 - 0x00007ffc98253000 	C:\Windows\SYSTEM32\WININET.dll
0x00007ffca42f0000 - 0x00007ffca4316000 	C:\Windows\system32\dwmapi.dll
0x00007ffca40a0000 - 0x00007ffca4225000 	C:\Windows\SYSTEM32\propsys.dll
0x00007ffca8080000 - 0x00007ffca811f000 	C:\Windows\System32\clbcatq.dll
0x0000000017720000 - 0x000000001773e000 	C:\Users\Luís Morais\.Xilinx\SDK\2016.4\org.eclipse.osgi\319\0\.cp\swt-gdip-win32-4527.dll
0x00007ffc97e20000 - 0x00007ffc97fba000 	C:\Windows\WinSxS\amd64_microsoft.windows.gdiplus_6595b64144ccf1df_1.1.14393.321_none_72fe05dd211a5fae\gdiplus.dll
0x00007ffca3a10000 - 0x00007ffca3bb8000 	C:\Windows\SYSTEM32\WindowsCodecs.dll
0x0000000180000000 - 0x0000000180012000 	C:\Users\Luís Morais\.Xilinx\SDK\2016.4\org.eclipse.osgi\133\0\.cp\os\win32\x86_64\localfile_1_0_0.dll
0x00007ffc8c7c0000 - 0x00007ffc8c825000 	C:\Windows\SYSTEM32\oleacc.dll
0x00007ffc945e0000 - 0x00007ffc945e7000 	C:\Windows\SYSTEM32\msimg32.dll
0x00007ffc929a0000 - 0x00007ffc929b1000 	C:\Users\Luís Morais\.Xilinx\SDK\2016.4\org.eclipse.osgi\136\0\.cp\jWinHttp-1.0.0.dll
0x00007ffc9dca0000 - 0x00007ffc9dd6d000 	C:\Windows\SYSTEM32\WINHTTP.dll
0x00007ffca4700000 - 0x00007ffca470f000 	C:\Xilinx\SDK\2016.4\lib\win64.o\librdi_repo_manager.dll
0x00007ffc87bc0000 - 0x00007ffc87bea000 	C:\Xilinx\SDK\2016.4\lib\win64.o\libisl_sysinfo.dll
0x00007ffc4f8b0000 - 0x00007ffc5035a000 	C:\Xilinx\SDK\2016.4\lib\win64.o\librdi_common.dll
0x00007ffc83b10000 - 0x00007ffc83b63000 	C:\Xilinx\SDK\2016.4\lib\win64.o\librdi_commonxillic.dll
0x00007ffc7d120000 - 0x00007ffc7d1c7000 	C:\Windows\SYSTEM32\MSVCP110.dll
0x00007ffc7d220000 - 0x00007ffc7d2f4000 	C:\Windows\SYSTEM32\MSVCR110.dll
0x00007ffc535d0000 - 0x00007ffc537c8000 	C:\Xilinx\SDK\2016.4\lib\win64.o\librdi_hsm.dll
0x00007ffc53260000 - 0x00007ffc535ce000 	C:\Xilinx\SDK\2016.4\lib\win64.o\libCOIN-all.dll
0x00007ffc9c810000 - 0x00007ffc9c820000 	C:\Xilinx\SDK\2016.4\lib\win64.o\libboost_date_time.dll
0x00007ffc52ad0000 - 0x00007ffc52cef000 	C:\Xilinx\SDK\2016.4\lib\win64.o\libXil_lmgr11.dll
0x00007ffca6a10000 - 0x00007ffca6a65000 	C:\Windows\System32\WINTRUST.dll
0x00007ffc87a20000 - 0x00007ffc87a44000 	C:\Xilinx\SDK\2016.4\lib\win64.o\libboost_filesystem.dll
0x00007ffc83a00000 - 0x00007ffc83b06000 	C:\Xilinx\SDK\2016.4\lib\win64.o\libboost_regex.dll
0x00007ffc7ad60000 - 0x00007ffc7add7000 	C:\Xilinx\SDK\2016.4\lib\win64.o\libboost_program_options.dll
0x00007ffc91c90000 - 0x00007ffc91cad000 	C:\Xilinx\SDK\2016.4\lib\win64.o\libboost_thread.dll
0x00007ffc967a0000 - 0x00007ffc967ab000 	C:\Xilinx\SDK\2016.4\lib\win64.o\libboost_xilinx.dll
0x00007ffc7a910000 - 0x00007ffc7a990000 	C:\Xilinx\SDK\2016.4\lib\win64.o\libhdlpsolve.dll
0x00007ffc799c0000 - 0x00007ffc79a5a000 	C:\Xilinx\SDK\2016.4\lib\win64.o\libhdxml.dll
0x00007ffc8fbb0000 - 0x00007ffc8fbc3000 	C:\Xilinx\SDK\2016.4\lib\win64.o\libboost_signals.dll
0x00007ffc4f4e0000 - 0x00007ffc4f8a9000 	C:\Xilinx\SDK\2016.4\lib\win64.o\libisl_iostreams.dll
0x00007ffc96780000 - 0x00007ffc96789000 	C:\Xilinx\SDK\2016.4\lib\win64.o\libboost_system.dll
0x00007ffc78010000 - 0x00007ffc78140000 	C:\Xilinx\SDK\2016.4\lib\win64.o\librdi_curl.dll
0x00007ffc877e0000 - 0x00007ffc877f8000 	C:\Xilinx\SDK\2016.4\lib\win64.o\librdiconfig.dll
0x00007ffc87310000 - 0x00007ffc87325000 	C:\Xilinx\SDK\2016.4\lib\win64.o\pthreadVC2.dll
0x00007ffc98a70000 - 0x00007ffc98c32000 	C:\Windows\SYSTEM32\urlmon.dll
0x0000000054570000 - 0x0000000054697000 	C:\Xilinx\SDK\2016.4\lib\win64.o\tcl85t.dll
0x0000000023390000 - 0x00000000235f3000 	C:\Xilinx\SDK\2016.4\lib\win64.o\xerces-c_3_1.dll
0x00007ffc967b0000 - 0x00007ffc967d3000 	C:\Windows\SYSTEM32\VCOMP110.DLL
0x00007ffc9c010000 - 0x00007ffc9c028000 	C:\Windows\SYSTEM32\NETAPI32.dll
0x00007ffc7e040000 - 0x00007ffc7e083000 	C:\Xilinx\SDK\2016.4\lib\win64.o\librdi_hdf.dll
0x00007ffc872f0000 - 0x00007ffc8730f000 	C:\Xilinx\SDK\2016.4\lib\win64.o\librdizlib.dll
0x00007ffc52680000 - 0x00007ffc52948000 	C:\Xilinx\SDK\2016.4\lib\win64.o\librdi_ippcw.dll
0x00007ffc96110000 - 0x00007ffc9611b000 	C:\Xilinx\SDK\2016.4\lib\win64.o\libboost_chrono.dll
0x00007ffc99510000 - 0x00007ffc997b3000 	C:\Windows\SYSTEM32\iertutil.dll
0x00007ffc84200000 - 0x00007ffc84216000 	C:\Xilinx\SDK\2016.4\lib\win64.o\libboost_iostreams.dll
0x00007ffc839d0000 - 0x00007ffc839f3000 	C:\Xilinx\SDK\2016.4\lib\win64.o\libisl_iosutils.dll
0x00007ffc8a8f0000 - 0x00007ffc8a932000 	C:\Windows\SYSTEM32\edputil.dll
0x00007ffc93660000 - 0x00007ffc9366a000 	C:\Xilinx\SDK\2016.4\lib\win64.o\librdi_jtag_settings.dll
0x00007ffc83350000 - 0x00007ffc83379000 	C:\Xilinx\SDK\2016.4\lib\win64.o\librdi_debug_dialog.dll
0x00007ffc928d0000 - 0x00007ffc928d8000 	C:\Xilinx\SDK\2016.4\lib\win64.o\librdi_target_manager.dll
0x00007ffc7e2d0000 - 0x00007ffc7e2e6000 	C:\Xilinx\SDK\2016.4\eclipse\win64.o\plugins\org.eclipse.cdt.core.win32.x86_64_5.4.0.201509131935\os\win32\x86_64\spawner.dll
0x0000000071080000 - 0x00000000710a6000 	C:\Xilinx\SDK\2016.4\eclipse\win64.o\plugins\gnu.io.rxtx.win32.x86_64_2.1.7.3_v20071015\os\win32\x86_64\rxtxSerial.dll
0x00007ffc43910000 - 0x00007ffc44120000 	C:\Xilinx\SDK\2016.4\lib\win64.o\libXil_lmgr11FNP.dll
0x00007ffca81d0000 - 0x00007ffca85f9000 	C:\Windows\System32\SETUPAPI.dll
0x00007ffc9f500000 - 0x00007ffc9f50c000 	C:\Windows\SYSTEM32\snmpapi.dll
0x00007ffca6480000 - 0x00007ffca64ac000 	C:\Windows\SYSTEM32\SspiCli.dll
0x00000000006f0000 - 0x00000000006f3000 	C:\Windows\SYSTEM32\icmp.Dll

VM Arguments:
jvm_args: -Dcom.xilinx.sdk.args.hwspec=C:/CR/Projeto/Task_53/Task_53.sdk/task_design_1_wrapper.hdf -Xms64m -Xmx512m & 
java_command: <unknown>
java_class_path (initial): C:\Xilinx\SDK\2016.4\eclipse\win64.o\\plugins/org.eclipse.equinox.launcher_1.3.100.v20150511-1540.jar
Launcher Type: generic

Environment Variables:
JAVA_HOME=C:\Program Files\Java\jre1.8.0_111
PATH=C:/Xilinx/SDK/2016.4/tps/win64/jre/bin/server;C:/Xilinx/SDK/2016.4/tps/win64/jre/bin;C:/Xilinx/SDK/2016.4/tps/win64/jre/lib/amd64;C:\Xilinx\SDK\2016.4\gnuwin\bin;C:\Xilinx\SDK\2016.4\gnu\microblaze\nt\bin;C:\Xilinx\SDK\2016.4\gnu\microblaze\linux_toolchain\nt64_le\bin;C:\Xilinx\SDK\2016.4\gnu\microblaze\linux_toolchain\nt64_be\bin;C:\Xilinx\SDK\2016.4\gnu\arm\nt\bin;C:\Xilinx\SDK\2016.4\gnu\aarch64\nt\aarch64-none\bin;C:\Xilinx\SDK\2016.4\gnu\aarch64\nt\aarch64-linux\bin;C:\Xilinx\SDK\2016.4\gnu\armr5\nt\gcc-arm-none-eabi\bin;C:\Xilinx\SDK\2016.4\gnu\aarch32\nt\gcc-arm-none-eabi\bin;C:\Xilinx\SDK\2016.4\gnu\aarch32\nt\gcc-arm-linux-gnueabi\bin;C:\Xilinx\SDK\2016.4\tps\win64\cmake-3.3.2\bin;;C:\Xilinx\SDK\2016.4\bin;C:\Xilinx\SDK\2016.4\lib\win64.o;C:\Xilinx\SDK\2016.4\tps\win64\jre\bin\server;C:\Xilinx\SDK\2016.4\tps\win64\jre\bin;C:\Xilinx\Vivado\2016.4\ids_lite\ISE\bin\nt64;C:\Xilinx\Vivado\2016.4\ids_lite\ISE\lib\nt64;C:\Xilinx\Vivado\2016.4\bin;C:\Xilinx\Vivado\2016.4\lib\win64.o;C:\Xilinx\Vivado\2016.4\tps\win64\jre\bin\server;C:\Xilinx\Vivado\2016.4\tps\win64\jre\bin;C:\Xilinx\Vivado_HLS\2016.4\bin;C:\Program Files (x86)\Parallels\Parallels Tools\Applications;C:\ProgramData\Oracle\Java\javapath;C:\Program Files (x86)\Intel\iCLS Client\;C:\Program Files\Intel\iCLS Client\;C:\Windows\system32;C:\Windows;C:\Windows\System32\Wbem;C:\Windows\System32\WindowsPowerShell\v1.0\;%JAVA_HOME%\bin;C:\Program Files\Java\jdk1.8.0_102\bin;C:\Users\Luís Morais\AppData\Local\Microsoft\WindowsApps;;C:\CR\Projeto\Task_53;
USERNAME=Luís Morais
OS=Windows_NT
PROCESSOR_IDENTIFIER=Intel64 Family 6 Model 61 Stepping 4, GenuineIntel



---------------  S Y S T E M  ---------------

OS: Windows 10.0 , 64 bit Build 14393 (10.0.14393.0)

CPU:total 4 (2 cores per cpu, 2 threads per core) family 6 model 61 stepping 4, cmov, cx8, fxsr, mmx, sse, sse2, sse3, ssse3, sse4.1, sse4.2, popcnt, avx, avx2, aes, clmul, erms, rtm, 3dnowpref, lzcnt, ht, tsc, tscinvbit, bmi1, bmi2, adx

Memory: 4k page, physical 8288680k(4052912k free), swap 8557092k(2739004k free)

vm_info: Java HotSpot(TM) 64-Bit Server VM (25.66-b18) for windows-amd64 JRE (1.8.0_66-b18), built on Nov  9 2015 10:51:13 by "java_re" with MS VC++ 10.0 (VS2010)

time: Wed Jun 07 00:31:32 2017
elapsed time: 771 seconds (0d 0h 12m 51s)

