#
# A fatal error has been detected by the Java Runtime Environment:
#
#  Internal Error (0xc000000d), pid=8320, tid=6272
#
# JRE version: Java(TM) SE Runtime Environment (8.0_66-b18) (build 1.8.0_66-b18)
# Java VM: Java HotSpot(TM) 64-Bit Server VM (25.66-b18 mixed mode windows-amd64 compressed oops)
# Problematic frame:
# C  [ntdll.dll+0xff44c]
#
# Failed to write core dump. Minidumps are not enabled by default on client versions of Windows
#
# If you would like to submit a bug report, please visit:
#   http://bugreport.java.com/bugreport/crash.jsp
#

---------------  T H R E A D  ---------------

Current thread (0x0000000013b87000):  VMThread [stack: 0x0000000014c20000,0x0000000014d20000] [id=6272]

siginfo: ExceptionCode=0xc000000d

Registers:
RAX=0x0000000000000000, RBX=0xfffffffffffffffe, RCX=0x0000000000000000, RDX=0x0000000000000000
RSP=0x0000000014d1f270, RBP=0x00007ffc7d227408, RSI=0x0000000000000000, RDI=0x0000000000000f84
R8 =0x0000000000000000, R9 =0x0000000000020000, R10=0x0000000014d1ed50, R11=0x0000000014d1ed50
R12=0x0000000022412800, R13=0x000000002246bca0, R14=0x0000000022412908, R15=0x0000000014d1f3e8
RIP=0x00007ffcaa4af44c, EFLAGS=0x0000000000000206

Top of Stack: (sp=0x0000000014d1f270)
0x0000000014d1f270:   0000000000000057 fffffffffffffffe
0x0000000014d1f280:   0000000000000000 0000000000000f84
0x0000000014d1f290:   00000000c000000d 0000000000000000
0x0000000014d1f2a0:   00007ffcaa4af44c 0000000000000000
0x0000000014d1f2b0:   0000000000000000 0000000000000000
0x0000000014d1f2c0:   0000000000000000 0000000000000000
0x0000000014d1f2d0:   0000000000000000 0000000000000000
0x0000000014d1f2e0:   0000000000000000 0000000000000000
0x0000000014d1f2f0:   0000000000000000 0000000000000000
0x0000000014d1f300:   0000000000000000 0000000000000000
0x0000000014d1f310:   0000000000000000 0000000000000000
0x0000000014d1f320:   0000000000000000 0000000000000000
0x0000000014d1f330:   0000e0a9407b86db 0000000000000000
0x0000000014d1f340:   0000000900000020 00007ffcaa47150d
0x0000000014d1f350:   0000000900000000 0000000000000000
0x0000000014d1f360:   004e005200450001 00320033004c0000 

Instructions: (pc=0x00007ffcaa4af44c)
0x00007ffcaa4af42c:   d5 fa ff c7 44 24 20 0d 00 00 c0 b9 57 00 00 00
0x00007ffcaa4af43c:   e8 7f 13 f6 ff 90 48 8d 4c 24 20 e8 04 bf f4 ff
0x00007ffcaa4af44c:   eb 00 48 8b 8c 24 c0 00 00 00 48 33 cc e8 82 74
0x00007ffcaa4af45c:   f9 ff 48 81 c4 d8 00 00 00 c3 40 55 48 83 ec 20 


Register to memory mapping:

RAX=0x0000000000000000 is an unknown value
RBX=0xfffffffffffffffe is an unknown value
RCX=0x0000000000000000 is an unknown value
RDX=0x0000000000000000 is an unknown value
RSP=0x0000000014d1f270 is an unknown value
RBP=0x00007ffc7d227408 is an unknown value
RSI=0x0000000000000000 is an unknown value
RDI=0x0000000000000f84 is an unknown value
R8 =0x0000000000000000 is an unknown value
R9 =0x0000000000020000 is an unknown value
R10=0x0000000014d1ed50 is an unknown value
R11=0x0000000014d1ed50 is an unknown value
R12=0x0000000022412800 is an unknown value
R13=0x000000002246bca0 is an unknown value
R14=0x0000000022412908 is an unknown value
R15=0x0000000014d1f3e8 is an unknown value


Stack: [0x0000000014c20000,0x0000000014d20000],  sp=0x0000000014d1f270,  free space=1020k
Native frames: (J=compiled Java code, j=interpreted, Vv=VM code, C=native code)
C  [ntdll.dll+0xff44c]
C  [ntdll.dll+0xc150d]
C  [KERNEL32.DLL+0x1fbba]
C  [MSVCR110.dll+0x752d]
C  [MSVCR110.dll+0x73c6]
C  [MSVCR110.dll+0x14cca]
C  [MSVCR110.dll+0x13edc]
C  [MSVCR110.dll+0x239e]
C  [MSVCR110.dll+0xaf9e]
C  [MSVCP110.dll+0x397b9]
C  [librdi_common.dll+0x183a66]
C  [librdi_common.dll+0x1826fb]
C  [librdi_target_manager.dll+0x2400]
C  [librdi_target_manager.dll+0x2682]
C  [ntdll.dll+0x2a35f]
C  [ntdll.dll+0x806b]
C  [ntdll.dll+0x7d94]
C  [KERNEL32.DLL+0x1ce6a]
C  [MSVCR100.dll+0x20ccd]
V  [jvm.dll+0x210cc5]
V  [jvm.dll+0x249897]
V  [jvm.dll+0x248b36]
V  [jvm.dll+0x248fd1]
V  [jvm.dll+0x2491ee]
V  [jvm.dll+0x29a0fa]
C  [MSVCR100.dll+0x21d9f]
C  [MSVCR100.dll+0x21e3b]
C  [KERNEL32.DLL+0x8364]
C  [ntdll.dll+0x670d1]

VM_Operation (0x000000000014f4c0): Exit, mode: safepoint, requested by thread 0x000000000265e000


---------------  P R O C E S S  ---------------

Java Threads: ( => current thread )
  0x000000001e068800 JavaThread "Thread-1" [_thread_blocked, id=6316, stack(0x000000004c0d0000,0x000000004c1d0000)]
  0x00000000196b1800 JavaThread "pool-2-thread-10" [_thread_blocked, id=9844, stack(0x0000000046ad0000,0x0000000046bd0000)]
  0x00000000196b0000 JavaThread "pool-2-thread-9" [_thread_blocked, id=8688, stack(0x0000000045cd0000,0x0000000045dd0000)]
  0x00000000196b4800 JavaThread "pool-2-thread-8" [_thread_blocked, id=2060, stack(0x0000000044dd0000,0x0000000044ed0000)]
  0x00000000196ae800 JavaThread "pool-2-thread-7" [_thread_blocked, id=9832, stack(0x0000000040cd0000,0x0000000040dd0000)]
  0x00000000196b2800 JavaThread "pool-2-thread-6" [_thread_blocked, id=6704, stack(0x000000003f7d0000,0x000000003f8d0000)]
  0x00000000196ae000 JavaThread "pool-2-thread-5" [_thread_blocked, id=9108, stack(0x000000003e3d0000,0x000000003e4d0000)]
  0x000000001fad0800 JavaThread "pool-2-thread-4" [_thread_blocked, id=2596, stack(0x000000003cfd0000,0x000000003d0d0000)]
  0x0000000016cec000 JavaThread "pool-2-thread-3" [_thread_blocked, id=4704, stack(0x00000000351d0000,0x00000000352d0000)]
  0x000000001e06b800 JavaThread "pool-2-thread-2" [_thread_blocked, id=4024, stack(0x00000000321d0000,0x00000000322d0000)]
  0x000000001fac2000 JavaThread "pool-2-thread-1" [_thread_blocked, id=5596, stack(0x000000002b0d0000,0x000000002b1d0000)]
  0x000000001fac8000 JavaThread "Thread-37" daemon [_thread_blocked, id=2380, stack(0x00000000279d0000,0x0000000027ad0000)]
  0x000000001e071000 JavaThread "TCF Channel Transmitter" daemon [_thread_blocked, id=4272, stack(0x0000000025fd0000,0x00000000260d0000)]
  0x000000001e06e800 JavaThread "TCF Channel Receiver" daemon [_thread_in_native, id=288, stack(0x0000000025ed0000,0x0000000025fd0000)]
  0x000000001e06f800 JavaThread "Process monitor" daemon [_thread_in_native, id=9048, stack(0x0000000023850000,0x0000000023950000)]
  0x000000001e071800 JavaThread "Input Stream Monitor" daemon [_thread_blocked, id=1136, stack(0x0000000023650000,0x0000000023750000)]
  0x000000001e066800 JavaThread "Output Stream Monitor" daemon [_thread_in_native, id=6224, stack(0x0000000023550000,0x0000000023650000)]
  0x000000001e06d000 JavaThread "Output Stream Monitor" daemon [_thread_in_native, id=9888, stack(0x0000000022f80000,0x0000000023080000)]
  0x000000001e063800 JavaThread "TCF Locator DNS Lookup" daemon [_thread_blocked, id=2860, stack(0x0000000021470000,0x0000000021570000)]
  0x000000001e068000 JavaThread "TCF Locator Timer" daemon [_thread_blocked, id=7096, stack(0x0000000021370000,0x0000000021470000)]
  0x000000001e067000 JavaThread "TCF Locator Receiver" daemon [_thread_in_native, id=6632, stack(0x0000000021270000,0x0000000021370000)]
  0x000000001e06a000 JavaThread "TCF Timer Dispatcher" daemon [_thread_blocked, id=5936, stack(0x0000000021070000,0x0000000021170000)]
  0x0000000016cea800 JavaThread "EMF Reference Cleaner" daemon [_thread_blocked, id=3392, stack(0x0000000018400000,0x0000000018500000)]
  0x0000000015548800 JavaThread "Service Thread" daemon [_thread_blocked, id=6324, stack(0x0000000015910000,0x0000000015a10000)]
  0x0000000013bc4800 JavaThread "C1 CompilerThread2" daemon [_thread_blocked, id=9812, stack(0x0000000015410000,0x0000000015510000)]
  0x0000000013bc1800 JavaThread "C2 CompilerThread1" daemon [_thread_blocked, id=5776, stack(0x0000000015310000,0x0000000015410000)]
  0x0000000013bbd800 JavaThread "C2 CompilerThread0" daemon [_thread_blocked, id=4656, stack(0x0000000015210000,0x0000000015310000)]
  0x0000000013bbb800 JavaThread "Attach Listener" daemon [_thread_blocked, id=1108, stack(0x0000000015110000,0x0000000015210000)]
  0x0000000013bba800 JavaThread "Signal Dispatcher" daemon [_thread_blocked, id=5212, stack(0x0000000015010000,0x0000000015110000)]
  0x0000000002756800 JavaThread "Finalizer" daemon [_thread_blocked, id=7580, stack(0x0000000014e20000,0x0000000014f20000)]
  0x0000000013b88800 JavaThread "Reference Handler" daemon [_thread_blocked, id=2768, stack(0x0000000014d20000,0x0000000014e20000)]
  0x000000000265e000 JavaThread "main" [_thread_blocked, id=8204, stack(0x0000000000050000,0x0000000000150000)]

Other Threads:
=>0x0000000013b87000 VMThread [stack: 0x0000000014c20000,0x0000000014d20000] [id=6272]

VM state:at safepoint (shutting down)

VM Mutex/Monitor currently owned by a thread:  ([mutex/lock_event])
[0x000000000265d890] Threads_lock - owner thread: 0x0000000013b87000

Heap:
 PSYoungGen      total 153600K, used 62695K [0x00000000f5580000, 0x00000000ff880000, 0x0000000100000000)
  eden space 141312K, 44% used [0x00000000f5580000,0x00000000f92b9e78,0x00000000fdf80000)
  from space 12288K, 0% used [0x00000000fec80000,0x00000000fec80000,0x00000000ff880000)
  to   space 12800K, 0% used [0x00000000fdf80000,0x00000000fdf80000,0x00000000fec00000)
 ParOldGen       total 108032K, used 48826K [0x00000000e0000000, 0x00000000e6980000, 0x00000000f5580000)
  object space 108032K, 45% used [0x00000000e0000000,0x00000000e2fae8e8,0x00000000e6980000)
 Metaspace       used 92135K, capacity 99980K, committed 100184K, reserved 1136640K
  class space    used 10750K, capacity 13079K, committed 13144K, reserved 1048576K

Card table byte_map: [0x0000000011b60000,0x0000000011c70000] byte_map_base: 0x0000000011460000

Marking Bits: (ParMarkBitMap*) 0x0000000054eaa5b0
 Begin Bits: [0x0000000012120000, 0x0000000012920000)
 End Bits:   [0x0000000012920000, 0x0000000013120000)

Polling page: 0x0000000000570000

CodeCache: size=245760Kb used=52169Kb max_used=52208Kb free=193590Kb
 bounds [0x00000000027a0000, 0x0000000005b00000, 0x00000000117a0000]
 total_blobs=14512 nmethods=13606 adapters=812
 compilation: enabled

Compilation events (10 events):
Event: 1509.619 Thread 0x0000000013bc4800 16911       3       org.eclipse.osgi.internal.container.AtomicLazyInitializer::getAndClear (9 bytes)
Event: 1509.619 Thread 0x0000000013bc4800 nmethod 16911 0x0000000003aaf3d0 code [0x0000000003aaf540, 0x0000000003aaf790]
Event: 1509.619 Thread 0x0000000013bc4800 16917   !   3       org.eclipse.osgi.storage.BundleInfo$Generation::clearManifestCache (30 bytes)
Event: 1509.620 Thread 0x0000000013bc4800 nmethod 16917 0x0000000003aae910 code [0x0000000003aaeaa0, 0x0000000003aaf0e8]
Event: 1509.620 Thread 0x0000000013bc4800 16912       3       java.util.concurrent.atomic.AtomicReference::getAndSet (12 bytes)
Event: 1509.620 Thread 0x0000000013bc4800 nmethod 16912 0x0000000003d9b010 code [0x0000000003d9b160, 0x0000000003d9b2d0]
Event: 1509.620 Thread 0x0000000013bc4800 16913       3       sun.misc.Unsafe::getAndSetObject (24 bytes)
Event: 1509.620 Thread 0x0000000013bc4800 nmethod 16913 0x0000000005aed710 code [0x0000000005aed880, 0x0000000005aeda90]
Event: 1509.620 Thread 0x0000000013bc4800 16914       3       org.eclipse.osgi.internal.framework.EquinoxContainerAdaptor::invalidateWiring (186 bytes)
Event: 1509.623 Thread 0x0000000013bc4800 nmethod 16914 0x0000000003aaa450 code [0x0000000003aaa820, 0x0000000003aad198]

GC Heap History (10 events):
Event: 1354.662 GC heap before
{Heap before GC invocations=56 (full 24):
 PSYoungGen      total 154112K, used 1735K [0x00000000f5580000, 0x00000000ffa80000, 0x0000000100000000)
  eden space 141312K, 0% used [0x00000000f5580000,0x00000000f5580000,0x00000000fdf80000)
  from space 12800K, 13% used [0x00000000fee00000,0x00000000fefb1c60,0x00000000ffa80000)
  to   space 13824K, 0% used [0x00000000fdf80000,0x00000000fdf80000,0x00000000fed00000)
 ParOldGen       total 108032K, used 50752K [0x00000000e0000000, 0x00000000e6980000, 0x00000000f5580000)
  object space 108032K, 46% used [0x00000000e0000000,0x00000000e31903a8,0x00000000e6980000)
 Metaspace       used 91048K, capacity 98684K, committed 98776K, reserved 1134592K
  class space    used 10634K, capacity 12949K, committed 13016K, reserved 1048576K
Event: 1354.878 GC heap after
Heap after GC invocations=56 (full 24):
 PSYoungGen      total 154112K, used 0K [0x00000000f5580000, 0x00000000ffa80000, 0x0000000100000000)
  eden space 141312K, 0% used [0x00000000f5580000,0x00000000f5580000,0x00000000fdf80000)
  from space 12800K, 0% used [0x00000000fee00000,0x00000000fee00000,0x00000000ffa80000)
  to   space 13824K, 0% used [0x00000000fdf80000,0x00000000fdf80000,0x00000000fed00000)
 ParOldGen       total 108032K, used 49916K [0x00000000e0000000, 0x00000000e6980000, 0x00000000f5580000)
  object space 108032K, 46% used [0x00000000e0000000,0x00000000e30bf2a0,0x00000000e6980000)
 Metaspace       used 91048K, capacity 98684K, committed 98776K, reserved 1134592K
  class space    used 10634K, capacity 12949K, committed 13016K, reserved 1048576K
}
Event: 1418.360 GC heap before
{Heap before GC invocations=57 (full 24):
 PSYoungGen      total 154112K, used 50825K [0x00000000f5580000, 0x00000000ffa80000, 0x0000000100000000)
  eden space 141312K, 35% used [0x00000000f5580000,0x00000000f8722640,0x00000000fdf80000)
  from space 12800K, 0% used [0x00000000fee00000,0x00000000fee00000,0x00000000ffa80000)
  to   space 13824K, 0% used [0x00000000fdf80000,0x00000000fdf80000,0x00000000fed00000)
 ParOldGen       total 108032K, used 49916K [0x00000000e0000000, 0x00000000e6980000, 0x00000000f5580000)
  object space 108032K, 46% used [0x00000000e0000000,0x00000000e30bf2a0,0x00000000e6980000)
 Metaspace       used 91127K, capacity 98940K, committed 99032K, reserved 1134592K
  class space    used 10634K, capacity 12949K, committed 13016K, reserved 1048576K
Event: 1418.369 GC heap after
Heap after GC invocations=57 (full 24):
 PSYoungGen      total 142336K, used 967K [0x00000000f5580000, 0x00000000ff980000, 0x0000000100000000)
  eden space 141312K, 0% used [0x00000000f5580000,0x00000000f5580000,0x00000000fdf80000)
  from space 1024K, 94% used [0x00000000fdf80000,0x00000000fe071c60,0x00000000fe080000)
  to   space 13312K, 0% used [0x00000000fec80000,0x00000000fec80000,0x00000000ff980000)
 ParOldGen       total 108032K, used 49924K [0x00000000e0000000, 0x00000000e6980000, 0x00000000f5580000)
  object space 108032K, 46% used [0x00000000e0000000,0x00000000e30c12a0,0x00000000e6980000)
 Metaspace       used 91127K, capacity 98940K, committed 99032K, reserved 1134592K
  class space    used 10634K, capacity 12949K, committed 13016K, reserved 1048576K
}
Event: 1418.370 GC heap before
{Heap before GC invocations=58 (full 25):
 PSYoungGen      total 142336K, used 967K [0x00000000f5580000, 0x00000000ff980000, 0x0000000100000000)
  eden space 141312K, 0% used [0x00000000f5580000,0x00000000f5580000,0x00000000fdf80000)
  from space 1024K, 94% used [0x00000000fdf80000,0x00000000fe071c60,0x00000000fe080000)
  to   space 13312K, 0% used [0x00000000fec80000,0x00000000fec80000,0x00000000ff980000)
 ParOldGen       total 108032K, used 49924K [0x00000000e0000000, 0x00000000e6980000, 0x00000000f5580000)
  object space 108032K, 46% used [0x00000000e0000000,0x00000000e30c12a0,0x00000000e6980000)
 Metaspace       used 91127K, capacity 98940K, committed 99032K, reserved 1134592K
  class space    used 10634K, capacity 12949K, committed 13016K, reserved 1048576K
Event: 1418.584 GC heap after
Heap after GC invocations=58 (full 25):
 PSYoungGen      total 142336K, used 0K [0x00000000f5580000, 0x00000000ff980000, 0x0000000100000000)
  eden space 141312K, 0% used [0x00000000f5580000,0x00000000f5580000,0x00000000fdf80000)
  from space 1024K, 0% used [0x00000000fdf80000,0x00000000fdf80000,0x00000000fe080000)
  to   space 13312K, 0% used [0x00000000fec80000,0x00000000fec80000,0x00000000ff980000)
 ParOldGen       total 108032K, used 49352K [0x00000000e0000000, 0x00000000e6980000, 0x00000000f5580000)
  object space 108032K, 45% used [0x00000000e0000000,0x00000000e3032020,0x00000000e6980000)
 Metaspace       used 91127K, capacity 98940K, committed 99032K, reserved 1134592K
  class space    used 10634K, capacity 12949K, committed 13016K, reserved 1048576K
}
Event: 1478.372 GC heap before
{Heap before GC invocations=59 (full 25):
 PSYoungGen      total 142336K, used 2763K [0x00000000f5580000, 0x00000000ff980000, 0x0000000100000000)
  eden space 141312K, 1% used [0x00000000f5580000,0x00000000f5832e20,0x00000000fdf80000)
  from space 1024K, 0% used [0x00000000fdf80000,0x00000000fdf80000,0x00000000fe080000)
  to   space 13312K, 0% used [0x00000000fec80000,0x00000000fec80000,0x00000000ff980000)
 ParOldGen       total 108032K, used 49352K [0x00000000e0000000, 0x00000000e6980000, 0x00000000f5580000)
  object space 108032K, 45% used [0x00000000e0000000,0x00000000e3032020,0x00000000e6980000)
 Metaspace       used 91129K, capacity 98940K, committed 99032K, reserved 1134592K
  class space    used 10634K, capacity 12949K, committed 13016K, reserved 1048576K
Event: 1478.378 GC heap after
Heap after GC invocations=59 (full 25):
 PSYoungGen      total 153600K, used 224K [0x00000000f5580000, 0x00000000ff880000, 0x0000000100000000)
  eden space 141312K, 0% used [0x00000000f5580000,0x00000000f5580000,0x00000000fdf80000)
  from space 12288K, 1% used [0x00000000fec80000,0x00000000fecb8000,0x00000000ff880000)
  to   space 12800K, 0% used [0x00000000fdf80000,0x00000000fdf80000,0x00000000fec00000)
 ParOldGen       total 108032K, used 49352K [0x00000000e0000000, 0x00000000e6980000, 0x00000000f5580000)
  object space 108032K, 45% used [0x00000000e0000000,0x00000000e3032020,0x00000000e6980000)
 Metaspace       used 91129K, capacity 98940K, committed 99032K, reserved 1134592K
  class space    used 10634K, capacity 12949K, committed 13016K, reserved 1048576K
}
Event: 1478.378 GC heap before
{Heap before GC invocations=60 (full 26):
 PSYoungGen      total 153600K, used 224K [0x00000000f5580000, 0x00000000ff880000, 0x0000000100000000)
  eden space 141312K, 0% used [0x00000000f5580000,0x00000000f5580000,0x00000000fdf80000)
  from space 12288K, 1% used [0x00000000fec80000,0x00000000fecb8000,0x00000000ff880000)
  to   space 12800K, 0% used [0x00000000fdf80000,0x00000000fdf80000,0x00000000fec00000)
 ParOldGen       total 108032K, used 49352K [0x00000000e0000000, 0x00000000e6980000, 0x00000000f5580000)
  object space 108032K, 45% used [0x00000000e0000000,0x00000000e3032020,0x00000000e6980000)
 Metaspace       used 91129K, capacity 98940K, committed 99032K, reserved 1134592K
  class space    used 10634K, capacity 12949K, committed 13016K, reserved 1048576K
Event: 1478.563 GC heap after
Heap after GC invocations=60 (full 26):
 PSYoungGen      total 153600K, used 0K [0x00000000f5580000, 0x00000000ff880000, 0x0000000100000000)
  eden space 141312K, 0% used [0x00000000f5580000,0x00000000f5580000,0x00000000fdf80000)
  from space 12288K, 0% used [0x00000000fec80000,0x00000000fec80000,0x00000000ff880000)
  to   space 12800K, 0% used [0x00000000fdf80000,0x00000000fdf80000,0x00000000fec00000)
 ParOldGen       total 108032K, used 48826K [0x00000000e0000000, 0x00000000e6980000, 0x00000000f5580000)
  object space 108032K, 45% used [0x00000000e0000000,0x00000000e2fae8e8,0x00000000e6980000)
 Metaspace       used 91125K, capacity 98934K, committed 99032K, reserved 1134592K
  class space    used 10633K, capacity 12948K, committed 13016K, reserved 1048576K
}

Deoptimization events (10 events):
Event: 1509.518 Thread 0x000000001e065800 Uncommon trap: reason=class_check action=maybe_recompile pc=0x0000000005771bac method=org.eclipse.swt.widgets.Display.asyncExec(Ljava/lang/Runnable;)V @ 23
Event: 1509.519 Thread 0x00000000196b4000 Uncommon trap: reason=unstable_if action=reinterpret pc=0x0000000002f9e168 method=org.eclipse.core.internal.jobs.JobManager.startJob(Lorg/eclipse/core/internal/jobs/Worker;)Lorg/eclipse/core/runtime/jobs/Job; @ 20
Event: 1509.559 Thread 0x0000000016cee800 Uncommon trap: reason=unstable_if action=reinterpret pc=0x000000000333ba40 method=org.eclipse.osgi.internal.framework.BundleContextImpl.dispatchEvent(Ljava/lang/Object;Ljava/lang/Object;ILjava/lang/Object;)V @ 16
Event: 1509.588 Thread 0x00000000196b4000 Uncommon trap: reason=unstable_if action=reinterpret pc=0x00000000058c3ee4 method=org.eclipse.core.internal.jobs.WorkerPool.startJob(Lorg/eclipse/core/internal/jobs/Worker;)Lorg/eclipse/core/internal/jobs/InternalJob; @ 177
Event: 1509.588 Thread 0x000000001e06e000 Uncommon trap: reason=unstable_if action=reinterpret pc=0x00000000058c3ee4 method=org.eclipse.core.internal.jobs.WorkerPool.startJob(Lorg/eclipse/core/internal/jobs/Worker;)Lorg/eclipse/core/internal/jobs/InternalJob; @ 177
Event: 1509.588 Thread 0x00000000196b1000 Uncommon trap: reason=unstable_if action=reinterpret pc=0x00000000058c3ee4 method=org.eclipse.core.internal.jobs.WorkerPool.startJob(Lorg/eclipse/core/internal/jobs/Worker;)Lorg/eclipse/core/internal/jobs/InternalJob; @ 177
Event: 1509.588 Thread 0x000000001facc000 Uncommon trap: reason=unstable_if action=reinterpret pc=0x00000000058c3ee4 method=org.eclipse.core.internal.jobs.WorkerPool.startJob(Lorg/eclipse/core/internal/jobs/Worker;)Lorg/eclipse/core/internal/jobs/InternalJob; @ 177
Event: 1509.589 Thread 0x000000001facf000 Uncommon trap: reason=unstable_if action=reinterpret pc=0x00000000058c3ee4 method=org.eclipse.core.internal.jobs.WorkerPool.startJob(Lorg/eclipse/core/internal/jobs/Worker;)Lorg/eclipse/core/internal/jobs/InternalJob; @ 177
Event: 1509.589 Thread 0x000000001fac9000 Uncommon trap: reason=unstable_if action=reinterpret pc=0x00000000058c3ee4 method=org.eclipse.core.internal.jobs.WorkerPool.startJob(Lorg/eclipse/core/internal/jobs/Worker;)Lorg/eclipse/core/internal/jobs/InternalJob; @ 177
Event: 1509.590 Thread 0x0000000016ceb800 Uncommon trap: reason=unstable_if action=reinterpret pc=0x00000000058c3ee4 method=org.eclipse.core.internal.jobs.WorkerPool.startJob(Lorg/eclipse/core/internal/jobs/Worker;)Lorg/eclipse/core/internal/jobs/InternalJob; @ 177

Internal exceptions (10 events):
Event: 1508.821 Thread 0x000000000265e000 Exception <a 'java/io/FileNotFoundException'> (0x00000000f86ef180) thrown at [C:\re\workspace\8-2-build-windows-amd64-cygwin\jdk8u66\5298\hotspot\src\share\vm\prims\jni.cpp, line 709]
Event: 1508.822 Thread 0x000000000265e000 Exception <a 'java/io/FileNotFoundException'> (0x00000000f86f0da8) thrown at [C:\re\workspace\8-2-build-windows-amd64-cygwin\jdk8u66\5298\hotspot\src\share\vm\prims\jni.cpp, line 709]
Event: 1508.822 Thread 0x000000000265e000 Exception <a 'java/io/FileNotFoundException'> (0x00000000f86f2990) thrown at [C:\re\workspace\8-2-build-windows-amd64-cygwin\jdk8u66\5298\hotspot\src\share\vm\prims\jni.cpp, line 709]
Event: 1508.822 Thread 0x000000000265e000 Exception <a 'java/io/FileNotFoundException'> (0x00000000f86f4578) thrown at [C:\re\workspace\8-2-build-windows-amd64-cygwin\jdk8u66\5298\hotspot\src\share\vm\prims\jni.cpp, line 709]
Event: 1508.822 Thread 0x000000000265e000 Exception <a 'java/io/FileNotFoundException'> (0x00000000f86f62a0) thrown at [C:\re\workspace\8-2-build-windows-amd64-cygwin\jdk8u66\5298\hotspot\src\share\vm\prims\jni.cpp, line 709]
Event: 1508.906 Thread 0x000000001fac7800 Exception <a 'java/lang/InterruptedException'> (0x00000000f8bb5fc8) thrown at [C:\re\workspace\8-2-build-windows-amd64-cygwin\jdk8u66\5298\hotspot\src\share\vm\runtime\objectMonitor.cpp, line 1683]
Event: 1509.586 Thread 0x000000001e064000 Exception <a 'java/lang/InterruptedException'> (0x00000000f87c4a08) thrown at [C:\re\workspace\8-2-build-windows-amd64-cygwin\jdk8u66\5298\hotspot\src\share\vm\runtime\objectMonitor.cpp, line 1683]
Event: 1509.612 Thread 0x0000000016cee800 Exception <a 'java/lang/InterruptedException'> (0x00000000f8f467b8) thrown at [C:\re\workspace\8-2-build-windows-amd64-cygwin\jdk8u66\5298\hotspot\src\share\vm\runtime\objectMonitor.cpp, line 1683]
Event: 1509.616 Thread 0x000000001e068800 Exception <a 'java/lang/InterruptedException'> (0x00000000f7d605c8) thrown at [C:\re\workspace\8-2-build-windows-amd64-cygwin\jdk8u66\5298\hotspot\src\share\vm\runtime\objectMonitor.cpp, line 1683]
Event: 1509.619 Thread 0x0000000016cf0800 Exception <a 'java/lang/InterruptedException'> (0x00000000f91d24d0) thrown at [C:\re\workspace\8-2-build-windows-amd64-cygwin\jdk8u66\5298\hotspot\src\share\vm\runtime\objectMonitor.cpp, line 1683]

Events (10 events):
Event: 1509.620 loading class java/util/IdentityHashMap$IdentityHashMapIterator
Event: 1509.620 loading class java/util/IdentityHashMap$IdentityHashMapIterator done
Event: 1509.620 loading class java/util/IdentityHashMap$KeyIterator done
Event: 1509.621 Thread 0x000000001e068800 Thread added: 0x000000001e068800
Event: 1509.622 Executing VM operation: RevokeBias
Event: 1509.622 Executing VM operation: RevokeBias done
Event: 1509.622 Executing VM operation: RevokeBias
Event: 1509.622 Executing VM operation: RevokeBias done
Event: 1509.623 Thread 0x0000000013bc4800 flushing nmethod 0x000000000294da10
Event: 1509.624 Executing VM operation: Exit


Dynamic libraries:
0x0000000000400000 - 0x000000000044f000 	C:\Xilinx\SDK\2016.4\eclipse\win64.o\eclipse.exe
0x00007ffcaa3b0000 - 0x00007ffcaa581000 	C:\Windows\SYSTEM32\ntdll.dll
0x00007ffca8120000 - 0x00007ffca81cb000 	C:\Windows\System32\KERNEL32.DLL
0x00007ffca6b20000 - 0x00007ffca6d3d000 	C:\Windows\System32\KERNELBASE.dll
0x00007ffca87a0000 - 0x00007ffca8905000 	C:\Windows\System32\USER32.dll
0x00007ffca6f60000 - 0x00007ffca6f7e000 	C:\Windows\System32\win32u.dll
0x00007ffca8ba0000 - 0x00007ffca8bd4000 	C:\Windows\System32\GDI32.dll
0x00007ffca7700000 - 0x00007ffca7882000 	C:\Windows\System32\gdi32full.dll
0x00007ffcaa120000 - 0x00007ffcaa1be000 	C:\Windows\System32\msvcrt.dll
0x00007ffc9b060000 - 0x00007ffc9b2d9000 	C:\Windows\WinSxS\amd64_microsoft.windows.common-controls_6595b64144ccf1df_6.0.14393.447_none_42191651c6827bb3\COMCTL32.dll
0x00007ffca7940000 - 0x00007ffca7c08000 	C:\Windows\System32\combase.dll
0x00007ffca6910000 - 0x00007ffca6a05000 	C:\Windows\System32\ucrtbase.dll
0x00007ffcaa1d0000 - 0x00007ffcaa2f1000 	C:\Windows\System32\RPCRT4.dll
0x00007ffca68a0000 - 0x00007ffca690a000 	C:\Windows\System32\bcryptPrimitives.dll
0x00007ffcaa380000 - 0x00007ffcaa3ae000 	C:\Windows\System32\IMM32.DLL
0x0000000072000000 - 0x0000000072012000 	C:\Xilinx\SDK\2016.4\eclipse\win64.o\plugins\org.eclipse.equinox.launcher.win32.win32.x86_64_1.1.300.v20150602-1417\eclipse_1611.dll
0x00007ffca7fd0000 - 0x00007ffca8072000 	C:\Windows\System32\ADVAPI32.dll
0x00007ffca7f70000 - 0x00007ffca7fc9000 	C:\Windows\System32\sechost.dll
0x00007ffc96e90000 - 0x00007ffc96e9a000 	C:\Windows\SYSTEM32\VERSION.dll
0x00007ffca4fa0000 - 0x00007ffca5035000 	C:\Windows\system32\uxtheme.dll
0x00007ffca8910000 - 0x00007ffca8a6b000 	C:\Windows\System32\MSCTF.dll
0x00007ffca8a70000 - 0x00007ffca8b2f000 	C:\Windows\System32\OLEAUT32.dll
0x00007ffca7660000 - 0x00007ffca76fc000 	C:\Windows\System32\msvcp_win.dll
0x00000000546a0000 - 0x0000000054f29000 	C:\Xilinx\SDK\2016.4\tps\win64\jre\bin\server\jvm.dll
0x00007ffcaa0f0000 - 0x00007ffcaa0f8000 	C:\Windows\System32\PSAPI.DLL
0x00007ffc88ae0000 - 0x00007ffc88ae9000 	C:\Windows\SYSTEM32\WSOCK32.dll
0x00007ffca4690000 - 0x00007ffca46b3000 	C:\Windows\SYSTEM32\WINMM.dll
0x0000000055330000 - 0x0000000055402000 	C:\Windows\SYSTEM32\MSVCR100.dll
0x00007ffca8b30000 - 0x00007ffca8b9a000 	C:\Windows\System32\WS2_32.dll
0x0000000000520000 - 0x000000000054b000 	C:\Windows\SYSTEM32\WINMMBASE.dll
0x00007ffca6d40000 - 0x00007ffca6d82000 	C:\Windows\System32\cfgmgr32.dll
0x0000000054560000 - 0x000000005456f000 	C:\Xilinx\SDK\2016.4\tps\win64\jre\bin\verify.dll
0x0000000054530000 - 0x0000000054559000 	C:\Xilinx\SDK\2016.4\tps\win64\jre\bin\java.dll
0x0000000054510000 - 0x0000000054526000 	C:\Xilinx\SDK\2016.4\tps\win64\jre\bin\zip.dll
0x00007ffca8be0000 - 0x00007ffcaa0e9000 	C:\Windows\System32\SHELL32.dll
0x00007ffca6f80000 - 0x00007ffca765a000 	C:\Windows\System32\windows.storage.dll
0x00007ffca6850000 - 0x00007ffca689c000 	C:\Windows\System32\powrprof.dll
0x00007ffca7c10000 - 0x00007ffca7c62000 	C:\Windows\System32\shlwapi.dll
0x00007ffca6840000 - 0x00007ffca684f000 	C:\Windows\System32\kernel.appcore.dll
0x00007ffca6a70000 - 0x00007ffca6b19000 	C:\Windows\System32\shcore.dll
0x00007ffca6820000 - 0x00007ffca6834000 	C:\Windows\System32\profapi.dll
0x00007ffca6280000 - 0x00007ffca6297000 	C:\Windows\SYSTEM32\CRYPTSP.dll
0x00007ffca5cf0000 - 0x00007ffca5d23000 	C:\Windows\system32\rsaenh.dll
0x00007ffca6750000 - 0x00007ffca677b000 	C:\Windows\SYSTEM32\bcrypt.dll
0x00007ffca5f60000 - 0x00007ffca5f7f000 	C:\Windows\SYSTEM32\USERENV.dll
0x00007ffca62a0000 - 0x00007ffca62ab000 	C:\Windows\SYSTEM32\CRYPTBASE.dll
0x00000000544f0000 - 0x000000005450a000 	C:\Xilinx\SDK\2016.4\tps\win64\jre\bin\net.dll
0x00007ffca60e0000 - 0x00007ffca613c000 	C:\Windows\system32\mswsock.dll
0x00007ffca5e70000 - 0x00007ffca5ea8000 	C:\Windows\SYSTEM32\IPHLPAPI.DLL
0x00007ffcaa370000 - 0x00007ffcaa378000 	C:\Windows\System32\NSI.dll
0x00007ffca0f30000 - 0x00007ffca0f46000 	C:\Windows\SYSTEM32\dhcpcsvc6.DLL
0x00007ffca13e0000 - 0x00007ffca13fa000 	C:\Windows\SYSTEM32\dhcpcsvc.DLL
0x00000000544d0000 - 0x00000000544e1000 	C:\Xilinx\SDK\2016.4\tps\win64\jre\bin\nio.dll
0x00007ffc91cb0000 - 0x00007ffc91cc6000 	C:\Windows\system32\napinsp.dll
0x00007ffc91cd0000 - 0x00007ffc91cea000 	C:\Windows\system32\pnrpnsp.dll
0x00007ffca4430000 - 0x00007ffca4448000 	C:\Windows\system32\NLAapi.dll
0x00007ffca5eb0000 - 0x00007ffca5f50000 	C:\Windows\SYSTEM32\DNSAPI.dll
0x00007ffc91cf0000 - 0x00007ffc91cfe000 	C:\Windows\System32\winrnr.dll
0x00007ffc91d00000 - 0x00007ffc91d15000 	C:\Windows\System32\wshbth.dll
0x0000000056d40000 - 0x0000000056d66000 	C:\Program Files\Bonjour\mdnsNSP.dll
0x00007ffc9c000000 - 0x00007ffc9c00a000 	C:\Windows\System32\rasadhlp.dll
0x00007ffc9dac0000 - 0x00007ffc9db2a000 	C:\Windows\System32\fwpuclnt.dll
0x0000000017510000 - 0x00000000175b8000 	C:\Users\Luís Morais\.Xilinx\SDK\2016.4\org.eclipse.osgi\319\0\.cp\swt-win32-4527.dll
0x00007ffca7e30000 - 0x00007ffca7f67000 	C:\Windows\System32\ole32.dll
0x00007ffca7d30000 - 0x00007ffca7e2a000 	C:\Windows\System32\comdlg32.dll
0x00007ffca6d90000 - 0x00007ffca6f59000 	C:\Windows\System32\CRYPT32.dll
0x00007ffc7b2a0000 - 0x00007ffc7b325000 	C:\Windows\SYSTEM32\WINSPOOL.DRV
0x00007ffc91c90000 - 0x00007ffc91ca9000 	C:\Windows\SYSTEM32\USP10.dll
0x00007ffca6810000 - 0x00007ffca6820000 	C:\Windows\System32\MSASN1.dll
0x00007ffc97fc0000 - 0x00007ffc98253000 	C:\Windows\SYSTEM32\WININET.dll
0x00007ffca42f0000 - 0x00007ffca4316000 	C:\Windows\system32\dwmapi.dll
0x00007ffca40a0000 - 0x00007ffca4225000 	C:\Windows\SYSTEM32\propsys.dll
0x00007ffca8080000 - 0x00007ffca811f000 	C:\Windows\System32\clbcatq.dll
0x00000000175f0000 - 0x000000001760e000 	C:\Users\Luís Morais\.Xilinx\SDK\2016.4\org.eclipse.osgi\319\0\.cp\swt-gdip-win32-4527.dll
0x00007ffc97e20000 - 0x00007ffc97fba000 	C:\Windows\WinSxS\amd64_microsoft.windows.gdiplus_6595b64144ccf1df_1.1.14393.321_none_72fe05dd211a5fae\gdiplus.dll
0x00007ffca3a10000 - 0x00007ffca3bb8000 	C:\Windows\SYSTEM32\WindowsCodecs.dll
0x0000000180000000 - 0x0000000180012000 	C:\Users\Luís Morais\.Xilinx\SDK\2016.4\org.eclipse.osgi\133\0\.cp\os\win32\x86_64\localfile_1_0_0.dll
0x00007ffc8c7c0000 - 0x00007ffc8c825000 	C:\Windows\SYSTEM32\oleacc.dll
0x00007ffc945e0000 - 0x00007ffc945e7000 	C:\Windows\SYSTEM32\msimg32.dll
0x00007ffc8fbb0000 - 0x00007ffc8fbc1000 	C:\Users\Luís Morais\.Xilinx\SDK\2016.4\org.eclipse.osgi\136\0\.cp\jWinHttp-1.0.0.dll
0x00007ffc9dca0000 - 0x00007ffc9dd6d000 	C:\Windows\SYSTEM32\WINHTTP.dll
0x00007ffc96060000 - 0x00007ffc9606f000 	C:\Xilinx\SDK\2016.4\lib\win64.o\librdi_repo_manager.dll
0x00007ffc87330000 - 0x00007ffc8735a000 	C:\Xilinx\SDK\2016.4\lib\win64.o\libisl_sysinfo.dll
0x00007ffc500c0000 - 0x00007ffc50b6a000 	C:\Xilinx\SDK\2016.4\lib\win64.o\librdi_common.dll
0x00007ffc83f00000 - 0x00007ffc83f53000 	C:\Xilinx\SDK\2016.4\lib\win64.o\librdi_commonxillic.dll
0x00007ffc53640000 - 0x00007ffc53838000 	C:\Xilinx\SDK\2016.4\lib\win64.o\librdi_hsm.dll
0x00007ffc7d120000 - 0x00007ffc7d1c7000 	C:\Windows\SYSTEM32\MSVCP110.dll
0x00007ffc7d220000 - 0x00007ffc7d2f4000 	C:\Windows\SYSTEM32\MSVCR110.dll
0x00007ffc532d0000 - 0x00007ffc5363e000 	C:\Xilinx\SDK\2016.4\lib\win64.o\libCOIN-all.dll
0x00007ffc92dc0000 - 0x00007ffc92dd0000 	C:\Xilinx\SDK\2016.4\lib\win64.o\libboost_date_time.dll
0x00007ffc87300000 - 0x00007ffc87324000 	C:\Xilinx\SDK\2016.4\lib\win64.o\libboost_filesystem.dll
0x00007ffc83e80000 - 0x00007ffc83ef7000 	C:\Xilinx\SDK\2016.4\lib\win64.o\libboost_program_options.dll
0x00007ffc7af20000 - 0x00007ffc7b026000 	C:\Xilinx\SDK\2016.4\lib\win64.o\libboost_regex.dll
0x00007ffc530b0000 - 0x00007ffc532cf000 	C:\Xilinx\SDK\2016.4\lib\win64.o\libXil_lmgr11.dll
0x00007ffca6a10000 - 0x00007ffca6a65000 	C:\Windows\System32\WINTRUST.dll
0x00007ffc87fb0000 - 0x00007ffc87fc3000 	C:\Xilinx\SDK\2016.4\lib\win64.o\libboost_signals.dll
0x00007ffc91130000 - 0x00007ffc91139000 	C:\Xilinx\SDK\2016.4\lib\win64.o\libboost_system.dll
0x00007ffc929a0000 - 0x00007ffc929ab000 	C:\Xilinx\SDK\2016.4\lib\win64.o\libboost_xilinx.dll
0x00007ffc7e4c0000 - 0x00007ffc7e540000 	C:\Xilinx\SDK\2016.4\lib\win64.o\libhdlpsolve.dll
0x00007ffc7dd70000 - 0x00007ffc7de0a000 	C:\Xilinx\SDK\2016.4\lib\win64.o\libhdxml.dll
0x00007ffc52580000 - 0x00007ffc52949000 	C:\Xilinx\SDK\2016.4\lib\win64.o\libisl_iostreams.dll
0x00007ffc877e0000 - 0x00007ffc877f5000 	C:\Xilinx\SDK\2016.4\lib\win64.o\pthreadVC2.dll
0x00007ffc78750000 - 0x00007ffc78880000 	C:\Xilinx\SDK\2016.4\lib\win64.o\librdi_curl.dll
0x00007ffc872e0000 - 0x00007ffc872f8000 	C:\Xilinx\SDK\2016.4\lib\win64.o\librdiconfig.dll
0x00007ffc86f00000 - 0x00007ffc86f1f000 	C:\Xilinx\SDK\2016.4\lib\win64.o\librdizlib.dll
0x0000000054570000 - 0x0000000054697000 	C:\Xilinx\SDK\2016.4\lib\win64.o\tcl85t.dll
0x00007ffc98a70000 - 0x00007ffc98c32000 	C:\Windows\SYSTEM32\urlmon.dll
0x00007ffc94430000 - 0x00007ffc94453000 	C:\Windows\SYSTEM32\VCOMP110.DLL
0x00007ffc84300000 - 0x00007ffc84343000 	C:\Xilinx\SDK\2016.4\lib\win64.o\librdi_hdf.dll
0x00007ffc4fdf0000 - 0x00007ffc500b8000 	C:\Xilinx\SDK\2016.4\lib\win64.o\librdi_ippcw.dll
0x00007ffc9c010000 - 0x00007ffc9c028000 	C:\Windows\SYSTEM32\NETAPI32.dll
0x00007ffc86ee0000 - 0x00007ffc86ef6000 	C:\Xilinx\SDK\2016.4\lib\win64.o\libboost_iostreams.dll
0x00007ffc86910000 - 0x00007ffc8692d000 	C:\Xilinx\SDK\2016.4\lib\win64.o\libboost_thread.dll
0x00007ffc84c50000 - 0x00007ffc84c73000 	C:\Xilinx\SDK\2016.4\lib\win64.o\libisl_iosutils.dll
0x00007ffc99510000 - 0x00007ffc997b3000 	C:\Windows\SYSTEM32\iertutil.dll
0x00000000230e0000 - 0x0000000023343000 	C:\Xilinx\SDK\2016.4\lib\win64.o\xerces-c_3_1.dll
0x00007ffc87bc0000 - 0x00007ffc87bcb000 	C:\Xilinx\SDK\2016.4\lib\win64.o\libboost_chrono.dll
0x00007ffc8a8f0000 - 0x00007ffc8a932000 	C:\Windows\SYSTEM32\edputil.dll
0x00007ffc86900000 - 0x00007ffc8690a000 	C:\Xilinx\SDK\2016.4\lib\win64.o\librdi_jtag_settings.dll
0x00007ffc843d0000 - 0x00007ffc843f9000 	C:\Xilinx\SDK\2016.4\lib\win64.o\librdi_debug_dialog.dll
0x00007ffc868f0000 - 0x00007ffc868f8000 	C:\Xilinx\SDK\2016.4\lib\win64.o\librdi_target_manager.dll
0x00007ffc7e2d0000 - 0x00007ffc7e2e6000 	C:\Xilinx\SDK\2016.4\eclipse\win64.o\plugins\org.eclipse.cdt.core.win32.x86_64_5.4.0.201509131935\os\win32\x86_64\spawner.dll
0x0000000071080000 - 0x00000000710a6000 	C:\Xilinx\SDK\2016.4\eclipse\win64.o\plugins\gnu.io.rxtx.win32.x86_64_2.1.7.3_v20071015\os\win32\x86_64\rxtxSerial.dll
0x00007ffc4e0a0000 - 0x00007ffc4e8b0000 	C:\Xilinx\SDK\2016.4\lib\win64.o\libXil_lmgr11FNP.dll
0x00007ffca81d0000 - 0x00007ffca85f9000 	C:\Windows\System32\SETUPAPI.dll
0x00007ffc9f500000 - 0x00007ffc9f50c000 	C:\Windows\SYSTEM32\snmpapi.dll
0x00007ffca6480000 - 0x00007ffca64ac000 	C:\Windows\SYSTEM32\SspiCli.dll
0x000000001bbe0000 - 0x000000001bbe3000 	C:\Windows\SYSTEM32\icmp.Dll

VM Arguments:
jvm_args: -Dcom.xilinx.sdk.args.hwspec=C:/CR/Projeto/Task_53/Task_53.sdk/task_design_1_wrapper.hdf -Xms64m -Xmx512m & 
java_command: <unknown>
java_class_path (initial): C:\Xilinx\SDK\2016.4\eclipse\win64.o\\plugins/org.eclipse.equinox.launcher_1.3.100.v20150511-1540.jar
Launcher Type: generic

Environment Variables:
JAVA_HOME=C:\Program Files\Java\jre1.8.0_111
PATH=C:/Xilinx/SDK/2016.4/tps/win64/jre/bin/server;C:/Xilinx/SDK/2016.4/tps/win64/jre/bin;C:/Xilinx/SDK/2016.4/tps/win64/jre/lib/amd64;C:\Xilinx\SDK\2016.4\gnuwin\bin;C:\Xilinx\SDK\2016.4\gnu\microblaze\nt\bin;C:\Xilinx\SDK\2016.4\gnu\microblaze\linux_toolchain\nt64_le\bin;C:\Xilinx\SDK\2016.4\gnu\microblaze\linux_toolchain\nt64_be\bin;C:\Xilinx\SDK\2016.4\gnu\arm\nt\bin;C:\Xilinx\SDK\2016.4\gnu\aarch64\nt\aarch64-none\bin;C:\Xilinx\SDK\2016.4\gnu\aarch64\nt\aarch64-linux\bin;C:\Xilinx\SDK\2016.4\gnu\armr5\nt\gcc-arm-none-eabi\bin;C:\Xilinx\SDK\2016.4\gnu\aarch32\nt\gcc-arm-none-eabi\bin;C:\Xilinx\SDK\2016.4\gnu\aarch32\nt\gcc-arm-linux-gnueabi\bin;C:\Xilinx\SDK\2016.4\tps\win64\cmake-3.3.2\bin;;C:\Xilinx\SDK\2016.4\bin;C:\Xilinx\SDK\2016.4\lib\win64.o;C:\Xilinx\SDK\2016.4\tps\win64\jre\bin\server;C:\Xilinx\SDK\2016.4\tps\win64\jre\bin;C:\Xilinx\Vivado\2016.4\ids_lite\ISE\bin\nt64;C:\Xilinx\Vivado\2016.4\ids_lite\ISE\lib\nt64;C:\Xilinx\Vivado\2016.4\bin;C:\Xilinx\Vivado\2016.4\lib\win64.o;C:\Xilinx\Vivado\2016.4\tps\win64\jre\bin\server;C:\Xilinx\Vivado\2016.4\tps\win64\jre\bin;C:\Xilinx\Vivado_HLS\2016.4\bin;C:\Program Files (x86)\Parallels\Parallels Tools\Applications;C:\ProgramData\Oracle\Java\javapath;C:\Program Files (x86)\Intel\iCLS Client\;C:\Program Files\Intel\iCLS Client\;C:\Windows\system32;C:\Windows;C:\Windows\System32\Wbem;C:\Windows\System32\WindowsPowerShell\v1.0\;%JAVA_HOME%\bin;C:\Program Files\Java\jdk1.8.0_102\bin;C:\Users\Luís Morais\AppData\Local\Microsoft\WindowsApps;;C:\CR\Projeto\Task_53;
USERNAME=Luís Morais
OS=Windows_NT
PROCESSOR_IDENTIFIER=Intel64 Family 6 Model 61 Stepping 4, GenuineIntel



---------------  S Y S T E M  ---------------

OS: Windows 10.0 , 64 bit Build 14393 (10.0.14393.0)

CPU:total 4 (2 cores per cpu, 2 threads per core) family 6 model 61 stepping 4, cmov, cx8, fxsr, mmx, sse, sse2, sse3, ssse3, sse4.1, sse4.2, popcnt, avx, avx2, aes, clmul, erms, rtm, 3dnowpref, lzcnt, ht, tsc, tscinvbit, bmi1, bmi2, adx

Memory: 4k page, physical 8288680k(4259404k free), swap 8557092k(3609700k free)

vm_info: Java HotSpot(TM) 64-Bit Server VM (25.66-b18) for windows-amd64 JRE (1.8.0_66-b18), built on Nov  9 2015 10:51:13 by "java_re" with MS VC++ 10.0 (VS2010)

time: Wed Jun 07 07:52:29 2017
elapsed time: 1510 seconds (0d 0h 25m 10s)

