#
# A fatal error has been detected by the Java Runtime Environment:
#
#  Internal Error (0xc000000d), pid=5012, tid=1116
#
# JRE version: Java(TM) SE Runtime Environment (8.0_66-b18) (build 1.8.0_66-b18)
# Java VM: Java HotSpot(TM) 64-Bit Server VM (25.66-b18 mixed mode windows-amd64 compressed oops)
# Problematic frame:
# C  [ntdll.dll+0xff44c]
#
# Failed to write core dump. Minidumps are not enabled by default on client versions of Windows
#
# If you would like to submit a bug report, please visit:
#   http://bugreport.java.com/bugreport/crash.jsp
#

---------------  T H R E A D  ---------------

Current thread (0x0000000013af7000):  VMThread [stack: 0x0000000014b90000,0x0000000014c90000] [id=1116]

siginfo: ExceptionCode=0xc000000d

Registers:
RAX=0x0000000000000000, RBX=0xfffffffffffffffe, RCX=0x0000000000000000, RDX=0x0000000000000000
RSP=0x0000000014c8f470, RBP=0x00007ffc7d227408, RSI=0x0000000000000000, RDI=0x0000000000000e8c
R8 =0x0000000000000000, R9 =0x0000000000020000, R10=0x0000000014c8ef50, R11=0x0000000014c8ef50
R12=0x000000000071d940, R13=0x0000000023953d70, R14=0x000000000071da48, R15=0x0000000014c8f5e8
RIP=0x00007ffcaa4af44c, EFLAGS=0x0000000000000206

Top of Stack: (sp=0x0000000014c8f470)
0x0000000014c8f470:   0000000000000057 fffffffffffffffe
0x0000000014c8f480:   0000000000000000 0000000000000e8c
0x0000000014c8f490:   00000000c000000d 0000000000000000
0x0000000014c8f4a0:   00007ffcaa4af44c 0000000000000000
0x0000000014c8f4b0:   0000000000000000 0000000000000000
0x0000000014c8f4c0:   0000000000000000 0000000000000000
0x0000000014c8f4d0:   0000000000000000 0000000000000000
0x0000000014c8f4e0:   0000000000000000 0000000000000000
0x0000000014c8f4f0:   0000000000000000 0000000000000000
0x0000000014c8f500:   0000000000000000 0000000000000000
0x0000000014c8f510:   0000000000000000 0000000000000000
0x0000000014c8f520:   0000000000000000 0000000000000000
0x0000000014c8f530:   0000c5bba0ddf4bd 0000000000000000
0x0000000014c8f540:   0000000900000020 00007ffcaa47150d
0x0000000014c8f550:   0000000900000000 0000000000000000
0x0000000014c8f560:   004e005200450001 00320033004c0000 

Instructions: (pc=0x00007ffcaa4af44c)
0x00007ffcaa4af42c:   d5 fa ff c7 44 24 20 0d 00 00 c0 b9 57 00 00 00
0x00007ffcaa4af43c:   e8 7f 13 f6 ff 90 48 8d 4c 24 20 e8 04 bf f4 ff
0x00007ffcaa4af44c:   eb 00 48 8b 8c 24 c0 00 00 00 48 33 cc e8 82 74
0x00007ffcaa4af45c:   f9 ff 48 81 c4 d8 00 00 00 c3 40 55 48 83 ec 20 


Register to memory mapping:

RAX=0x0000000000000000 is an unknown value
RBX=0xfffffffffffffffe is an unknown value
RCX=0x0000000000000000 is an unknown value
RDX=0x0000000000000000 is an unknown value
RSP=0x0000000014c8f470 is an unknown value
RBP=0x00007ffc7d227408 is an unknown value
RSI=0x0000000000000000 is an unknown value
RDI=0x0000000000000e8c is an unknown value
R8 =0x0000000000000000 is an unknown value
R9 =0x0000000000020000 is an unknown value
R10=0x0000000014c8ef50 is an unknown value
R11=0x0000000014c8ef50 is an unknown value
R12=0x000000000071d940 is an unknown value
R13=0x0000000023953d70 is an unknown value
R14=0x000000000071da48 is an unknown value
R15=0x0000000014c8f5e8 is an unknown value


Stack: [0x0000000014b90000,0x0000000014c90000],  sp=0x0000000014c8f470,  free space=1021k
Native frames: (J=compiled Java code, j=interpreted, Vv=VM code, C=native code)
C  [ntdll.dll+0xff44c]
C  [ntdll.dll+0xc150d]
C  [KERNEL32.DLL+0x1fbba]
C  [MSVCR110.dll+0x752d]
C  [MSVCR110.dll+0x73c6]
C  [MSVCR110.dll+0x14cca]
C  [MSVCR110.dll+0x13edc]
C  [MSVCR110.dll+0x239e]
C  [MSVCR110.dll+0xaf9e]
C  [MSVCP110.dll+0x397b9]
C  [librdi_common.dll+0x183a66]
C  [librdi_common.dll+0x1826fb]
C  [librdi_target_manager.dll+0x2400]
C  [librdi_target_manager.dll+0x2682]
C  [ntdll.dll+0x2a35f]
C  [ntdll.dll+0x806b]
C  [ntdll.dll+0x7d94]
C  [KERNEL32.DLL+0x1ce6a]
C  [MSVCR100.dll+0x20ccd]
V  [jvm.dll+0x210cc5]
V  [jvm.dll+0x249897]
V  [jvm.dll+0x248b36]
V  [jvm.dll+0x248fd1]
V  [jvm.dll+0x2491ee]
V  [jvm.dll+0x29a0fa]
C  [MSVCR100.dll+0x21d9f]
C  [MSVCR100.dll+0x21e3b]
C  [KERNEL32.DLL+0x8364]
C  [ntdll.dll+0x670d1]

VM_Operation (0x000000000014f4c0): Exit, mode: safepoint, requested by thread 0x000000000217e000


---------------  P R O C E S S  ---------------

Java Threads: ( => current thread )
  0x000000001ec18800 JavaThread "pool-2-thread-10" [_thread_blocked, id=3388, stack(0x0000000051170000,0x0000000051270000)]
  0x000000001ec17800 JavaThread "pool-2-thread-9" [_thread_blocked, id=6928, stack(0x000000004ea70000,0x000000004eb70000)]
  0x000000001ec16000 JavaThread "pool-2-thread-8" [_thread_blocked, id=4188, stack(0x000000004d670000,0x000000004d770000)]
  0x000000001ec0e800 JavaThread "pool-2-thread-7" [_thread_blocked, id=5544, stack(0x000000004c770000,0x000000004c870000)]
  0x000000001ec15800 JavaThread "pool-2-thread-6" [_thread_blocked, id=4744, stack(0x0000000049c70000,0x0000000049d70000)]
  0x000000001ec0a000 JavaThread "pool-2-thread-5" [_thread_blocked, id=5580, stack(0x000000003e170000,0x000000003e270000)]
  0x000000001ec0d800 JavaThread "pool-2-thread-4" [_thread_blocked, id=6772, stack(0x0000000032970000,0x0000000032a70000)]
  0x0000000016dad000 JavaThread "pool-2-thread-3" [_thread_blocked, id=2380, stack(0x000000002d170000,0x000000002d270000)]
  0x0000000016da5000 JavaThread "pool-2-thread-2" [_thread_blocked, id=2460, stack(0x000000002b370000,0x000000002b470000)]
  0x0000000016da6800 JavaThread "pool-2-thread-1" [_thread_blocked, id=6916, stack(0x0000000029570000,0x0000000029670000)]
  0x0000000016da9800 JavaThread "Thread-37" daemon [_thread_blocked, id=2504, stack(0x0000000026e70000,0x0000000026f70000)]
  0x000000001afeb800 JavaThread "TCF Channel Transmitter" daemon [_thread_blocked, id=7016, stack(0x00000000251b0000,0x00000000252b0000)]
  0x000000001aff2000 JavaThread "TCF Channel Receiver" daemon [_thread_blocked, id=7728, stack(0x00000000250b0000,0x00000000251b0000)]
  0x000000001aff1800 JavaThread "Process monitor" daemon [_thread_in_native, id=6644, stack(0x00000000249b0000,0x0000000024ab0000)]
  0x000000001afea000 JavaThread "Input Stream Monitor" daemon [_thread_blocked, id=6432, stack(0x00000000248b0000,0x00000000249b0000)]
  0x000000001aff0800 JavaThread "Output Stream Monitor" daemon [_thread_in_native, id=8096, stack(0x00000000247b0000,0x00000000248b0000)]
  0x000000001afe9000 JavaThread "Output Stream Monitor" daemon [_thread_in_native, id=3096, stack(0x00000000246b0000,0x00000000247b0000)]
  0x000000001afe6000 JavaThread "TCF Locator DNS Lookup" daemon [_thread_blocked, id=8172, stack(0x0000000022440000,0x0000000022540000)]
  0x000000001afed000 JavaThread "TCF Locator Timer" daemon [_thread_blocked, id=4600, stack(0x0000000022340000,0x0000000022440000)]
  0x000000001afec000 JavaThread "TCF Locator Receiver" daemon [_thread_blocked, id=4164, stack(0x0000000022240000,0x0000000022340000)]
  0x000000001afe7800 JavaThread "TCF Timer Dispatcher" daemon [_thread_blocked, id=5968, stack(0x000000001f5f0000,0x000000001f6f0000)]
  0x0000000015f46000 JavaThread "EMF Reference Cleaner" daemon [_thread_blocked, id=4540, stack(0x00000000181a0000,0x00000000182a0000)]
  0x0000000013b8d800 JavaThread "Service Thread" daemon [_thread_blocked, id=6800, stack(0x0000000015880000,0x0000000015980000)]
  0x0000000013b34800 JavaThread "C1 CompilerThread2" daemon [_thread_blocked, id=228, stack(0x0000000015380000,0x0000000015480000)]
  0x0000000013b31000 JavaThread "C2 CompilerThread1" daemon [_thread_blocked, id=536, stack(0x0000000015280000,0x0000000015380000)]
  0x0000000013b2d000 JavaThread "C2 CompilerThread0" daemon [_thread_blocked, id=3972, stack(0x0000000015180000,0x0000000015280000)]
  0x0000000013b2b800 JavaThread "Attach Listener" daemon [_thread_blocked, id=7864, stack(0x0000000015080000,0x0000000015180000)]
  0x0000000013b2a000 JavaThread "Signal Dispatcher" daemon [_thread_blocked, id=3740, stack(0x0000000014f80000,0x0000000015080000)]
  0x00000000027b6800 JavaThread "Finalizer" daemon [_thread_blocked, id=6552, stack(0x0000000014d90000,0x0000000014e90000)]
  0x0000000013af8800 JavaThread "Reference Handler" daemon [_thread_blocked, id=7988, stack(0x0000000014c90000,0x0000000014d90000)]
  0x000000000217e000 JavaThread "main" [_thread_blocked, id=6892, stack(0x0000000000050000,0x0000000000150000)]

Other Threads:
=>0x0000000013af7000 VMThread [stack: 0x0000000014b90000,0x0000000014c90000] [id=1116]

VM state:at safepoint (shutting down)

VM Mutex/Monitor currently owned by a thread:  ([mutex/lock_event])
[0x000000000217d390] Threads_lock - owner thread: 0x0000000013af7000

Heap:
 PSYoungGen      total 99328K, used 40600K [0x00000000f5580000, 0x00000000fb800000, 0x0000000100000000)
  eden space 98816K, 41% used [0x00000000f5580000,0x00000000f7d26180,0x00000000fb600000)
  from space 512K, 0% used [0x00000000fb680000,0x00000000fb680000,0x00000000fb700000)
  to   space 1024K, 0% used [0x00000000fb700000,0x00000000fb700000,0x00000000fb800000)
 ParOldGen       total 113664K, used 54214K [0x00000000e0000000, 0x00000000e6f00000, 0x00000000f5580000)
  object space 113664K, 47% used [0x00000000e0000000,0x00000000e34f1990,0x00000000e6f00000)
 Metaspace       used 97520K, capacity 104912K, committed 105264K, reserved 1140736K
  class space    used 11303K, capacity 13748K, committed 13872K, reserved 1048576K

Card table byte_map: [0x0000000011b80000,0x0000000011c90000] byte_map_base: 0x0000000011480000

Marking Bits: (ParMarkBitMap*) 0x0000000054eaa5b0
 Begin Bits: [0x0000000012090000, 0x0000000012890000)
 End Bits:   [0x0000000012890000, 0x0000000013090000)

Polling page: 0x0000000002160000

CodeCache: size=245760Kb used=59189Kb max_used=59282Kb free=186570Kb
 bounds [0x00000000027c0000, 0x0000000006220000, 0x00000000117c0000]
 total_blobs=16096 nmethods=15197 adapters=804
 compilation: enabled

Compilation events (10 events):
Event: 9371.934 Thread 0x0000000013b34800 19734       3       java.util.TimSort::gallopRight (335 bytes)
Event: 9371.935 Thread 0x0000000013b34800 nmethod 19734 0x00000000048db710 code [0x00000000048db900, 0x00000000048dc3f8]
Event: 9371.935 Thread 0x0000000013b34800 19735       3       java.util.TimSort::gallopLeft (335 bytes)
Event: 9371.936 Thread 0x0000000013b34800 nmethod 19735 0x0000000005e37650 code [0x0000000005e37840, 0x0000000005e38318]
Event: 9371.936 Thread 0x0000000013b34800 19736  s!   3       org.eclipse.osgi.storage.bundlefile.ZipBundleFile::close (64 bytes)
Event: 9371.936 Thread 0x0000000013b34800 nmethod 19736 0x0000000004aefc90 code [0x0000000004aefe60, 0x0000000004af07f8]
Event: 9371.937 Thread 0x0000000013b34800 19738       3       org.eclipse.osgi.container.Module::holdsTransitionEventLock (25 bytes)
Event: 9371.938 Thread 0x0000000013b34800 nmethod 19738 0x00000000047ccdd0 code [0x00000000047ccf60, 0x00000000047cd688]
Event: 9371.939 Thread 0x0000000013b34800 19745   !   3       org.eclipse.osgi.container.ModuleDatabase::getRevisionsTimestamp (25 bytes)
Event: 9371.940 Thread 0x0000000013b34800 nmethod 19745 0x0000000002c2c710 code [0x0000000002c2c920, 0x0000000002c2d658]

GC Heap History (10 events):
Event: 9198.134 GC heap before
{Heap before GC invocations=326 (full 153):
 PSYoungGen      total 99840K, used 160K [0x00000000f5580000, 0x00000000fb800000, 0x0000000100000000)
  eden space 98816K, 0% used [0x00000000f5580000,0x00000000f5580000,0x00000000fb600000)
  from space 1024K, 15% used [0x00000000fb600000,0x00000000fb628000,0x00000000fb700000)
  to   space 1024K, 0% used [0x00000000fb700000,0x00000000fb700000,0x00000000fb800000)
 ParOldGen       total 113664K, used 54068K [0x00000000e0000000, 0x00000000e6f00000, 0x00000000f5580000)
  object space 113664K, 47% used [0x00000000e0000000,0x00000000e34cd1d8,0x00000000e6f00000)
 Metaspace       used 96766K, capacity 104280K, committed 104496K, reserved 1140736K
  class space    used 11221K, capacity 13583K, committed 13616K, reserved 1048576K
Event: 9198.292 GC heap after
Heap after GC invocations=326 (full 153):
 PSYoungGen      total 99840K, used 0K [0x00000000f5580000, 0x00000000fb800000, 0x0000000100000000)
  eden space 98816K, 0% used [0x00000000f5580000,0x00000000f5580000,0x00000000fb600000)
  from space 1024K, 0% used [0x00000000fb600000,0x00000000fb600000,0x00000000fb700000)
  to   space 1024K, 0% used [0x00000000fb700000,0x00000000fb700000,0x00000000fb800000)
 ParOldGen       total 113664K, used 54068K [0x00000000e0000000, 0x00000000e6f00000, 0x00000000f5580000)
  object space 113664K, 47% used [0x00000000e0000000,0x00000000e34cd1d8,0x00000000e6f00000)
 Metaspace       used 96766K, capacity 104280K, committed 104496K, reserved 1140736K
  class space    used 11221K, capacity 13583K, committed 13616K, reserved 1048576K
}
Event: 9258.135 GC heap before
{Heap before GC invocations=327 (full 153):
 PSYoungGen      total 99840K, used 2401K [0x00000000f5580000, 0x00000000fb800000, 0x0000000100000000)
  eden space 98816K, 2% used [0x00000000f5580000,0x00000000f57d86a8,0x00000000fb600000)
  from space 1024K, 0% used [0x00000000fb600000,0x00000000fb600000,0x00000000fb700000)
  to   space 1024K, 0% used [0x00000000fb700000,0x00000000fb700000,0x00000000fb800000)
 ParOldGen       total 113664K, used 54068K [0x00000000e0000000, 0x00000000e6f00000, 0x00000000f5580000)
  object space 113664K, 47% used [0x00000000e0000000,0x00000000e34cd1d8,0x00000000e6f00000)
 Metaspace       used 96766K, capacity 104280K, committed 104496K, reserved 1140736K
  class space    used 11221K, capacity 13583K, committed 13616K, reserved 1048576K
Event: 9258.139 GC heap after
Heap after GC invocations=327 (full 153):
 PSYoungGen      total 99328K, used 128K [0x00000000f5580000, 0x00000000fb780000, 0x0000000100000000)
  eden space 98816K, 0% used [0x00000000f5580000,0x00000000f5580000,0x00000000fb600000)
  from space 512K, 25% used [0x00000000fb700000,0x00000000fb720000,0x00000000fb780000)
  to   space 512K, 0% used [0x00000000fb680000,0x00000000fb680000,0x00000000fb700000)
 ParOldGen       total 113664K, used 54068K [0x00000000e0000000, 0x00000000e6f00000, 0x00000000f5580000)
  object space 113664K, 47% used [0x00000000e0000000,0x00000000e34cd1d8,0x00000000e6f00000)
 Metaspace       used 96766K, capacity 104280K, committed 104496K, reserved 1140736K
  class space    used 11221K, capacity 13583K, committed 13616K, reserved 1048576K
}
Event: 9258.139 GC heap before
{Heap before GC invocations=328 (full 154):
 PSYoungGen      total 99328K, used 128K [0x00000000f5580000, 0x00000000fb780000, 0x0000000100000000)
  eden space 98816K, 0% used [0x00000000f5580000,0x00000000f5580000,0x00000000fb600000)
  from space 512K, 25% used [0x00000000fb700000,0x00000000fb720000,0x00000000fb780000)
  to   space 512K, 0% used [0x00000000fb680000,0x00000000fb680000,0x00000000fb700000)
 ParOldGen       total 113664K, used 54068K [0x00000000e0000000, 0x00000000e6f00000, 0x00000000f5580000)
  object space 113664K, 47% used [0x00000000e0000000,0x00000000e34cd1d8,0x00000000e6f00000)
 Metaspace       used 96766K, capacity 104280K, committed 104496K, reserved 1140736K
  class space    used 11221K, capacity 13583K, committed 13616K, reserved 1048576K
Event: 9258.276 GC heap after
Heap after GC invocations=328 (full 154):
 PSYoungGen      total 99328K, used 0K [0x00000000f5580000, 0x00000000fb780000, 0x0000000100000000)
  eden space 98816K, 0% used [0x00000000f5580000,0x00000000f5580000,0x00000000fb600000)
  from space 512K, 0% used [0x00000000fb700000,0x00000000fb700000,0x00000000fb780000)
  to   space 512K, 0% used [0x00000000fb680000,0x00000000fb680000,0x00000000fb700000)
 ParOldGen       total 113664K, used 54068K [0x00000000e0000000, 0x00000000e6f00000, 0x00000000f5580000)
  object space 113664K, 47% used [0x00000000e0000000,0x00000000e34cd1d8,0x00000000e6f00000)
 Metaspace       used 96766K, capacity 104280K, committed 104496K, reserved 1140736K
  class space    used 11221K, capacity 13583K, committed 13616K, reserved 1048576K
}
Event: 9318.147 GC heap before
{Heap before GC invocations=329 (full 154):
 PSYoungGen      total 99328K, used 7260K [0x00000000f5580000, 0x00000000fb780000, 0x0000000100000000)
  eden space 98816K, 7% used [0x00000000f5580000,0x00000000f5c97208,0x00000000fb600000)
  from space 512K, 0% used [0x00000000fb700000,0x00000000fb700000,0x00000000fb780000)
  to   space 512K, 0% used [0x00000000fb680000,0x00000000fb680000,0x00000000fb700000)
 ParOldGen       total 113664K, used 54068K [0x00000000e0000000, 0x00000000e6f00000, 0x00000000f5580000)
  object space 113664K, 47% used [0x00000000e0000000,0x00000000e34cd1d8,0x00000000e6f00000)
 Metaspace       used 96766K, capacity 104280K, committed 104496K, reserved 1140736K
  class space    used 11221K, capacity 13583K, committed 13616K, reserved 1048576K
Event: 9318.155 GC heap after
Heap after GC invocations=329 (full 154):
 PSYoungGen      total 99328K, used 480K [0x00000000f5580000, 0x00000000fb800000, 0x0000000100000000)
  eden space 98816K, 0% used [0x00000000f5580000,0x00000000f5580000,0x00000000fb600000)
  from space 512K, 93% used [0x00000000fb680000,0x00000000fb6f8000,0x00000000fb700000)
  to   space 1024K, 0% used [0x00000000fb700000,0x00000000fb700000,0x00000000fb800000)
 ParOldGen       total 113664K, used 54068K [0x00000000e0000000, 0x00000000e6f00000, 0x00000000f5580000)
  object space 113664K, 47% used [0x00000000e0000000,0x00000000e34cd1d8,0x00000000e6f00000)
 Metaspace       used 96766K, capacity 104280K, committed 104496K, reserved 1140736K
  class space    used 11221K, capacity 13583K, committed 13616K, reserved 1048576K
}
Event: 9318.156 GC heap before
{Heap before GC invocations=330 (full 155):
 PSYoungGen      total 99328K, used 480K [0x00000000f5580000, 0x00000000fb800000, 0x0000000100000000)
  eden space 98816K, 0% used [0x00000000f5580000,0x00000000f5580000,0x00000000fb600000)
  from space 512K, 93% used [0x00000000fb680000,0x00000000fb6f8000,0x00000000fb700000)
  to   space 1024K, 0% used [0x00000000fb700000,0x00000000fb700000,0x00000000fb800000)
 ParOldGen       total 113664K, used 54068K [0x00000000e0000000, 0x00000000e6f00000, 0x00000000f5580000)
  object space 113664K, 47% used [0x00000000e0000000,0x00000000e34cd1d8,0x00000000e6f00000)
 Metaspace       used 96766K, capacity 104280K, committed 104496K, reserved 1140736K
  class space    used 11221K, capacity 13583K, committed 13616K, reserved 1048576K
Event: 9318.334 GC heap after
Heap after GC invocations=330 (full 155):
 PSYoungGen      total 99328K, used 0K [0x00000000f5580000, 0x00000000fb800000, 0x0000000100000000)
  eden space 98816K, 0% used [0x00000000f5580000,0x00000000f5580000,0x00000000fb600000)
  from space 512K, 0% used [0x00000000fb680000,0x00000000fb680000,0x00000000fb700000)
  to   space 1024K, 0% used [0x00000000fb700000,0x00000000fb700000,0x00000000fb800000)
 ParOldGen       total 113664K, used 54214K [0x00000000e0000000, 0x00000000e6f00000, 0x00000000f5580000)
  object space 113664K, 47% used [0x00000000e0000000,0x00000000e34f1990,0x00000000e6f00000)
 Metaspace       used 96766K, capacity 104280K, committed 104496K, reserved 1140736K
  class space    used 11221K, capacity 13583K, committed 13616K, reserved 1048576K
}

Deoptimization events (10 events):
Event: 9371.796 Thread 0x0000000015f42000 Uncommon trap: reason=unstable_if action=reinterpret pc=0x0000000003406cbc method=org.eclipse.core.internal.jobs.JobManager.startJob(Lorg/eclipse/core/internal/jobs/Worker;)Lorg/eclipse/core/runtime/jobs/Job; @ 20
Event: 9371.868 Thread 0x0000000015f47800 Uncommon trap: reason=bimorphic action=maybe_recompile pc=0x00000000048425a4 method=org.eclipse.core.internal.resources.Resource.checkAccessibleAndLocal(I)Lorg/eclipse/core/internal/resources/ResourceInfo; @ 15
Event: 9371.885 Thread 0x0000000015f47800 Uncommon trap: reason=unstable_if action=reinterpret pc=0x00000000045a1000 method=java.lang.Class.getDeclaredMethod(Ljava/lang/String;[Ljava/lang/Class;)Ljava/lang/reflect/Method; @ 21
Event: 9371.902 Thread 0x0000000015f42000 Uncommon trap: reason=unstable_if action=reinterpret pc=0x0000000003deceac method=org.eclipse.core.internal.jobs.WorkerPool.startJob(Lorg/eclipse/core/internal/jobs/Worker;)Lorg/eclipse/core/internal/jobs/InternalJob; @ 177
Event: 9371.903 Thread 0x0000000016db2800 Uncommon trap: reason=unstable_if action=reinterpret pc=0x0000000003deceac method=org.eclipse.core.internal.jobs.WorkerPool.startJob(Lorg/eclipse/core/internal/jobs/Worker;)Lorg/eclipse/core/internal/jobs/InternalJob; @ 177
Event: 9371.903 Thread 0x000000001ec0d000 Uncommon trap: reason=unstable_if action=reinterpret pc=0x0000000003deceac method=org.eclipse.core.internal.jobs.WorkerPool.startJob(Lorg/eclipse/core/internal/jobs/Worker;)Lorg/eclipse/core/internal/jobs/InternalJob; @ 177
Event: 9371.904 Thread 0x0000000016daf800 Uncommon trap: reason=unstable_if action=reinterpret pc=0x0000000003deceac method=org.eclipse.core.internal.jobs.WorkerPool.startJob(Lorg/eclipse/core/internal/jobs/Worker;)Lorg/eclipse/core/internal/jobs/InternalJob; @ 177
Event: 9371.928 Thread 0x0000000015f47800 Uncommon trap: reason=unstable_if action=reinterpret pc=0x0000000003d6b31c method=sun.reflect.UnsafeStaticObjectFieldAccessorImpl.set(Ljava/lang/Object;Ljava/lang/Object;)V @ 13
Event: 9371.929 Thread 0x00000000161d0000 Uncommon trap: reason=unstable_if action=reinterpret pc=0x0000000002b66460 method=org.eclipse.osgi.framework.eventmgr.EventManager$EventThread.getNextEvent()Lorg/eclipse/osgi/framework/eventmgr/EventManager$EventThread$Queued; @ 15
Event: 9371.935 Thread 0x0000000015f48000 Uncommon trap: reason=unstable_if action=reinterpret pc=0x0000000002b66460 method=org.eclipse.osgi.framework.eventmgr.EventManager$EventThread.getNextEvent()Lorg/eclipse/osgi/framework/eventmgr/EventManager$EventThread$Queued; @ 15

Internal exceptions (10 events):
Event: 9371.107 Thread 0x000000000217e000 Exception <a 'java/io/FileNotFoundException'> (0x00000000f727ad68) thrown at [C:\re\workspace\8-2-build-windows-amd64-cygwin\jdk8u66\5298\hotspot\src\share\vm\prims\jni.cpp, line 709]
Event: 9371.107 Thread 0x000000000217e000 Exception <a 'java/io/FileNotFoundException'> (0x00000000f727c930) thrown at [C:\re\workspace\8-2-build-windows-amd64-cygwin\jdk8u66\5298\hotspot\src\share\vm\prims\jni.cpp, line 709]
Event: 9371.108 Thread 0x000000000217e000 Exception <a 'java/io/FileNotFoundException'> (0x00000000f727e638) thrown at [C:\re\workspace\8-2-build-windows-amd64-cygwin\jdk8u66\5298\hotspot\src\share\vm\prims\jni.cpp, line 709]
Event: 9371.124 Thread 0x000000000217e000 Implicit null exception at 0x0000000002dc1ded to 0x0000000002dc4959
Event: 9371.195 Thread 0x000000001aff3000 Exception <a 'java/lang/InterruptedException'> (0x00000000f7799d38) thrown at [C:\re\workspace\8-2-build-windows-amd64-cygwin\jdk8u66\5298\hotspot\src\share\vm\runtime\objectMonitor.cpp, line 1683]
Event: 9371.901 Thread 0x0000000015f46800 Exception <a 'java/lang/InterruptedException'> (0x00000000f72de530) thrown at [C:\re\workspace\8-2-build-windows-amd64-cygwin\jdk8u66\5298\hotspot\src\share\vm\runtime\objectMonitor.cpp, line 1683]
Event: 9371.928 Thread 0x0000000015f47800 Implicit null exception at 0x0000000003d6af17 to 0x0000000003d6b309
Event: 9371.929 Thread 0x00000000161d0000 Exception <a 'java/lang/InterruptedException'> (0x00000000f7b2e200) thrown at [C:\re\workspace\8-2-build-windows-amd64-cygwin\jdk8u66\5298\hotspot\src\share\vm\runtime\objectMonitor.cpp, line 1683]
Event: 9371.935 Thread 0x0000000015f48000 Exception <a 'java/lang/InterruptedException'> (0x00000000f6dbea18) thrown at [C:\re\workspace\8-2-build-windows-amd64-cygwin\jdk8u66\5298\hotspot\src\share\vm\runtime\objectMonitor.cpp, line 1683]
Event: 9371.936 Thread 0x0000000015f44800 Exception <a 'java/lang/InterruptedException'> (0x00000000f7c9d8f0) thrown at [C:\re\workspace\8-2-build-windows-amd64-cygwin\jdk8u66\5298\hotspot\src\share\vm\runtime\objectMonitor.cpp, line 1683]

Events (10 events):
Event: 9371.939 Thread 0x0000000013b34800 flushing nmethod 0x0000000002c2c610
Event: 9371.939 loading class java/util/IdentityHashMap$KeyIterator
Event: 9371.939 Thread 0x0000000013b34800 flushing nmethod 0x0000000002c96f10
Event: 9371.939 loading class java/util/IdentityHashMap$IdentityHashMapIterator
Event: 9371.939 loading class java/util/IdentityHashMap$IdentityHashMapIterator done
Event: 9371.939 loading class java/util/IdentityHashMap$KeyIterator done
Event: 9371.939 Thread 0x0000000015f49000 Thread added: 0x0000000015f49000
Event: 9371.940 Thread 0x0000000015f49000 Thread exited: 0x0000000015f49000
Event: 9371.940 Thread 0x0000000013b34800 flushing nmethod 0x0000000002dc11d0
Event: 9371.940 Executing VM operation: Exit


Dynamic libraries:
0x0000000000400000 - 0x000000000044f000 	C:\Xilinx\SDK\2016.4\eclipse\win64.o\eclipse.exe
0x00007ffcaa3b0000 - 0x00007ffcaa581000 	C:\Windows\SYSTEM32\ntdll.dll
0x00007ffca8120000 - 0x00007ffca81cb000 	C:\Windows\System32\KERNEL32.DLL
0x00007ffca6b20000 - 0x00007ffca6d3d000 	C:\Windows\System32\KERNELBASE.dll
0x00007ffca87a0000 - 0x00007ffca8905000 	C:\Windows\System32\USER32.dll
0x00007ffca6f60000 - 0x00007ffca6f7e000 	C:\Windows\System32\win32u.dll
0x00007ffca8ba0000 - 0x00007ffca8bd4000 	C:\Windows\System32\GDI32.dll
0x00007ffca7700000 - 0x00007ffca7882000 	C:\Windows\System32\gdi32full.dll
0x00007ffcaa120000 - 0x00007ffcaa1be000 	C:\Windows\System32\msvcrt.dll
0x00007ffc9b060000 - 0x00007ffc9b2d9000 	C:\Windows\WinSxS\amd64_microsoft.windows.common-controls_6595b64144ccf1df_6.0.14393.447_none_42191651c6827bb3\COMCTL32.dll
0x00007ffca7940000 - 0x00007ffca7c08000 	C:\Windows\System32\combase.dll
0x00007ffca6910000 - 0x00007ffca6a05000 	C:\Windows\System32\ucrtbase.dll
0x00007ffcaa1d0000 - 0x00007ffcaa2f1000 	C:\Windows\System32\RPCRT4.dll
0x00007ffca68a0000 - 0x00007ffca690a000 	C:\Windows\System32\bcryptPrimitives.dll
0x00007ffcaa380000 - 0x00007ffcaa3ae000 	C:\Windows\System32\IMM32.DLL
0x0000000072000000 - 0x0000000072012000 	C:\Xilinx\SDK\2016.4\eclipse\win64.o\plugins\org.eclipse.equinox.launcher.win32.win32.x86_64_1.1.300.v20150602-1417\eclipse_1611.dll
0x00007ffca7fd0000 - 0x00007ffca8072000 	C:\Windows\System32\ADVAPI32.dll
0x00007ffca7f70000 - 0x00007ffca7fc9000 	C:\Windows\System32\sechost.dll
0x00007ffc96e90000 - 0x00007ffc96e9a000 	C:\Windows\SYSTEM32\VERSION.dll
0x00007ffca4fa0000 - 0x00007ffca5035000 	C:\Windows\system32\uxtheme.dll
0x00007ffca8910000 - 0x00007ffca8a6b000 	C:\Windows\System32\MSCTF.dll
0x00007ffca8a70000 - 0x00007ffca8b2f000 	C:\Windows\System32\OLEAUT32.dll
0x00007ffca7660000 - 0x00007ffca76fc000 	C:\Windows\System32\msvcp_win.dll
0x00000000546a0000 - 0x0000000054f29000 	C:\Xilinx\SDK\2016.4\tps\win64\jre\bin\server\jvm.dll
0x00007ffcaa0f0000 - 0x00007ffcaa0f8000 	C:\Windows\System32\PSAPI.DLL
0x00007ffc88ae0000 - 0x00007ffc88ae9000 	C:\Windows\SYSTEM32\WSOCK32.dll
0x00007ffca4690000 - 0x00007ffca46b3000 	C:\Windows\SYSTEM32\WINMM.dll
0x0000000055330000 - 0x0000000055402000 	C:\Windows\SYSTEM32\MSVCR100.dll
0x00007ffca8b30000 - 0x00007ffca8b9a000 	C:\Windows\System32\WS2_32.dll
0x00007ffca4490000 - 0x00007ffca44bb000 	C:\Windows\SYSTEM32\WINMMBASE.dll
0x00007ffca6d40000 - 0x00007ffca6d82000 	C:\Windows\System32\cfgmgr32.dll
0x0000000054560000 - 0x000000005456f000 	C:\Xilinx\SDK\2016.4\tps\win64\jre\bin\verify.dll
0x0000000054530000 - 0x0000000054559000 	C:\Xilinx\SDK\2016.4\tps\win64\jre\bin\java.dll
0x0000000054510000 - 0x0000000054526000 	C:\Xilinx\SDK\2016.4\tps\win64\jre\bin\zip.dll
0x00007ffca8be0000 - 0x00007ffcaa0e9000 	C:\Windows\System32\SHELL32.dll
0x00007ffca6f80000 - 0x00007ffca765a000 	C:\Windows\System32\windows.storage.dll
0x00007ffca6850000 - 0x00007ffca689c000 	C:\Windows\System32\powrprof.dll
0x00007ffca7c10000 - 0x00007ffca7c62000 	C:\Windows\System32\shlwapi.dll
0x00007ffca6840000 - 0x00007ffca684f000 	C:\Windows\System32\kernel.appcore.dll
0x00007ffca6a70000 - 0x00007ffca6b19000 	C:\Windows\System32\shcore.dll
0x00007ffca6820000 - 0x00007ffca6834000 	C:\Windows\System32\profapi.dll
0x00007ffca6280000 - 0x00007ffca6297000 	C:\Windows\SYSTEM32\CRYPTSP.dll
0x00007ffca5cf0000 - 0x00007ffca5d23000 	C:\Windows\system32\rsaenh.dll
0x00007ffca6750000 - 0x00007ffca677b000 	C:\Windows\SYSTEM32\bcrypt.dll
0x00007ffca5f60000 - 0x00007ffca5f7f000 	C:\Windows\SYSTEM32\USERENV.dll
0x00007ffca62a0000 - 0x00007ffca62ab000 	C:\Windows\SYSTEM32\CRYPTBASE.dll
0x00000000544f0000 - 0x000000005450a000 	C:\Xilinx\SDK\2016.4\tps\win64\jre\bin\net.dll
0x00007ffca60e0000 - 0x00007ffca613c000 	C:\Windows\system32\mswsock.dll
0x00007ffca5e70000 - 0x00007ffca5ea8000 	C:\Windows\SYSTEM32\IPHLPAPI.DLL
0x00007ffcaa370000 - 0x00007ffcaa378000 	C:\Windows\System32\NSI.dll
0x00007ffca0f30000 - 0x00007ffca0f46000 	C:\Windows\SYSTEM32\dhcpcsvc6.DLL
0x00007ffca13e0000 - 0x00007ffca13fa000 	C:\Windows\SYSTEM32\dhcpcsvc.DLL
0x00000000544d0000 - 0x00000000544e1000 	C:\Xilinx\SDK\2016.4\tps\win64\jre\bin\nio.dll
0x00007ffc91cb0000 - 0x00007ffc91cc6000 	C:\Windows\system32\napinsp.dll
0x00007ffc91cd0000 - 0x00007ffc91cea000 	C:\Windows\system32\pnrpnsp.dll
0x00007ffca4430000 - 0x00007ffca4448000 	C:\Windows\system32\NLAapi.dll
0x00007ffca5eb0000 - 0x00007ffca5f50000 	C:\Windows\SYSTEM32\DNSAPI.dll
0x00007ffc91cf0000 - 0x00007ffc91cfe000 	C:\Windows\System32\winrnr.dll
0x00007ffc91d00000 - 0x00007ffc91d15000 	C:\Windows\System32\wshbth.dll
0x0000000056d40000 - 0x0000000056d66000 	C:\Program Files\Bonjour\mdnsNSP.dll
0x00007ffc9c000000 - 0x00007ffc9c00a000 	C:\Windows\System32\rasadhlp.dll
0x00007ffc9dac0000 - 0x00007ffc9db2a000 	C:\Windows\System32\fwpuclnt.dll
0x0000000017ea0000 - 0x0000000017f48000 	C:\Users\Luís Morais\.Xilinx\SDK\2016.4\org.eclipse.osgi\319\0\.cp\swt-win32-4527.dll
0x00007ffca7e30000 - 0x00007ffca7f67000 	C:\Windows\System32\ole32.dll
0x00007ffca7d30000 - 0x00007ffca7e2a000 	C:\Windows\System32\comdlg32.dll
0x00007ffca6d90000 - 0x00007ffca6f59000 	C:\Windows\System32\CRYPT32.dll
0x00007ffc7b2a0000 - 0x00007ffc7b325000 	C:\Windows\SYSTEM32\WINSPOOL.DRV
0x00007ffc9c820000 - 0x00007ffc9c839000 	C:\Windows\SYSTEM32\USP10.dll
0x00007ffca6810000 - 0x00007ffca6820000 	C:\Windows\System32\MSASN1.dll
0x00007ffc97fc0000 - 0x00007ffc98253000 	C:\Windows\SYSTEM32\WININET.dll
0x00007ffca42f0000 - 0x00007ffca4316000 	C:\Windows\system32\dwmapi.dll
0x00007ffca40a0000 - 0x00007ffca4225000 	C:\Windows\SYSTEM32\propsys.dll
0x00007ffca8080000 - 0x00007ffca811f000 	C:\Windows\System32\clbcatq.dll
0x00000000184d0000 - 0x00000000184ee000 	C:\Users\Luís Morais\.Xilinx\SDK\2016.4\org.eclipse.osgi\319\0\.cp\swt-gdip-win32-4527.dll
0x00007ffc97e20000 - 0x00007ffc97fba000 	C:\Windows\WinSxS\amd64_microsoft.windows.gdiplus_6595b64144ccf1df_1.1.14393.321_none_72fe05dd211a5fae\gdiplus.dll
0x00007ffca3a10000 - 0x00007ffca3bb8000 	C:\Windows\SYSTEM32\WindowsCodecs.dll
0x0000000180000000 - 0x0000000180012000 	C:\Users\Luís Morais\.Xilinx\SDK\2016.4\org.eclipse.osgi\133\0\.cp\os\win32\x86_64\localfile_1_0_0.dll
0x00007ffc8c7c0000 - 0x00007ffc8c825000 	C:\Windows\SYSTEM32\oleacc.dll
0x00007ffc945e0000 - 0x00007ffc945e7000 	C:\Windows\SYSTEM32\msimg32.dll
0x00007ffc92d90000 - 0x00007ffc92da1000 	C:\Users\Luís Morais\.Xilinx\SDK\2016.4\org.eclipse.osgi\136\0\.cp\jWinHttp-1.0.0.dll
0x00007ffc9dca0000 - 0x00007ffc9dd6d000 	C:\Windows\SYSTEM32\WINHTTP.dll
0x00007ffc9c810000 - 0x00007ffc9c81f000 	C:\Xilinx\SDK\2016.4\lib\win64.o\librdi_repo_manager.dll
0x00007ffc87bc0000 - 0x00007ffc87bea000 	C:\Xilinx\SDK\2016.4\lib\win64.o\libisl_sysinfo.dll
0x00007ffc4f8b0000 - 0x00007ffc5035a000 	C:\Xilinx\SDK\2016.4\lib\win64.o\librdi_common.dll
0x00007ffc87b00000 - 0x00007ffc87b53000 	C:\Xilinx\SDK\2016.4\lib\win64.o\librdi_commonxillic.dll
0x00007ffc535d0000 - 0x00007ffc537c8000 	C:\Xilinx\SDK\2016.4\lib\win64.o\librdi_hsm.dll
0x00007ffc7d120000 - 0x00007ffc7d1c7000 	C:\Windows\SYSTEM32\MSVCP110.dll
0x00007ffc7d220000 - 0x00007ffc7d2f4000 	C:\Windows\SYSTEM32\MSVCR110.dll
0x00007ffc53260000 - 0x00007ffc535ce000 	C:\Xilinx\SDK\2016.4\lib\win64.o\libCOIN-all.dll
0x00007ffc53040000 - 0x00007ffc5325f000 	C:\Xilinx\SDK\2016.4\lib\win64.o\libXil_lmgr11.dll
0x00007ffca6a10000 - 0x00007ffca6a65000 	C:\Windows\System32\WINTRUST.dll
0x00007ffc967a0000 - 0x00007ffc967b0000 	C:\Xilinx\SDK\2016.4\lib\win64.o\libboost_date_time.dll
0x00007ffc87ad0000 - 0x00007ffc87af4000 	C:\Xilinx\SDK\2016.4\lib\win64.o\libboost_filesystem.dll
0x00007ffc87a50000 - 0x00007ffc87ac7000 	C:\Xilinx\SDK\2016.4\lib\win64.o\libboost_program_options.dll
0x00007ffc78770000 - 0x00007ffc78876000 	C:\Xilinx\SDK\2016.4\lib\win64.o\libboost_regex.dll
0x00007ffc929a0000 - 0x00007ffc929b3000 	C:\Xilinx\SDK\2016.4\lib\win64.o\libboost_signals.dll
0x00007ffc96780000 - 0x00007ffc96789000 	C:\Xilinx\SDK\2016.4\lib\win64.o\libboost_system.dll
0x00007ffc91c90000 - 0x00007ffc91cad000 	C:\Xilinx\SDK\2016.4\lib\win64.o\libboost_thread.dll
0x00007ffc96060000 - 0x00007ffc9606b000 	C:\Xilinx\SDK\2016.4\lib\win64.o\libboost_xilinx.dll
0x00007ffc87320000 - 0x00007ffc873a0000 	C:\Xilinx\SDK\2016.4\lib\win64.o\libhdlpsolve.dll
0x00007ffc7ad40000 - 0x00007ffc7adda000 	C:\Xilinx\SDK\2016.4\lib\win64.o\libhdxml.dll
0x00007ffc4f4e0000 - 0x00007ffc4f8a9000 	C:\Xilinx\SDK\2016.4\lib\win64.o\libisl_iostreams.dll
0x00007ffc87a30000 - 0x00007ffc87a45000 	C:\Xilinx\SDK\2016.4\lib\win64.o\pthreadVC2.dll
0x00007ffc52f10000 - 0x00007ffc53040000 	C:\Xilinx\SDK\2016.4\lib\win64.o\librdi_curl.dll
0x00007ffc87a10000 - 0x00007ffc87a28000 	C:\Xilinx\SDK\2016.4\lib\win64.o\librdiconfig.dll
0x00007ffc877e0000 - 0x00007ffc877ff000 	C:\Xilinx\SDK\2016.4\lib\win64.o\librdizlib.dll
0x0000000054570000 - 0x0000000054697000 	C:\Xilinx\SDK\2016.4\lib\win64.o\tcl85t.dll
0x0000000023410000 - 0x0000000023673000 	C:\Xilinx\SDK\2016.4\lib\win64.o\xerces-c_3_1.dll
0x00007ffc98a70000 - 0x00007ffc98c32000 	C:\Windows\SYSTEM32\urlmon.dll
0x00007ffc967b0000 - 0x00007ffc967d3000 	C:\Windows\SYSTEM32\VCOMP110.DLL
0x00007ffc839c0000 - 0x00007ffc83a03000 	C:\Xilinx\SDK\2016.4\lib\win64.o\librdi_hdf.dll
0x00007ffc52680000 - 0x00007ffc52948000 	C:\Xilinx\SDK\2016.4\lib\win64.o\librdi_ippcw.dll
0x00007ffc9c010000 - 0x00007ffc9c028000 	C:\Windows\SYSTEM32\NETAPI32.dll
0x00007ffc94430000 - 0x00007ffc9443b000 	C:\Xilinx\SDK\2016.4\lib\win64.o\libboost_chrono.dll
0x00007ffc87300000 - 0x00007ffc87316000 	C:\Xilinx\SDK\2016.4\lib\win64.o\libboost_iostreams.dll
0x00007ffc7e060000 - 0x00007ffc7e083000 	C:\Xilinx\SDK\2016.4\lib\win64.o\libisl_iosutils.dll
0x00007ffc99510000 - 0x00007ffc997b3000 	C:\Windows\SYSTEM32\iertutil.dll
0x00007ffc8a8f0000 - 0x00007ffc8a932000 	C:\Windows\SYSTEM32\edputil.dll
0x00007ffc93660000 - 0x00007ffc9366a000 	C:\Xilinx\SDK\2016.4\lib\win64.o\librdi_jtag_settings.dll
0x00007ffc7d480000 - 0x00007ffc7d4a9000 	C:\Xilinx\SDK\2016.4\lib\win64.o\librdi_debug_dialog.dll
0x00007ffc92d80000 - 0x00007ffc92d88000 	C:\Xilinx\SDK\2016.4\lib\win64.o\librdi_target_manager.dll
0x00007ffc84200000 - 0x00007ffc84216000 	C:\Xilinx\SDK\2016.4\eclipse\win64.o\plugins\org.eclipse.cdt.core.win32.x86_64_5.4.0.201509131935\os\win32\x86_64\spawner.dll
0x0000000071080000 - 0x00000000710a6000 	C:\Xilinx\SDK\2016.4\eclipse\win64.o\plugins\gnu.io.rxtx.win32.x86_64_2.1.7.3_v20071015\os\win32\x86_64\rxtxSerial.dll
0x00007ffc3fd70000 - 0x00007ffc40580000 	C:\Xilinx\SDK\2016.4\lib\win64.o\libXil_lmgr11FNP.dll
0x00007ffca81d0000 - 0x00007ffca85f9000 	C:\Windows\System32\SETUPAPI.dll
0x00007ffc9f500000 - 0x00007ffc9f50c000 	C:\Windows\SYSTEM32\snmpapi.dll
0x00007ffca6480000 - 0x00007ffca64ac000 	C:\Windows\SYSTEM32\SspiCli.dll
0x000000001b9f0000 - 0x000000001b9f3000 	C:\Windows\SYSTEM32\icmp.Dll

VM Arguments:
jvm_args: -Dcom.xilinx.sdk.args.hwspec=C:/CR/Projeto/Task_53/Task_53.sdk/task_design_1_wrapper.hdf -Xms64m -Xmx512m & 
java_command: <unknown>
java_class_path (initial): C:\Xilinx\SDK\2016.4\eclipse\win64.o\\plugins/org.eclipse.equinox.launcher_1.3.100.v20150511-1540.jar
Launcher Type: generic

Environment Variables:
JAVA_HOME=C:\Program Files\Java\jre1.8.0_111
PATH=C:/Xilinx/SDK/2016.4/tps/win64/jre/bin/server;C:/Xilinx/SDK/2016.4/tps/win64/jre/bin;C:/Xilinx/SDK/2016.4/tps/win64/jre/lib/amd64;C:\Xilinx\SDK\2016.4\gnuwin\bin;C:\Xilinx\SDK\2016.4\gnu\microblaze\nt\bin;C:\Xilinx\SDK\2016.4\gnu\microblaze\linux_toolchain\nt64_le\bin;C:\Xilinx\SDK\2016.4\gnu\microblaze\linux_toolchain\nt64_be\bin;C:\Xilinx\SDK\2016.4\gnu\arm\nt\bin;C:\Xilinx\SDK\2016.4\gnu\aarch64\nt\aarch64-none\bin;C:\Xilinx\SDK\2016.4\gnu\aarch64\nt\aarch64-linux\bin;C:\Xilinx\SDK\2016.4\gnu\armr5\nt\gcc-arm-none-eabi\bin;C:\Xilinx\SDK\2016.4\gnu\aarch32\nt\gcc-arm-none-eabi\bin;C:\Xilinx\SDK\2016.4\gnu\aarch32\nt\gcc-arm-linux-gnueabi\bin;C:\Xilinx\SDK\2016.4\tps\win64\cmake-3.3.2\bin;;C:\Xilinx\SDK\2016.4\bin;C:\Xilinx\SDK\2016.4\lib\win64.o;C:\Xilinx\SDK\2016.4\tps\win64\jre\bin\server;C:\Xilinx\SDK\2016.4\tps\win64\jre\bin;C:\Xilinx\Vivado\2016.4\ids_lite\ISE\bin\nt64;C:\Xilinx\Vivado\2016.4\ids_lite\ISE\lib\nt64;C:\Xilinx\Vivado\2016.4\bin;C:\Xilinx\Vivado\2016.4\lib\win64.o;C:\Xilinx\Vivado\2016.4\tps\win64\jre\bin\server;C:\Xilinx\Vivado\2016.4\tps\win64\jre\bin;C:\Xilinx\Vivado_HLS\2016.4\bin;C:\Program Files (x86)\Parallels\Parallels Tools\Applications;C:\ProgramData\Oracle\Java\javapath;C:\Program Files (x86)\Intel\iCLS Client\;C:\Program Files\Intel\iCLS Client\;C:\Windows\system32;C:\Windows;C:\Windows\System32\Wbem;C:\Windows\System32\WindowsPowerShell\v1.0\;%JAVA_HOME%\bin;C:\Program Files\Java\jdk1.8.0_102\bin;C:\Users\Luís Morais\AppData\Local\Microsoft\WindowsApps;;c:\CR\Projeto\Task_53;
USERNAME=Luís Morais
OS=Windows_NT
PROCESSOR_IDENTIFIER=Intel64 Family 6 Model 61 Stepping 4, GenuineIntel



---------------  S Y S T E M  ---------------

OS: Windows 10.0 , 64 bit Build 14393 (10.0.14393.0)

CPU:total 4 (2 cores per cpu, 2 threads per core) family 6 model 61 stepping 4, cmov, cx8, fxsr, mmx, sse, sse2, sse3, ssse3, sse4.1, sse4.2, popcnt, avx, avx2, aes, clmul, erms, rtm, 3dnowpref, lzcnt, ht, tsc, tscinvbit, bmi1, bmi2, adx

Memory: 4k page, physical 8288680k(4571252k free), swap 8557092k(3773420k free)

vm_info: Java HotSpot(TM) 64-Bit Server VM (25.66-b18) for windows-amd64 JRE (1.8.0_66-b18), built on Nov  9 2015 10:51:13 by "java_re" with MS VC++ 10.0 (VS2010)

time: Wed Jun 07 03:48:23 2017
elapsed time: 9372 seconds (0d 2h 36m 12s)

