Copyright 1986-2016 Xilinx, Inc. All Rights Reserved.
------------------------------------------------------------------------------------
| Tool Version : Vivado v.2016.4 (win64) Build 1756540 Mon Jan 23 19:11:23 MST 2017
| Date         : Wed Jun 07 06:25:00 2017
| Host         : DESKTOP-EEMGN0L running 64-bit major release  (build 9200)
| Command      : upgrade_ip
| Device       : xc7a100tcsg324-3
------------------------------------------------------------------------------------

Upgrade Log for IP 'task_design_1_FSM_max_common_divisor2_0_0'

1. Summary
----------

SUCCESS in the update of task_design_1_FSM_max_common_divisor2_0_0 (xilinx.com:user:FSM_max_common_divisor2:2.0 (Rev. 1)) to current project options.






Copyright 1986-2016 Xilinx, Inc. All Rights Reserved.
------------------------------------------------------------------------------------
| Tool Version : Vivado v.2016.4 (win64) Build 1756540 Mon Jan 23 19:11:23 MST 2017
| Date         : Wed Jun 07 05:39:23 2017
| Host         : DESKTOP-EEMGN0L running 64-bit major release  (build 9200)
| Command      : upgrade_ip
| Device       : xc7a100tcsg324-3
------------------------------------------------------------------------------------

Upgrade Log for IP 'task_design_1_unroll_0_0'

1. Summary
----------

SUCCESS in the update of task_design_1_unroll_0_0 (ua.pt:user:unroll:1.0 (Rev. 2)) to current project options.






Copyright 1986-2016 Xilinx, Inc. All Rights Reserved.
------------------------------------------------------------------------------------
| Tool Version : Vivado v.2016.4 (win64) Build 1756540 Mon Jan 23 19:11:23 MST 2017
| Date         : Wed Jun 07 05:39:23 2017
| Host         : DESKTOP-EEMGN0L running 64-bit major release  (build 9200)
| Command      : upgrade_ip
| Device       : xc7a100tcsg324-3
------------------------------------------------------------------------------------

Upgrade Log for IP 'task_design_1_FSM_max_common_divisor_0_0'

1. Summary
----------

SUCCESS in the update of task_design_1_FSM_max_common_divisor_0_0 (xilinx.com:user:FSM_max_common_divisor:1.0 (Rev. 2)) to current project options.






Copyright 1986-2016 Xilinx, Inc. All Rights Reserved.
------------------------------------------------------------------------------------
| Tool Version : Vivado v.2016.4 (win64) Build 1756540 Mon Jan 23 19:11:23 MST 2017
| Date         : Wed Jun 07 04:30:11 2017
| Host         : DESKTOP-EEMGN0L running 64-bit major release  (build 9200)
| Command      : upgrade_ip
| Device       : xc7a100tcsg324-3
------------------------------------------------------------------------------------

Upgrade Log for IP 'task_design_1_unroll_0_0'

1. Summary
----------

SUCCESS in the update of task_design_1_unroll_0_0 (ua.pt:user:unroll:1.0 (Rev. 2)) to current project options.






Copyright 1986-2016 Xilinx, Inc. All Rights Reserved.
------------------------------------------------------------------------------------
| Tool Version : Vivado v.2016.4 (win64) Build 1756540 Mon Jan 23 19:11:23 MST 2017
| Date         : Wed Jun 07 04:22:24 2017
| Host         : DESKTOP-EEMGN0L running 64-bit major release  (build 9200)
| Command      : upgrade_ip
| Device       : xc7a100tcsg324-3
------------------------------------------------------------------------------------

Upgrade Log for IP 'task_design_1_unroll_0_0'

1. Summary
----------

SUCCESS in the update of task_design_1_unroll_0_0 (ua.pt:user:unroll:1.0 (Rev. 2)) to current project options.

