#-----------------------------------------------------------
# Vivado v2016.4 (64-bit)
# SW Build 1756540 on Mon Jan 23 19:11:23 MST 2017
# IP Build 1755317 on Mon Jan 23 20:30:07 MST 2017
# Start of session at: Wed Jun 07 07:17:12 2017
# Process ID: 8912
# Current directory: C:/CR/Projeto/Task_53
# Command line: vivado.exe -gui_launcher_event rodinguilauncherevent6412 C:\CR\Projeto\Task_53\Task_53.xpr
# Log file: C:/CR/Projeto/Task_53/vivado.log
# Journal file: C:/CR/Projeto/Task_53\vivado.jou
#-----------------------------------------------------------
start_gui
open_project C:/CR/Projeto/Task_53/Task_53.xpr
Scanning sources...
Finished scanning sources
INFO: [IP_Flow 19-234] Refreshing IP repositories
WARNING: [IP_Flow 19-3685] Ignored loading user repository 'c:/CR/Projeto/Task_53/UserDefinedRepository'. The path is contained within another repository.
INFO: [IP_Flow 19-1700] Loaded user IP repository 'c:/CR/Repositorio/Repository/Nexys4DispCont'.
INFO: [IP_Flow 19-1700] Loaded user IP repository 'c:/CR/Repositorio/Repository/MemoryDisp2017'.
INFO: [IP_Flow 19-1700] Loaded user IP repository 'c:/CR/Repositorio/Repository/FirstBlockDes2017'.
INFO: [IP_Flow 19-1700] Loaded user IP repository 'c:/CR/Repositorio/Repository/BinToBCD2017'.
INFO: [IP_Flow 19-1700] Loaded user IP repository 'c:/cr/projeto/task_53'.
INFO: [IP_Flow 19-2313] Loaded Vivado IP repository 'C:/Xilinx/Vivado/2016.4/data/ip'.
CRITICAL WARNING: [IP_Flow 19-1663] Duplicate IP found for 'ua.pt:user:BinToBCD16:1.0'. The one found in IP location 'c:/cr/projeto/task_53/UserDefinedRepository/BCD16bit/BCD16bit.srcs/sources_1/imports/6' will take precedence over the same IP in locations: 
   c:/CR/Repositorio/Repository/BinToBCD2017/BinToBCD2017.srcs/sources_1/imports/6
   c:/cr/projeto/task_53/UserDefinedRepository/Binary_to_BCD16/Binary_to_BCD16.srcs/sources_1/imports
CRITICAL WARNING: [IP_Flow 19-1663] Duplicate IP found for 'ua.pt:user:EightDisplayControl:1.0'. The one found in IP location 'c:/cr/projeto/task_53/UserDefinedRepository/DisplayControl/DisplayControl.srcs/sources_1/imports/extras' will take precedence over the same IP in location c:/cr/projeto/task_53/UserDefinedRepository/DisplayControl32inputs4bits/DisplayControl32inputs4bits.srcs/sources_1/imports/displays_old
CRITICAL WARNING: [IP_Flow 19-1663] Duplicate IP found for 'user.org:user:hw:1.0'. The one found in IP location 'c:/cr/projeto/task_53/UserDefinedRepository/HammingWeightV3/hammingweight_v3/hammingweight_v3.srcs' will take precedence over the same IP in location c:/cr/projeto/task_53/UserDefinedRepository/HammingWeightV3/hammingweight_v3/hammingweight_v3.srcs/sources_1/new
open_project: Time (s): cpu = 00:00:12 ; elapsed = 00:00:08 . Memory (MB): peak = 780.930 ; gain = 134.914
reset_run synth_1
launch_runs synth_1
INFO: [HDL 9-1061] Parsing VHDL file "C:/CR/Projeto/Task_53/Task_53.srcs/sources_1/bd/task_design_1/hdl/task_design_1_wrapper.vhd" into library xil_defaultlib [C:/CR/Projeto/Task_53/Task_53.srcs/sources_1/bd/task_design_1/hdl/task_design_1_wrapper.vhd:1]
INFO: [HDL 9-1061] Parsing VHDL file "C:/CR/Projeto/Task_53/Task_53.srcs/sources_1/bd/task_design_1/hdl/task_design_1.vhd" into library xil_defaultlib [C:/CR/Projeto/Task_53/Task_53.srcs/sources_1/bd/task_design_1/hdl/task_design_1.vhd:1]
[Wed Jun 07 07:18:40 2017] Launched synth_1...
Run output will be captured here: C:/CR/Projeto/Task_53/Task_53.runs/synth_1/runme.log
launch_runs impl_1
[Wed Jun 07 07:22:33 2017] Launched impl_1...
Run output will be captured here: C:/CR/Projeto/Task_53/Task_53.runs/impl_1/runme.log
launch_runs impl_1 -to_step write_bitstream
[Wed Jun 07 07:25:29 2017] Launched impl_1...
Run output will be captured here: C:/CR/Projeto/Task_53/Task_53.runs/impl_1/runme.log
file copy -force C:/CR/Projeto/Task_53/Task_53.runs/impl_1/task_design_1_wrapper.sysdef C:/CR/Projeto/Task_53/Task_53.sdk/task_design_1_wrapper.hdf

launch_sdk -workspace C:/CR/Projeto/Task_53/Task_53.sdk -hwspec C:/CR/Projeto/Task_53/Task_53.sdk/task_design_1_wrapper.hdf
INFO: [Vivado 12-393] Launching SDK...
INFO: [Vivado 12-417] Running xsdk -workspace C:/CR/Projeto/Task_53/Task_53.sdk -hwspec C:/CR/Projeto/Task_53/Task_53.sdk/task_design_1_wrapper.hdf
INFO: [Vivado 12-3157] SDK launch initiated. Please check console for any further messages.
open_hw
connect_hw_server
INFO: [Labtools 27-2285] Connecting to hw_server url TCP:localhost:3121
INFO: [Labtools 27-2222] Launching hw_server...
INFO: [Labtools 27-2221] Launch Output:

****** Xilinx hw_server v2016.4
  **** Build date : Jan 23 2017-19:37:29
    ** Copyright 1986-2016 Xilinx, Inc. All Rights Reserved.


open_hw_target
INFO: [Labtoolstcl 44-466] Opening hw_target localhost:3121/xilinx_tcf/Digilent/210274505293A
set_property PROGRAM.FILE {C:/CR/Projeto/Task_53/Task_53.runs/impl_1/task_design_1_wrapper.bit} [lindex [get_hw_devices xc7a100t_0] 0]
current_hw_device [lindex [get_hw_devices xc7a100t_0] 0]
refresh_hw_device -update_hw_probes false [lindex [get_hw_devices xc7a100t_0] 0]
INFO: [Labtools 27-1435] Device xc7a100t (JTAG device index = 0) is not programmed (DONE status = 0).
set_property PROBES.FILE {} [lindex [get_hw_devices xc7a100t_0] 0]
set_property PROGRAM.FILE {C:/CR/Projeto/Task_53/Task_53.runs/impl_1/task_design_1_wrapper.bit} [lindex [get_hw_devices xc7a100t_0] 0]
program_hw_devices [lindex [get_hw_devices xc7a100t_0] 0]
INFO: [Labtools 27-3164] End of startup status: HIGH
refresh_hw_device [lindex [get_hw_devices xc7a100t_0] 0]
INFO: [Labtools 27-1434] Device xc7a100t (JTAG device index = 0) is programmed with a design that has no supported debug core(s) in it.
WARNING: [Labtools 27-3123] The debug hub core was not detected at User Scan Chain 1 or 3.
Resolution: 
1. Make sure the clock connected to the debug hub (dbg_hub) core is a free running clock and is active OR
2. Manually launch hw_server with -e "set xsdb-user-bscan <C_USER_SCAN_CHAIN scan_chain_number>" to detect the debug hub at User Scan Chain of 2 or 4. To determine the user scan chain setting, open the implemented design and use: get_property C_USER_SCAN_CHAIN [get_debug_cores dbg_hub].
WARNING: [Labtoolstcl 44-130] No matching hw_ilas were found.
WARNING: [Labtoolstcl 44-130] No matching hw_ilas were found.
WARNING: [Labtoolstcl 44-130] No matching hw_ilas were found.
WARNING: [Labtoolstcl 44-130] No matching hw_ilas were found.
set_property PROBES.FILE {} [lindex [get_hw_devices xc7a100t_0] 0]
set_property PROGRAM.FILE {C:/CR/Projeto/Task_53/Task_53.runs/impl_1/task_design_1_wrapper.bit} [lindex [get_hw_devices xc7a100t_0] 0]
program_hw_devices [lindex [get_hw_devices xc7a100t_0] 0]
INFO: [Labtools 27-3164] End of startup status: HIGH
refresh_hw_device [lindex [get_hw_devices xc7a100t_0] 0]
INFO: [Labtools 27-1434] Device xc7a100t (JTAG device index = 0) is programmed with a design that has no supported debug core(s) in it.
WARNING: [Labtools 27-3123] The debug hub core was not detected at User Scan Chain 1 or 3.
Resolution: 
1. Make sure the clock connected to the debug hub (dbg_hub) core is a free running clock and is active OR
2. Manually launch hw_server with -e "set xsdb-user-bscan <C_USER_SCAN_CHAIN scan_chain_number>" to detect the debug hub at User Scan Chain of 2 or 4. To determine the user scan chain setting, open the implemented design and use: get_property C_USER_SCAN_CHAIN [get_debug_cores dbg_hub].
WARNING: [Labtoolstcl 44-130] No matching hw_ilas were found.
WARNING: [Labtoolstcl 44-130] No matching hw_ilas were found.
WARNING: [Labtoolstcl 44-130] No matching hw_ilas were found.
WARNING: [Labtoolstcl 44-130] No matching hw_ilas were found.
refresh_hw_device [lindex [get_hw_devices xc7a100t_0] 0]
INFO: [Labtools 27-1434] Device xc7a100t (JTAG device index = 0) is programmed with a design that has no supported debug core(s) in it.
WARNING: [Labtools 27-3123] The debug hub core was not detected at User Scan Chain 1 or 3.
Resolution: 
1. Make sure the clock connected to the debug hub (dbg_hub) core is a free running clock and is active OR
2. Manually launch hw_server with -e "set xsdb-user-bscan <C_USER_SCAN_CHAIN scan_chain_number>" to detect the debug hub at User Scan Chain of 2 or 4. To determine the user scan chain setting, open the implemented design and use: get_property C_USER_SCAN_CHAIN [get_debug_cores dbg_hub].
WARNING: [Labtoolstcl 44-130] No matching hw_ilas were found.
WARNING: [Labtoolstcl 44-130] No matching hw_ilas were found.
WARNING: [Labtoolstcl 44-130] No matching hw_ilas were found.
WARNING: [Labtoolstcl 44-130] No matching hw_ilas were found.
exit
INFO: [Common 17-206] Exiting Vivado at Wed Jun 07 07:52:32 2017...
