#-----------------------------------------------------------
# Vivado v2016.4 (64-bit)
# SW Build 1756540 on Mon Jan 23 19:11:23 MST 2017
# IP Build 1755317 on Mon Jan 23 20:30:07 MST 2017
# Start of session at: Wed Jun 07 07:13:53 2017
# Process ID: 8908
# Current directory: C:/CR/Projeto/Task_53
# Command line: vivado.exe -gui_launcher_event rodinguilauncherevent6084 C:\CR\Projeto\Task_53\Task_53.xpr
# Log file: C:/CR/Projeto/Task_53/vivado.log
# Journal file: C:/CR/Projeto/Task_53\vivado.jou
#-----------------------------------------------------------
start_gui
open_project C:/CR/Projeto/Task_53/Task_53.xpr
CRITICAL WARNING: [Project 1-19] Could not find the file 'C:/CR/Projeto/Task_53/Task_53.srcs/sources_1/new/Task_53.vhd'.
Scanning sources...
Finished scanning sources
INFO: [IP_Flow 19-234] Refreshing IP repositories
WARNING: [IP_Flow 19-3685] Ignored loading user repository 'c:/CR/Projeto/Task_53/UserDefinedRepository'. The path is contained within another repository.
INFO: [IP_Flow 19-1700] Loaded user IP repository 'c:/CR/Repositorio/Repository/Nexys4DispCont'.
INFO: [IP_Flow 19-1700] Loaded user IP repository 'c:/CR/Repositorio/Repository/MemoryDisp2017'.
INFO: [IP_Flow 19-1700] Loaded user IP repository 'c:/CR/Repositorio/Repository/FirstBlockDes2017'.
INFO: [IP_Flow 19-1700] Loaded user IP repository 'c:/CR/Repositorio/Repository/BinToBCD2017'.
INFO: [IP_Flow 19-1700] Loaded user IP repository 'c:/cr/projeto/task_53'.
INFO: [IP_Flow 19-2313] Loaded Vivado IP repository 'C:/Xilinx/Vivado/2016.4/data/ip'.
CRITICAL WARNING: [IP_Flow 19-1663] Duplicate IP found for 'ua.pt:user:BinToBCD16:1.0'. The one found in IP location 'c:/cr/projeto/task_53/UserDefinedRepository/BCD16bit/BCD16bit.srcs/sources_1/imports/6' will take precedence over the same IP in locations: 
   c:/CR/Repositorio/Repository/BinToBCD2017/BinToBCD2017.srcs/sources_1/imports/6
   c:/cr/projeto/task_53/UserDefinedRepository/Binary_to_BCD16/Binary_to_BCD16.srcs/sources_1/imports
CRITICAL WARNING: [IP_Flow 19-1663] Duplicate IP found for 'ua.pt:user:EightDisplayControl:1.0'. The one found in IP location 'c:/cr/projeto/task_53/UserDefinedRepository/DisplayControl/DisplayControl.srcs/sources_1/imports/extras' will take precedence over the same IP in location c:/cr/projeto/task_53/UserDefinedRepository/DisplayControl32inputs4bits/DisplayControl32inputs4bits.srcs/sources_1/imports/displays_old
CRITICAL WARNING: [IP_Flow 19-1663] Duplicate IP found for 'user.org:user:hw:1.0'. The one found in IP location 'c:/cr/projeto/task_53/UserDefinedRepository/HammingWeightV3/hammingweight_v3/hammingweight_v3.srcs' will take precedence over the same IP in location c:/cr/projeto/task_53/UserDefinedRepository/HammingWeightV3/hammingweight_v3/hammingweight_v3.srcs/sources_1/new
open_project: Time (s): cpu = 00:00:15 ; elapsed = 00:00:10 . Memory (MB): peak = 844.688 ; gain = 181.691
remove_files  C:/CR/Projeto/Task_53/Task_53.srcs/sources_1/new/Task_53.vhd
file delete -force C:/CR/Projeto/Task_53/Task_53.srcs/sources_1/new/Task_53.vhd
open_bd_design {C:/CR/Projeto/Task_53/Task_53.srcs/sources_1/bd/task_design_1/task_design_1.bd}
Adding cell -- ua.pt:user:EightDispControl:1.0 - EightDispControl_0
Adding cell -- xilinx.com:ip:blk_mem_gen:8.3 - blk_mem_gen_0
Adding cell -- xilinx.com:ip:xlconstant:1.1 - xlconstant_1
Adding cell -- xilinx.com:ip:blk_mem_gen:8.3 - blk_mem_gen_1
Adding cell -- xilinx.com:ip:microblaze:10.0 - microblaze_0
Adding cell -- xilinx.com:ip:mdm:3.2 - mdm_1
Adding cell -- xilinx.com:ip:clk_wiz:5.3 - clk_wiz_1
Adding cell -- xilinx.com:ip:proc_sys_reset:5.0 - rst_clk_wiz_1_100M
Adding cell -- xilinx.com:ip:axi_gpio:2.0 - axi_gpio_0
Adding cell -- xilinx.com:ip:xlslice:1.0 - xlslice_0
Adding cell -- xilinx.com:ip:xlconstant:1.1 - xlconstant_2
Adding cell -- xilinx.com:ip:xlslice:1.0 - xlslice_1
Adding cell -- xilinx.com:ip:xlconstant:1.1 - xlconstant_3
Adding cell -- xilinx.com:ip:xlslice:1.0 - xlslice_2
Adding cell -- xilinx.com:ip:xlslice:1.0 - xlslice_3
Adding cell -- xilinx.com:ip:xlslice:1.0 - xlslice_4
Adding cell -- xilinx.com:ip:xlconcat:2.1 - xlconcat_1
Adding cell -- xilinx.com:ip:xlslice:1.0 - xlslice_5
Adding cell -- xilinx.com:ip:xlconcat:2.1 - xlconcat_2
Adding cell -- xilinx.com:ip:xlslice:1.0 - xlslice_6
Adding cell -- xilinx.com:ip:xlslice:1.0 - xlslice_7
Adding cell -- xilinx.com:ip:xlslice:1.0 - xlslice_8
Adding cell -- xilinx.com:ip:xlslice:1.0 - xlslice_9
Adding cell -- xilinx.com:user:VGA_for_block:1.0 - VGA_for_block_0
Adding cell -- xilinx.com:ip:xlslice:1.0 - xlslice_10
Adding cell -- xilinx.com:ip:xlslice:1.0 - xlslice_11
Adding cell -- xilinx.com:ip:xlconstant:1.1 - xlconstant_0
Adding cell -- xilinx.com:ip:xlconcat:2.1 - xlconcat_0
Adding cell -- ua.pt:user:unroll:1.0 - unroll_0
Adding cell -- xilinx.com:user:FSM_max_common_divisor:1.0 - FSM_max_common_divisor_0
Adding cell -- xilinx.com:ip:axi_crossbar:2.1 - xbar
Adding cell -- xilinx.com:ip:lmb_v10:3.0 - dlmb_v10
Adding cell -- xilinx.com:ip:lmb_v10:3.0 - ilmb_v10
Adding cell -- xilinx.com:ip:lmb_bram_if_cntlr:4.0 - dlmb_bram_if_cntlr
Adding cell -- xilinx.com:ip:lmb_bram_if_cntlr:4.0 - ilmb_bram_if_cntlr
Adding cell -- xilinx.com:ip:blk_mem_gen:8.3 - lmb_bram
Successfully read diagram <task_design_1> from BD file <C:/CR/Projeto/Task_53/Task_53.srcs/sources_1/bd/task_design_1/task_design_1.bd>
open_bd_design: Time (s): cpu = 00:00:12 ; elapsed = 00:00:08 . Memory (MB): peak = 856.813 ; gain = 5.617
reset_run synth_1
WARNING: [Vivado 12-1017] Problems encountered:
1. Failed to delete one or more files in run directory C:/CR/Projeto/Task_53/Task_53.runs/synth_1

launch_runs synth_1
[Wed Jun 07 07:14:43 2017] Launched synth_1...
Run output will be captured here: C:/CR/Projeto/Task_53/Task_53.runs/synth_1/runme.log
exit
INFO: [Common 17-206] Exiting Vivado at Wed Jun 07 07:17:06 2017...
