#-----------------------------------------------------------
# Vivado v2016.4 (64-bit)
# SW Build 1756540 on Mon Jan 23 19:11:23 MST 2017
# IP Build 1755317 on Mon Jan 23 20:30:07 MST 2017
# Start of session at: Wed Jun 07 06:51:58 2017
# Process ID: 4644
# Current directory: C:/CR/Projeto/Task_53
# Command line: vivado.exe -gui_launcher_event rodinguilauncherevent1008 C:\CR\Projeto\Task_53\Task_53.xpr
# Log file: C:/CR/Projeto/Task_53/vivado.log
# Journal file: C:/CR/Projeto/Task_53\vivado.jou
#-----------------------------------------------------------
start_gui
open_project C:/CR/Projeto/Task_53/Task_53.xpr
CRITICAL WARNING: [Project 1-19] Could not find the file 'C:/CR/Projeto/Task_53/Task_53.srcs/sources_1/new/Task_53.vhd'.
CRITICAL WARNING: [Project 1-19] Could not find the file 'C:/CR/Projeto/Task_53/hj.coe'.
CRITICAL WARNING: [Project 1-19] Could not find the file 'C:/CR/Projeto/Task_53/Task_53.srcs/constrs_1/imports/Task_53/Nexys4_Master.xdc'.
Scanning sources...
Finished scanning sources
INFO: [IP_Flow 19-234] Refreshing IP repositories
WARNING: [IP_Flow 19-3685] Ignored loading user repository 'c:/CR/Projeto/Task_53/UserDefinedRepository'. The path is contained within another repository.
INFO: [IP_Flow 19-1700] Loaded user IP repository 'c:/CR/Repositorio/Repository/Nexys4DispCont'.
INFO: [IP_Flow 19-1700] Loaded user IP repository 'c:/CR/Repositorio/Repository/MemoryDisp2017'.
INFO: [IP_Flow 19-1700] Loaded user IP repository 'c:/CR/Repositorio/Repository/FirstBlockDes2017'.
INFO: [IP_Flow 19-1700] Loaded user IP repository 'c:/CR/Repositorio/Repository/BinToBCD2017'.
INFO: [IP_Flow 19-1700] Loaded user IP repository 'c:/cr/projeto/task_53'.
INFO: [IP_Flow 19-2313] Loaded Vivado IP repository 'C:/Xilinx/Vivado/2016.4/data/ip'.
CRITICAL WARNING: [IP_Flow 19-1663] Duplicate IP found for 'ua.pt:user:BinToBCD16:1.0'. The one found in IP location 'c:/cr/projeto/task_53/UserDefinedRepository/BCD16bit/BCD16bit.srcs/sources_1/imports/6' will take precedence over the same IP in locations: 
   c:/CR/Repositorio/Repository/BinToBCD2017/BinToBCD2017.srcs/sources_1/imports/6
   c:/cr/projeto/task_53/UserDefinedRepository/Binary_to_BCD16/Binary_to_BCD16.srcs/sources_1/imports
CRITICAL WARNING: [IP_Flow 19-1663] Duplicate IP found for 'ua.pt:user:EightDisplayControl:1.0'. The one found in IP location 'c:/cr/projeto/task_53/UserDefinedRepository/DisplayControl/DisplayControl.srcs/sources_1/imports/extras' will take precedence over the same IP in location c:/cr/projeto/task_53/UserDefinedRepository/DisplayControl32inputs4bits/DisplayControl32inputs4bits.srcs/sources_1/imports/displays_old
CRITICAL WARNING: [IP_Flow 19-1663] Duplicate IP found for 'user.org:user:hw:1.0'. The one found in IP location 'c:/cr/projeto/task_53/UserDefinedRepository/HammingWeightV3/hammingweight_v3/hammingweight_v3.srcs' will take precedence over the same IP in location c:/cr/projeto/task_53/UserDefinedRepository/HammingWeightV3/hammingweight_v3/hammingweight_v3.srcs/sources_1/new
open_project: Time (s): cpu = 00:00:13 ; elapsed = 00:00:09 . Memory (MB): peak = 855.789 ; gain = 198.891
open_bd_design {C:/CR/Projeto/Task_53/Task_53.srcs/sources_1/bd/task_design_1/task_design_1.bd}
Adding cell -- ua.pt:user:EightDispControl:1.0 - EightDispControl_0
Adding cell -- xilinx.com:ip:blk_mem_gen:8.3 - blk_mem_gen_0
Adding cell -- xilinx.com:ip:xlconstant:1.1 - xlconstant_1
Adding cell -- xilinx.com:ip:blk_mem_gen:8.3 - blk_mem_gen_1
Adding cell -- xilinx.com:ip:microblaze:10.0 - microblaze_0
Adding cell -- xilinx.com:ip:mdm:3.2 - mdm_1
Adding cell -- xilinx.com:ip:clk_wiz:5.3 - clk_wiz_1
Adding cell -- xilinx.com:ip:proc_sys_reset:5.0 - rst_clk_wiz_1_100M
Adding cell -- xilinx.com:ip:axi_gpio:2.0 - axi_gpio_0
Adding cell -- xilinx.com:ip:xlslice:1.0 - xlslice_0
Adding cell -- xilinx.com:ip:xlconstant:1.1 - xlconstant_2
Adding cell -- xilinx.com:ip:xlslice:1.0 - xlslice_1
Adding cell -- xilinx.com:ip:xlconstant:1.1 - xlconstant_3
Adding cell -- xilinx.com:ip:xlslice:1.0 - xlslice_2
Adding cell -- xilinx.com:ip:xlslice:1.0 - xlslice_3
Adding cell -- xilinx.com:ip:xlslice:1.0 - xlslice_4
Adding cell -- xilinx.com:ip:xlconcat:2.1 - xlconcat_1
Adding cell -- xilinx.com:ip:xlslice:1.0 - xlslice_5
Adding cell -- xilinx.com:ip:xlconcat:2.1 - xlconcat_2
Adding cell -- xilinx.com:ip:xlslice:1.0 - xlslice_6
Adding cell -- xilinx.com:ip:xlslice:1.0 - xlslice_7
Adding cell -- xilinx.com:ip:xlslice:1.0 - xlslice_8
Adding cell -- xilinx.com:ip:xlslice:1.0 - xlslice_9
Adding cell -- xilinx.com:user:VGA_for_block:1.0 - VGA_for_block_0
Adding cell -- xilinx.com:ip:xlslice:1.0 - xlslice_10
Adding cell -- xilinx.com:ip:xlslice:1.0 - xlslice_11
Adding cell -- xilinx.com:ip:xlconstant:1.1 - xlconstant_0
Adding cell -- xilinx.com:ip:xlconcat:2.1 - xlconcat_0
Adding cell -- ua.pt:user:unroll:1.0 - unroll_0
Adding cell -- xilinx.com:ip:axi_crossbar:2.1 - xbar
Adding cell -- xilinx.com:ip:lmb_v10:3.0 - dlmb_v10
Adding cell -- xilinx.com:ip:lmb_v10:3.0 - ilmb_v10
Adding cell -- xilinx.com:ip:lmb_bram_if_cntlr:4.0 - dlmb_bram_if_cntlr
Adding cell -- xilinx.com:ip:lmb_bram_if_cntlr:4.0 - ilmb_bram_if_cntlr
Adding cell -- xilinx.com:ip:blk_mem_gen:8.3 - lmb_bram
Successfully read diagram <task_design_1> from BD file <C:/CR/Projeto/Task_53/Task_53.srcs/sources_1/bd/task_design_1/task_design_1.bd>
open_bd_design: Time (s): cpu = 00:00:11 ; elapsed = 00:00:07 . Memory (MB): peak = 921.949 ; gain = 66.160
update_ip_catalog -rebuild
INFO: [IP_Flow 19-234] Refreshing IP repositories
WARNING: [IP_Flow 19-3685] Ignored loading user repository 'c:/CR/Projeto/Task_53/UserDefinedRepository'. The path is contained within another repository.
INFO: [IP_Flow 19-1700] Loaded user IP repository 'c:/CR/Repositorio/Repository/Nexys4DispCont'.
INFO: [IP_Flow 19-1700] Loaded user IP repository 'c:/CR/Repositorio/Repository/MemoryDisp2017'.
INFO: [IP_Flow 19-1700] Loaded user IP repository 'c:/CR/Repositorio/Repository/FirstBlockDes2017'.
INFO: [IP_Flow 19-1700] Loaded user IP repository 'c:/CR/Repositorio/Repository/BinToBCD2017'.
INFO: [IP_Flow 19-1700] Loaded user IP repository 'c:/cr/projeto/task_53'.
CRITICAL WARNING: [IP_Flow 19-1663] Duplicate IP found for 'ua.pt:user:BinToBCD16:1.0'. The one found in IP location 'c:/cr/projeto/task_53/UserDefinedRepository/BCD16bit/BCD16bit.srcs/sources_1/imports/6' will take precedence over the same IP in locations: 
   c:/CR/Repositorio/Repository/BinToBCD2017/BinToBCD2017.srcs/sources_1/imports/6
   c:/cr/projeto/task_53/UserDefinedRepository/Binary_to_BCD16/Binary_to_BCD16.srcs/sources_1/imports
CRITICAL WARNING: [IP_Flow 19-1663] Duplicate IP found for 'ua.pt:user:EightDisplayControl:1.0'. The one found in IP location 'c:/cr/projeto/task_53/UserDefinedRepository/DisplayControl/DisplayControl.srcs/sources_1/imports/extras' will take precedence over the same IP in location c:/cr/projeto/task_53/UserDefinedRepository/DisplayControl32inputs4bits/DisplayControl32inputs4bits.srcs/sources_1/imports/displays_old
CRITICAL WARNING: [IP_Flow 19-1663] Duplicate IP found for 'user.org:user:hw:1.0'. The one found in IP location 'c:/cr/projeto/task_53/UserDefinedRepository/HammingWeightV3/hammingweight_v3/hammingweight_v3.srcs' will take precedence over the same IP in location c:/cr/projeto/task_53/UserDefinedRepository/HammingWeightV3/hammingweight_v3/hammingweight_v3.srcs/sources_1/new
update_ip_catalog -rebuild
INFO: [IP_Flow 19-234] Refreshing IP repositories
WARNING: [IP_Flow 19-3685] Ignored loading user repository 'c:/CR/Projeto/Task_53/UserDefinedRepository'. The path is contained within another repository.
INFO: [IP_Flow 19-1700] Loaded user IP repository 'c:/CR/Repositorio/Repository/Nexys4DispCont'.
INFO: [IP_Flow 19-1700] Loaded user IP repository 'c:/CR/Repositorio/Repository/MemoryDisp2017'.
INFO: [IP_Flow 19-1700] Loaded user IP repository 'c:/CR/Repositorio/Repository/FirstBlockDes2017'.
INFO: [IP_Flow 19-1700] Loaded user IP repository 'c:/CR/Repositorio/Repository/BinToBCD2017'.
INFO: [IP_Flow 19-1700] Loaded user IP repository 'c:/cr/projeto/task_53'.
CRITICAL WARNING: [IP_Flow 19-1663] Duplicate IP found for 'ua.pt:user:BinToBCD16:1.0'. The one found in IP location 'c:/cr/projeto/task_53/UserDefinedRepository/BCD16bit/BCD16bit.srcs/sources_1/imports/6' will take precedence over the same IP in locations: 
   c:/CR/Repositorio/Repository/BinToBCD2017/BinToBCD2017.srcs/sources_1/imports/6
   c:/cr/projeto/task_53/UserDefinedRepository/Binary_to_BCD16/Binary_to_BCD16.srcs/sources_1/imports
CRITICAL WARNING: [IP_Flow 19-1663] Duplicate IP found for 'ua.pt:user:EightDisplayControl:1.0'. The one found in IP location 'c:/cr/projeto/task_53/UserDefinedRepository/DisplayControl/DisplayControl.srcs/sources_1/imports/extras' will take precedence over the same IP in location c:/cr/projeto/task_53/UserDefinedRepository/DisplayControl32inputs4bits/DisplayControl32inputs4bits.srcs/sources_1/imports/displays_old
CRITICAL WARNING: [IP_Flow 19-1663] Duplicate IP found for 'user.org:user:hw:1.0'. The one found in IP location 'c:/cr/projeto/task_53/UserDefinedRepository/HammingWeightV3/hammingweight_v3/hammingweight_v3.srcs' will take precedence over the same IP in location c:/cr/projeto/task_53/UserDefinedRepository/HammingWeightV3/hammingweight_v3/hammingweight_v3.srcs/sources_1/new
update_ip_catalog -delete_ip xilinx.com:user:FSM_max_common_divisor:1.0 -repo_path c:/cr/projeto/task_53
INFO: [IP_Flow 19-1659] Deleted IP 'xilinx.com:user:FSM_max_common_divisor:1.0' from repository 'c:/cr/projeto/task_53' at c:/cr/projeto/task_53/UserDefinedRepository/FSM_Common_Divisor.
INFO: [IP_Flow 19-725] Reloaded user IP repository 'c:/cr/projeto/task_53'
CRITICAL WARNING: [IP_Flow 19-1663] Duplicate IP found for 'ua.pt:user:BinToBCD16:1.0'. The one found in IP location 'c:/cr/projeto/task_53/UserDefinedRepository/BCD16bit/BCD16bit.srcs/sources_1/imports/6' will take precedence over the same IP in locations: 
   c:/CR/Repositorio/Repository/BinToBCD2017/BinToBCD2017.srcs/sources_1/imports/6
   c:/cr/projeto/task_53/UserDefinedRepository/Binary_to_BCD16/Binary_to_BCD16.srcs/sources_1/imports
CRITICAL WARNING: [IP_Flow 19-1663] Duplicate IP found for 'ua.pt:user:EightDisplayControl:1.0'. The one found in IP location 'c:/cr/projeto/task_53/UserDefinedRepository/DisplayControl/DisplayControl.srcs/sources_1/imports/extras' will take precedence over the same IP in location c:/cr/projeto/task_53/UserDefinedRepository/DisplayControl32inputs4bits/DisplayControl32inputs4bits.srcs/sources_1/imports/displays_old
CRITICAL WARNING: [IP_Flow 19-1663] Duplicate IP found for 'user.org:user:hw:1.0'. The one found in IP location 'c:/cr/projeto/task_53/UserDefinedRepository/HammingWeightV3/hammingweight_v3/hammingweight_v3.srcs' will take precedence over the same IP in location c:/cr/projeto/task_53/UserDefinedRepository/HammingWeightV3/hammingweight_v3/hammingweight_v3.srcs/sources_1/new
ipx::infer_core -as_library true C:/CR/Projeto/Task_53/UserDefinedRepository/FSM_Common_Divisor
CRITICAL WARNING: [IP_Flow 19-370] No files matching *.vh *.v *.vhd *.vhdl *.vlog *.sv *.svh *.edn *.edif *.ngc found under "C:/CR/Projeto/Task_53/UserDefinedRepository/FSM_Common_Divisor" directory.
ipx::infer_core -vendor xilinx.com -library user -taxonomy /UserIP C:/CR/Projeto/Task_53/UserDefinedRepository/FSM_Common_Divisor
INFO: [IP_Flow 19-234] Refreshing IP repositories
WARNING: [IP_Flow 19-3685] Ignored loading user repository 'c:/CR/Projeto/Task_53/UserDefinedRepository'. The path is contained within another repository.
INFO: [IP_Flow 19-1700] Loaded user IP repository 'c:/CR/Repositorio/Repository/Nexys4DispCont'.
INFO: [IP_Flow 19-1700] Loaded user IP repository 'c:/CR/Repositorio/Repository/MemoryDisp2017'.
INFO: [IP_Flow 19-1700] Loaded user IP repository 'c:/CR/Repositorio/Repository/FirstBlockDes2017'.
INFO: [IP_Flow 19-1700] Loaded user IP repository 'c:/CR/Repositorio/Repository/BinToBCD2017'.
INFO: [IP_Flow 19-1700] Loaded user IP repository 'c:/cr/projeto/task_53'.
INFO: [IP_Flow 19-2313] Loaded Vivado IP repository 'C:/Xilinx/Vivado/2016.4/data/ip'.
CRITICAL WARNING: [IP_Flow 19-1663] Duplicate IP found for 'ua.pt:user:BinToBCD16:1.0'. The one found in IP location 'c:/cr/projeto/task_53/UserDefinedRepository/BCD16bit/BCD16bit.srcs/sources_1/imports/6' will take precedence over the same IP in locations: 
   c:/CR/Repositorio/Repository/BinToBCD2017/BinToBCD2017.srcs/sources_1/imports/6
   c:/cr/projeto/task_53/UserDefinedRepository/Binary_to_BCD16/Binary_to_BCD16.srcs/sources_1/imports
CRITICAL WARNING: [IP_Flow 19-1663] Duplicate IP found for 'ua.pt:user:EightDisplayControl:1.0'. The one found in IP location 'c:/cr/projeto/task_53/UserDefinedRepository/DisplayControl/DisplayControl.srcs/sources_1/imports/extras' will take precedence over the same IP in location c:/cr/projeto/task_53/UserDefinedRepository/DisplayControl32inputs4bits/DisplayControl32inputs4bits.srcs/sources_1/imports/displays_old
CRITICAL WARNING: [IP_Flow 19-1663] Duplicate IP found for 'user.org:user:hw:1.0'. The one found in IP location 'c:/cr/projeto/task_53/UserDefinedRepository/HammingWeightV3/hammingweight_v3/hammingweight_v3.srcs' will take precedence over the same IP in location c:/cr/projeto/task_53/UserDefinedRepository/HammingWeightV3/hammingweight_v3/hammingweight_v3.srcs/sources_1/new
INFO: [IP_Flow 19-4753] Inferred signal 'reset' from port 'rst' as interface 'rst'.
INFO: [IP_Flow 19-4753] Inferred signal 'clock' from port 'clk' as interface 'clk'.
INFO: [IP_Flow 19-4728] Bus Interface 'clk': Added interface parameter 'ASSOCIATED_RESET' with value 'rst'.
ipx::edit_ip_in_project -upgrade true -name FSMcommon_divisor -directory C:/CR/Projeto/Task_53/Task_53.tmp c:/CR/Projeto/Task_53/UserDefinedRepository/FSM_Common_Divisor/component.xml
INFO: [IP_Flow 19-234] Refreshing IP repositories
INFO: [IP_Flow 19-1704] No user IP repositories specified
INFO: [IP_Flow 19-2313] Loaded Vivado IP repository 'C:/Xilinx/Vivado/2016.4/data/ip'.
INFO: [IP_Flow 19-234] Refreshing IP repositories
WARNING: [IP_Flow 19-3685] Ignored loading user repository 'c:/CR/Projeto/Task_53/UserDefinedRepository'. The path is contained within another repository.
INFO: [IP_Flow 19-1700] Loaded user IP repository 'c:/CR/Repositorio/Repository/Nexys4DispCont'.
INFO: [IP_Flow 19-1700] Loaded user IP repository 'c:/CR/Repositorio/Repository/MemoryDisp2017'.
INFO: [IP_Flow 19-1700] Loaded user IP repository 'c:/CR/Repositorio/Repository/FirstBlockDes2017'.
INFO: [IP_Flow 19-1700] Loaded user IP repository 'c:/CR/Repositorio/Repository/BinToBCD2017'.
INFO: [IP_Flow 19-1700] Loaded user IP repository 'c:/cr/projeto/task_53'.
WARNING: [IP_Flow 19-3656] If you move the project, the path for repository 'c:/cr/projeto/task_53' may become invalid. A better location for the repository would be in a path adjacent to the project. (Current project location is 'c:/cr/projeto/task_53/task_53.tmp'.)
CRITICAL WARNING: [IP_Flow 19-1663] Duplicate IP found for 'ua.pt:user:BinToBCD16:1.0'. The one found in IP location 'c:/cr/projeto/task_53/UserDefinedRepository/BCD16bit/BCD16bit.srcs/sources_1/imports/6' will take precedence over the same IP in locations: 
   c:/CR/Repositorio/Repository/BinToBCD2017/BinToBCD2017.srcs/sources_1/imports/6
   c:/cr/projeto/task_53/UserDefinedRepository/Binary_to_BCD16/Binary_to_BCD16.srcs/sources_1/imports
CRITICAL WARNING: [IP_Flow 19-1663] Duplicate IP found for 'ua.pt:user:EightDisplayControl:1.0'. The one found in IP location 'c:/cr/projeto/task_53/UserDefinedRepository/DisplayControl/DisplayControl.srcs/sources_1/imports/extras' will take precedence over the same IP in location c:/cr/projeto/task_53/UserDefinedRepository/DisplayControl32inputs4bits/DisplayControl32inputs4bits.srcs/sources_1/imports/displays_old
CRITICAL WARNING: [IP_Flow 19-1663] Duplicate IP found for 'user.org:user:hw:1.0'. The one found in IP location 'c:/cr/projeto/task_53/UserDefinedRepository/HammingWeightV3/hammingweight_v3/hammingweight_v3.srcs' will take precedence over the same IP in location c:/cr/projeto/task_53/UserDefinedRepository/HammingWeightV3/hammingweight_v3/hammingweight_v3.srcs/sources_1/new
INFO: [IP_Flow 19-795] Syncing license key meta-data
INFO: [IP_Flow 19-793] Syncing display name meta-data
INFO: [IP_Flow 19-798] Syncing taxonomy meta-data
ipx::current_core c:/CR/Projeto/Task_53/UserDefinedRepository/FSM_Common_Divisor/component.xml
launch_runs synth_1
INFO: [HDL 9-1061] Parsing VHDL file "c:/CR/Projeto/Task_53/UserDefinedRepository/FSM_Common_Divisor/FSM_Common_Divisor.srcs/sources_1/new/FSM_Common_Divisor.vhd" into library xil_defaultlib [c:/CR/Projeto/Task_53/UserDefinedRepository/FSM_Common_Divisor/FSM_Common_Divisor.srcs/sources_1/new/FSM_Common_Divisor.vhd:1]
[Wed Jun 07 07:03:16 2017] Launched synth_1...
Run output will be captured here: c:/cr/projeto/task_53/task_53.tmp/FSMcommon_divisor.runs/synth_1/runme.log
close_project
exit
INFO: [Common 17-206] Exiting Vivado at Wed Jun 07 07:04:20 2017...
