#-----------------------------------------------------------
# Vivado v2016.4 (64-bit)
# SW Build 1756540 on Mon Jan 23 19:11:23 MST 2017
# IP Build 1755317 on Mon Jan 23 20:30:07 MST 2017
# Start of session at: Wed Jun 07 14:12:43 2017
# Process ID: 4536
# Current directory: C:/CR/Projeto/Task_53
# Command line: vivado.exe -gui_launcher_event rodinguilauncherevent2140 C:\CR\Projeto\Task_53\Task_53.xpr
# Log file: C:/CR/Projeto/Task_53/vivado.log
# Journal file: C:/CR/Projeto/Task_53\vivado.jou
#-----------------------------------------------------------
start_gui
open_project C:/CR/Projeto/Task_53/Task_53.xpr
Scanning sources...
Finished scanning sources
INFO: [IP_Flow 19-234] Refreshing IP repositories
WARNING: [IP_Flow 19-3685] Ignored loading user repository 'c:/CR/Projeto/Task_53/UserDefinedRepository'. The path is contained within another repository.
INFO: [IP_Flow 19-1700] Loaded user IP repository 'c:/CR/Repositorio/Repository/Nexys4DispCont'.
INFO: [IP_Flow 19-1700] Loaded user IP repository 'c:/CR/Repositorio/Repository/MemoryDisp2017'.
INFO: [IP_Flow 19-1700] Loaded user IP repository 'c:/CR/Repositorio/Repository/FirstBlockDes2017'.
INFO: [IP_Flow 19-1700] Loaded user IP repository 'c:/CR/Repositorio/Repository/BinToBCD2017'.
INFO: [IP_Flow 19-1700] Loaded user IP repository 'c:/cr/projeto/task_53'.
INFO: [IP_Flow 19-2313] Loaded Vivado IP repository 'C:/Xilinx/Vivado/2016.4/data/ip'.
CRITICAL WARNING: [IP_Flow 19-1663] Duplicate IP found for 'ua.pt:user:BinToBCD16:1.0'. The one found in IP location 'c:/cr/projeto/task_53/UserDefinedRepository/BCD16bit/BCD16bit.srcs/sources_1/imports/6' will take precedence over the same IP in locations: 
   c:/CR/Repositorio/Repository/BinToBCD2017/BinToBCD2017.srcs/sources_1/imports/6
   c:/cr/projeto/task_53/UserDefinedRepository/Binary_to_BCD16/Binary_to_BCD16.srcs/sources_1/imports
CRITICAL WARNING: [IP_Flow 19-1663] Duplicate IP found for 'ua.pt:user:EightDisplayControl:1.0'. The one found in IP location 'c:/cr/projeto/task_53/UserDefinedRepository/DisplayControl/DisplayControl.srcs/sources_1/imports/extras' will take precedence over the same IP in location c:/cr/projeto/task_53/UserDefinedRepository/DisplayControl32inputs4bits/DisplayControl32inputs4bits.srcs/sources_1/imports/displays_old
CRITICAL WARNING: [IP_Flow 19-1663] Duplicate IP found for 'user.org:user:hw:1.0'. The one found in IP location 'c:/cr/projeto/task_53/UserDefinedRepository/HammingWeightV3/hammingweight_v3/hammingweight_v3.srcs' will take precedence over the same IP in location c:/cr/projeto/task_53/UserDefinedRepository/HammingWeightV3/hammingweight_v3/hammingweight_v3.srcs/sources_1/new
open_project: Time (s): cpu = 00:00:18 ; elapsed = 00:00:11 . Memory (MB): peak = 843.082 ; gain = 186.684
open_hw
connect_hw_server
INFO: [Labtools 27-2285] Connecting to hw_server url TCP:localhost:3121
INFO: [Labtools 27-2222] Launching hw_server...
INFO: [Labtools 27-2221] Launch Output:

****** Xilinx hw_server v2016.4
  **** Build date : Jan 23 2017-19:37:29
    ** Copyright 1986-2016 Xilinx, Inc. All Rights Reserved.


connect_hw_server: Time (s): cpu = 00:00:01 ; elapsed = 00:00:06 . Memory (MB): peak = 861.012 ; gain = 0.000
open_hw_target
INFO: [Labtoolstcl 44-466] Opening hw_target localhost:3121/xilinx_tcf/Digilent/210274505293A
set_property PROGRAM.FILE {C:/CR/Projeto/Task_53/Task_53.runs/impl_1/task_design_1_wrapper.bit} [lindex [get_hw_devices xc7a100t_0] 0]
current_hw_device [lindex [get_hw_devices xc7a100t_0] 0]
refresh_hw_device -update_hw_probes false [lindex [get_hw_devices xc7a100t_0] 0]
INFO: [Labtools 27-1435] Device xc7a100t (JTAG device index = 0) is not programmed (DONE status = 0).
set_property PROBES.FILE {} [lindex [get_hw_devices xc7a100t_0] 0]
set_property PROGRAM.FILE {C:/CR/Projeto/Task_53/Task_53.runs/impl_1/task_design_1_wrapper.bit} [lindex [get_hw_devices xc7a100t_0] 0]
program_hw_devices [lindex [get_hw_devices xc7a100t_0] 0]
INFO: [Labtools 27-3164] End of startup status: HIGH
refresh_hw_device [lindex [get_hw_devices xc7a100t_0] 0]
INFO: [Labtools 27-1434] Device xc7a100t (JTAG device index = 0) is programmed with a design that has no supported debug core(s) in it.
WARNING: [Labtools 27-3123] The debug hub core was not detected at User Scan Chain 1 or 3.
Resolution: 
1. Make sure the clock connected to the debug hub (dbg_hub) core is a free running clock and is active OR
2. Manually launch hw_server with -e "set xsdb-user-bscan <C_USER_SCAN_CHAIN scan_chain_number>" to detect the debug hub at User Scan Chain of 2 or 4. To determine the user scan chain setting, open the implemented design and use: get_property C_USER_SCAN_CHAIN [get_debug_cores dbg_hub].
WARNING: [Labtoolstcl 44-130] No matching hw_ilas were found.
WARNING: [Labtoolstcl 44-130] No matching hw_ilas were found.
WARNING: [Labtoolstcl 44-130] No matching hw_ilas were found.
WARNING: [Labtoolstcl 44-130] No matching hw_ilas were found.
open_bd_design {C:/CR/Projeto/Task_53/Task_53.srcs/sources_1/bd/task_design_1/task_design_1.bd}
Adding cell -- ua.pt:user:EightDispControl:1.0 - EightDispControl_0
Adding cell -- xilinx.com:ip:blk_mem_gen:8.3 - blk_mem_gen_0
Adding cell -- xilinx.com:ip:xlconstant:1.1 - xlconstant_1
Adding cell -- xilinx.com:ip:blk_mem_gen:8.3 - blk_mem_gen_1
Adding cell -- xilinx.com:ip:microblaze:10.0 - microblaze_0
Adding cell -- xilinx.com:ip:mdm:3.2 - mdm_1
Adding cell -- xilinx.com:ip:clk_wiz:5.3 - clk_wiz_1
Adding cell -- xilinx.com:ip:proc_sys_reset:5.0 - rst_clk_wiz_1_100M
Adding cell -- xilinx.com:ip:axi_gpio:2.0 - axi_gpio_0
Adding cell -- xilinx.com:ip:xlslice:1.0 - xlslice_0
Adding cell -- xilinx.com:ip:xlconstant:1.1 - xlconstant_2
Adding cell -- xilinx.com:ip:xlslice:1.0 - xlslice_1
Adding cell -- xilinx.com:ip:xlconstant:1.1 - xlconstant_3
Adding cell -- xilinx.com:ip:xlslice:1.0 - xlslice_2
Adding cell -- xilinx.com:ip:xlslice:1.0 - xlslice_3
Adding cell -- xilinx.com:ip:xlslice:1.0 - xlslice_4
Adding cell -- xilinx.com:ip:xlconcat:2.1 - xlconcat_1
Adding cell -- xilinx.com:ip:xlslice:1.0 - xlslice_5
Adding cell -- xilinx.com:ip:xlconcat:2.1 - xlconcat_2
Adding cell -- xilinx.com:ip:xlslice:1.0 - xlslice_6
Adding cell -- xilinx.com:ip:xlslice:1.0 - xlslice_7
Adding cell -- xilinx.com:ip:xlslice:1.0 - xlslice_8
Adding cell -- xilinx.com:ip:xlslice:1.0 - xlslice_9
Adding cell -- xilinx.com:user:VGA_for_block:1.0 - VGA_for_block_0
Adding cell -- xilinx.com:ip:xlslice:1.0 - xlslice_10
Adding cell -- xilinx.com:ip:xlslice:1.0 - xlslice_11
Adding cell -- xilinx.com:ip:xlconstant:1.1 - xlconstant_0
Adding cell -- xilinx.com:ip:xlconcat:2.1 - xlconcat_0
Adding cell -- ua.pt:user:unroll:1.0 - unroll_0
Adding cell -- xilinx.com:user:FSM_max_common_divisor:1.0 - FSM_max_common_divisor_0
Adding cell -- xilinx.com:ip:axi_crossbar:2.1 - xbar
Adding cell -- xilinx.com:ip:lmb_v10:3.0 - dlmb_v10
Adding cell -- xilinx.com:ip:lmb_v10:3.0 - ilmb_v10
Adding cell -- xilinx.com:ip:lmb_bram_if_cntlr:4.0 - dlmb_bram_if_cntlr
Adding cell -- xilinx.com:ip:lmb_bram_if_cntlr:4.0 - ilmb_bram_if_cntlr
Adding cell -- xilinx.com:ip:blk_mem_gen:8.3 - lmb_bram
Successfully read diagram <task_design_1> from BD file <C:/CR/Projeto/Task_53/Task_53.srcs/sources_1/bd/task_design_1/task_design_1.bd>
update_ip_catalog -delete_ip ua.pt:user:Min_circuit:1.0 -repo_path c:/cr/projeto/task_53
INFO: [IP_Flow 19-1659] Deleted IP 'ua.pt:user:Min_circuit:1.0' from repository 'c:/cr/projeto/task_53' at c:/cr/projeto/task_53/UserDefinedRepository/Min_Circuit/Min_Circuit.srcs/sources_1/imports.
INFO: [IP_Flow 19-725] Reloaded user IP repository 'c:/cr/projeto/task_53'
CRITICAL WARNING: [IP_Flow 19-1663] Duplicate IP found for 'ua.pt:user:BinToBCD16:1.0'. The one found in IP location 'c:/cr/projeto/task_53/UserDefinedRepository/BCD16bit/BCD16bit.srcs/sources_1/imports/6' will take precedence over the same IP in locations: 
   c:/CR/Repositorio/Repository/BinToBCD2017/BinToBCD2017.srcs/sources_1/imports/6
   c:/cr/projeto/task_53/UserDefinedRepository/Binary_to_BCD16/Binary_to_BCD16.srcs/sources_1/imports
CRITICAL WARNING: [IP_Flow 19-1663] Duplicate IP found for 'ua.pt:user:EightDisplayControl:1.0'. The one found in IP location 'c:/cr/projeto/task_53/UserDefinedRepository/DisplayControl/DisplayControl.srcs/sources_1/imports/extras' will take precedence over the same IP in location c:/cr/projeto/task_53/UserDefinedRepository/DisplayControl32inputs4bits/DisplayControl32inputs4bits.srcs/sources_1/imports/displays_old
CRITICAL WARNING: [IP_Flow 19-1663] Duplicate IP found for 'user.org:user:hw:1.0'. The one found in IP location 'c:/cr/projeto/task_53/UserDefinedRepository/HammingWeightV3/hammingweight_v3/hammingweight_v3.srcs' will take precedence over the same IP in location c:/cr/projeto/task_53/UserDefinedRepository/HammingWeightV3/hammingweight_v3/hammingweight_v3.srcs/sources_1/new
update_ip_catalog -delete_ip ua.pt:user:MyC:1.0 -repo_path c:/cr/projeto/task_53
INFO: [IP_Flow 19-1659] Deleted IP 'ua.pt:user:MyC:1.0' from repository 'c:/cr/projeto/task_53' at c:/cr/projeto/task_53/UserDefinedRepository/Counter32bit/Counter32bit.srcs/sources_1.
INFO: [IP_Flow 19-725] Reloaded user IP repository 'c:/cr/projeto/task_53'
CRITICAL WARNING: [IP_Flow 19-1663] Duplicate IP found for 'ua.pt:user:BinToBCD16:1.0'. The one found in IP location 'c:/cr/projeto/task_53/UserDefinedRepository/BCD16bit/BCD16bit.srcs/sources_1/imports/6' will take precedence over the same IP in locations: 
   c:/CR/Repositorio/Repository/BinToBCD2017/BinToBCD2017.srcs/sources_1/imports/6
   c:/cr/projeto/task_53/UserDefinedRepository/Binary_to_BCD16/Binary_to_BCD16.srcs/sources_1/imports
CRITICAL WARNING: [IP_Flow 19-1663] Duplicate IP found for 'ua.pt:user:EightDisplayControl:1.0'. The one found in IP location 'c:/cr/projeto/task_53/UserDefinedRepository/DisplayControl/DisplayControl.srcs/sources_1/imports/extras' will take precedence over the same IP in location c:/cr/projeto/task_53/UserDefinedRepository/DisplayControl32inputs4bits/DisplayControl32inputs4bits.srcs/sources_1/imports/displays_old
CRITICAL WARNING: [IP_Flow 19-1663] Duplicate IP found for 'user.org:user:hw:1.0'. The one found in IP location 'c:/cr/projeto/task_53/UserDefinedRepository/HammingWeightV3/hammingweight_v3/hammingweight_v3.srcs' will take precedence over the same IP in location c:/cr/projeto/task_53/UserDefinedRepository/HammingWeightV3/hammingweight_v3/hammingweight_v3.srcs/sources_1/new
exit
INFO: [Common 17-206] Exiting Vivado at Wed Jun 07 14:25:59 2017...
