16:41:58 INFO  : Registering command handlers for SDK TCF services
16:41:59 INFO  : Launching XSCT server: xsct.bat -interactive C:\CR\Projeto\Task_53\Task_53.sdk\temp_xsdb_launch_script.tcl
16:42:33 ERROR : (XSDB Server)The system cannot execute the specified program.

16:45:04 ERROR : Timed out. 180 seconds have elapsed while waiting for XSCT server to launch.
16:45:04 INFO  : Launching XSCT server: xsct.bat -interactive C:\CR\Projeto\Task_53\Task_53.sdk\temp_xsdb_launch_script.tcl
16:45:04 ERROR : Failed to call init_repo
Reason: xsct server communication channel is not established.
16:45:04 ERROR : Exception raised in executing the command =Failed to call init_repo
Reason: xsct server communication channel is not established. 
16:45:04 INFO  : Processing command line option -hwspec C:/CR/Projeto/Task_53/Task_53.sdk/Task_53.hdf.
16:45:07 INFO  : XSCT server has started successfully.
16:45:07 INFO  : Successfully done setting XSCT server connection channel  
16:45:07 INFO  : Successfully done setting SDK workspace  
16:45:19 INFO  : SDK has detected change in the last modified timestamps for source hardware specification file Source:1496677519427,  Project:1496677250020
16:45:19 INFO  : Project Task_53_hw_platform_0's source hardware specification located at C:/CR/Projeto/Task_53/Task_53.sdk/Task_53.hdf is now different from the local copy.
		 The local copy will be replaced with the source specification and your workspace will be updated.
11:48:59 INFO  : Registering command handlers for SDK TCF services
11:49:00 INFO  : Launching XSCT server: xsct.bat -interactive C:\CR\Projeto\Task_53\Task_53.sdk\temp_xsdb_launch_script.tcl
11:49:03 INFO  : XSCT server has started successfully.
11:49:07 INFO  : Successfully done setting XSCT server connection channel  
11:49:07 INFO  : Successfully done setting SDK workspace  
11:49:07 INFO  : Processing command line option -hwspec C:/CR/Projeto/Task_53/Task_53.sdk/task_design_1_wrapper.hdf.
11:55:06 INFO  : Launching XSCT server: xsct.bat -interactive C:\CR\Projeto\Task_53\Task_53.sdk\temp_xsdb_launch_script.tcl
11:55:08 INFO  : XSCT server has started successfully.
15:44:14 INFO  : SDK has detected change in the last modified timestamps for source hardware specification file Source:1496760203979,  Project:1496746086611
15:44:14 INFO  : Project task_design_1_wrapper_hw_platform_0's source hardware specification located at C:/CR/Projeto/Task_53/Task_53.sdk/task_design_1_wrapper.hdf is now different from the local copy.
		 The local copy will be replaced with the source specification and your workspace will be updated.
15:44:14 INFO  : Copied contents of C:/CR/Projeto/Task_53/Task_53.sdk/task_design_1_wrapper.hdf into \task_design_1_wrapper_hw_platform_0\system.hdf.
15:44:15 INFO  : Synchronizing projects in the workspace with the hardware platform specification changes.
15:44:18 INFO  : 
15:44:19 INFO  : Updating hardware inferred compiler options for task_53.
15:44:19 INFO  : Clearing existing target manager status.
15:44:21 INFO  : Workspace synchronized with the new hardware specification file. Cleaning dependent projects...
15:44:22 WARN  : Linker script will not be updated automatically. Users need to update it manually.
15:45:14 ERROR : Unexpected error while parsing XMD response ?: com.google.gson.JsonSyntaxException: com.google.gson.stream.MalformedJsonException: invalid number or unquoted string near 
15:45:26 INFO  : Launching XSCT server: xsct.bat -interactive C:\CR\Projeto\Task_53\Task_53.sdk\temp_xsdb_launch_script.tcl
15:45:28 INFO  : XSCT server has started successfully.
15:45:28 INFO  : Successfully done setting XSCT server connection channel  
15:45:28 INFO  : Successfully done setting SDK workspace  
15:45:30 INFO  : Registering command handlers for SDK TCF services
15:45:32 INFO  : Processing command line option -hwspec C:/CR/Projeto/Task_53/Task_53.sdk/task_design_1_wrapper.hdf.
15:45:32 INFO  : Checking for hwspec changes in the project task_design_1_wrapper_hw_platform_0.
15:54:28 INFO  : Connected to target on host '127.0.0.1' and port '3121'.
15:54:52 INFO  : Connected to target on host '127.0.0.1' and port '3121'.
15:54:52 INFO  : 'targets -set -filter {jtag_cable_name =~ "Digilent Nexys4 210274505293A" && level==0} -index 0' command is executed.
15:54:54 INFO  : FPGA configured successfully with bitstream "C:/CR/Projeto/Task_53/Task_53.sdk/task_design_1_wrapper_hw_platform_0/download.bit"
15:55:13 ERROR : Unexpected error while launching program.
java.lang.IllegalArgumentException: Path for project must have only one segment.
	at org.eclipse.core.runtime.Assert.isLegal(Assert.java:63)
	at org.eclipse.core.internal.resources.WorkspaceRoot.getProject(WorkspaceRoot.java:147)
	at org.eclipse.cdt.debug.core.CDebugUtils.verifyCProject(CDebugUtils.java:618)
	at org.eclipse.cdt.debug.core.CDebugUtils.verifyProgramPath(CDebugUtils.java:655)
	at org.eclipse.cdt.debug.core.CDebugUtils.verifyProgramPath(CDebugUtils.java:707)
	at com.xilinx.sdk.debug.core.XilinxAppLaunchConfigurationDelegate.runApplication(XilinxAppLaunchConfigurationDelegate.java:578)
	at com.xilinx.sdk.debug.core.XilinxAppLaunchConfigurationDelegate.launch(XilinxAppLaunchConfigurationDelegate.java:309)
	at com.xilinx.sdk.debug.ui.XilinxAppLaunchDelegateWrapper.launch(XilinxAppLaunchDelegateWrapper.java:31)
	at org.eclipse.debug.internal.core.LaunchConfiguration.launch(LaunchConfiguration.java:885)
	at org.eclipse.debug.internal.core.LaunchConfiguration.launch(LaunchConfiguration.java:739)
	at org.eclipse.debug.internal.ui.DebugUIPlugin.buildAndLaunch(DebugUIPlugin.java:1039)
	at org.eclipse.debug.internal.ui.DebugUIPlugin$8.run(DebugUIPlugin.java:1256)
	at org.eclipse.core.internal.jobs.Worker.run(Worker.java:55)
15:55:17 ERROR : Unexpected error while launching program.
java.lang.IllegalArgumentException: Path for project must have only one segment.
	at org.eclipse.core.runtime.Assert.isLegal(Assert.java:63)
	at org.eclipse.core.internal.resources.WorkspaceRoot.getProject(WorkspaceRoot.java:147)
	at org.eclipse.cdt.debug.core.CDebugUtils.verifyCProject(CDebugUtils.java:618)
	at org.eclipse.cdt.debug.core.CDebugUtils.verifyProgramPath(CDebugUtils.java:655)
	at org.eclipse.cdt.debug.core.CDebugUtils.verifyProgramPath(CDebugUtils.java:707)
	at com.xilinx.sdk.debug.core.XilinxAppLaunchConfigurationDelegate.runApplication(XilinxAppLaunchConfigurationDelegate.java:578)
	at com.xilinx.sdk.debug.core.XilinxAppLaunchConfigurationDelegate.launch(XilinxAppLaunchConfigurationDelegate.java:309)
	at com.xilinx.sdk.debug.ui.XilinxAppLaunchDelegateWrapper.launch(XilinxAppLaunchDelegateWrapper.java:31)
	at org.eclipse.debug.internal.core.LaunchConfiguration.launch(LaunchConfiguration.java:885)
	at org.eclipse.debug.internal.core.LaunchConfiguration.launch(LaunchConfiguration.java:739)
	at org.eclipse.debug.internal.ui.DebugUIPlugin.buildAndLaunch(DebugUIPlugin.java:1039)
	at org.eclipse.debug.internal.ui.DebugUIPlugin$8.run(DebugUIPlugin.java:1256)
	at org.eclipse.core.internal.jobs.Worker.run(Worker.java:55)
15:55:50 INFO  : Processor reset is completed for microblaze_0
15:56:59 INFO  : Processor reset is completed for microblaze_0
15:57:05 INFO  : microblaze_0 Processor is in use. Please stop existing Run or Debug sessions before launching.
16:37:33 INFO  : FPGA Cable Disconnected. All active launches will be terminated.
17:41:38 ERROR : Unexpected error while parsing XMD response ?: com.google.gson.JsonSyntaxException: com.google.gson.stream.MalformedJsonException: invalid number or unquoted string near 
22:25:51 INFO  : Registering command handlers for SDK TCF services
22:25:52 INFO  : Launching XSCT server: xsct.bat -interactive C:\CR\Projeto\Task_53\Task_53.sdk\temp_xsdb_launch_script.tcl
22:25:54 INFO  : XSCT server has started successfully.
22:25:57 INFO  : Successfully done setting XSCT server connection channel  
22:25:57 INFO  : Processing command line option -hwspec C:/CR/Projeto/Task_53/Task_53.sdk/task_design_1_wrapper.hdf.
22:25:57 INFO  : Successfully done setting SDK workspace  
22:25:57 INFO  : Checking for hwspec changes in the project task_design_1_wrapper_hw_platform_0.
22:25:57 INFO  : SDK has detected change in the last modified timestamps for source hardware specification file Source:1496768049492,  Project:1496760203979
22:25:57 INFO  : The hardware specification for project 'task_design_1_wrapper_hw_platform_0' is different from C:/CR/Projeto/Task_53/Task_53.sdk/task_design_1_wrapper.hdf.
22:25:57 INFO  : Copied contents of C:/CR/Projeto/Task_53/Task_53.sdk/task_design_1_wrapper.hdf into \task_design_1_wrapper_hw_platform_0\system.hdf.
22:25:58 INFO  : Synchronizing projects in the workspace with the hardware platform specification changes.
22:26:02 INFO  : 
22:26:03 INFO  : Updating hardware inferred compiler options for task_53.
22:26:03 INFO  : Clearing existing target manager status.
22:26:04 INFO  : Workspace synchronized with the new hardware specification file. Cleaning dependent projects...
22:26:05 WARN  : Linker script will not be updated automatically. Users need to update it manually.
22:31:36 ERROR : Checking FPGA configuration failed..Connection to Board Failed


    Unknown Error Occured
    Cable is not connected to the host

22:31:36 ERROR : Unexpected error while launching program.
com.xilinx.sdk.targetmanager.TMException: Connection to Board Failed


    Unknown Error Occured
    Cable is not connected to the host

	at com.xilinx.sdk.targetmanager.internal.TM.isFPGAConfigured(TM.java:374)
	at com.xilinx.sdk.debug.core.XilinxAppLaunchConfigurationDelegate.isFpgaConfigured(XilinxAppLaunchConfigurationDelegate.java:409)
	at com.xilinx.sdk.debug.core.XilinxAppLaunchConfigurationDelegate.launch(XilinxAppLaunchConfigurationDelegate.java:303)
	at com.xilinx.sdk.debug.ui.XilinxAppLaunchDelegateWrapper.launch(XilinxAppLaunchDelegateWrapper.java:31)
	at org.eclipse.debug.internal.core.LaunchConfiguration.launch(LaunchConfiguration.java:885)
	at org.eclipse.debug.internal.core.LaunchConfiguration.launch(LaunchConfiguration.java:739)
	at org.eclipse.debug.internal.ui.DebugUIPlugin.buildAndLaunch(DebugUIPlugin.java:1039)
	at org.eclipse.debug.internal.ui.DebugUIPlugin$8.run(DebugUIPlugin.java:1256)
	at org.eclipse.core.internal.jobs.Worker.run(Worker.java:55)
22:33:21 INFO  : Connected to target on host '127.0.0.1' and port '3121'.
22:33:26 INFO  : 'targets -set -filter {jtag_cable_name =~ "Digilent Nexys4 210274505293A" && level==0} -index 0' command is executed.
22:33:28 INFO  : FPGA configured successfully with bitstream "C:/CR/Projeto/Task_53/Task_53.sdk/task_design_1_wrapper_hw_platform_0/download.bit"
22:33:36 INFO  : Processor reset is completed for microblaze_0
22:47:20 ERROR : Unexpected error while parsing XMD response ?: com.google.gson.JsonSyntaxException: com.google.gson.stream.MalformedJsonException: invalid number or unquoted string near 
23:57:33 INFO  : Registering command handlers for SDK TCF services
23:57:33 INFO  : Launching XSCT server: xsct.bat -interactive C:\CR\Projeto\Task_53\Task_53.sdk\temp_xsdb_launch_script.tcl
23:57:35 INFO  : XSCT server has started successfully.
23:57:36 INFO  : Successfully done setting XSCT server connection channel  
23:57:36 INFO  : Processing command line option -hwspec C:/CR/Projeto/Task_53/Task_53.sdk/task_design_1_wrapper.hdf.
23:57:36 INFO  : Successfully done setting SDK workspace  
23:57:36 INFO  : Checking for hwspec changes in the project task_design_1_wrapper_hw_platform_0.
23:58:08 INFO  : Processor reset is completed for microblaze_0
23:58:41 INFO  : Processor reset is completed for microblaze_0
00:00:26 ERROR : Unexpected error while parsing XMD response ?: com.google.gson.JsonSyntaxException: com.google.gson.stream.MalformedJsonException: invalid number or unquoted string near 
00:18:54 INFO  : Registering command handlers for SDK TCF services
00:18:55 INFO  : Launching XSCT server: xsct.bat -interactive C:\CR\Projeto\Task_53\Task_53.sdk\temp_xsdb_launch_script.tcl
00:18:57 INFO  : XSCT server has started successfully.
00:18:57 INFO  : Successfully done setting XSCT server connection channel  
00:18:57 INFO  : Processing command line option -hwspec C:/CR/Projeto/Task_53/Task_53.sdk/task_design_1_wrapper.hdf.
00:18:57 INFO  : Checking for hwspec changes in the project task_design_1_wrapper_hw_platform_0.
00:18:57 INFO  : Successfully done setting SDK workspace  
00:18:57 INFO  : SDK has detected change in the last modified timestamps for source hardware specification file Source:1496791091229,  Project:1496768049492
00:18:57 INFO  : The hardware specification for project 'task_design_1_wrapper_hw_platform_0' is different from C:/CR/Projeto/Task_53/Task_53.sdk/task_design_1_wrapper.hdf.
00:18:57 INFO  : Copied contents of C:/CR/Projeto/Task_53/Task_53.sdk/task_design_1_wrapper.hdf into \task_design_1_wrapper_hw_platform_0\system.hdf.
00:18:58 INFO  : Synchronizing projects in the workspace with the hardware platform specification changes.
00:19:00 INFO  : 
00:19:01 INFO  : Updating hardware inferred compiler options for task_53.
00:19:01 INFO  : Clearing existing target manager status.
00:19:02 INFO  : Workspace synchronized with the new hardware specification file. Cleaning dependent projects...
00:19:03 WARN  : Linker script will not be updated automatically. Users need to update it manually.
00:20:02 INFO  : Connected to target on host '127.0.0.1' and port '3121'.
00:20:07 INFO  : 'targets -set -filter {jtag_cable_name =~ "Digilent Nexys4 210274505293A" && level==0} -index 0' command is executed.
00:20:10 INFO  : FPGA configured successfully with bitstream "C:/CR/Projeto/Task_53/Task_53.sdk/task_design_1_wrapper_hw_platform_0/download.bit"
00:20:58 INFO  : Processor reset is completed for microblaze_0
00:31:31 ERROR : Unexpected error while parsing XMD response ?: com.google.gson.JsonSyntaxException: com.google.gson.stream.MalformedJsonException: invalid number or unquoted string near 
00:47:01 INFO  : Registering command handlers for SDK TCF services
00:47:02 INFO  : Launching XSCT server: xsct.bat -interactive C:\CR\Projeto\Task_53\Task_53.sdk\temp_xsdb_launch_script.tcl
00:47:04 INFO  : XSCT server has started successfully.
00:47:04 INFO  : Successfully done setting XSCT server connection channel  
00:47:04 INFO  : Processing command line option -hwspec C:/CR/Projeto/Task_53/Task_53.sdk/task_design_1_wrapper.hdf.
00:47:04 INFO  : Checking for hwspec changes in the project task_design_1_wrapper_hw_platform_0.
00:47:05 INFO  : SDK has detected change in the last modified timestamps for source hardware specification file Source:1496792694952,  Project:1496791091229
00:47:05 INFO  : The hardware specification for project 'task_design_1_wrapper_hw_platform_0' is different from C:/CR/Projeto/Task_53/Task_53.sdk/task_design_1_wrapper.hdf.
00:47:05 INFO  : Successfully done setting SDK workspace  
00:47:05 INFO  : Copied contents of C:/CR/Projeto/Task_53/Task_53.sdk/task_design_1_wrapper.hdf into \task_design_1_wrapper_hw_platform_0\system.hdf.
00:47:05 INFO  : Synchronizing projects in the workspace with the hardware platform specification changes.
00:47:07 INFO  : 
00:47:08 INFO  : Updating hardware inferred compiler options for task_53.
00:47:08 INFO  : Clearing existing target manager status.
00:47:09 INFO  : Workspace synchronized with the new hardware specification file. Cleaning dependent projects...
00:47:09 WARN  : Linker script will not be updated automatically. Users need to update it manually.
00:50:12 INFO  : Processor reset is completed for microblaze_0
00:54:49 INFO  : Processor reset is completed for microblaze_0
00:57:38 INFO  : microblaze_0 Processor is in use. Please stop existing Run or Debug sessions before launching.
00:57:40 INFO  : Processor reset is completed for microblaze_0
00:58:39 INFO  : Processor reset is completed for microblaze_0
00:59:16 INFO  : Processor reset is completed for microblaze_0
00:59:37 INFO  : Processor reset is completed for microblaze_0
01:00:18 INFO  : Processor reset is completed for microblaze_0
01:01:22 ERROR : Unexpected error while parsing XMD response ?: com.google.gson.JsonSyntaxException: com.google.gson.stream.MalformedJsonException: invalid number or unquoted string near 
01:12:18 INFO  : Registering command handlers for SDK TCF services
01:12:18 INFO  : Launching XSCT server: xsct.bat -interactive C:\CR\Projeto\Task_53\Task_53.sdk\temp_xsdb_launch_script.tcl
01:12:20 INFO  : XSCT server has started successfully.
01:12:20 INFO  : Successfully done setting XSCT server connection channel  
01:12:20 INFO  : Processing command line option -hwspec C:/CR/Projeto/Task_53/Task_53.sdk/task_design_1_wrapper.hdf.
01:12:20 INFO  : Checking for hwspec changes in the project task_design_1_wrapper_hw_platform_0.
01:12:20 INFO  : Successfully done setting SDK workspace  
01:12:20 INFO  : SDK has detected change in the last modified timestamps for source hardware specification file Source:1496794238776,  Project:1496792694952
01:12:20 INFO  : The hardware specification for project 'task_design_1_wrapper_hw_platform_0' is different from C:/CR/Projeto/Task_53/Task_53.sdk/task_design_1_wrapper.hdf.
01:12:20 INFO  : Copied contents of C:/CR/Projeto/Task_53/Task_53.sdk/task_design_1_wrapper.hdf into \task_design_1_wrapper_hw_platform_0\system.hdf.
01:12:21 INFO  : Synchronizing projects in the workspace with the hardware platform specification changes.
01:12:23 INFO  : 
01:12:24 INFO  : Updating hardware inferred compiler options for task_53.
01:12:24 INFO  : Clearing existing target manager status.
01:12:24 INFO  : Workspace synchronized with the new hardware specification file. Cleaning dependent projects...
01:12:25 WARN  : Linker script will not be updated automatically. Users need to update it manually.
01:12:37 INFO  : Processor reset is completed for microblaze_0
01:13:29 INFO  : Processor reset is completed for microblaze_0
01:13:58 INFO  : Connected to target on host '127.0.0.1' and port '3121'.
01:13:58 INFO  : 'targets -set -filter {jtag_cable_name =~ "Digilent Nexys4 210274505293A" && level==0} -index 0' command is executed.
01:14:01 INFO  : FPGA configured successfully with bitstream "C:/CR/Projeto/Task_53/Task_53.sdk/task_design_1_wrapper_hw_platform_0/download.bit"
01:14:14 INFO  : Processor reset is completed for microblaze_0
01:35:45 INFO  : Processor reset is completed for microblaze_0
01:47:34 INFO  : Processor reset is completed for microblaze_0
01:53:50 INFO  : Processor reset is completed for microblaze_0
01:54:31 INFO  : Connected to target on host '127.0.0.1' and port '3121'.
01:54:31 INFO  : 'targets -set -filter {jtag_cable_name =~ "Digilent Nexys4 210274505293A" && level==0} -index 0' command is executed.
01:54:34 INFO  : FPGA configured successfully with bitstream "C:/CR/Projeto/Task_53/Task_53.sdk/task_design_1_wrapper_hw_platform_0/download.bit"
01:54:41 INFO  : Processor reset is completed for microblaze_0
01:55:08 INFO  : Processor reset is completed for microblaze_0
01:55:46 INFO  : Processor reset is completed for microblaze_0
02:05:04 INFO  : Processor reset is completed for microblaze_0
03:42:18 INFO  : FPGA Cable Disconnected. All active launches will be terminated.
03:48:21 ERROR : Unexpected error while parsing XMD response ?: com.google.gson.JsonSyntaxException: com.google.gson.stream.MalformedJsonException: invalid number or unquoted string near 
07:27:31 INFO  : Registering command handlers for SDK TCF services
07:27:31 INFO  : Launching XSCT server: xsct.bat -interactive C:\CR\Projeto\Task_53\Task_53.sdk\temp_xsdb_launch_script.tcl
07:27:33 INFO  : XSCT server has started successfully.
07:27:33 INFO  : Successfully done setting XSCT server connection channel  
07:27:34 INFO  : Processing command line option -hwspec C:/CR/Projeto/Task_53/Task_53.sdk/task_design_1_wrapper.hdf.
07:27:34 INFO  : Successfully done setting SDK workspace  
07:27:34 INFO  : Checking for hwspec changes in the project task_design_1_wrapper_hw_platform_0.
07:27:34 INFO  : SDK has detected change in the last modified timestamps for source hardware specification file Source:1496816792214,  Project:1496794238776
07:27:34 INFO  : The hardware specification for project 'task_design_1_wrapper_hw_platform_0' is different from C:/CR/Projeto/Task_53/Task_53.sdk/task_design_1_wrapper.hdf.
07:27:34 INFO  : Copied contents of C:/CR/Projeto/Task_53/Task_53.sdk/task_design_1_wrapper.hdf into \task_design_1_wrapper_hw_platform_0\system.hdf.
07:27:34 INFO  : Synchronizing projects in the workspace with the hardware platform specification changes.
07:27:36 INFO  : 
07:27:37 INFO  : Updating hardware inferred compiler options for task_53.
07:27:37 INFO  : Clearing existing target manager status.
07:27:38 INFO  : Workspace synchronized with the new hardware specification file. Cleaning dependent projects...
07:27:39 WARN  : Linker script will not be updated automatically. Users need to update it manually.
07:29:04 INFO  : Connected to target on host '127.0.0.1' and port '3121'.
07:29:04 INFO  : 'targets -set -filter {jtag_cable_name =~ "Digilent Nexys4 210274505293A" && level==0} -index 0' command is executed.
07:29:07 INFO  : FPGA configured successfully with bitstream "C:/CR/Projeto/Task_53/Task_53.sdk/task_design_1_wrapper_hw_platform_0/download.bit"
07:29:14 INFO  : Processor reset is completed for microblaze_0
07:42:23 INFO  : Processor reset is completed for microblaze_0
07:43:28 INFO  : Processor reset is completed for microblaze_0
07:43:57 INFO  : 'targets -set -filter {jtag_cable_name =~ "Digilent Nexys4 210274505293A" && level==0} -index 0' command is executed.
07:43:57 INFO  : 'fpga -state' command is executed.
07:43:57 INFO  : Connected to target on host '127.0.0.1' and port '3121'.
07:43:57 INFO  : Jtag cable 'Digilent Nexys4 210274505293A' is selected.
07:43:57 INFO  : 'jtag frequency' command is executed.
07:44:00 ERROR : no targets found with "name =~ "microblaze*#0" && bscan=="USER2"  && jtag_cable_name =~ "Digilent Nexys4 210274505293A"". available targets:
  1* xc7a100t
     2  MicroBlaze Debug Module at USER2
        3  MicroBlaze #0 (Access denied) (Running)
07:44:00 INFO  : ----------------XSDB Script----------------
connect -url tcp:127.0.0.1:3121
targets -set -nocase -filter {name =~ "microblaze*#0" && bscan=="USER2"  && jtag_cable_name =~ "Digilent Nexys4 210274505293A"} -index 0
----------------End of Script----------------

07:44:10 INFO  : 'targets -set -filter {jtag_cable_name =~ "Digilent Nexys4 210274505293A" && level==0} -index 0' command is executed.
07:44:10 INFO  : 'fpga -state' command is executed.
07:44:10 INFO  : Connected to target on host '127.0.0.1' and port '3121'.
07:44:10 INFO  : Jtag cable 'Digilent Nexys4 210274505293A' is selected.
07:44:10 INFO  : 'jtag frequency' command is executed.
07:44:13 ERROR : no targets found with "name =~ "microblaze*#0" && bscan=="USER2"  && jtag_cable_name =~ "Digilent Nexys4 210274505293A"". available targets:
  1* xc7a100t
     2  MicroBlaze Debug Module at USER2
        3  MicroBlaze #0 (Access denied) (Running)
07:44:13 INFO  : ----------------XSDB Script----------------
connect -url tcp:127.0.0.1:3121
targets -set -nocase -filter {name =~ "microblaze*#0" && bscan=="USER2"  && jtag_cable_name =~ "Digilent Nexys4 210274505293A"} -index 0
----------------End of Script----------------

07:44:50 INFO  : Connected to target on host '127.0.0.1' and port '3121'.
07:44:50 INFO  : 'targets -set -filter {jtag_cable_name =~ "Digilent Nexys4 210274505293A" && level==0} -index 0' command is executed.
07:44:52 INFO  : FPGA configured successfully with bitstream "C:/CR/Projeto/Task_53/Task_53.sdk/task_design_1_wrapper_hw_platform_0/download.bit"
07:45:38 INFO  : Processor reset is completed for microblaze_0
07:46:09 INFO  : Processor reset is completed for microblaze_0
07:46:17 INFO  : Processor reset is completed for microblaze_0
07:46:42 INFO  : Processor reset is completed for microblaze_0
07:48:07 INFO  : Processor reset is completed for microblaze_0
07:48:14 INFO  : Processor reset is completed for microblaze_0
07:48:18 INFO  : Processor reset is completed for microblaze_0
07:48:26 INFO  : Processor reset is completed for microblaze_0
07:49:51 INFO  : Processor reset is completed for microblaze_0
07:50:16 INFO  : Connected to target on host '127.0.0.1' and port '3121'.
07:50:16 INFO  : 'targets -set -filter {jtag_cable_name =~ "Digilent Nexys4 210274505293A" && level==0} -index 0' command is executed.
07:50:18 INFO  : FPGA configured successfully with bitstream "C:/CR/Projeto/Task_53/Task_53.sdk/task_design_1_wrapper_hw_platform_0/download.bit"
07:50:23 INFO  : Processor reset is completed for microblaze_0
07:52:27 ERROR : Unexpected error while parsing XMD response ?: com.google.gson.JsonSyntaxException: com.google.gson.stream.MalformedJsonException: invalid number or unquoted string near 
14:53:52 INFO  : Registering command handlers for SDK TCF services
14:53:52 INFO  : Launching XSCT server: xsct.bat -interactive C:\CR\Projeto\Task_53\Task_53.sdk\temp_xsdb_launch_script.tcl
14:53:54 INFO  : XSCT server has started successfully.
14:53:54 INFO  : Successfully done setting XSCT server connection channel  
14:53:54 INFO  : Successfully done setting SDK workspace  
14:53:54 INFO  : Processing command line option -hwspec C:/CR/Projeto/Task_53/Task_53.sdk/task_design_1_wrapper.hdf.
14:53:54 INFO  : Checking for hwspec changes in the project task_design_1_wrapper_hw_platform_0.
14:53:55 INFO  : SDK has detected change in the last modified timestamps for source hardware specification file Source:1496843597511,  Project:1496816792214
14:53:55 INFO  : The hardware specification for project 'task_design_1_wrapper_hw_platform_0' is different from C:/CR/Projeto/Task_53/Task_53.sdk/task_design_1_wrapper.hdf.
14:53:55 INFO  : Copied contents of C:/CR/Projeto/Task_53/Task_53.sdk/task_design_1_wrapper.hdf into \task_design_1_wrapper_hw_platform_0\system.hdf.
14:53:55 INFO  : Synchronizing projects in the workspace with the hardware platform specification changes.
14:53:57 INFO  : 
14:53:58 INFO  : Updating hardware inferred compiler options for task_53.
14:53:58 INFO  : Clearing existing target manager status.
14:54:01 INFO  : Workspace synchronized with the new hardware specification file. Cleaning dependent projects...
14:54:01 WARN  : Linker script will not be updated automatically. Users need to update it manually.
15:17:21 INFO  : Connected to target on host '127.0.0.1' and port '3121'.
15:17:22 INFO  : 'targets -set -filter {jtag_cable_name =~ "Digilent Nexys4 210274505293A" && level==0} -index 0' command is executed.
15:17:24 INFO  : FPGA configured successfully with bitstream "C:/CR/Projeto/Task_53/Task_53.sdk/task_design_1_wrapper_hw_platform_0/download.bit"
15:17:32 INFO  : Processor reset is completed for microblaze_0
15:32:53 INFO  : Processor reset is completed for microblaze_0
15:36:43 INFO  : FPGA Cable Disconnected. All active launches will be terminated.
15:50:02 ERROR : Unexpected error while parsing XMD response ?: com.google.gson.JsonSyntaxException: com.google.gson.stream.MalformedJsonException: invalid number or unquoted string near 
