#-----------------------------------------------------------
# Vivado v2016.4 (64-bit)
# SW Build 1756540 on Mon Jan 23 19:11:23 MST 2017
# IP Build 1755317 on Mon Jan 23 20:30:07 MST 2017
# Start of session at: Tue Jun 06 01:25:42 2017
# Process ID: 7820
# Current directory: C:/Users/Luís Morais/Downloads/compVGA/compVGA
# Command line: vivado.exe -gui_launcher_event rodinguilauncherevent616 C:\Users\Luís Morais\Downloads\compVGA\compVGA\compVGA.xpr
# Log file: C:/Users/Luís Morais/Downloads/compVGA/compVGA/vivado.log
# Journal file: C:/Users/Luís Morais/Downloads/compVGA/compVGA\vivado.jou
#-----------------------------------------------------------
start_gui
open_project {C:/Users/Luís Morais/Downloads/compVGA/compVGA/compVGA.xpr}
INFO: [Project 1-313] Project file moved from 'K:/CRExamples2017/AT11/compVGA' since last save.
Scanning sources...
Finished scanning sources
INFO: [IP_Flow 19-234] Refreshing IP repositories
INFO: [IP_Flow 19-1700] Loaded user IP repository 'c:/Users/Luís Morais/Downloads/compVGA/compVGA/compVGA.srcs/sources_1/imports/zedboardsorter4'.
INFO: [IP_Flow 19-2313] Loaded Vivado IP repository 'C:/Xilinx/Vivado/2016.4/data/ip'.
exit
INFO: [Common 17-206] Exiting Vivado at Tue Jun 06 01:26:21 2017...
