#-----------------------------------------------------------
# Vivado v2016.4 (64-bit)
# SW Build 1756540 on Mon Jan 23 19:11:23 MST 2017
# IP Build 1755317 on Mon Jan 23 20:30:07 MST 2017
# Start of session at: Wed Jun 07 04:43:49 2017
# Process ID: 8420
# Current directory: C:/CR/Projeto/Task_53/UserDefinedRepository/compVGA
# Command line: vivado.exe -gui_launcher_event rodinguilauncherevent7476 C:\CR\Projeto\Task_53\UserDefinedRepository\compVGA\compVGA.xpr
# Log file: C:/CR/Projeto/Task_53/UserDefinedRepository/compVGA/vivado.log
# Journal file: C:/CR/Projeto/Task_53/UserDefinedRepository/compVGA\vivado.jou
#-----------------------------------------------------------
start_gui
open_project C:/CR/Projeto/Task_53/UserDefinedRepository/compVGA/compVGA.xpr
INFO: [Project 1-313] Project file moved from 'K:/CRExamples2017/AT11/compVGA' since last save.
Scanning sources...
Finished scanning sources
INFO: [IP_Flow 19-234] Refreshing IP repositories
INFO: [IP_Flow 19-1700] Loaded user IP repository 'c:/CR/Projeto/Task_53/UserDefinedRepository/compVGA/compVGA.srcs/sources_1/imports/zedboardsorter4'.
INFO: [IP_Flow 19-2313] Loaded Vivado IP repository 'C:/Xilinx/Vivado/2016.4/data/ip'.
exit
INFO: [Common 17-206] Exiting Vivado at Wed Jun 07 04:47:53 2017...
