
*** Running vivado
    with args -log task_design_1_microblaze_0_0.vds -m64 -product Vivado -mode batch -messageDb vivado.pb -notrace -source task_design_1_microblaze_0_0.tcl


****** Vivado v2016.4 (64-bit)
  **** SW Build 1756540 on Mon Jan 23 19:11:23 MST 2017
  **** IP Build 1755317 on Mon Jan 23 20:30:07 MST 2017
    ** Copyright 1986-2016 Xilinx, Inc. All Rights Reserved.

source task_design_1_microblaze_0_0.tcl -notrace
Starting RTL Elaboration : Time (s): cpu = 00:00:07 ; elapsed = 00:00:09 . Memory (MB): peak = 299.945 ; gain = 89.840
INFO: [Synth 8-638] synthesizing module 'task_design_1_microblaze_0_0' [c:/CR/Projeto/Task_53/Task_53.srcs/sources_1/bd/task_design_1/ip/task_design_1_microblaze_0_0/synth/task_design_1_microblaze_0_0.vhd:97]
INFO: [Synth 8-256] done synthesizing module 'task_design_1_microblaze_0_0' (51#1) [c:/CR/Projeto/Task_53/Task_53.srcs/sources_1/bd/task_design_1/ip/task_design_1_microblaze_0_0/synth/task_design_1_microblaze_0_0.vhd:97]
Finished RTL Elaboration : Time (s): cpu = 00:00:16 ; elapsed = 00:00:18 . Memory (MB): peak = 474.277 ; gain = 264.172
Finished RTL Optimization Phase 1 : Time (s): cpu = 00:00:16 ; elapsed = 00:00:18 . Memory (MB): peak = 474.277 ; gain = 264.172
INFO: [Device 21-403] Loading part xc7a100tcsg324-3
Constraint Validation Runtime : Time (s): cpu = 00:00:01 ; elapsed = 00:00:00.349 . Memory (MB): peak = 716.223 ; gain = 0.094
Finished Constraint Validation : Time (s): cpu = 00:00:28 ; elapsed = 00:00:31 . Memory (MB): peak = 716.223 ; gain = 506.117
Finished Loading Part and Timing Information : Time (s): cpu = 00:00:28 ; elapsed = 00:00:31 . Memory (MB): peak = 716.223 ; gain = 506.117
Finished applying 'set_property' XDC Constraints : Time (s): cpu = 00:00:28 ; elapsed = 00:00:31 . Memory (MB): peak = 716.223 ; gain = 506.117
Finished RTL Optimization Phase 2 : Time (s): cpu = 00:00:33 ; elapsed = 00:00:36 . Memory (MB): peak = 716.223 ; gain = 506.117
Finished Cross Boundary and Area Optimization : Time (s): cpu = 00:00:43 ; elapsed = 00:00:47 . Memory (MB): peak = 716.223 ; gain = 506.117
Finished Applying XDC Timing Constraints : Time (s): cpu = 00:00:52 ; elapsed = 00:00:56 . Memory (MB): peak = 716.223 ; gain = 506.117
Finished Timing Optimization : Time (s): cpu = 00:01:08 ; elapsed = 00:01:12 . Memory (MB): peak = 752.910 ; gain = 542.805
Finished Technology Mapping : Time (s): cpu = 00:01:10 ; elapsed = 00:01:14 . Memory (MB): peak = 752.910 ; gain = 542.805
Finished IO Insertion : Time (s): cpu = 00:01:11 ; elapsed = 00:01:15 . Memory (MB): peak = 752.910 ; gain = 542.805
Finished Renaming Generated Instances : Time (s): cpu = 00:01:11 ; elapsed = 00:01:15 . Memory (MB): peak = 752.910 ; gain = 542.805
Finished Rebuilding User Hierarchy : Time (s): cpu = 00:01:11 ; elapsed = 00:01:15 . Memory (MB): peak = 752.910 ; gain = 542.805
Finished Renaming Generated Ports : Time (s): cpu = 00:01:11 ; elapsed = 00:01:15 . Memory (MB): peak = 752.910 ; gain = 542.805
Finished Handling Custom Attributes : Time (s): cpu = 00:01:12 ; elapsed = 00:01:16 . Memory (MB): peak = 752.910 ; gain = 542.805
Finished Renaming Generated Nets : Time (s): cpu = 00:01:12 ; elapsed = 00:01:16 . Memory (MB): peak = 752.910 ; gain = 542.805

Report Cell Usage: 
+------+---------+------+
|      |Cell     |Count |
+------+---------+------+
|1     |AND2B1L  |     1|
|2     |LUT1     |    19|
|3     |LUT2     |    70|
|4     |LUT3     |   277|
|5     |LUT4     |    97|
|6     |LUT5     |   161|
|7     |LUT6     |   339|
|8     |LUT6_2   |    79|
|9     |MULT_AND |     1|
|10    |MUXCY_L  |   134|
|11    |MUXF7    |   109|
|12    |RAM32M   |    16|
|13    |SRL16E   |    89|
|14    |SRLC16E  |     8|
|15    |XORCY    |    94|
|16    |FDCE     |   143|
|17    |FDE      |    32|
|18    |FDR      |    87|
|19    |FDRE     |  1098|
|20    |FDS      |     1|
|21    |FDSE     |    36|
+------+---------+------+
Finished Writing Synthesis Report : Time (s): cpu = 00:01:12 ; elapsed = 00:01:16 . Memory (MB): peak = 752.910 ; gain = 542.805
synth_design: Time (s): cpu = 00:01:15 ; elapsed = 00:01:18 . Memory (MB): peak = 1173.590 ; gain = 955.250
