#-----------------------------------------------------------
# Vivado v2016.4 (64-bit)
# SW Build 1756540 on Mon Jan 23 19:11:23 MST 2017
# IP Build 1755317 on Mon Jan 23 20:30:07 MST 2017
# Start of session at: Wed Jun 07 14:26:31 2017
# Process ID: 9876
# Current directory: C:/CR/Projeto/Task_53/UserDefinedRepository/FSM_Common_Divisor
# Command line: vivado.exe -gui_launcher_event rodinguilauncherevent3328 C:\CR\Projeto\Task_53\UserDefinedRepository\FSM_Common_Divisor\FSM_Common_Divisor.xpr
# Log file: C:/CR/Projeto/Task_53/UserDefinedRepository/FSM_Common_Divisor/vivado.log
# Journal file: C:/CR/Projeto/Task_53/UserDefinedRepository/FSM_Common_Divisor\vivado.jou
#-----------------------------------------------------------
start_gui
open_project C:/CR/Projeto/Task_53/UserDefinedRepository/FSM_Common_Divisor/FSM_Common_Divisor.xpr
Scanning sources...
Finished scanning sources
WARNING: [filemgmt 56-3] IPUserFilesDir: Could not find the directory 'C:/CR/Projeto/Task_53/UserDefinedRepository/FSM_Common_Divisor/FSM_Common_Divisor.ip_user_files'.
INFO: [IP_Flow 19-234] Refreshing IP repositories
INFO: [IP_Flow 19-1704] No user IP repositories specified
INFO: [IP_Flow 19-2313] Loaded Vivado IP repository 'C:/Xilinx/Vivado/2016.4/data/ip'.
reset_run synth_1
launch_runs synth_1
INFO: [HDL 9-1061] Parsing VHDL file "C:/CR/Projeto/Task_53/UserDefinedRepository/FSM_Common_Divisor/FSM_Common_Divisor.srcs/sources_1/new/FSM_Common_Divisor.vhd" into library xil_defaultlib [C:/CR/Projeto/Task_53/UserDefinedRepository/FSM_Common_Divisor/FSM_Common_Divisor.srcs/sources_1/new/FSM_Common_Divisor.vhd:1]
[Wed Jun 07 14:28:36 2017] Launched synth_1...
Run output will be captured here: C:/CR/Projeto/Task_53/UserDefinedRepository/FSM_Common_Divisor/FSM_Common_Divisor.runs/synth_1/runme.log
reset_run synth_1
launch_runs synth_1
INFO: [HDL 9-1061] Parsing VHDL file "C:/CR/Projeto/Task_53/UserDefinedRepository/FSM_Common_Divisor/FSM_Common_Divisor.srcs/sources_1/new/FSM_Common_Divisor.vhd" into library xil_defaultlib [C:/CR/Projeto/Task_53/UserDefinedRepository/FSM_Common_Divisor/FSM_Common_Divisor.srcs/sources_1/new/FSM_Common_Divisor.vhd:1]
[Wed Jun 07 14:30:44 2017] Launched synth_1...
Run output will be captured here: C:/CR/Projeto/Task_53/UserDefinedRepository/FSM_Common_Divisor/FSM_Common_Divisor.runs/synth_1/runme.log
exit
INFO: [Common 17-206] Exiting Vivado at Wed Jun 07 14:32:30 2017...
